------------------------------------------------------------------------------------------------------------------------

[2025-10-04 09:27:31 #1 store] 
Database 'C:\Users\ekait\git\SI2Proiektua\Rides24Geltokiekin\src\main\resources\rides.temp' has been recovered (tr. 1077-1139)

[2025-10-04 09:27:31 #2 store] 
Database 'C:\Users\ekait\git\SI2Proiektua\Rides24Geltokiekin\src\main\resources\rides.temp' is opened by 21648@LAPTOP-1CQB3TB3

[2025-10-04 09:27:31 #3 type] 
Type domain.Profile is not enhanced.

[2025-10-04 09:27:31 #4 type] 
Type domain.Erreklamazioa is not enhanced.

[2025-10-04 09:27:31 #5 type] 
Type domain.Mezua is not enhanced.

[2025-10-04 09:27:31 #6 type] 
Type domain.Ride is not enhanced.

[2025-10-04 09:27:31 #7 type] 
Type domain.RideRequest is not enhanced.

[2025-10-04 09:27:31 #8 type] 
Type domain.Alerta is not enhanced.

[2025-10-04 09:27:31 #9 type] 
Type domain.Driver is not enhanced.

[2025-10-04 09:27:31 #10 type] 
Type domain.Kotxe is not enhanced.

[2025-10-04 09:27:31 #11 type] 
Type domain.Geltoki is not enhanced.

[2025-10-04 09:27:31 #12 type] 
Type domain.Traveller is not enhanced.

[2025-10-04 09:27:31 #13 type] 
Type domain.Admin is not enhanced.

------------------------------------------------------------------------------------------------------------------------

[2025-10-04 09:28:23 #1 store] 
Database 'C:\Users\ekait\git\SI2Proiektua\Rides24Geltokiekin\src\main\resources\rides.temp' has been recovered (tr. 1140-1143)

[2025-10-04 09:28:23 #2 store] 
Database 'C:\Users\ekait\git\SI2Proiektua\Rides24Geltokiekin\src\main\resources\rides.temp' is opened by 16588@LAPTOP-1CQB3TB3

[2025-10-04 09:28:23 #3 type] 
Type domain.Profile is not enhanced.

[2025-10-04 09:28:23 #4 type] 
Type domain.Erreklamazioa is not enhanced.

[2025-10-04 09:28:23 #5 type] 
Type domain.Mezua is not enhanced.

[2025-10-04 09:28:23 #6 type] 
Type domain.Ride is not enhanced.

[2025-10-04 09:28:23 #7 type] 
Type domain.RideRequest is not enhanced.

[2025-10-04 09:28:23 #8 type] 
Type domain.Alerta is not enhanced.

[2025-10-04 09:28:23 #9 type] 
Type domain.Driver is not enhanced.

[2025-10-04 09:28:23 #10 type] 
Type domain.Kotxe is not enhanced.

[2025-10-04 09:28:23 #11 type] 
Type domain.Geltoki is not enhanced.

[2025-10-04 09:28:23 #12 type] 
Type domain.Traveller is not enhanced.

[2025-10-04 09:28:23 #13 type] 
Type domain.Admin is not enhanced.

------------------------------------------------------------------------------------------------------------------------

[2025-10-04 13:01:44 #1 store] 
Database 'C:\Users\ekait\git\SI2Proiektua\Rides24Geltokiekin\src\main\resources\rides.temp' has been recovered (tr. 1144-1147)

[2025-10-04 13:01:44 #2 store] 
Database 'C:\Users\ekait\git\SI2Proiektua\Rides24Geltokiekin\src\main\resources\rides.temp' is opened by 24700@LAPTOP-1CQB3TB3

[2025-10-04 13:01:44 #3 type] 
Type domain.Profile is not enhanced.

[2025-10-04 13:01:44 #4 type] 
Type domain.Erreklamazioa is not enhanced.

[2025-10-04 13:01:44 #5 type] 
Type domain.Mezua is not enhanced.

[2025-10-04 13:01:44 #6 type] 
Type domain.Ride is not enhanced.

[2025-10-04 13:01:44 #7 type] 
Type domain.RideRequest is not enhanced.

[2025-10-04 13:01:44 #8 type] 
Type domain.Alerta is not enhanced.

[2025-10-04 13:01:44 #9 type] 
Type domain.Driver is not enhanced.

[2025-10-04 13:01:44 #10 type] 
Type domain.Kotxe is not enhanced.

[2025-10-04 13:01:44 #11 type] 
Type domain.Geltoki is not enhanced.

[2025-10-04 13:01:44 #12 type] 
Type domain.Traveller is not enhanced.

[2025-10-04 13:01:44 #13 type] 
Type domain.Admin is not enhanced.

------------------------------------------------------------------------------------------------------------------------

[2025-10-04 13:01:56 #1 store] 
Database 'C:\Users\ekait\git\SI2Proiektua\Rides24Geltokiekin\src\main\resources\rides.temp' has been recovered (tr. 1148-1165)

[2025-10-04 13:01:56 #2 store] 
Database 'C:\Users\ekait\git\SI2Proiektua\Rides24Geltokiekin\src\main\resources\rides.temp' is opened by 21256@LAPTOP-1CQB3TB3

[2025-10-04 13:01:56 #3 type] 
Type domain.Profile is not enhanced.

[2025-10-04 13:01:56 #4 type] 
Type domain.Erreklamazioa is not enhanced.

[2025-10-04 13:01:56 #5 type] 
Type domain.Mezua is not enhanced.

[2025-10-04 13:01:56 #6 type] 
Type domain.Ride is not enhanced.

[2025-10-04 13:01:56 #7 type] 
Type domain.RideRequest is not enhanced.

[2025-10-04 13:01:56 #8 type] 
Type domain.Alerta is not enhanced.

[2025-10-04 13:01:56 #9 type] 
Type domain.Driver is not enhanced.

[2025-10-04 13:01:56 #10 type] 
Type domain.Kotxe is not enhanced.

[2025-10-04 13:01:56 #11 type] 
Type domain.Geltoki is not enhanced.

[2025-10-04 13:01:56 #12 type] 
Type domain.Traveller is not enhanced.

[2025-10-04 13:01:56 #13 type] 
Type domain.Admin is not enhanced.

------------------------------------------------------------------------------------------------------------------------

[2025-10-04 13:02:49 #1 store] 
Database 'C:\Users\ekait\git\SI2Proiektua\Rides24Geltokiekin\src\main\resources\rides.temp' has been recovered (tr. 1166-1182)

[2025-10-04 13:02:49 #2 store] 
Database 'C:\Users\ekait\git\SI2Proiektua\Rides24Geltokiekin\src\main\resources\rides.temp' is opened by 19296@LAPTOP-1CQB3TB3

[2025-10-04 13:02:49 #3 type] 
Type domain.Profile is not enhanced.

[2025-10-04 13:02:49 #4 type] 
Type domain.Erreklamazioa is not enhanced.

[2025-10-04 13:02:49 #5 type] 
Type domain.Mezua is not enhanced.

[2025-10-04 13:02:49 #6 type] 
Type domain.Ride is not enhanced.

[2025-10-04 13:02:49 #7 type] 
Type domain.RideRequest is not enhanced.

[2025-10-04 13:02:49 #8 type] 
Type domain.Alerta is not enhanced.

[2025-10-04 13:02:49 #9 type] 
Type domain.Driver is not enhanced.

[2025-10-04 13:02:49 #10 type] 
Type domain.Kotxe is not enhanced.

[2025-10-04 13:02:49 #11 type] 
Type domain.Geltoki is not enhanced.

[2025-10-04 13:02:49 #12 type] 
Type domain.Traveller is not enhanced.

[2025-10-04 13:02:49 #13 type] 
Type domain.Admin is not enhanced.

------------------------------------------------------------------------------------------------------------------------

[2025-10-04 13:03:12 #1 store] 
Database 'C:\Users\ekait\git\SI2Proiektua\Rides24Geltokiekin\src\main\resources\rides.temp' has been recovered (tr. 1183-1199)

[2025-10-04 13:03:12 #2 store] 
Database 'C:\Users\ekait\git\SI2Proiektua\Rides24Geltokiekin\src\main\resources\rides.temp' is opened by 8068@LAPTOP-1CQB3TB3

[2025-10-04 13:03:12 #3 type] 
Type domain.Profile is not enhanced.

[2025-10-04 13:03:12 #4 type] 
Type domain.Erreklamazioa is not enhanced.

[2025-10-04 13:03:12 #5 type] 
Type domain.Mezua is not enhanced.

[2025-10-04 13:03:12 #6 type] 
Type domain.Ride is not enhanced.

[2025-10-04 13:03:12 #7 type] 
Type domain.RideRequest is not enhanced.

[2025-10-04 13:03:12 #8 type] 
Type domain.Alerta is not enhanced.

[2025-10-04 13:03:12 #9 type] 
Type domain.Driver is not enhanced.

[2025-10-04 13:03:12 #10 type] 
Type domain.Kotxe is not enhanced.

[2025-10-04 13:03:12 #11 type] 
Type domain.Geltoki is not enhanced.

[2025-10-04 13:03:12 #12 type] 
Type domain.Traveller is not enhanced.

[2025-10-04 13:03:12 #13 type] 
Type domain.Admin is not enhanced.

------------------------------------------------------------------------------------------------------------------------

[2025-10-04 13:04:31 #1 store] 
Database 'C:\Users\ekait\git\SI2Proiektua\Rides24Geltokiekin\src\main\resources\rides.temp' has been recovered (tr. 1200-1203)

[2025-10-04 13:04:31 #2 store] 
Database 'C:\Users\ekait\git\SI2Proiektua\Rides24Geltokiekin\src\main\resources\rides.temp' is opened by 18016@LAPTOP-1CQB3TB3

[2025-10-04 13:04:31 #3 type] 
Type domain.Profile is not enhanced.

[2025-10-04 13:04:31 #4 type] 
Type domain.Erreklamazioa is not enhanced.

[2025-10-04 13:04:31 #5 type] 
Type domain.Mezua is not enhanced.

[2025-10-04 13:04:31 #6 type] 
Type domain.Ride is not enhanced.

[2025-10-04 13:04:31 #7 type] 
Type domain.RideRequest is not enhanced.

[2025-10-04 13:04:31 #8 type] 
Type domain.Alerta is not enhanced.

[2025-10-04 13:04:31 #9 type] 
Type domain.Driver is not enhanced.

[2025-10-04 13:04:31 #10 type] 
Type domain.Kotxe is not enhanced.

[2025-10-04 13:04:31 #11 type] 
Type domain.Geltoki is not enhanced.

[2025-10-04 13:04:31 #12 type] 
Type domain.Traveller is not enhanced.

[2025-10-04 13:04:31 #13 type] 
Type domain.Admin is not enhanced.

