------------------------------------------------------------------------------------------------------------------------

[2025-10-01 11:32:22 #1 store] 
Database 'C:\Users\Usuario-Pc\git\SI2Proiektua\Rides24Geltokiekin\src\main\resources\rides.temp' has been recovered (tr. 387-392)

[2025-10-01 11:32:22 #2 store] 
Database 'C:\Users\Usuario-Pc\git\SI2Proiektua\Rides24Geltokiekin\src\main\resources\rides.temp' is opened by 19168@DESKTOP-EH9B0CP

[2025-10-01 11:32:22 #3 type] 
Type domain.Profile is not enhanced.

[2025-10-01 11:32:22 #4 type] 
Type domain.Erreklamazioa is not enhanced.

[2025-10-01 11:32:22 #5 type] 
Type domain.Mezua is not enhanced.

[2025-10-01 11:32:22 #6 type] 
Type domain.Ride is not enhanced.

[2025-10-01 11:32:22 #7 type] 
Type domain.RideRequest is not enhanced.

[2025-10-01 11:32:22 #8 type] 
Type domain.Alerta is not enhanced.

[2025-10-01 11:32:22 #9 type] 
Type domain.Driver is not enhanced.

[2025-10-01 11:32:22 #10 type] 
Type domain.Kotxe is not enhanced.

[2025-10-01 11:32:22 #11 type] 
Type domain.Geltoki is not enhanced.

[2025-10-01 11:32:22 #12 type] 
Type domain.Traveller is not enhanced.

[2025-10-01 11:32:22 #13 type] 
Type domain.Admin is not enhanced.

------------------------------------------------------------------------------------------------------------------------

[2025-10-01 11:32:32 #1 store] 
Database 'C:\Users\Usuario-Pc\git\SI2Proiektua\Rides24Geltokiekin\src\main\resources\rides.temp' has been recovered (tr. 393-410)

[2025-10-01 11:32:32 #2 store] 
Database 'C:\Users\Usuario-Pc\git\SI2Proiektua\Rides24Geltokiekin\src\main\resources\rides.temp' is opened by 6436@DESKTOP-EH9B0CP

[2025-10-01 11:32:33 #3 type] 
Type domain.Profile is not enhanced.

[2025-10-01 11:32:33 #4 type] 
Type domain.Erreklamazioa is not enhanced.

[2025-10-01 11:32:33 #5 type] 
Type domain.Mezua is not enhanced.

[2025-10-01 11:32:33 #6 type] 
Type domain.Ride is not enhanced.

[2025-10-01 11:32:33 #7 type] 
Type domain.RideRequest is not enhanced.

[2025-10-01 11:32:33 #8 type] 
Type domain.Alerta is not enhanced.

[2025-10-01 11:32:33 #9 type] 
Type domain.Driver is not enhanced.

[2025-10-01 11:32:33 #10 type] 
Type domain.Kotxe is not enhanced.

[2025-10-01 11:32:33 #11 type] 
Type domain.Geltoki is not enhanced.

[2025-10-01 11:32:33 #12 type] 
Type domain.Traveller is not enhanced.

[2025-10-01 11:32:33 #13 type] 
Type domain.Admin is not enhanced.

