------------------------------------------------------------------------------------------------------------------------

[2025-05-18 09:07:02 #1 store] 
Database 'C:\Users\Usuario-Pc\OneDrive\Escritorio\Urtzi Universidad\workspace\SI\Rides24Geltokiekin\src\main\resources\rides.temp' has been recovered (tr. 186-186)

[2025-05-18 09:07:02 #2 store] 
Database 'C:\Users\Usuario-Pc\OneDrive\Escritorio\Urtzi Universidad\workspace\SI\Rides24Geltokiekin\src\main\resources\rides.temp' is opened by 12240@DESKTOP-EH9B0CP

[2025-05-18 09:07:02 #3 type] 
Type domain.Profile is not enhanced.

[2025-05-18 09:07:02 #4 type] 
Type domain.Erreklamazioa is not enhanced.

[2025-05-18 09:07:02 #5 type] 
Type domain.Mezua is not enhanced.

[2025-05-18 09:07:02 #6 type] 
Type domain.Ride is not enhanced.

[2025-05-18 09:07:02 #7 type] 
Type domain.RideRequest is not enhanced.

[2025-05-18 09:07:02 #8 type] 
Type domain.Alerta is not enhanced.

[2025-05-18 09:07:02 #9 type] 
Type domain.Driver is not enhanced.

[2025-05-18 09:07:02 #10 type] 
Type domain.Kotxe is not enhanced.

[2025-05-18 09:07:02 #11 type] 
Type domain.Geltoki is not enhanced.

[2025-05-18 09:07:02 #12 type] 
Type domain.Traveller is not enhanced.

[2025-05-18 09:07:02 #13 type] 
Type domain.Admin is not enhanced.

------------------------------------------------------------------------------------------------------------------------

[2025-05-18 09:09:34 #1 store] 
Database 'C:\Users\Usuario-Pc\OneDrive\Escritorio\Urtzi Universidad\workspace\SI\Rides24Geltokiekin\src\main\resources\rides.temp' has been recovered (tr. 187-187)

[2025-05-18 09:09:34 #2 store] 
Database 'C:\Users\Usuario-Pc\OneDrive\Escritorio\Urtzi Universidad\workspace\SI\Rides24Geltokiekin\src\main\resources\rides.temp' is opened by 19484@DESKTOP-EH9B0CP

[2025-05-18 09:09:34 #3 type] 
Type domain.Profile is not enhanced.

[2025-05-18 09:09:34 #4 type] 
Type domain.Erreklamazioa is not enhanced.

[2025-05-18 09:09:34 #5 type] 
Type domain.Mezua is not enhanced.

[2025-05-18 09:09:34 #6 type] 
Type domain.Ride is not enhanced.

[2025-05-18 09:09:34 #7 type] 
Type domain.RideRequest is not enhanced.

[2025-05-18 09:09:34 #8 type] 
Type domain.Alerta is not enhanced.

[2025-05-18 09:09:34 #9 type] 
Type domain.Driver is not enhanced.

[2025-05-18 09:09:34 #10 type] 
Type domain.Kotxe is not enhanced.

[2025-05-18 09:09:34 #11 type] 
Type domain.Geltoki is not enhanced.

[2025-05-18 09:09:34 #12 type] 
Type domain.Traveller is not enhanced.

[2025-05-18 09:09:34 #13 type] 
Type domain.Admin is not enhanced.

------------------------------------------------------------------------------------------------------------------------

[2025-05-18 09:15:14 #1 store] 
Database 'C:\Users\Usuario-Pc\OneDrive\Escritorio\Urtzi Universidad\workspace\SI\Rides24Geltokiekin\src\main\resources\rides.temp' has been recovered (tr. 188-200)

[2025-05-18 09:15:14 #2 store] 
Database 'C:\Users\Usuario-Pc\OneDrive\Escritorio\Urtzi Universidad\workspace\SI\Rides24Geltokiekin\src\main\resources\rides.temp' is opened by 7060@DESKTOP-EH9B0CP

[2025-05-18 09:15:15 #3 type] 
Type domain.Profile is not enhanced.

[2025-05-18 09:15:15 #4 type] 
Type domain.Erreklamazioa is not enhanced.

[2025-05-18 09:15:15 #5 type] 
Type domain.Mezua is not enhanced.

[2025-05-18 09:15:15 #6 type] 
Type domain.Ride is not enhanced.

[2025-05-18 09:15:15 #7 type] 
Type domain.RideRequest is not enhanced.

[2025-05-18 09:15:15 #8 type] 
Type domain.Alerta is not enhanced.

[2025-05-18 09:15:15 #9 type] 
Type domain.Driver is not enhanced.

[2025-05-18 09:15:15 #10 type] 
Type domain.Kotxe is not enhanced.

[2025-05-18 09:15:15 #11 type] 
Type domain.Geltoki is not enhanced.

[2025-05-18 09:15:15 #12 type] 
Type domain.Traveller is not enhanced.

[2025-05-18 09:15:15 #13 type] 
Type domain.Admin is not enhanced.

------------------------------------------------------------------------------------------------------------------------

[2025-05-18 09:16:13 #1 store] 
Database 'C:\Users\Usuario-Pc\OneDrive\Escritorio\Urtzi Universidad\workspace\SI\Rides24Geltokiekin\src\main\resources\rides.temp' is opened by 19808@DESKTOP-EH9B0CP

[2025-05-18 09:16:13 #2 type] 
Type domain.Profile is not enhanced.

[2025-05-18 09:16:13 #3 type] 
Type domain.Erreklamazioa is not enhanced.

[2025-05-18 09:16:13 #4 type] 
Type domain.Mezua is not enhanced.

[2025-05-18 09:16:13 #5 type] 
Type domain.Ride is not enhanced.

[2025-05-18 09:16:13 #6 type] 
Type domain.RideRequest is not enhanced.

[2025-05-18 09:16:13 #7 type] 
Type domain.Alerta is not enhanced.

[2025-05-18 09:16:13 #8 type] 
Type domain.Driver is not enhanced.

[2025-05-18 09:16:13 #9 type] 
Type domain.Kotxe is not enhanced.

[2025-05-18 09:16:13 #10 type] 
Type domain.Geltoki is not enhanced.

[2025-05-18 09:16:13 #11 type] 
Type domain.Traveller is not enhanced.

[2025-05-18 09:16:13 #12 type] 
Type domain.Admin is not enhanced.

------------------------------------------------------------------------------------------------------------------------

[2025-05-18 09:21:13 #1 store] 
Database 'C:\Users\Usuario-Pc\OneDrive\Escritorio\Urtzi Universidad\workspace\SI\Rides24Geltokiekin\src\main\resources\rides.temp' has been recovered (tr. 201-237)

[2025-05-18 09:21:13 #2 store] 
Database 'C:\Users\Usuario-Pc\OneDrive\Escritorio\Urtzi Universidad\workspace\SI\Rides24Geltokiekin\src\main\resources\rides.temp' is opened by 16020@DESKTOP-EH9B0CP

[2025-05-18 09:21:14 #3 type] 
Type domain.Profile is not enhanced.

[2025-05-18 09:21:14 #4 type] 
Type domain.Erreklamazioa is not enhanced.

[2025-05-18 09:21:14 #5 type] 
Type domain.Mezua is not enhanced.

[2025-05-18 09:21:14 #6 type] 
Type domain.Ride is not enhanced.

[2025-05-18 09:21:14 #7 type] 
Type domain.RideRequest is not enhanced.

[2025-05-18 09:21:14 #8 type] 
Type domain.Alerta is not enhanced.

[2025-05-18 09:21:14 #9 type] 
Type domain.Driver is not enhanced.

[2025-05-18 09:21:14 #10 type] 
Type domain.Kotxe is not enhanced.

[2025-05-18 09:21:14 #11 type] 
Type domain.Geltoki is not enhanced.

[2025-05-18 09:21:14 #12 type] 
Type domain.Traveller is not enhanced.

[2025-05-18 09:21:14 #13 type] 
Type domain.Admin is not enhanced.

------------------------------------------------------------------------------------------------------------------------

[2025-05-18 09:29:39 #1 store] 
Database 'C:\Users\Usuario-Pc\OneDrive\Escritorio\Urtzi Universidad\workspace\SI\Rides24Geltokiekin\src\main\resources\rides.temp' has been recovered (tr. 238-247)

[2025-05-18 09:29:39 #2 store] 
Database 'C:\Users\Usuario-Pc\OneDrive\Escritorio\Urtzi Universidad\workspace\SI\Rides24Geltokiekin\src\main\resources\rides.temp' is opened by 16304@DESKTOP-EH9B0CP

[2025-05-18 09:29:40 #3 type] 
Type domain.Profile is not enhanced.

[2025-05-18 09:29:40 #4 type] 
Type domain.Erreklamazioa is not enhanced.

[2025-05-18 09:29:40 #5 type] 
Type domain.Mezua is not enhanced.

[2025-05-18 09:29:40 #6 type] 
Type domain.Ride is not enhanced.

[2025-05-18 09:29:40 #7 type] 
Type domain.RideRequest is not enhanced.

[2025-05-18 09:29:40 #8 type] 
Type domain.Alerta is not enhanced.

[2025-05-18 09:29:40 #9 type] 
Type domain.Driver is not enhanced.

[2025-05-18 09:29:40 #10 type] 
Type domain.Kotxe is not enhanced.

[2025-05-18 09:29:40 #11 type] 
Type domain.Geltoki is not enhanced.

[2025-05-18 09:29:40 #12 type] 
Type domain.Traveller is not enhanced.

[2025-05-18 09:29:40 #13 type] 
Type domain.Admin is not enhanced.

------------------------------------------------------------------------------------------------------------------------

[2025-05-18 09:32:06 #1 store] 
Database 'C:\Users\Usuario-Pc\OneDrive\Escritorio\Urtzi Universidad\workspace\SI\Rides24Geltokiekin\src\main\resources\rides.temp' is opened by 16092@DESKTOP-EH9B0CP

[2025-05-18 09:32:06 #2 type] 
Type domain.Profile is not enhanced.

[2025-05-18 09:32:06 #3 type] 
Type domain.Erreklamazioa is not enhanced.

[2025-05-18 09:32:06 #4 type] 
Type domain.Mezua is not enhanced.

[2025-05-18 09:32:06 #5 type] 
Type domain.Ride is not enhanced.

[2025-05-18 09:32:06 #6 type] 
Type domain.RideRequest is not enhanced.

[2025-05-18 09:32:06 #7 type] 
Type domain.Alerta is not enhanced.

[2025-05-18 09:32:06 #8 type] 
Type domain.Driver is not enhanced.

[2025-05-18 09:32:06 #9 type] 
Type domain.Kotxe is not enhanced.

[2025-05-18 09:32:06 #10 type] 
Type domain.Geltoki is not enhanced.

[2025-05-18 09:32:06 #11 type] 
Type domain.Traveller is not enhanced.

[2025-05-18 09:32:06 #12 type] 
Type domain.Admin is not enhanced.

------------------------------------------------------------------------------------------------------------------------

[2025-05-18 09:32:29 #1 store] 
Database 'C:\Users\Usuario-Pc\OneDrive\Escritorio\Urtzi Universidad\workspace\SI\Rides24Geltokiekin\src\main\resources\rides.temp' is opened by 8744@DESKTOP-EH9B0CP

[2025-05-18 09:32:30 #2 type] 
Type domain.Profile is not enhanced.

[2025-05-18 09:32:30 #3 type] 
Type domain.Erreklamazioa is not enhanced.

[2025-05-18 09:32:30 #4 type] 
Type domain.Mezua is not enhanced.

[2025-05-18 09:32:30 #5 type] 
Type domain.Ride is not enhanced.

[2025-05-18 09:32:30 #6 type] 
Type domain.RideRequest is not enhanced.

[2025-05-18 09:32:30 #7 type] 
Type domain.Alerta is not enhanced.

[2025-05-18 09:32:30 #8 type] 
Type domain.Driver is not enhanced.

[2025-05-18 09:32:30 #9 type] 
Type domain.Kotxe is not enhanced.

[2025-05-18 09:32:30 #10 type] 
Type domain.Geltoki is not enhanced.

[2025-05-18 09:32:30 #11 type] 
Type domain.Traveller is not enhanced.

[2025-05-18 09:32:30 #12 type] 
Type domain.Admin is not enhanced.

------------------------------------------------------------------------------------------------------------------------

[2025-05-18 09:32:58 #1 store] 
Database 'C:\Users\Usuario-Pc\OneDrive\Escritorio\Urtzi Universidad\workspace\SI\Rides24Geltokiekin\src\main\resources\rides.temp' is opened by 9060@DESKTOP-EH9B0CP

[2025-05-18 09:32:58 #2 type] 
Type domain.Profile is not enhanced.

[2025-05-18 09:32:58 #3 type] 
Type domain.Erreklamazioa is not enhanced.

[2025-05-18 09:32:58 #4 type] 
Type domain.Mezua is not enhanced.

[2025-05-18 09:32:58 #5 type] 
Type domain.Ride is not enhanced.

[2025-05-18 09:32:58 #6 type] 
Type domain.RideRequest is not enhanced.

[2025-05-18 09:32:58 #7 type] 
Type domain.Alerta is not enhanced.

[2025-05-18 09:32:58 #8 type] 
Type domain.Driver is not enhanced.

[2025-05-18 09:32:58 #9 type] 
Type domain.Kotxe is not enhanced.

[2025-05-18 09:32:58 #10 type] 
Type domain.Geltoki is not enhanced.

[2025-05-18 09:32:58 #11 type] 
Type domain.Traveller is not enhanced.

[2025-05-18 09:32:58 #12 type] 
Type domain.Admin is not enhanced.

------------------------------------------------------------------------------------------------------------------------

[2025-05-18 09:34:30 #1 store] 
Database 'C:\Users\Usuario-Pc\OneDrive\Escritorio\Urtzi Universidad\workspace\SI\Rides24Geltokiekin\src\main\resources\rides.temp' is opened by 24140@DESKTOP-EH9B0CP

[2025-05-18 09:34:30 #2 type] 
Type domain.Profile is not enhanced.

[2025-05-18 09:34:30 #3 type] 
Type domain.Erreklamazioa is not enhanced.

[2025-05-18 09:34:30 #4 type] 
Type domain.Mezua is not enhanced.

[2025-05-18 09:34:30 #5 type] 
Type domain.Ride is not enhanced.

[2025-05-18 09:34:30 #6 type] 
Type domain.RideRequest is not enhanced.

[2025-05-18 09:34:30 #7 type] 
Type domain.Alerta is not enhanced.

[2025-05-18 09:34:30 #8 type] 
Type domain.Driver is not enhanced.

[2025-05-18 09:34:30 #9 type] 
Type domain.Kotxe is not enhanced.

[2025-05-18 09:34:30 #10 type] 
Type domain.Geltoki is not enhanced.

[2025-05-18 09:34:30 #11 type] 
Type domain.Traveller is not enhanced.

[2025-05-18 09:34:30 #12 type] 
Type domain.Admin is not enhanced.

------------------------------------------------------------------------------------------------------------------------

[2025-05-18 09:46:33 #1 store] 
Database 'C:\Users\Usuario-Pc\OneDrive\Escritorio\Urtzi Universidad\workspace\SI\Rides24Geltokiekin\src\main\resources\rides.temp' has been recovered (tr. 248-264)

[2025-05-18 09:46:33 #2 store] 
Database 'C:\Users\Usuario-Pc\OneDrive\Escritorio\Urtzi Universidad\workspace\SI\Rides24Geltokiekin\src\main\resources\rides.temp' is opened by 22664@DESKTOP-EH9B0CP

[2025-05-18 09:46:34 #3 type] 
Type domain.Profile is not enhanced.

[2025-05-18 09:46:34 #4 type] 
Type domain.Erreklamazioa is not enhanced.

[2025-05-18 09:46:34 #5 type] 
Type domain.Mezua is not enhanced.

[2025-05-18 09:46:34 #6 type] 
Type domain.Ride is not enhanced.

[2025-05-18 09:46:34 #7 type] 
Type domain.RideRequest is not enhanced.

[2025-05-18 09:46:34 #8 type] 
Type domain.Alerta is not enhanced.

[2025-05-18 09:46:34 #9 type] 
Type domain.Driver is not enhanced.

[2025-05-18 09:46:34 #10 type] 
Type domain.Kotxe is not enhanced.

[2025-05-18 09:46:34 #11 type] 
Type domain.Geltoki is not enhanced.

[2025-05-18 09:46:34 #12 type] 
Type domain.Traveller is not enhanced.

[2025-05-18 09:46:34 #13 type] 
Type domain.Admin is not enhanced.

------------------------------------------------------------------------------------------------------------------------

[2025-05-18 09:47:11 #1 store] 
Database 'C:\Users\Usuario-Pc\OneDrive\Escritorio\Urtzi Universidad\workspace\SI\Rides24Geltokiekin\src\main\resources\rides.temp' is opened by 23616@DESKTOP-EH9B0CP

[2025-05-18 09:47:12 #2 type] 
Type domain.Profile is not enhanced.

[2025-05-18 09:47:12 #3 type] 
Type domain.Erreklamazioa is not enhanced.

[2025-05-18 09:47:12 #4 type] 
Type domain.Mezua is not enhanced.

[2025-05-18 09:47:12 #5 type] 
Type domain.Ride is not enhanced.

[2025-05-18 09:47:12 #6 type] 
Type domain.RideRequest is not enhanced.

[2025-05-18 09:47:12 #7 type] 
Type domain.Alerta is not enhanced.

[2025-05-18 09:47:12 #8 type] 
Type domain.Driver is not enhanced.

[2025-05-18 09:47:12 #9 type] 
Type domain.Kotxe is not enhanced.

[2025-05-18 09:47:12 #10 type] 
Type domain.Geltoki is not enhanced.

[2025-05-18 09:47:12 #11 type] 
Type domain.Traveller is not enhanced.

[2025-05-18 09:47:12 #12 type] 
Type domain.Admin is not enhanced.

------------------------------------------------------------------------------------------------------------------------

[2025-05-18 09:56:34 #1 store] 
Database 'C:\Users\Usuario-Pc\OneDrive\Escritorio\Urtzi Universidad\workspace\SI\Rides24Geltokiekin\src\main\resources\rides.temp' is opened by 16784@DESKTOP-EH9B0CP

[2025-05-18 09:56:35 #2 type] 
Type domain.Profile is not enhanced.

[2025-05-18 09:56:35 #3 type] 
Type domain.Erreklamazioa is not enhanced.

[2025-05-18 09:56:35 #4 type] 
Type domain.Mezua is not enhanced.

[2025-05-18 09:56:35 #5 type] 
Type domain.Ride is not enhanced.

[2025-05-18 09:56:35 #6 type] 
Type domain.RideRequest is not enhanced.

[2025-05-18 09:56:35 #7 type] 
Type domain.Alerta is not enhanced.

[2025-05-18 09:56:35 #8 type] 
Type domain.Driver is not enhanced.

[2025-05-18 09:56:35 #9 type] 
Type domain.Kotxe is not enhanced.

[2025-05-18 09:56:35 #10 type] 
Type domain.Geltoki is not enhanced.

[2025-05-18 09:56:35 #11 type] 
Type domain.Traveller is not enhanced.

[2025-05-18 09:56:35 #12 type] 
Type domain.Admin is not enhanced.

------------------------------------------------------------------------------------------------------------------------

[2025-05-18 09:57:21 #1 store] 
Database 'C:\Users\Usuario-Pc\OneDrive\Escritorio\Urtzi Universidad\workspace\SI\Rides24Geltokiekin\src\main\resources\rides.temp' is opened by 12292@DESKTOP-EH9B0CP

[2025-05-18 09:57:21 #2 type] 
Type domain.Profile is not enhanced.

[2025-05-18 09:57:21 #3 type] 
Type domain.Erreklamazioa is not enhanced.

[2025-05-18 09:57:21 #4 type] 
Type domain.Mezua is not enhanced.

[2025-05-18 09:57:21 #5 type] 
Type domain.Ride is not enhanced.

[2025-05-18 09:57:21 #6 type] 
Type domain.RideRequest is not enhanced.

[2025-05-18 09:57:21 #7 type] 
Type domain.Alerta is not enhanced.

[2025-05-18 09:57:21 #8 type] 
Type domain.Driver is not enhanced.

[2025-05-18 09:57:21 #9 type] 
Type domain.Kotxe is not enhanced.

[2025-05-18 09:57:21 #10 type] 
Type domain.Geltoki is not enhanced.

[2025-05-18 09:57:21 #11 type] 
Type domain.Traveller is not enhanced.

[2025-05-18 09:57:21 #12 type] 
Type domain.Admin is not enhanced.

------------------------------------------------------------------------------------------------------------------------

[2025-05-18 10:03:05 #1 store] 
Database 'C:\Users\Usuario-Pc\OneDrive\Escritorio\Urtzi Universidad\workspace\SI\Rides24Geltokiekin\src\main\resources\rides.temp' has been recovered (tr. 265-268)

[2025-05-18 10:03:05 #2 store] 
Database 'C:\Users\Usuario-Pc\OneDrive\Escritorio\Urtzi Universidad\workspace\SI\Rides24Geltokiekin\src\main\resources\rides.temp' is opened by 2704@DESKTOP-EH9B0CP

[2025-05-18 10:03:05 #3 type] 
Type domain.Profile is not enhanced.

[2025-05-18 10:03:05 #4 type] 
Type domain.Erreklamazioa is not enhanced.

[2025-05-18 10:03:05 #5 type] 
Type domain.Mezua is not enhanced.

[2025-05-18 10:03:05 #6 type] 
Type domain.Ride is not enhanced.

[2025-05-18 10:03:05 #7 type] 
Type domain.RideRequest is not enhanced.

[2025-05-18 10:03:05 #8 type] 
Type domain.Alerta is not enhanced.

[2025-05-18 10:03:05 #9 type] 
Type domain.Driver is not enhanced.

[2025-05-18 10:03:05 #10 type] 
Type domain.Kotxe is not enhanced.

[2025-05-18 10:03:05 #11 type] 
Type domain.Geltoki is not enhanced.

[2025-05-18 10:03:06 #12 type] 
Type domain.Traveller is not enhanced.

[2025-05-18 10:03:06 #13 type] 
Type domain.Admin is not enhanced.

------------------------------------------------------------------------------------------------------------------------

[2025-05-18 10:08:15 #1 store] 
Database 'C:\Users\Usuario-Pc\OneDrive\Escritorio\Urtzi Universidad\workspace\SI\Rides24Geltokiekin\src\main\resources\rides.temp' has been recovered (tr. 269-269)

[2025-05-18 10:08:15 #2 store] 
Database 'C:\Users\Usuario-Pc\OneDrive\Escritorio\Urtzi Universidad\workspace\SI\Rides24Geltokiekin\src\main\resources\rides.temp' is opened by 22812@DESKTOP-EH9B0CP

[2025-05-18 10:08:15 #3 type] 
Type domain.Profile is not enhanced.

[2025-05-18 10:08:15 #4 type] 
Type domain.Erreklamazioa is not enhanced.

[2025-05-18 10:08:15 #5 type] 
Type domain.Mezua is not enhanced.

[2025-05-18 10:08:15 #6 type] 
Type domain.Ride is not enhanced.

[2025-05-18 10:08:15 #7 type] 
Type domain.RideRequest is not enhanced.

[2025-05-18 10:08:15 #8 type] 
Type domain.Alerta is not enhanced.

[2025-05-18 10:08:15 #9 type] 
Type domain.Driver is not enhanced.

[2025-05-18 10:08:15 #10 type] 
Type domain.Kotxe is not enhanced.

[2025-05-18 10:08:15 #11 type] 
Type domain.Geltoki is not enhanced.

[2025-05-18 10:08:15 #12 type] 
Type domain.Traveller is not enhanced.

[2025-05-18 10:08:15 #13 type] 
Type domain.Admin is not enhanced.

------------------------------------------------------------------------------------------------------------------------

[2025-05-18 10:24:01 #1 store] 
Database 'C:\Users\Usuario-Pc\OneDrive\Escritorio\Urtzi Universidad\workspace\SI\Rides24Geltokiekin\src\main\resources\rides.temp' has been recovered (tr. 270-283)

[2025-05-18 10:24:01 #2 store] 
Database 'C:\Users\Usuario-Pc\OneDrive\Escritorio\Urtzi Universidad\workspace\SI\Rides24Geltokiekin\src\main\resources\rides.temp' is opened by 23748@DESKTOP-EH9B0CP

[2025-05-18 10:24:01 #3 type] 
Type domain.Profile is not enhanced.

[2025-05-18 10:24:01 #4 type] 
Type domain.Erreklamazioa is not enhanced.

[2025-05-18 10:24:01 #5 type] 
Type domain.Mezua is not enhanced.

[2025-05-18 10:24:01 #6 type] 
Type domain.Ride is not enhanced.

[2025-05-18 10:24:01 #7 type] 
Type domain.RideRequest is not enhanced.

[2025-05-18 10:24:01 #8 type] 
Type domain.Alerta is not enhanced.

[2025-05-18 10:24:01 #9 type] 
Type domain.Driver is not enhanced.

[2025-05-18 10:24:01 #10 type] 
Type domain.Kotxe is not enhanced.

[2025-05-18 10:24:01 #11 type] 
Type domain.Geltoki is not enhanced.

[2025-05-18 10:24:01 #12 type] 
Type domain.Traveller is not enhanced.

[2025-05-18 10:24:01 #13 type] 
Type domain.Admin is not enhanced.

------------------------------------------------------------------------------------------------------------------------

[2025-05-18 10:30:17 #1 store] 
Database 'C:\Users\Usuario-Pc\OneDrive\Escritorio\Urtzi Universidad\workspace\SI\Rides24Geltokiekin\src\main\resources\rides.temp' is opened by 15968@DESKTOP-EH9B0CP

[2025-05-18 10:30:17 #2 type] 
Type domain.Profile is not enhanced.

[2025-05-18 10:30:17 #3 type] 
Type domain.Erreklamazioa is not enhanced.

[2025-05-18 10:30:17 #4 type] 
Type domain.Mezua is not enhanced.

[2025-05-18 10:30:17 #5 type] 
Type domain.Ride is not enhanced.

[2025-05-18 10:30:17 #6 type] 
Type domain.RideRequest is not enhanced.

[2025-05-18 10:30:17 #7 type] 
Type domain.Alerta is not enhanced.

[2025-05-18 10:30:17 #8 type] 
Type domain.Driver is not enhanced.

[2025-05-18 10:30:17 #9 type] 
Type domain.Kotxe is not enhanced.

[2025-05-18 10:30:17 #10 type] 
Type domain.Geltoki is not enhanced.

[2025-05-18 10:30:17 #11 type] 
Type domain.Traveller is not enhanced.

[2025-05-18 10:30:17 #12 type] 
Type domain.Admin is not enhanced.

------------------------------------------------------------------------------------------------------------------------

[2025-05-18 10:32:58 #1 store] 
Database 'C:\Users\Usuario-Pc\OneDrive\Escritorio\Urtzi Universidad\workspace\SI\Rides24Geltokiekin\src\main\resources\rides.temp' is opened by 15232@DESKTOP-EH9B0CP

[2025-05-18 10:32:59 #2 type] 
Type domain.Profile is not enhanced.

[2025-05-18 10:32:59 #3 type] 
Type domain.Erreklamazioa is not enhanced.

[2025-05-18 10:32:59 #4 type] 
Type domain.Mezua is not enhanced.

[2025-05-18 10:32:59 #5 type] 
Type domain.Ride is not enhanced.

[2025-05-18 10:32:59 #6 type] 
Type domain.RideRequest is not enhanced.

[2025-05-18 10:32:59 #7 type] 
Type domain.Alerta is not enhanced.

[2025-05-18 10:32:59 #8 type] 
Type domain.Driver is not enhanced.

[2025-05-18 10:32:59 #9 type] 
Type domain.Kotxe is not enhanced.

[2025-05-18 10:32:59 #10 type] 
Type domain.Geltoki is not enhanced.

[2025-05-18 10:32:59 #11 type] 
Type domain.Traveller is not enhanced.

[2025-05-18 10:32:59 #12 type] 
Type domain.Admin is not enhanced.

------------------------------------------------------------------------------------------------------------------------

[2025-05-18 10:40:51 #1 store] 
Database 'C:\Users\Usuario-Pc\OneDrive\Escritorio\Urtzi Universidad\workspace\SI\Rides24Geltokiekin\src\main\resources\rides.temp' is opened by 17780@DESKTOP-EH9B0CP

[2025-05-18 10:40:52 #2 type] 
Type domain.Profile is not enhanced.

[2025-05-18 10:40:52 #3 type] 
Type domain.Erreklamazioa is not enhanced.

[2025-05-18 10:40:52 #4 type] 
Type domain.Mezua is not enhanced.

[2025-05-18 10:40:52 #5 type] 
Type domain.Ride is not enhanced.

[2025-05-18 10:40:52 #6 type] 
Type domain.RideRequest is not enhanced.

[2025-05-18 10:40:52 #7 type] 
Type domain.Alerta is not enhanced.

[2025-05-18 10:40:52 #8 type] 
Type domain.Driver is not enhanced.

[2025-05-18 10:40:52 #9 type] 
Type domain.Kotxe is not enhanced.

[2025-05-18 10:40:52 #10 type] 
Type domain.Geltoki is not enhanced.

[2025-05-18 10:40:52 #11 type] 
Type domain.Traveller is not enhanced.

[2025-05-18 10:40:52 #12 type] 
Type domain.Admin is not enhanced.

------------------------------------------------------------------------------------------------------------------------

[2025-05-18 11:54:58 #1 store] 
Database 'C:\Users\Usuario-Pc\OneDrive\Escritorio\Urtzi Universidad\workspace\SI\Rides24Geltokiekin\src\main\resources\rides.temp' has been recovered (tr. 284-292)

[2025-05-18 11:54:58 #2 store] 
Database 'C:\Users\Usuario-Pc\OneDrive\Escritorio\Urtzi Universidad\workspace\SI\Rides24Geltokiekin\src\main\resources\rides.temp' is opened by 20460@DESKTOP-EH9B0CP

[2025-05-18 11:54:59 #3 type] 
Type domain.Profile is not enhanced.

[2025-05-18 11:54:59 #4 type] 
Type domain.Erreklamazioa is not enhanced.

[2025-05-18 11:54:59 #5 type] 
Type domain.Mezua is not enhanced.

[2025-05-18 11:54:59 #6 type] 
Type domain.Ride is not enhanced.

[2025-05-18 11:54:59 #7 type] 
Type domain.RideRequest is not enhanced.

[2025-05-18 11:54:59 #8 type] 
Type domain.Alerta is not enhanced.

[2025-05-18 11:54:59 #9 type] 
Type domain.Driver is not enhanced.

[2025-05-18 11:54:59 #10 type] 
Type domain.Kotxe is not enhanced.

[2025-05-18 11:54:59 #11 type] 
Type domain.Geltoki is not enhanced.

[2025-05-18 11:54:59 #12 type] 
Type domain.Traveller is not enhanced.

[2025-05-18 11:54:59 #13 type] 
Type domain.Admin is not enhanced.

------------------------------------------------------------------------------------------------------------------------

[2025-05-18 11:57:50 #1 store] 
Database 'C:\Users\Usuario-Pc\OneDrive\Escritorio\Urtzi Universidad\workspace\SI\Rides24Geltokiekin\src\main\resources\rides.temp' is opened by 23980@DESKTOP-EH9B0CP

[2025-05-18 11:57:50 #2 type] 
Type domain.Profile is not enhanced.

[2025-05-18 11:57:50 #3 type] 
Type domain.Erreklamazioa is not enhanced.

[2025-05-18 11:57:50 #4 type] 
Type domain.Mezua is not enhanced.

[2025-05-18 11:57:50 #5 type] 
Type domain.Ride is not enhanced.

[2025-05-18 11:57:50 #6 type] 
Type domain.RideRequest is not enhanced.

[2025-05-18 11:57:50 #7 type] 
Type domain.Alerta is not enhanced.

[2025-05-18 11:57:50 #8 type] 
Type domain.Driver is not enhanced.

[2025-05-18 11:57:50 #9 type] 
Type domain.Kotxe is not enhanced.

[2025-05-18 11:57:50 #10 type] 
Type domain.Geltoki is not enhanced.

[2025-05-18 11:57:50 #11 type] 
Type domain.Traveller is not enhanced.

[2025-05-18 11:57:50 #12 type] 
Type domain.Admin is not enhanced.

------------------------------------------------------------------------------------------------------------------------

[2025-05-18 12:12:09 #1 store] 
Database 'C:\Users\Usuario-Pc\OneDrive\Escritorio\Urtzi Universidad\workspace\SI\Rides24Geltokiekin\src\main\resources\rides.temp' has been recovered (tr. 293-316)

[2025-05-18 12:12:09 #2 store] 
Database 'C:\Users\Usuario-Pc\OneDrive\Escritorio\Urtzi Universidad\workspace\SI\Rides24Geltokiekin\src\main\resources\rides.temp' is opened by 792@DESKTOP-EH9B0CP

[2025-05-18 12:12:09 #3 type] 
Type domain.Profile is not enhanced.

[2025-05-18 12:12:09 #4 type] 
Type domain.Erreklamazioa is not enhanced.

[2025-05-18 12:12:09 #5 type] 
Type domain.Mezua is not enhanced.

[2025-05-18 12:12:09 #6 type] 
Type domain.Ride is not enhanced.

[2025-05-18 12:12:09 #7 type] 
Type domain.RideRequest is not enhanced.

[2025-05-18 12:12:09 #8 type] 
Type domain.Alerta is not enhanced.

[2025-05-18 12:12:09 #9 type] 
Type domain.Driver is not enhanced.

[2025-05-18 12:12:09 #10 type] 
Type domain.Kotxe is not enhanced.

[2025-05-18 12:12:09 #11 type] 
Type domain.Geltoki is not enhanced.

[2025-05-18 12:12:09 #12 type] 
Type domain.Traveller is not enhanced.

[2025-05-18 12:12:09 #13 type] 
Type domain.Admin is not enhanced.

------------------------------------------------------------------------------------------------------------------------

[2025-05-18 12:12:41 #1 store] 
Database 'C:\Users\Usuario-Pc\OneDrive\Escritorio\Urtzi Universidad\workspace\SI\Rides24Geltokiekin\src\main\resources\rides.temp' is opened by 18140@DESKTOP-EH9B0CP

[2025-05-18 12:12:42 #2 type] 
Type domain.Profile is not enhanced.

[2025-05-18 12:12:42 #3 type] 
Type domain.Erreklamazioa is not enhanced.

[2025-05-18 12:12:42 #4 type] 
Type domain.Mezua is not enhanced.

[2025-05-18 12:12:42 #5 type] 
Type domain.Ride is not enhanced.

[2025-05-18 12:12:42 #6 type] 
Type domain.RideRequest is not enhanced.

[2025-05-18 12:12:42 #7 type] 
Type domain.Alerta is not enhanced.

[2025-05-18 12:12:42 #8 type] 
Type domain.Driver is not enhanced.

[2025-05-18 12:12:42 #9 type] 
Type domain.Kotxe is not enhanced.

[2025-05-18 12:12:42 #10 type] 
Type domain.Geltoki is not enhanced.

[2025-05-18 12:12:42 #11 type] 
Type domain.Traveller is not enhanced.

[2025-05-18 12:12:42 #12 type] 
Type domain.Admin is not enhanced.

------------------------------------------------------------------------------------------------------------------------

[2025-05-18 12:13:56 #1 store] 
Database 'C:\Users\Usuario-Pc\OneDrive\Escritorio\Urtzi Universidad\workspace\SI\Rides24Geltokiekin\src\main\resources\rides.temp' has been recovered (tr. 317-319)

[2025-05-18 12:13:56 #2 store] 
Database 'C:\Users\Usuario-Pc\OneDrive\Escritorio\Urtzi Universidad\workspace\SI\Rides24Geltokiekin\src\main\resources\rides.temp' is opened by 17492@DESKTOP-EH9B0CP

[2025-05-18 12:13:56 #3 type] 
Type domain.Profile is not enhanced.

[2025-05-18 12:13:56 #4 type] 
Type domain.Erreklamazioa is not enhanced.

[2025-05-18 12:13:56 #5 type] 
Type domain.Mezua is not enhanced.

[2025-05-18 12:13:56 #6 type] 
Type domain.Ride is not enhanced.

[2025-05-18 12:13:56 #7 type] 
Type domain.RideRequest is not enhanced.

[2025-05-18 12:13:56 #8 type] 
Type domain.Alerta is not enhanced.

[2025-05-18 12:13:56 #9 type] 
Type domain.Driver is not enhanced.

[2025-05-18 12:13:56 #10 type] 
Type domain.Kotxe is not enhanced.

[2025-05-18 12:13:56 #11 type] 
Type domain.Geltoki is not enhanced.

[2025-05-18 12:13:56 #12 type] 
Type domain.Traveller is not enhanced.

[2025-05-18 12:13:56 #13 type] 
Type domain.Admin is not enhanced.

------------------------------------------------------------------------------------------------------------------------

[2025-05-18 12:16:33 #1 store] 
Database 'C:\Users\Usuario-Pc\OneDrive\Escritorio\Urtzi Universidad\workspace\SI\Rides24Geltokiekin\src\main\resources\rides.temp' has been recovered (tr. 320-322)

[2025-05-18 12:16:33 #2 store] 
Database 'C:\Users\Usuario-Pc\OneDrive\Escritorio\Urtzi Universidad\workspace\SI\Rides24Geltokiekin\src\main\resources\rides.temp' is opened by 20964@DESKTOP-EH9B0CP

[2025-05-18 12:16:33 #3 type] 
Type domain.Profile is not enhanced.

[2025-05-18 12:16:33 #4 type] 
Type domain.Erreklamazioa is not enhanced.

[2025-05-18 12:16:33 #5 type] 
Type domain.Mezua is not enhanced.

[2025-05-18 12:16:33 #6 type] 
Type domain.Ride is not enhanced.

[2025-05-18 12:16:33 #7 type] 
Type domain.RideRequest is not enhanced.

[2025-05-18 12:16:33 #8 type] 
Type domain.Alerta is not enhanced.

[2025-05-18 12:16:33 #9 type] 
Type domain.Driver is not enhanced.

[2025-05-18 12:16:33 #10 type] 
Type domain.Kotxe is not enhanced.

[2025-05-18 12:16:33 #11 type] 
Type domain.Geltoki is not enhanced.

[2025-05-18 12:16:33 #12 type] 
Type domain.Traveller is not enhanced.

[2025-05-18 12:16:33 #13 type] 
Type domain.Admin is not enhanced.

------------------------------------------------------------------------------------------------------------------------

[2025-05-18 19:48:08 #1 store] 
Database 'C:\Users\Usuario-Pc\OneDrive\Escritorio\Urtzi Universidad\workspace\SI\Rides24Geltokiekin\src\main\resources\rides.temp' has been recovered (tr. 323-326)

[2025-05-18 19:48:08 #2 store] 
Database 'C:\Users\Usuario-Pc\OneDrive\Escritorio\Urtzi Universidad\workspace\SI\Rides24Geltokiekin\src\main\resources\rides.temp' is opened by 19216@DESKTOP-EH9B0CP

[2025-05-18 19:48:08 #3 type] 
Type domain.Profile is not enhanced.

[2025-05-18 19:48:08 #4 type] 
Type domain.Erreklamazioa is not enhanced.

[2025-05-18 19:48:08 #5 type] 
Type domain.Mezua is not enhanced.

[2025-05-18 19:48:08 #6 type] 
Type domain.Ride is not enhanced.

[2025-05-18 19:48:08 #7 type] 
Type domain.RideRequest is not enhanced.

[2025-05-18 19:48:08 #8 type] 
Type domain.Alerta is not enhanced.

[2025-05-18 19:48:08 #9 type] 
Type domain.Driver is not enhanced.

[2025-05-18 19:48:08 #10 type] 
Type domain.Kotxe is not enhanced.

[2025-05-18 19:48:08 #11 type] 
Type domain.Geltoki is not enhanced.

[2025-05-18 19:48:08 #12 type] 
Type domain.Traveller is not enhanced.

[2025-05-18 19:48:08 #13 type] 
Type domain.Admin is not enhanced.

