------------------------------------------------------------------------------------------------------------------------

[2025-11-16 18:55:16 #1 store] 
Database 'C:\Users\Usuario-Pc\git\SI2Proiektua\src\main\resources\rides.temp' is opened by 11492@DESKTOP-EH9B0CP

[2025-11-16 18:55:17 #2 type] 
Type domain.Profile is not enhanced.

[2025-11-16 18:55:17 #3 type] 
Type domain.Erreklamazioa is not enhanced.

[2025-11-16 18:55:17 #4 type] 
Type domain.Mezua is not enhanced.

[2025-11-16 18:55:17 #5 type] 
Type domain.Ride is not enhanced.

[2025-11-16 18:55:17 #6 type] 
Type domain.RideRequest is not enhanced.

[2025-11-16 18:55:17 #7 type] 
Type domain.Alerta is not enhanced.

[2025-11-16 18:55:17 #8 type] 
Type domain.Driver is not enhanced.

[2025-11-16 18:55:17 #9 type] 
Type domain.Kotxe is not enhanced.

[2025-11-16 18:55:17 #10 type] 
Type domain.Geltoki is not enhanced.

[2025-11-16 18:55:17 #11 type] 
Type domain.Traveller is not enhanced.

[2025-11-16 18:55:17 #12 type] 
Type domain.Admin is not enhanced.

------------------------------------------------------------------------------------------------------------------------

[2025-11-16 19:14:28 #1 store] 
Database 'C:\Users\Usuario-Pc\git\SI2Proiektua\src\main\resources\rides.temp' is opened by 17312@DESKTOP-EH9B0CP

[2025-11-16 19:14:28 #2 type] 
Type domain.Profile is not enhanced.

[2025-11-16 19:14:28 #3 type] 
Type domain.Erreklamazioa is not enhanced.

[2025-11-16 19:14:28 #4 type] 
Type domain.Mezua is not enhanced.

[2025-11-16 19:14:28 #5 type] 
Type domain.Ride is not enhanced.

[2025-11-16 19:14:28 #6 type] 
Type domain.RideRequest is not enhanced.

[2025-11-16 19:14:28 #7 type] 
Type domain.Alerta is not enhanced.

[2025-11-16 19:14:28 #8 type] 
Type domain.Driver is not enhanced.

[2025-11-16 19:14:28 #9 type] 
Type domain.Kotxe is not enhanced.

[2025-11-16 19:14:28 #10 type] 
Type domain.Geltoki is not enhanced.

[2025-11-16 19:14:28 #11 type] 
Type domain.Traveller is not enhanced.

[2025-11-16 19:14:28 #12 type] 
Type domain.Admin is not enhanced.

------------------------------------------------------------------------------------------------------------------------

[2025-11-16 19:14:37 #1 store] 
Database 'C:\Users\Usuario-Pc\git\SI2Proiektua\src\main\resources\rides.temp' is opened by 8868@DESKTOP-EH9B0CP

[2025-11-16 19:14:37 #2 type] 
Type domain.Profile is not enhanced.

[2025-11-16 19:14:37 #3 type] 
Type domain.Erreklamazioa is not enhanced.

[2025-11-16 19:14:37 #4 type] 
Type domain.Mezua is not enhanced.

[2025-11-16 19:14:37 #5 type] 
Type domain.Ride is not enhanced.

[2025-11-16 19:14:37 #6 type] 
Type domain.RideRequest is not enhanced.

[2025-11-16 19:14:37 #7 type] 
Type domain.Alerta is not enhanced.

[2025-11-16 19:14:37 #8 type] 
Type domain.Driver is not enhanced.

[2025-11-16 19:14:37 #9 type] 
Type domain.Kotxe is not enhanced.

[2025-11-16 19:14:37 #10 type] 
Type domain.Geltoki is not enhanced.

[2025-11-16 19:14:37 #11 type] 
Type domain.Traveller is not enhanced.

[2025-11-16 19:14:37 #12 type] 
Type domain.Admin is not enhanced.

