------------------------------------------------------------------------------------------------------------------------

[2025-11-09 12:05:12 #1 store] 
Database 'C:\Users\Usuario-Pc\git\SI2Proiektua\src\main\resources\rides.temp' has been recovered (tr. 4332-4496)

[2025-11-09 12:05:12 #2 store] 
Database 'C:\Users\Usuario-Pc\git\SI2Proiektua\src\main\resources\rides.temp' is opened by 19084@DESKTOP-EH9B0CP

[2025-11-09 12:05:12 #3 type] 
Type domain.Profile is not enhanced.

[2025-11-09 12:05:12 #4 type] 
Type domain.Erreklamazioa is not enhanced.

[2025-11-09 12:05:12 #5 type] 
Type domain.Mezua is not enhanced.

[2025-11-09 12:05:12 #6 type] 
Type domain.Ride is not enhanced.

[2025-11-09 12:05:12 #7 type] 
Type domain.RideRequest is not enhanced.

[2025-11-09 12:05:12 #8 type] 
Type domain.Alerta is not enhanced.

[2025-11-09 12:05:12 #9 type] 
Type domain.Driver is not enhanced.

[2025-11-09 12:05:12 #10 type] 
Type domain.Kotxe is not enhanced.

[2025-11-09 12:05:12 #11 type] 
Type domain.Geltoki is not enhanced.

[2025-11-09 12:05:12 #12 type] 
Type domain.Traveller is not enhanced.

[2025-11-09 12:05:12 #13 type] 
Type domain.Admin is not enhanced.

------------------------------------------------------------------------------------------------------------------------

[2025-11-09 12:05:40 #1 store] 
Database 'C:\Users\Usuario-Pc\git\SI2Proiektua\src\main\resources\rides.temp' is opened by 17924@DESKTOP-EH9B0CP

[2025-11-09 12:05:41 #2 type] 
Type domain.Profile is not enhanced.

[2025-11-09 12:05:41 #3 type] 
Type domain.Erreklamazioa is not enhanced.

[2025-11-09 12:05:41 #4 type] 
Type domain.Mezua is not enhanced.

[2025-11-09 12:05:41 #5 type] 
Type domain.Ride is not enhanced.

[2025-11-09 12:05:41 #6 type] 
Type domain.RideRequest is not enhanced.

[2025-11-09 12:05:41 #7 type] 
Type domain.Alerta is not enhanced.

[2025-11-09 12:05:41 #8 type] 
Type domain.Driver is not enhanced.

[2025-11-09 12:05:41 #9 type] 
Type domain.Kotxe is not enhanced.

[2025-11-09 12:05:41 #10 type] 
Type domain.Geltoki is not enhanced.

[2025-11-09 12:05:41 #11 type] 
Type domain.Traveller is not enhanced.

[2025-11-09 12:05:41 #12 type] 
Type domain.Admin is not enhanced.

------------------------------------------------------------------------------------------------------------------------

[2025-11-09 12:07:31 #1 store] 
Database 'C:\Users\Usuario-Pc\git\SI2Proiektua\src\main\resources\rides.temp' has been recovered (tr. 4497-4499)

[2025-11-09 12:07:31 #2 store] 
Database 'C:\Users\Usuario-Pc\git\SI2Proiektua\src\main\resources\rides.temp' is opened by 15244@DESKTOP-EH9B0CP

[2025-11-09 12:07:32 #3 type] 
Type domain.Profile is not enhanced.

[2025-11-09 12:07:32 #4 type] 
Type domain.Erreklamazioa is not enhanced.

[2025-11-09 12:07:32 #5 type] 
Type domain.Mezua is not enhanced.

[2025-11-09 12:07:32 #6 type] 
Type domain.Ride is not enhanced.

[2025-11-09 12:07:32 #7 type] 
Type domain.RideRequest is not enhanced.

[2025-11-09 12:07:32 #8 type] 
Type domain.Alerta is not enhanced.

[2025-11-09 12:07:32 #9 type] 
Type domain.Driver is not enhanced.

[2025-11-09 12:07:32 #10 type] 
Type domain.Kotxe is not enhanced.

[2025-11-09 12:07:32 #11 type] 
Type domain.Geltoki is not enhanced.

[2025-11-09 12:07:32 #12 type] 
Type domain.Traveller is not enhanced.

[2025-11-09 12:07:32 #13 type] 
Type domain.Admin is not enhanced.

------------------------------------------------------------------------------------------------------------------------

[2025-11-09 19:03:46 #1 store] 
Database 'C:\Users\Usuario-Pc\git\SI2Proiektua\src\main\resources\rides.temp' is opened by 12504@DESKTOP-EH9B0CP

[2025-11-09 19:03:46 #2 type] 
Type domain.Profile is not enhanced.

[2025-11-09 19:03:46 #3 type] 
Type domain.Erreklamazioa is not enhanced.

[2025-11-09 19:03:46 #4 type] 
Type domain.Mezua is not enhanced.

[2025-11-09 19:03:46 #5 type] 
Type domain.Ride is not enhanced.

[2025-11-09 19:03:46 #6 type] 
Type domain.RideRequest is not enhanced.

[2025-11-09 19:03:46 #7 type] 
Type domain.Alerta is not enhanced.

[2025-11-09 19:03:46 #8 type] 
Type domain.Driver is not enhanced.

[2025-11-09 19:03:46 #9 type] 
Type domain.Kotxe is not enhanced.

[2025-11-09 19:03:46 #10 type] 
Type domain.Geltoki is not enhanced.

[2025-11-09 19:03:46 #11 type] 
Type domain.Traveller is not enhanced.

[2025-11-09 19:03:46 #12 type] 
Type domain.Admin is not enhanced.

