------------------------------------------------------------------------------------------------------------------------

[2025-10-12 21:02:05 #1 store] 
Database 'C:\Users\Usuario-Pc\git\SI2Proiektua\src\main\resources\rides.temp' has been recovered (tr. 2920-3085)

[2025-10-12 21:02:05 #2 store] 
Database 'C:\Users\Usuario-Pc\git\SI2Proiektua\src\main\resources\rides.temp' is opened by 2712@DESKTOP-EH9B0CP

[2025-10-12 21:02:05 #3 type] 
Type domain.Profile is not enhanced.

[2025-10-12 21:02:05 #4 type] 
Type domain.Erreklamazioa is not enhanced.

[2025-10-12 21:02:05 #5 type] 
Type domain.Mezua is not enhanced.

[2025-10-12 21:02:05 #6 type] 
Type domain.Ride is not enhanced.

[2025-10-12 21:02:05 #7 type] 
Type domain.RideRequest is not enhanced.

[2025-10-12 21:02:05 #8 type] 
Type domain.Alerta is not enhanced.

[2025-10-12 21:02:05 #9 type] 
Type domain.Driver is not enhanced.

[2025-10-12 21:02:05 #10 type] 
Type domain.Kotxe is not enhanced.

[2025-10-12 21:02:05 #11 type] 
Type domain.Geltoki is not enhanced.

[2025-10-12 21:02:05 #12 type] 
Type domain.Traveller is not enhanced.

[2025-10-12 21:02:05 #13 type] 
Type domain.Admin is not enhanced.

------------------------------------------------------------------------------------------------------------------------

[2025-10-12 21:08:39 #1 store] 
Database 'C:\Users\Usuario-Pc\git\SI2Proiektua\src\main\resources\rides.temp' is opened by 8688@DESKTOP-EH9B0CP

[2025-10-12 21:08:39 #2 type] 
Type domain.Profile is not enhanced.

[2025-10-12 21:08:39 #3 type] 
Type domain.Erreklamazioa is not enhanced.

[2025-10-12 21:08:39 #4 type] 
Type domain.Mezua is not enhanced.

[2025-10-12 21:08:39 #5 type] 
Type domain.Ride is not enhanced.

[2025-10-12 21:08:39 #6 type] 
Type domain.RideRequest is not enhanced.

[2025-10-12 21:08:39 #7 type] 
Type domain.Alerta is not enhanced.

[2025-10-12 21:08:39 #8 type] 
Type domain.Driver is not enhanced.

[2025-10-12 21:08:39 #9 type] 
Type domain.Kotxe is not enhanced.

[2025-10-12 21:08:39 #10 type] 
Type domain.Geltoki is not enhanced.

[2025-10-12 21:08:39 #11 type] 
Type domain.Traveller is not enhanced.

[2025-10-12 21:08:39 #12 type] 
Type domain.Admin is not enhanced.

------------------------------------------------------------------------------------------------------------------------

[2025-10-12 21:09:40 #1 store] 
Database 'C:\Users\Usuario-Pc\git\SI2Proiektua\src\main\resources\rides.temp' has been recovered (tr. 3249-3411)

[2025-10-12 21:09:41 #2 store] 
Database 'C:\Users\Usuario-Pc\git\SI2Proiektua\src\main\resources\rides.temp' is opened by 22876@DESKTOP-EH9B0CP

[2025-10-12 21:09:41 #3 type] 
Type domain.Profile is not enhanced.

[2025-10-12 21:09:41 #4 type] 
Type domain.Erreklamazioa is not enhanced.

[2025-10-12 21:09:41 #5 type] 
Type domain.Mezua is not enhanced.

[2025-10-12 21:09:41 #6 type] 
Type domain.Ride is not enhanced.

[2025-10-12 21:09:41 #7 type] 
Type domain.RideRequest is not enhanced.

[2025-10-12 21:09:41 #8 type] 
Type domain.Alerta is not enhanced.

[2025-10-12 21:09:41 #9 type] 
Type domain.Driver is not enhanced.

[2025-10-12 21:09:41 #10 type] 
Type domain.Kotxe is not enhanced.

[2025-10-12 21:09:41 #11 type] 
Type domain.Geltoki is not enhanced.

[2025-10-12 21:09:41 #12 type] 
Type domain.Traveller is not enhanced.

[2025-10-12 21:09:41 #13 type] 
Type domain.Admin is not enhanced.

------------------------------------------------------------------------------------------------------------------------

[2025-10-12 21:11:44 #1 store] 
Database 'C:\Users\Usuario-Pc\git\SI2Proiektua\src\main\resources\rides.temp' has been recovered (tr. 3412-3574)

[2025-10-12 21:11:44 #2 store] 
Database 'C:\Users\Usuario-Pc\git\SI2Proiektua\src\main\resources\rides.temp' is opened by 17668@DESKTOP-EH9B0CP

[2025-10-12 21:11:44 #3 type] 
Type domain.Profile is not enhanced.

[2025-10-12 21:11:44 #4 type] 
Type domain.Erreklamazioa is not enhanced.

[2025-10-12 21:11:44 #5 type] 
Type domain.Mezua is not enhanced.

[2025-10-12 21:11:44 #6 type] 
Type domain.Ride is not enhanced.

[2025-10-12 21:11:44 #7 type] 
Type domain.RideRequest is not enhanced.

[2025-10-12 21:11:44 #8 type] 
Type domain.Alerta is not enhanced.

[2025-10-12 21:11:44 #9 type] 
Type domain.Driver is not enhanced.

[2025-10-12 21:11:44 #10 type] 
Type domain.Kotxe is not enhanced.

[2025-10-12 21:11:44 #11 type] 
Type domain.Geltoki is not enhanced.

[2025-10-12 21:11:44 #12 type] 
Type domain.Traveller is not enhanced.

[2025-10-12 21:11:44 #13 type] 
Type domain.Admin is not enhanced.

------------------------------------------------------------------------------------------------------------------------

[2025-10-12 21:12:14 #1 store] 
Database 'C:\Users\Usuario-Pc\git\SI2Proiektua\src\main\resources\rides.temp' has been recovered (tr. 3575-3637)

[2025-10-12 21:12:14 #2 store] 
Database 'C:\Users\Usuario-Pc\git\SI2Proiektua\src\main\resources\rides.temp' is opened by 5144@DESKTOP-EH9B0CP

[2025-10-12 21:12:14 #3 type] 
Type domain.Profile is not enhanced.

[2025-10-12 21:12:14 #4 type] 
Type domain.Erreklamazioa is not enhanced.

[2025-10-12 21:12:14 #5 type] 
Type domain.Mezua is not enhanced.

[2025-10-12 21:12:14 #6 type] 
Type domain.Ride is not enhanced.

[2025-10-12 21:12:14 #7 type] 
Type domain.RideRequest is not enhanced.

[2025-10-12 21:12:14 #8 type] 
Type domain.Alerta is not enhanced.

[2025-10-12 21:12:14 #9 type] 
Type domain.Driver is not enhanced.

[2025-10-12 21:12:14 #10 type] 
Type domain.Kotxe is not enhanced.

[2025-10-12 21:12:14 #11 type] 
Type domain.Geltoki is not enhanced.

[2025-10-12 21:12:14 #12 type] 
Type domain.Traveller is not enhanced.

[2025-10-12 21:12:14 #13 type] 
Type domain.Admin is not enhanced.

------------------------------------------------------------------------------------------------------------------------

[2025-10-12 21:14:11 #1 store] 
Database 'C:\Users\Usuario-Pc\git\SI2Proiektua\src\main\resources\rides.temp' has been recovered (tr. 3638-3663)

[2025-10-12 21:14:11 #2 store] 
Database 'C:\Users\Usuario-Pc\git\SI2Proiektua\src\main\resources\rides.temp' is opened by 4004@DESKTOP-EH9B0CP

[2025-10-12 21:14:11 #3 type] 
Type domain.Profile is not enhanced.

[2025-10-12 21:14:11 #4 type] 
Type domain.Erreklamazioa is not enhanced.

[2025-10-12 21:14:11 #5 type] 
Type domain.Mezua is not enhanced.

[2025-10-12 21:14:11 #6 type] 
Type domain.Ride is not enhanced.

[2025-10-12 21:14:11 #7 type] 
Type domain.RideRequest is not enhanced.

[2025-10-12 21:14:11 #8 type] 
Type domain.Alerta is not enhanced.

[2025-10-12 21:14:11 #9 type] 
Type domain.Driver is not enhanced.

[2025-10-12 21:14:11 #10 type] 
Type domain.Kotxe is not enhanced.

[2025-10-12 21:14:11 #11 type] 
Type domain.Geltoki is not enhanced.

[2025-10-12 21:14:11 #12 type] 
Type domain.Traveller is not enhanced.

[2025-10-12 21:14:11 #13 type] 
Type domain.Admin is not enhanced.

------------------------------------------------------------------------------------------------------------------------

[2025-10-12 21:16:01 #1 store] 
Database 'C:\Users\Usuario-Pc\git\SI2Proiektua\src\main\resources\rides.temp' has been recovered (tr. 3664-3689)

[2025-10-12 21:16:01 #2 store] 
Database 'C:\Users\Usuario-Pc\git\SI2Proiektua\src\main\resources\rides.temp' is opened by 15140@DESKTOP-EH9B0CP

[2025-10-12 21:16:02 #3 type] 
Type domain.Profile is not enhanced.

[2025-10-12 21:16:02 #4 type] 
Type domain.Erreklamazioa is not enhanced.

[2025-10-12 21:16:02 #5 type] 
Type domain.Mezua is not enhanced.

[2025-10-12 21:16:02 #6 type] 
Type domain.Ride is not enhanced.

[2025-10-12 21:16:02 #7 type] 
Type domain.RideRequest is not enhanced.

[2025-10-12 21:16:02 #8 type] 
Type domain.Alerta is not enhanced.

[2025-10-12 21:16:02 #9 type] 
Type domain.Driver is not enhanced.

[2025-10-12 21:16:02 #10 type] 
Type domain.Kotxe is not enhanced.

[2025-10-12 21:16:02 #11 type] 
Type domain.Geltoki is not enhanced.

[2025-10-12 21:16:02 #12 type] 
Type domain.Traveller is not enhanced.

[2025-10-12 21:16:02 #13 type] 
Type domain.Admin is not enhanced.

------------------------------------------------------------------------------------------------------------------------

[2025-10-12 21:24:29 #1 store] 
Database 'C:\Users\Usuario-Pc\git\SI2Proiektua\src\main\resources\rides.temp' is opened by 19912@DESKTOP-EH9B0CP

[2025-10-12 21:24:29 #2 type] 
Type domain.Profile is not enhanced.

[2025-10-12 21:24:29 #3 type] 
Type domain.Erreklamazioa is not enhanced.

[2025-10-12 21:24:29 #4 type] 
Type domain.Mezua is not enhanced.

[2025-10-12 21:24:29 #5 type] 
Type domain.Ride is not enhanced.

[2025-10-12 21:24:29 #6 type] 
Type domain.RideRequest is not enhanced.

[2025-10-12 21:24:29 #7 type] 
Type domain.Alerta is not enhanced.

[2025-10-12 21:24:29 #8 type] 
Type domain.Driver is not enhanced.

[2025-10-12 21:24:29 #9 type] 
Type domain.Kotxe is not enhanced.

[2025-10-12 21:24:29 #10 type] 
Type domain.Geltoki is not enhanced.

[2025-10-12 21:24:29 #11 type] 
Type domain.Traveller is not enhanced.

[2025-10-12 21:24:29 #12 type] 
Type domain.Admin is not enhanced.

------------------------------------------------------------------------------------------------------------------------

[2025-10-12 21:34:50 #1 store] 
Database 'C:\Users\Usuario-Pc\git\SI2Proiektua\src\main\resources\rides.temp' has been recovered (tr. 3716-3741)

[2025-10-12 21:34:50 #2 store] 
Database 'C:\Users\Usuario-Pc\git\SI2Proiektua\src\main\resources\rides.temp' is opened by 5404@DESKTOP-EH9B0CP

[2025-10-12 21:34:50 #3 type] 
Type domain.Profile is not enhanced.

[2025-10-12 21:34:50 #4 type] 
Type domain.Erreklamazioa is not enhanced.

[2025-10-12 21:34:50 #5 type] 
Type domain.Mezua is not enhanced.

[2025-10-12 21:34:50 #6 type] 
Type domain.Ride is not enhanced.

[2025-10-12 21:34:50 #7 type] 
Type domain.RideRequest is not enhanced.

[2025-10-12 21:34:50 #8 type] 
Type domain.Alerta is not enhanced.

[2025-10-12 21:34:50 #9 type] 
Type domain.Driver is not enhanced.

[2025-10-12 21:34:50 #10 type] 
Type domain.Kotxe is not enhanced.

[2025-10-12 21:34:50 #11 type] 
Type domain.Geltoki is not enhanced.

[2025-10-12 21:34:50 #12 type] 
Type domain.Traveller is not enhanced.

[2025-10-12 21:34:50 #13 type] 
Type domain.Admin is not enhanced.

------------------------------------------------------------------------------------------------------------------------

[2025-10-12 21:36:05 #1 store] 
Database 'C:\Users\Usuario-Pc\git\SI2Proiektua\src\main\resources\rides.temp' has been recovered (tr. 3742-3767)

[2025-10-12 21:36:05 #2 store] 
Database 'C:\Users\Usuario-Pc\git\SI2Proiektua\src\main\resources\rides.temp' is opened by 5472@DESKTOP-EH9B0CP

[2025-10-12 21:36:05 #3 type] 
Type domain.Profile is not enhanced.

[2025-10-12 21:36:05 #4 type] 
Type domain.Erreklamazioa is not enhanced.

[2025-10-12 21:36:05 #5 type] 
Type domain.Mezua is not enhanced.

[2025-10-12 21:36:05 #6 type] 
Type domain.Ride is not enhanced.

[2025-10-12 21:36:06 #7 type] 
Type domain.RideRequest is not enhanced.

[2025-10-12 21:36:06 #8 type] 
Type domain.Alerta is not enhanced.

[2025-10-12 21:36:06 #9 type] 
Type domain.Driver is not enhanced.

[2025-10-12 21:36:06 #10 type] 
Type domain.Kotxe is not enhanced.

[2025-10-12 21:36:06 #11 type] 
Type domain.Geltoki is not enhanced.

[2025-10-12 21:36:06 #12 type] 
Type domain.Traveller is not enhanced.

[2025-10-12 21:36:06 #13 type] 
Type domain.Admin is not enhanced.

------------------------------------------------------------------------------------------------------------------------

[2025-10-12 21:36:24 #1 store] 
Database 'C:\Users\Usuario-Pc\git\SI2Proiektua\src\main\resources\rides.temp' has been recovered (tr. 3768-3793)

[2025-10-12 21:36:24 #2 store] 
Database 'C:\Users\Usuario-Pc\git\SI2Proiektua\src\main\resources\rides.temp' is opened by 22416@DESKTOP-EH9B0CP

[2025-10-12 21:36:24 #3 type] 
Type domain.Profile is not enhanced.

[2025-10-12 21:36:24 #4 type] 
Type domain.Erreklamazioa is not enhanced.

[2025-10-12 21:36:24 #5 type] 
Type domain.Mezua is not enhanced.

[2025-10-12 21:36:24 #6 type] 
Type domain.Ride is not enhanced.

[2025-10-12 21:36:24 #7 type] 
Type domain.RideRequest is not enhanced.

[2025-10-12 21:36:24 #8 type] 
Type domain.Alerta is not enhanced.

[2025-10-12 21:36:24 #9 type] 
Type domain.Driver is not enhanced.

[2025-10-12 21:36:24 #10 type] 
Type domain.Kotxe is not enhanced.

[2025-10-12 21:36:24 #11 type] 
Type domain.Geltoki is not enhanced.

[2025-10-12 21:36:24 #12 type] 
Type domain.Traveller is not enhanced.

[2025-10-12 21:36:24 #13 type] 
Type domain.Admin is not enhanced.

------------------------------------------------------------------------------------------------------------------------

[2025-10-12 21:37:20 #1 store] 
Database 'C:\Users\Usuario-Pc\git\SI2Proiektua\src\main\resources\rides.temp' has been recovered (tr. 3794-3819)

[2025-10-12 21:37:20 #2 store] 
Database 'C:\Users\Usuario-Pc\git\SI2Proiektua\src\main\resources\rides.temp' is opened by 3592@DESKTOP-EH9B0CP

[2025-10-12 21:37:21 #3 type] 
Type domain.Profile is not enhanced.

[2025-10-12 21:37:21 #4 type] 
Type domain.Erreklamazioa is not enhanced.

[2025-10-12 21:37:21 #5 type] 
Type domain.Mezua is not enhanced.

[2025-10-12 21:37:21 #6 type] 
Type domain.Ride is not enhanced.

[2025-10-12 21:37:21 #7 type] 
Type domain.RideRequest is not enhanced.

[2025-10-12 21:37:21 #8 type] 
Type domain.Alerta is not enhanced.

[2025-10-12 21:37:21 #9 type] 
Type domain.Driver is not enhanced.

[2025-10-12 21:37:21 #10 type] 
Type domain.Kotxe is not enhanced.

[2025-10-12 21:37:21 #11 type] 
Type domain.Geltoki is not enhanced.

[2025-10-12 21:37:21 #12 type] 
Type domain.Traveller is not enhanced.

[2025-10-12 21:37:21 #13 type] 
Type domain.Admin is not enhanced.

------------------------------------------------------------------------------------------------------------------------

[2025-10-12 21:37:48 #1 store] 
Database 'C:\Users\Usuario-Pc\git\SI2Proiektua\src\main\resources\rides.temp' has been recovered (tr. 3820-3845)

[2025-10-12 21:37:48 #2 store] 
Database 'C:\Users\Usuario-Pc\git\SI2Proiektua\src\main\resources\rides.temp' is opened by 568@DESKTOP-EH9B0CP

[2025-10-12 21:37:48 #3 type] 
Type domain.Profile is not enhanced.

[2025-10-12 21:37:48 #4 type] 
Type domain.Erreklamazioa is not enhanced.

[2025-10-12 21:37:48 #5 type] 
Type domain.Mezua is not enhanced.

[2025-10-12 21:37:49 #6 type] 
Type domain.Ride is not enhanced.

[2025-10-12 21:37:49 #7 type] 
Type domain.RideRequest is not enhanced.

[2025-10-12 21:37:49 #8 type] 
Type domain.Alerta is not enhanced.

[2025-10-12 21:37:49 #9 type] 
Type domain.Driver is not enhanced.

[2025-10-12 21:37:49 #10 type] 
Type domain.Kotxe is not enhanced.

[2025-10-12 21:37:49 #11 type] 
Type domain.Geltoki is not enhanced.

[2025-10-12 21:37:49 #12 type] 
Type domain.Traveller is not enhanced.

[2025-10-12 21:37:49 #13 type] 
Type domain.Admin is not enhanced.

------------------------------------------------------------------------------------------------------------------------

[2025-10-12 21:39:23 #1 store] 
Database 'C:\Users\Usuario-Pc\git\SI2Proiektua\src\main\resources\rides.temp' has been recovered (tr. 3846-3871)

[2025-10-12 21:39:23 #2 store] 
Database 'C:\Users\Usuario-Pc\git\SI2Proiektua\src\main\resources\rides.temp' is opened by 13960@DESKTOP-EH9B0CP

[2025-10-12 21:39:23 #3 type] 
Type domain.Profile is not enhanced.

[2025-10-12 21:39:23 #4 type] 
Type domain.Erreklamazioa is not enhanced.

[2025-10-12 21:39:23 #5 type] 
Type domain.Mezua is not enhanced.

[2025-10-12 21:39:23 #6 type] 
Type domain.Ride is not enhanced.

[2025-10-12 21:39:23 #7 type] 
Type domain.RideRequest is not enhanced.

[2025-10-12 21:39:23 #8 type] 
Type domain.Alerta is not enhanced.

[2025-10-12 21:39:23 #9 type] 
Type domain.Driver is not enhanced.

[2025-10-12 21:39:23 #10 type] 
Type domain.Kotxe is not enhanced.

[2025-10-12 21:39:23 #11 type] 
Type domain.Geltoki is not enhanced.

[2025-10-12 21:39:23 #12 type] 
Type domain.Traveller is not enhanced.

[2025-10-12 21:39:23 #13 type] 
Type domain.Admin is not enhanced.

------------------------------------------------------------------------------------------------------------------------

[2025-10-12 21:42:13 #1 store] 
Database 'C:\Users\Usuario-Pc\git\SI2Proiektua\src\main\resources\rides.temp' has been recovered (tr. 3872-4034)

[2025-10-12 21:42:13 #2 store] 
Database 'C:\Users\Usuario-Pc\git\SI2Proiektua\src\main\resources\rides.temp' is opened by 388@DESKTOP-EH9B0CP

[2025-10-12 21:42:14 #3 type] 
Type domain.Profile is not enhanced.

[2025-10-12 21:42:14 #4 type] 
Type domain.Erreklamazioa is not enhanced.

[2025-10-12 21:42:14 #5 type] 
Type domain.Mezua is not enhanced.

[2025-10-12 21:42:14 #6 type] 
Type domain.Ride is not enhanced.

[2025-10-12 21:42:14 #7 type] 
Type domain.RideRequest is not enhanced.

[2025-10-12 21:42:14 #8 type] 
Type domain.Alerta is not enhanced.

[2025-10-12 21:42:14 #9 type] 
Type domain.Driver is not enhanced.

[2025-10-12 21:42:14 #10 type] 
Type domain.Kotxe is not enhanced.

[2025-10-12 21:42:14 #11 type] 
Type domain.Geltoki is not enhanced.

[2025-10-12 21:42:14 #12 type] 
Type domain.Traveller is not enhanced.

[2025-10-12 21:42:14 #13 type] 
Type domain.Admin is not enhanced.

------------------------------------------------------------------------------------------------------------------------

[2025-10-12 21:46:06 #1 store] 
Database 'C:\Users\Usuario-Pc\git\SI2Proiektua\src\main\resources\rides.temp' has been recovered (tr. 4035-4052)

[2025-10-12 21:46:06 #2 store] 
Database 'C:\Users\Usuario-Pc\git\SI2Proiektua\src\main\resources\rides.temp' is opened by 23304@DESKTOP-EH9B0CP

[2025-10-12 21:46:06 #3 type] 
Type domain.Profile is not enhanced.

[2025-10-12 21:46:06 #4 type] 
Type domain.Erreklamazioa is not enhanced.

[2025-10-12 21:46:06 #5 type] 
Type domain.Mezua is not enhanced.

[2025-10-12 21:46:06 #6 type] 
Type domain.Ride is not enhanced.

[2025-10-12 21:46:06 #7 type] 
Type domain.RideRequest is not enhanced.

[2025-10-12 21:46:06 #8 type] 
Type domain.Alerta is not enhanced.

[2025-10-12 21:46:06 #9 type] 
Type domain.Driver is not enhanced.

[2025-10-12 21:46:06 #10 type] 
Type domain.Kotxe is not enhanced.

[2025-10-12 21:46:06 #11 type] 
Type domain.Geltoki is not enhanced.

[2025-10-12 21:46:06 #12 type] 
Type domain.Traveller is not enhanced.

[2025-10-12 21:46:06 #13 type] 
Type domain.Admin is not enhanced.

------------------------------------------------------------------------------------------------------------------------

[2025-10-12 21:49:28 #1 store] 
Database 'C:\Users\Usuario-Pc\git\SI2Proiektua\src\main\resources\rides.temp' has been recovered (tr. 4053-4073)

[2025-10-12 21:49:28 #2 store] 
Database 'C:\Users\Usuario-Pc\git\SI2Proiektua\src\main\resources\rides.temp' is opened by 5284@DESKTOP-EH9B0CP

[2025-10-12 21:49:28 #3 type] 
Type domain.Profile is not enhanced.

[2025-10-12 21:49:28 #4 type] 
Type domain.Erreklamazioa is not enhanced.

[2025-10-12 21:49:28 #5 type] 
Type domain.Mezua is not enhanced.

[2025-10-12 21:49:28 #6 type] 
Type domain.Ride is not enhanced.

[2025-10-12 21:49:28 #7 type] 
Type domain.RideRequest is not enhanced.

[2025-10-12 21:49:28 #8 type] 
Type domain.Alerta is not enhanced.

[2025-10-12 21:49:28 #9 type] 
Type domain.Driver is not enhanced.

[2025-10-12 21:49:28 #10 type] 
Type domain.Kotxe is not enhanced.

[2025-10-12 21:49:28 #11 type] 
Type domain.Geltoki is not enhanced.

[2025-10-12 21:49:28 #12 type] 
Type domain.Traveller is not enhanced.

[2025-10-12 21:49:28 #13 type] 
Type domain.Admin is not enhanced.

------------------------------------------------------------------------------------------------------------------------

[2025-10-12 21:54:18 #1 store] 
Database 'C:\Users\Usuario-Pc\git\SI2Proiektua\src\main\resources\rides.temp' has been recovered (tr. 4074-4094)

[2025-10-12 21:54:18 #2 store] 
Database 'C:\Users\Usuario-Pc\git\SI2Proiektua\src\main\resources\rides.temp' is opened by 12164@DESKTOP-EH9B0CP

[2025-10-12 21:54:18 #3 type] 
Type domain.Profile is not enhanced.

[2025-10-12 21:54:18 #4 type] 
Type domain.Erreklamazioa is not enhanced.

[2025-10-12 21:54:18 #5 type] 
Type domain.Mezua is not enhanced.

[2025-10-12 21:54:18 #6 type] 
Type domain.Ride is not enhanced.

[2025-10-12 21:54:18 #7 type] 
Type domain.RideRequest is not enhanced.

[2025-10-12 21:54:18 #8 type] 
Type domain.Alerta is not enhanced.

[2025-10-12 21:54:18 #9 type] 
Type domain.Driver is not enhanced.

[2025-10-12 21:54:18 #10 type] 
Type domain.Kotxe is not enhanced.

[2025-10-12 21:54:18 #11 type] 
Type domain.Geltoki is not enhanced.

[2025-10-12 21:54:18 #12 type] 
Type domain.Traveller is not enhanced.

[2025-10-12 21:54:18 #13 type] 
Type domain.Admin is not enhanced.

------------------------------------------------------------------------------------------------------------------------

[2025-10-12 21:55:03 #1 store] 
Database 'C:\Users\Usuario-Pc\git\SI2Proiektua\src\main\resources\rides.temp' has been recovered (tr. 4095-4116)

[2025-10-12 21:55:03 #2 store] 
Database 'C:\Users\Usuario-Pc\git\SI2Proiektua\src\main\resources\rides.temp' is opened by 7144@DESKTOP-EH9B0CP

[2025-10-12 21:55:03 #3 type] 
Type domain.Profile is not enhanced.

[2025-10-12 21:55:03 #4 type] 
Type domain.Erreklamazioa is not enhanced.

[2025-10-12 21:55:03 #5 type] 
Type domain.Mezua is not enhanced.

[2025-10-12 21:55:03 #6 type] 
Type domain.Ride is not enhanced.

[2025-10-12 21:55:03 #7 type] 
Type domain.RideRequest is not enhanced.

[2025-10-12 21:55:03 #8 type] 
Type domain.Alerta is not enhanced.

[2025-10-12 21:55:03 #9 type] 
Type domain.Driver is not enhanced.

[2025-10-12 21:55:03 #10 type] 
Type domain.Kotxe is not enhanced.

[2025-10-12 21:55:03 #11 type] 
Type domain.Geltoki is not enhanced.

[2025-10-12 21:55:03 #12 type] 
Type domain.Traveller is not enhanced.

[2025-10-12 21:55:03 #13 type] 
Type domain.Admin is not enhanced.

------------------------------------------------------------------------------------------------------------------------

[2025-10-12 21:56:07 #1 store] 
Database 'C:\Users\Usuario-Pc\git\SI2Proiektua\src\main\resources\rides.temp' has been recovered (tr. 4117-4139)

[2025-10-12 21:56:07 #2 store] 
Database 'C:\Users\Usuario-Pc\git\SI2Proiektua\src\main\resources\rides.temp' is opened by 5116@DESKTOP-EH9B0CP

[2025-10-12 21:56:08 #3 type] 
Type domain.Profile is not enhanced.

[2025-10-12 21:56:08 #4 type] 
Type domain.Erreklamazioa is not enhanced.

[2025-10-12 21:56:08 #5 type] 
Type domain.Mezua is not enhanced.

[2025-10-12 21:56:08 #6 type] 
Type domain.Ride is not enhanced.

[2025-10-12 21:56:08 #7 type] 
Type domain.RideRequest is not enhanced.

[2025-10-12 21:56:08 #8 type] 
Type domain.Alerta is not enhanced.

[2025-10-12 21:56:08 #9 type] 
Type domain.Driver is not enhanced.

[2025-10-12 21:56:08 #10 type] 
Type domain.Kotxe is not enhanced.

[2025-10-12 21:56:08 #11 type] 
Type domain.Geltoki is not enhanced.

[2025-10-12 21:56:08 #12 type] 
Type domain.Traveller is not enhanced.

[2025-10-12 21:56:08 #13 type] 
Type domain.Admin is not enhanced.

------------------------------------------------------------------------------------------------------------------------

[2025-10-12 21:57:59 #1 store] 
Database 'C:\Users\Usuario-Pc\git\SI2Proiektua\src\main\resources\rides.temp' has been recovered (tr. 4140-4166)

[2025-10-12 21:57:59 #2 store] 
Database 'C:\Users\Usuario-Pc\git\SI2Proiektua\src\main\resources\rides.temp' is opened by 21928@DESKTOP-EH9B0CP

[2025-10-12 21:57:59 #3 type] 
Type domain.Profile is not enhanced.

[2025-10-12 21:57:59 #4 type] 
Type domain.Erreklamazioa is not enhanced.

[2025-10-12 21:57:59 #5 type] 
Type domain.Mezua is not enhanced.

[2025-10-12 21:57:59 #6 type] 
Type domain.Ride is not enhanced.

[2025-10-12 21:57:59 #7 type] 
Type domain.RideRequest is not enhanced.

[2025-10-12 21:57:59 #8 type] 
Type domain.Alerta is not enhanced.

[2025-10-12 21:57:59 #9 type] 
Type domain.Driver is not enhanced.

[2025-10-12 21:57:59 #10 type] 
Type domain.Kotxe is not enhanced.

[2025-10-12 21:57:59 #11 type] 
Type domain.Geltoki is not enhanced.

[2025-10-12 21:57:59 #12 type] 
Type domain.Traveller is not enhanced.

[2025-10-12 21:57:59 #13 type] 
Type domain.Admin is not enhanced.

