------------------------------------------------------------------------------------------------------------------------

[2025-10-06 15:57:33 #1 store] 
Database 'C:\Users\ekait\git\SI2Proiektua\Rides24Geltokiekin\src\main\resources\rides.temp' has been recovered (tr. 1165-1329)

[2025-10-06 15:57:33 #2 store] 
Database 'C:\Users\ekait\git\SI2Proiektua\Rides24Geltokiekin\src\main\resources\rides.temp' is opened by 22500@LAPTOP-1CQB3TB3

[2025-10-06 15:57:33 #3 type] 
Type domain.Profile is not enhanced.

[2025-10-06 15:57:33 #4 type] 
Type domain.Erreklamazioa is not enhanced.

[2025-10-06 15:57:33 #5 type] 
Type domain.Mezua is not enhanced.

[2025-10-06 15:57:33 #6 type] 
Type domain.Ride is not enhanced.

[2025-10-06 15:57:33 #7 type] 
Type domain.RideRequest is not enhanced.

[2025-10-06 15:57:33 #8 type] 
Type domain.Alerta is not enhanced.

[2025-10-06 15:57:33 #9 type] 
Type domain.Driver is not enhanced.

[2025-10-06 15:57:33 #10 type] 
Type domain.Kotxe is not enhanced.

[2025-10-06 15:57:33 #11 type] 
Type domain.Geltoki is not enhanced.

[2025-10-06 15:57:33 #12 type] 
Type domain.Traveller is not enhanced.

[2025-10-06 15:57:33 #13 type] 
Type domain.Admin is not enhanced.

------------------------------------------------------------------------------------------------------------------------

[2025-10-06 16:02:34 #1 store] 
Database 'C:\Users\ekait\git\SI2Proiektua\Rides24Geltokiekin\src\main\resources\rides.temp' has been recovered (tr. 1330-1356)

[2025-10-06 16:02:34 #2 store] 
Database 'C:\Users\ekait\git\SI2Proiektua\Rides24Geltokiekin\src\main\resources\rides.temp' is opened by 4604@LAPTOP-1CQB3TB3

[2025-10-06 16:02:34 #3 type] 
Type domain.Profile is not enhanced.

[2025-10-06 16:02:34 #4 type] 
Type domain.Erreklamazioa is not enhanced.

[2025-10-06 16:02:34 #5 type] 
Type domain.Mezua is not enhanced.

[2025-10-06 16:02:34 #6 type] 
Type domain.Ride is not enhanced.

[2025-10-06 16:02:34 #7 type] 
Type domain.RideRequest is not enhanced.

[2025-10-06 16:02:34 #8 type] 
Type domain.Alerta is not enhanced.

[2025-10-06 16:02:34 #9 type] 
Type domain.Driver is not enhanced.

[2025-10-06 16:02:34 #10 type] 
Type domain.Kotxe is not enhanced.

[2025-10-06 16:02:34 #11 type] 
Type domain.Geltoki is not enhanced.

[2025-10-06 16:02:34 #12 type] 
Type domain.Traveller is not enhanced.

[2025-10-06 16:02:34 #13 type] 
Type domain.Admin is not enhanced.

------------------------------------------------------------------------------------------------------------------------

[2025-10-06 16:03:59 #1 store] 
Database 'C:\Users\ekait\git\SI2Proiektua\Rides24Geltokiekin\src\main\resources\rides.temp' has been recovered (tr. 1357-1383)

[2025-10-06 16:03:59 #2 store] 
Database 'C:\Users\ekait\git\SI2Proiektua\Rides24Geltokiekin\src\main\resources\rides.temp' is opened by 9260@LAPTOP-1CQB3TB3

[2025-10-06 16:03:59 #3 type] 
Type domain.Profile is not enhanced.

[2025-10-06 16:03:59 #4 type] 
Type domain.Erreklamazioa is not enhanced.

[2025-10-06 16:03:59 #5 type] 
Type domain.Mezua is not enhanced.

[2025-10-06 16:03:59 #6 type] 
Type domain.Ride is not enhanced.

[2025-10-06 16:03:59 #7 type] 
Type domain.RideRequest is not enhanced.

[2025-10-06 16:03:59 #8 type] 
Type domain.Alerta is not enhanced.

[2025-10-06 16:03:59 #9 type] 
Type domain.Driver is not enhanced.

[2025-10-06 16:03:59 #10 type] 
Type domain.Kotxe is not enhanced.

[2025-10-06 16:03:59 #11 type] 
Type domain.Geltoki is not enhanced.

[2025-10-06 16:03:59 #12 type] 
Type domain.Traveller is not enhanced.

[2025-10-06 16:03:59 #13 type] 
Type domain.Admin is not enhanced.

------------------------------------------------------------------------------------------------------------------------

[2025-10-06 16:04:33 #1 store] 
Database 'C:\Users\ekait\git\SI2Proiektua\Rides24Geltokiekin\src\main\resources\rides.temp' has been recovered (tr. 1384-1410)

[2025-10-06 16:04:33 #2 store] 
Database 'C:\Users\ekait\git\SI2Proiektua\Rides24Geltokiekin\src\main\resources\rides.temp' is opened by 6960@LAPTOP-1CQB3TB3

[2025-10-06 16:04:33 #3 type] 
Type domain.Profile is not enhanced.

[2025-10-06 16:04:33 #4 type] 
Type domain.Erreklamazioa is not enhanced.

[2025-10-06 16:04:33 #5 type] 
Type domain.Mezua is not enhanced.

[2025-10-06 16:04:33 #6 type] 
Type domain.Ride is not enhanced.

[2025-10-06 16:04:33 #7 type] 
Type domain.RideRequest is not enhanced.

[2025-10-06 16:04:33 #8 type] 
Type domain.Alerta is not enhanced.

[2025-10-06 16:04:33 #9 type] 
Type domain.Driver is not enhanced.

[2025-10-06 16:04:33 #10 type] 
Type domain.Kotxe is not enhanced.

[2025-10-06 16:04:33 #11 type] 
Type domain.Geltoki is not enhanced.

[2025-10-06 16:04:33 #12 type] 
Type domain.Traveller is not enhanced.

[2025-10-06 16:04:33 #13 type] 
Type domain.Admin is not enhanced.

------------------------------------------------------------------------------------------------------------------------

[2025-10-06 16:11:18 #1 store] 
Database 'C:\Users\ekait\git\SI2Proiektua\Rides24Geltokiekin\src\main\resources\rides.temp' has been recovered (tr. 1411-1437)

[2025-10-06 16:11:18 #2 store] 
Database 'C:\Users\ekait\git\SI2Proiektua\Rides24Geltokiekin\src\main\resources\rides.temp' is opened by 19512@LAPTOP-1CQB3TB3

[2025-10-06 16:11:18 #3 type] 
Type domain.Profile is not enhanced.

[2025-10-06 16:11:18 #4 type] 
Type domain.Erreklamazioa is not enhanced.

[2025-10-06 16:11:18 #5 type] 
Type domain.Mezua is not enhanced.

[2025-10-06 16:11:18 #6 type] 
Type domain.Ride is not enhanced.

[2025-10-06 16:11:18 #7 type] 
Type domain.RideRequest is not enhanced.

[2025-10-06 16:11:18 #8 type] 
Type domain.Alerta is not enhanced.

[2025-10-06 16:11:18 #9 type] 
Type domain.Driver is not enhanced.

[2025-10-06 16:11:18 #10 type] 
Type domain.Kotxe is not enhanced.

[2025-10-06 16:11:18 #11 type] 
Type domain.Geltoki is not enhanced.

[2025-10-06 16:11:18 #12 type] 
Type domain.Traveller is not enhanced.

[2025-10-06 16:11:18 #13 type] 
Type domain.Admin is not enhanced.

