------------------------------------------------------------------------------------------------------------------------

[2025-10-08 11:05:41 #1 store] 
Database 'C:\Users\Usuario-Pc\git\SI2Proiektua\src\main\resources\rides.temp' has been recovered (tr. 2101-2259)

[2025-10-08 11:05:41 #2 store] 
Database 'C:\Users\Usuario-Pc\git\SI2Proiektua\src\main\resources\rides.temp' is opened by 3532@DESKTOP-EH9B0CP

[2025-10-08 11:05:41 #3 type] 
Type domain.Profile is not enhanced.

[2025-10-08 11:05:41 #4 type] 
Type domain.Erreklamazioa is not enhanced.

[2025-10-08 11:05:41 #5 type] 
Type domain.Mezua is not enhanced.

[2025-10-08 11:05:41 #6 type] 
Type domain.Ride is not enhanced.

[2025-10-08 11:05:41 #7 type] 
Type domain.RideRequest is not enhanced.

[2025-10-08 11:05:41 #8 type] 
Type domain.Alerta is not enhanced.

[2025-10-08 11:05:41 #9 type] 
Type domain.Driver is not enhanced.

[2025-10-08 11:05:41 #10 type] 
Type domain.Kotxe is not enhanced.

[2025-10-08 11:05:41 #11 type] 
Type domain.Geltoki is not enhanced.

[2025-10-08 11:05:41 #12 type] 
Type domain.Traveller is not enhanced.

[2025-10-08 11:05:41 #13 type] 
Type domain.Admin is not enhanced.

------------------------------------------------------------------------------------------------------------------------

[2025-10-08 11:07:31 #1 store] 
Database 'C:\Users\Usuario-Pc\git\SI2Proiektua\src\main\resources\rides.temp' has been recovered (tr. 2260-2424)

[2025-10-08 11:07:31 #2 store] 
Database 'C:\Users\Usuario-Pc\git\SI2Proiektua\src\main\resources\rides.temp' is opened by 4908@DESKTOP-EH9B0CP

[2025-10-08 11:07:31 #3 type] 
Type domain.Profile is not enhanced.

[2025-10-08 11:07:31 #4 type] 
Type domain.Erreklamazioa is not enhanced.

[2025-10-08 11:07:31 #5 type] 
Type domain.Mezua is not enhanced.

[2025-10-08 11:07:31 #6 type] 
Type domain.Ride is not enhanced.

[2025-10-08 11:07:31 #7 type] 
Type domain.RideRequest is not enhanced.

[2025-10-08 11:07:31 #8 type] 
Type domain.Alerta is not enhanced.

[2025-10-08 11:07:31 #9 type] 
Type domain.Driver is not enhanced.

[2025-10-08 11:07:31 #10 type] 
Type domain.Kotxe is not enhanced.

[2025-10-08 11:07:31 #11 type] 
Type domain.Geltoki is not enhanced.

[2025-10-08 11:07:31 #12 type] 
Type domain.Traveller is not enhanced.

[2025-10-08 11:07:31 #13 type] 
Type domain.Admin is not enhanced.

