------------------------------------------------------------------------------------------------------------------------

[2025-10-10 22:16:40 #1 store] 
Database 'C:\Users\Usuario-Pc\git\SI2Proiektua\src\main\resources\rides.temp' has been recovered (tr. 2755-2919)

[2025-10-10 22:16:40 #2 store] 
Database 'C:\Users\Usuario-Pc\git\SI2Proiektua\src\main\resources\rides.temp' is opened by 21448@DESKTOP-EH9B0CP

[2025-10-10 22:16:40 #3 type] 
Type domain.Profile is not enhanced.

[2025-10-10 22:16:40 #4 type] 
Type domain.Erreklamazioa is not enhanced.

[2025-10-10 22:16:40 #5 type] 
Type domain.Mezua is not enhanced.

[2025-10-10 22:16:40 #6 type] 
Type domain.Ride is not enhanced.

[2025-10-10 22:16:40 #7 type] 
Type domain.RideRequest is not enhanced.

[2025-10-10 22:16:40 #8 type] 
Type domain.Alerta is not enhanced.

[2025-10-10 22:16:40 #9 type] 
Type domain.Driver is not enhanced.

[2025-10-10 22:16:40 #10 type] 
Type domain.Kotxe is not enhanced.

[2025-10-10 22:16:40 #11 type] 
Type domain.Geltoki is not enhanced.

[2025-10-10 22:16:40 #12 type] 
Type domain.Traveller is not enhanced.

[2025-10-10 22:16:40 #13 type] 
Type domain.Admin is not enhanced.

