------------------------------------------------------------------------------------------------------------------------

[2025-05-06 18:28:03 #1 store] 
Database 'C:\Users\ekait\eclipse-workspace\Rides24Geltokiekin\src\main\resources\rides.temp' has been recovered (tr. 69-71)

[2025-05-06 18:28:03 #2 store] 
Database 'C:\Users\ekait\eclipse-workspace\Rides24Geltokiekin\src\main\resources\rides.temp' is opened by 13980@LAPTOP-1CQB3TB3

[2025-05-06 18:28:03 #3 type] 
Type domain.Profile is not enhanced.

[2025-05-06 18:28:03 #4 type] 
Type domain.Erreklamazioa is not enhanced.

[2025-05-06 18:28:03 #5 type] 
Type domain.Mezua is not enhanced.

[2025-05-06 18:28:03 #6 type] 
Type domain.Ride is not enhanced.

[2025-05-06 18:28:03 #7 type] 
Type domain.RideRequest is not enhanced.

[2025-05-06 18:28:03 #8 type] 
Type domain.Traveller is not enhanced.

[2025-05-06 18:28:03 #9 type] 
Type domain.Driver is not enhanced.

[2025-05-06 18:28:03 #10 type] 
Type domain.Kotxe is not enhanced.

[2025-05-06 18:28:03 #11 type] 
Type domain.Geltoki is not enhanced.

[2025-05-06 18:28:03 #12 type] 
Type domain.Alerta is not enhanced.

[2025-05-06 18:28:03 #13 type] 
Type domain.Admin is not enhanced.

