------------------------------------------------------------------------------------------------------------------------

[2025-10-05 19:55:55 #1 store] 
Database 'C:\Users\Usuario-Pc\git\SI2Proiektua\Rides24Geltokiekin\src\main\resources\rides.temp' has been recovered (tr. 1148-1164)

[2025-10-05 19:55:55 #2 store] 
Database 'C:\Users\Usuario-Pc\git\SI2Proiektua\Rides24Geltokiekin\src\main\resources\rides.temp' is opened by 14104@DESKTOP-EH9B0CP

[2025-10-05 19:55:55 #3 type] 
Type domain.Profile is not enhanced.

[2025-10-05 19:55:55 #4 type] 
Type domain.Erreklamazioa is not enhanced.

[2025-10-05 19:55:55 #5 type] 
Type domain.Mezua is not enhanced.

[2025-10-05 19:55:55 #6 type] 
Type domain.Ride is not enhanced.

[2025-10-05 19:55:55 #7 type] 
Type domain.RideRequest is not enhanced.

[2025-10-05 19:55:55 #8 type] 
Type domain.Alerta is not enhanced.

[2025-10-05 19:55:55 #9 type] 
Type domain.Driver is not enhanced.

[2025-10-05 19:55:55 #10 type] 
Type domain.Kotxe is not enhanced.

[2025-10-05 19:55:55 #11 type] 
Type domain.Geltoki is not enhanced.

[2025-10-05 19:55:55 #12 type] 
Type domain.Traveller is not enhanced.

[2025-10-05 19:55:55 #13 type] 
Type domain.Admin is not enhanced.

