------------------------------------------------------------------------------------------------------------------------

[2025-04-05 08:54:27 #1 store] 
Database 'C:\Users\Usuario-Pc\OneDrive\Escritorio\Urtzi Universidad\workspace\SI\Rides24\src\main\resources\rides.temp' has been recovered (tr. 183-186)

[2025-04-05 08:54:27 #2 store] 
Database 'C:\Users\Usuario-Pc\OneDrive\Escritorio\Urtzi Universidad\workspace\SI\Rides24\src\main\resources\rides.temp' is opened by 5024@DESKTOP-EH9B0CP

[2025-04-05 08:54:27 #3 type] 
Type domain.Ride is not enhanced.

[2025-04-05 08:54:27 #4 type] 
Type domain.RideRequest is not enhanced.

[2025-04-05 08:54:27 #5 type] 
Type domain.Profile is not enhanced.

[2025-04-05 08:54:27 #6 type] 
Type domain.Driver is not enhanced.

[2025-04-05 08:54:27 #7 type] 
Type domain.Kotxe is not enhanced.

[2025-04-05 08:54:27 #8 type] 
Type domain.Traveller is not enhanced.

[2025-04-05 08:54:27 #9 type] 
Type domain.Mezua is not enhanced.

------------------------------------------------------------------------------------------------------------------------

[2025-04-05 08:55:22 #1 store] 
Database 'C:\Users\Usuario-Pc\OneDrive\Escritorio\Urtzi Universidad\workspace\SI\Rides24\src\main\resources\rides.temp' is opened by 20740@DESKTOP-EH9B0CP

[2025-04-05 08:55:22 #2 type] 
Type domain.Ride is not enhanced.

[2025-04-05 08:55:22 #3 type] 
Type domain.RideRequest is not enhanced.

[2025-04-05 08:55:22 #4 type] 
Type domain.Profile is not enhanced.

[2025-04-05 08:55:22 #5 type] 
Type domain.Driver is not enhanced.

[2025-04-05 08:55:22 #6 type] 
Type domain.Kotxe is not enhanced.

[2025-04-05 08:55:22 #7 type] 
Type domain.Traveller is not enhanced.

[2025-04-05 08:55:22 #8 type] 
Type domain.Mezua is not enhanced.

------------------------------------------------------------------------------------------------------------------------

[2025-04-05 10:04:47 #1 store] 
Database 'C:\Users\Usuario-Pc\OneDrive\Escritorio\Urtzi Universidad\workspace\SI\Rides24\src\main\resources\rides.temp' is opened by 19884@DESKTOP-EH9B0CP

[2025-04-05 10:05:03 #2 type.registry] 
New type domain.Profile

[2025-04-05 10:05:03 #3 type] 
Type domain.Profile is not enhanced.

[2025-04-05 10:05:03 #4 type.registry] 
New type domain.Mezua

[2025-04-05 10:05:03 #5 type] 
Type domain.Mezua is not enhanced.

[2025-04-05 10:05:03 #6 type.registry] 
New type domain.Ride

[2025-04-05 10:05:03 #7 type.registry] 
New type domain.RideRequest

[2025-04-05 10:05:03 #8 type] 
Type domain.Ride is not enhanced.

[2025-04-05 10:05:03 #9 type.registry] 
New type domain.Driver

[2025-04-05 10:05:03 #10 type.registry] 
New type domain.Kotxe

[2025-04-05 10:05:03 #11 type] 
Type domain.RideRequest is not enhanced.

[2025-04-05 10:05:03 #12 type.registry] 
New type domain.Traveller

[2025-04-05 10:05:03 #13 type] 
Type domain.Driver is not enhanced.

[2025-04-05 10:05:03 #14 type] 
Type domain.Kotxe is not enhanced.

[2025-04-05 10:05:03 #15 type] 
Type domain.Traveller is not enhanced.

[2025-04-05 10:05:03 #16 type.registry] 
New type java.util.ArrayList<java.lang.Object>

[2025-04-05 10:05:03 #17 type.registry] 
New type java.util.Vector<java.lang.Object>

[2025-04-05 10:05:03 #18 type.registry] 
New type java.util.ArrayList<domain.Mezua>

[2025-04-05 10:05:03 #19 type.registry] 
New type java.util.Vector<domain.Ride>

[2025-04-05 10:05:03 #20 type.registry] 
New type java.util.Vector<domain.Kotxe>

[2025-04-05 10:05:31 #21 type.registry] 
New type java.util.ArrayList<domain.RideRequest>

------------------------------------------------------------------------------------------------------------------------

[2025-04-05 10:08:34 #1 store] 
Database 'C:\Users\Usuario-Pc\OneDrive\Escritorio\Urtzi Universidad\workspace\SI\Rides24\src\main\resources\rides.temp' has been recovered (tr. 1-36)

[2025-04-05 10:08:35 #2 store] 
Database 'C:\Users\Usuario-Pc\OneDrive\Escritorio\Urtzi Universidad\workspace\SI\Rides24\src\main\resources\rides.temp' is opened by 3096@DESKTOP-EH9B0CP

[2025-04-05 10:08:35 #3 type] 
Type domain.Profile is not enhanced.

[2025-04-05 10:08:35 #4 type] 
Type domain.Mezua is not enhanced.

[2025-04-05 10:08:35 #5 type] 
Type domain.Ride is not enhanced.

[2025-04-05 10:08:35 #6 type] 
Type domain.RideRequest is not enhanced.

[2025-04-05 10:08:35 #7 type] 
Type domain.Driver is not enhanced.

[2025-04-05 10:08:35 #8 type] 
Type domain.Kotxe is not enhanced.

[2025-04-05 10:08:35 #9 type] 
Type domain.Traveller is not enhanced.

------------------------------------------------------------------------------------------------------------------------

[2025-04-05 10:16:25 #1 store] 
Database 'C:\Users\Usuario-Pc\OneDrive\Escritorio\Urtzi Universidad\workspace\SI\Rides24\src\main\resources\rides.temp' has been recovered (tr. 37-41)

[2025-04-05 10:16:25 #2 store] 
Database 'C:\Users\Usuario-Pc\OneDrive\Escritorio\Urtzi Universidad\workspace\SI\Rides24\src\main\resources\rides.temp' is opened by 13912@DESKTOP-EH9B0CP

[2025-04-05 10:16:25 #3 type] 
Type domain.Profile is not enhanced.

[2025-04-05 10:16:25 #4 type] 
Type domain.Mezua is not enhanced.

[2025-04-05 10:16:25 #5 type] 
Type domain.Ride is not enhanced.

[2025-04-05 10:16:25 #6 type] 
Type domain.RideRequest is not enhanced.

[2025-04-05 10:16:25 #7 type] 
Type domain.Driver is not enhanced.

[2025-04-05 10:16:25 #8 type] 
Type domain.Kotxe is not enhanced.

[2025-04-05 10:16:25 #9 type] 
Type domain.Traveller is not enhanced.

------------------------------------------------------------------------------------------------------------------------

[2025-04-05 10:18:24 #1 store] 
Database 'C:\Users\Usuario-Pc\OneDrive\Escritorio\Urtzi Universidad\workspace\SI\Rides24\src\main\resources\rides.temp' is opened by 23968@DESKTOP-EH9B0CP

[2025-04-05 10:18:24 #2 type] 
Type domain.Profile is not enhanced.

[2025-04-05 10:18:24 #3 type] 
Type domain.Mezua is not enhanced.

[2025-04-05 10:18:24 #4 type] 
Type domain.Ride is not enhanced.

[2025-04-05 10:18:24 #5 type] 
Type domain.RideRequest is not enhanced.

[2025-04-05 10:18:24 #6 type] 
Type domain.Driver is not enhanced.

[2025-04-05 10:18:24 #7 type] 
Type domain.Kotxe is not enhanced.

[2025-04-05 10:18:24 #8 type] 
Type domain.Traveller is not enhanced.

------------------------------------------------------------------------------------------------------------------------

[2025-04-05 11:03:52 #1 store] 
Database 'C:\Users\Usuario-Pc\OneDrive\Escritorio\Urtzi Universidad\workspace\SI\Rides24\src\main\resources\rides.temp' is opened by 1388@DESKTOP-EH9B0CP

[2025-04-05 11:03:52 #2 type] 
Type domain.Profile is not enhanced.

[2025-04-05 11:03:52 #3 type] 
Type domain.Mezua is not enhanced.

[2025-04-05 11:03:52 #4 type] 
Type domain.Ride is not enhanced.

[2025-04-05 11:03:52 #5 type] 
Type domain.RideRequest is not enhanced.

[2025-04-05 11:03:52 #6 type] 
Type domain.Driver is not enhanced.

[2025-04-05 11:03:52 #7 type] 
Type domain.Kotxe is not enhanced.

[2025-04-05 11:03:52 #8 type] 
Type domain.Traveller is not enhanced.

------------------------------------------------------------------------------------------------------------------------

[2025-04-05 11:08:02 #1 store] 
Database 'C:\Users\Usuario-Pc\OneDrive\Escritorio\Urtzi Universidad\workspace\SI\Rides24\src\main\resources\rides.temp' has been recovered (tr. 42-42)

[2025-04-05 11:08:02 #2 store] 
Database 'C:\Users\Usuario-Pc\OneDrive\Escritorio\Urtzi Universidad\workspace\SI\Rides24\src\main\resources\rides.temp' is opened by 5500@DESKTOP-EH9B0CP

[2025-04-05 11:08:02 #3 type] 
Type domain.Profile is not enhanced.

[2025-04-05 11:08:02 #4 type] 
Type domain.Mezua is not enhanced.

[2025-04-05 11:08:02 #5 type] 
Type domain.Ride is not enhanced.

[2025-04-05 11:08:02 #6 type] 
Type domain.RideRequest is not enhanced.

[2025-04-05 11:08:02 #7 type] 
Type domain.Driver is not enhanced.

[2025-04-05 11:08:02 #8 type] 
Type domain.Kotxe is not enhanced.

[2025-04-05 11:08:02 #9 type] 
Type domain.Traveller is not enhanced.

------------------------------------------------------------------------------------------------------------------------

[2025-04-05 11:11:01 #1 store] 
Database 'C:\Users\Usuario-Pc\OneDrive\Escritorio\Urtzi Universidad\workspace\SI\Rides24\src\main\resources\rides.temp' is opened by 13604@DESKTOP-EH9B0CP

[2025-04-05 11:11:02 #2 type] 
Type domain.Profile is not enhanced.

[2025-04-05 11:11:02 #3 type] 
Type domain.Mezua is not enhanced.

[2025-04-05 11:11:02 #4 type] 
Type domain.Ride is not enhanced.

[2025-04-05 11:11:02 #5 type] 
Type domain.RideRequest is not enhanced.

[2025-04-05 11:11:02 #6 type] 
Type domain.Driver is not enhanced.

[2025-04-05 11:11:02 #7 type] 
Type domain.Kotxe is not enhanced.

[2025-04-05 11:11:02 #8 type] 
Type domain.Traveller is not enhanced.

------------------------------------------------------------------------------------------------------------------------

[2025-04-05 11:15:03 #1 store] 
Database 'C:\Users\Usuario-Pc\OneDrive\Escritorio\Urtzi Universidad\workspace\SI\Rides24\src\main\resources\rides.temp' has been recovered (tr. 43-43)

[2025-04-05 11:15:03 #2 store] 
Database 'C:\Users\Usuario-Pc\OneDrive\Escritorio\Urtzi Universidad\workspace\SI\Rides24\src\main\resources\rides.temp' is opened by 2672@DESKTOP-EH9B0CP

[2025-04-05 11:15:03 #3 type] 
Type domain.Profile is not enhanced.

[2025-04-05 11:15:03 #4 type] 
Type domain.Mezua is not enhanced.

[2025-04-05 11:15:03 #5 type] 
Type domain.Ride is not enhanced.

[2025-04-05 11:15:03 #6 type] 
Type domain.RideRequest is not enhanced.

[2025-04-05 11:15:03 #7 type] 
Type domain.Driver is not enhanced.

[2025-04-05 11:15:03 #8 type] 
Type domain.Kotxe is not enhanced.

[2025-04-05 11:15:03 #9 type] 
Type domain.Traveller is not enhanced.

------------------------------------------------------------------------------------------------------------------------

[2025-04-05 11:15:22 #1 store] 
Database 'C:\Users\Usuario-Pc\OneDrive\Escritorio\Urtzi Universidad\workspace\SI\Rides24\src\main\resources\rides.temp' is opened by 21756@DESKTOP-EH9B0CP

[2025-04-05 11:15:22 #2 type] 
Type domain.Profile is not enhanced.

[2025-04-05 11:15:23 #3 type] 
Type domain.Mezua is not enhanced.

[2025-04-05 11:15:23 #4 type] 
Type domain.Ride is not enhanced.

[2025-04-05 11:15:23 #5 type] 
Type domain.RideRequest is not enhanced.

[2025-04-05 11:15:23 #6 type] 
Type domain.Driver is not enhanced.

[2025-04-05 11:15:23 #7 type] 
Type domain.Kotxe is not enhanced.

[2025-04-05 11:15:23 #8 type] 
Type domain.Traveller is not enhanced.

------------------------------------------------------------------------------------------------------------------------

[2025-04-05 11:15:49 #1 store] 
Database 'C:\Users\Usuario-Pc\OneDrive\Escritorio\Urtzi Universidad\workspace\SI\Rides24\src\main\resources\rides.temp' is opened by 5968@DESKTOP-EH9B0CP

[2025-04-05 11:15:50 #2 type] 
Type domain.Profile is not enhanced.

[2025-04-05 11:15:50 #3 type] 
Type domain.Mezua is not enhanced.

[2025-04-05 11:15:50 #4 type] 
Type domain.Ride is not enhanced.

[2025-04-05 11:15:50 #5 type] 
Type domain.RideRequest is not enhanced.

[2025-04-05 11:15:50 #6 type] 
Type domain.Driver is not enhanced.

[2025-04-05 11:15:50 #7 type] 
Type domain.Kotxe is not enhanced.

[2025-04-05 11:15:50 #8 type] 
Type domain.Traveller is not enhanced.

------------------------------------------------------------------------------------------------------------------------

[2025-04-05 11:17:20 #1 store] 
Database 'C:\Users\Usuario-Pc\OneDrive\Escritorio\Urtzi Universidad\workspace\SI\Rides24\src\main\resources\rides.temp' is opened by 20436@DESKTOP-EH9B0CP

[2025-04-05 11:17:21 #2 type] 
Type domain.Profile is not enhanced.

[2025-04-05 11:17:21 #3 type] 
Type domain.Mezua is not enhanced.

[2025-04-05 11:17:21 #4 type] 
Type domain.Ride is not enhanced.

[2025-04-05 11:17:21 #5 type] 
Type domain.RideRequest is not enhanced.

[2025-04-05 11:17:21 #6 type] 
Type domain.Driver is not enhanced.

[2025-04-05 11:17:21 #7 type] 
Type domain.Kotxe is not enhanced.

[2025-04-05 11:17:21 #8 type] 
Type domain.Traveller is not enhanced.

------------------------------------------------------------------------------------------------------------------------

[2025-04-05 11:23:50 #1 store] 
Database 'C:\Users\Usuario-Pc\OneDrive\Escritorio\Urtzi Universidad\workspace\SI\Rides24\src\main\resources\rides.temp' is opened by 21600@DESKTOP-EH9B0CP

[2025-04-05 11:23:51 #2 type.registry] 
New type domain.Ride

[2025-04-05 11:23:51 #3 type] 
Type domain.Ride is not enhanced.

[2025-04-05 11:23:51 #4 type.registry] 
New type domain.RideRequest

[2025-04-05 11:23:51 #5 type.registry] 
New type domain.Profile

[2025-04-05 11:23:51 #6 type.registry] 
New type domain.Driver

[2025-04-05 11:23:51 #7 type.registry] 
New type domain.Kotxe

[2025-04-05 11:23:51 #8 type] 
Type domain.RideRequest is not enhanced.

[2025-04-05 11:23:51 #9 type.registry] 
New type domain.Traveller

[2025-04-05 11:23:51 #10 type] 
Type domain.Profile is not enhanced.

[2025-04-05 11:23:51 #11 type.registry] 
New type domain.Mezua

[2025-04-05 11:23:51 #12 type] 
Type domain.Driver is not enhanced.

[2025-04-05 11:23:51 #13 type] 
Type domain.Kotxe is not enhanced.

[2025-04-05 11:23:51 #14 type] 
Type domain.Traveller is not enhanced.

[2025-04-05 11:23:51 #15 type] 
Type domain.Mezua is not enhanced.

[2025-04-05 11:24:29 #16 type.registry] 
New type java.util.ArrayList<java.lang.Object>

[2025-04-05 11:24:29 #17 type.registry] 
New type java.util.ArrayList<domain.Mezua>

[2025-04-05 11:24:29 #18 type.registry] 
New type java.util.ArrayList<domain.RideRequest>

[2025-04-05 11:25:20 #19 type.registry] 
New type java.util.Vector<java.lang.Object>

[2025-04-05 11:25:20 #20 type.registry] 
New type java.util.Vector<domain.Ride>

[2025-04-05 11:25:20 #21 type.registry] 
New type java.util.Vector<domain.Kotxe>

------------------------------------------------------------------------------------------------------------------------

[2025-04-05 11:32:02 #1 store] 
Database 'C:\Users\Usuario-Pc\OneDrive\Escritorio\Urtzi Universidad\workspace\SI\Rides24\src\main\resources\rides.temp' has been recovered (tr. 1-19)

[2025-04-05 11:32:02 #2 store] 
Database 'C:\Users\Usuario-Pc\OneDrive\Escritorio\Urtzi Universidad\workspace\SI\Rides24\src\main\resources\rides.temp' is opened by 2100@DESKTOP-EH9B0CP

[2025-04-05 11:32:02 #3 type] 
Type domain.Ride is not enhanced.

[2025-04-05 11:32:02 #4 type] 
Type domain.RideRequest is not enhanced.

[2025-04-05 11:32:02 #5 type] 
Type domain.Profile is not enhanced.

[2025-04-05 11:32:02 #6 type] 
Type domain.Driver is not enhanced.

[2025-04-05 11:32:02 #7 type] 
Type domain.Kotxe is not enhanced.

[2025-04-05 11:32:02 #8 type] 
Type domain.Traveller is not enhanced.

[2025-04-05 11:32:02 #9 type] 
Type domain.Mezua is not enhanced.

------------------------------------------------------------------------------------------------------------------------

[2025-04-05 11:38:58 #1 store] 
Database 'C:\Users\Usuario-Pc\OneDrive\Escritorio\Urtzi Universidad\workspace\SI\Rides24\src\main\resources\rides.temp' has been recovered (tr. 20-20)

[2025-04-05 11:38:58 #2 store] 
Database 'C:\Users\Usuario-Pc\OneDrive\Escritorio\Urtzi Universidad\workspace\SI\Rides24\src\main\resources\rides.temp' is opened by 24752@DESKTOP-EH9B0CP

[2025-04-05 11:38:58 #3 type] 
Type domain.Ride is not enhanced.

[2025-04-05 11:38:58 #4 type] 
Type domain.RideRequest is not enhanced.

[2025-04-05 11:38:58 #5 type] 
Type domain.Profile is not enhanced.

[2025-04-05 11:38:58 #6 type] 
Type domain.Driver is not enhanced.

[2025-04-05 11:38:58 #7 type] 
Type domain.Kotxe is not enhanced.

[2025-04-05 11:38:58 #8 type] 
Type domain.Traveller is not enhanced.

[2025-04-05 11:38:58 #9 type] 
Type domain.Mezua is not enhanced.

------------------------------------------------------------------------------------------------------------------------

[2025-04-05 11:46:21 #1 store] 
Database 'C:\Users\Usuario-Pc\OneDrive\Escritorio\Urtzi Universidad\workspace\SI\Rides24\src\main\resources\rides.temp' has been recovered (tr. 21-21)

[2025-04-05 11:46:21 #2 store] 
Database 'C:\Users\Usuario-Pc\OneDrive\Escritorio\Urtzi Universidad\workspace\SI\Rides24\src\main\resources\rides.temp' is opened by 4080@DESKTOP-EH9B0CP

[2025-04-05 11:46:21 #3 type] 
Type domain.Ride is not enhanced.

[2025-04-05 11:46:21 #4 type] 
Type domain.RideRequest is not enhanced.

[2025-04-05 11:46:21 #5 type] 
Type domain.Profile is not enhanced.

[2025-04-05 11:46:21 #6 type] 
Type domain.Driver is not enhanced.

[2025-04-05 11:46:21 #7 type] 
Type domain.Kotxe is not enhanced.

[2025-04-05 11:46:21 #8 type] 
Type domain.Traveller is not enhanced.

[2025-04-05 11:46:21 #9 type] 
Type domain.Mezua is not enhanced.

------------------------------------------------------------------------------------------------------------------------

[2025-04-05 11:55:16 #1 store] 
Database 'C:\Users\Usuario-Pc\OneDrive\Escritorio\Urtzi Universidad\workspace\SI\Rides24\src\main\resources\rides.temp' is opened by 9284@DESKTOP-EH9B0CP

[2025-04-05 11:55:16 #2 type] 
Type domain.Ride is not enhanced.

[2025-04-05 11:55:16 #3 type] 
Type domain.RideRequest is not enhanced.

[2025-04-05 11:55:16 #4 type] 
Type domain.Profile is not enhanced.

[2025-04-05 11:55:16 #5 type] 
Type domain.Driver is not enhanced.

[2025-04-05 11:55:16 #6 type] 
Type domain.Kotxe is not enhanced.

[2025-04-05 11:55:16 #7 type] 
Type domain.Traveller is not enhanced.

[2025-04-05 11:55:16 #8 type] 
Type domain.Mezua is not enhanced.

------------------------------------------------------------------------------------------------------------------------

[2025-04-05 11:57:01 #1 store] 
Database 'C:\Users\Usuario-Pc\OneDrive\Escritorio\Urtzi Universidad\workspace\SI\Rides24\src\main\resources\rides.temp' is opened by 16632@DESKTOP-EH9B0CP

[2025-04-05 11:57:01 #2 type] 
Type domain.Ride is not enhanced.

[2025-04-05 11:57:01 #3 type] 
Type domain.RideRequest is not enhanced.

[2025-04-05 11:57:01 #4 type] 
Type domain.Profile is not enhanced.

[2025-04-05 11:57:01 #5 type] 
Type domain.Driver is not enhanced.

[2025-04-05 11:57:01 #6 type] 
Type domain.Kotxe is not enhanced.

[2025-04-05 11:57:01 #7 type] 
Type domain.Traveller is not enhanced.

[2025-04-05 11:57:01 #8 type] 
Type domain.Mezua is not enhanced.

------------------------------------------------------------------------------------------------------------------------

[2025-04-05 12:02:05 #1 store] 
Database 'C:\Users\Usuario-Pc\OneDrive\Escritorio\Urtzi Universidad\workspace\SI\Rides24\src\main\resources\rides.temp' is opened by 16840@DESKTOP-EH9B0CP

[2025-04-05 12:02:06 #2 type] 
Type domain.Ride is not enhanced.

[2025-04-05 12:02:06 #3 type] 
Type domain.RideRequest is not enhanced.

[2025-04-05 12:02:06 #4 type] 
Type domain.Profile is not enhanced.

[2025-04-05 12:02:06 #5 type] 
Type domain.Driver is not enhanced.

[2025-04-05 12:02:06 #6 type] 
Type domain.Kotxe is not enhanced.

[2025-04-05 12:02:06 #7 type] 
Type domain.Traveller is not enhanced.

[2025-04-05 12:02:06 #8 type] 
Type domain.Mezua is not enhanced.

------------------------------------------------------------------------------------------------------------------------

[2025-04-05 12:47:09 #1 store] 
Database 'C:\Users\Usuario-Pc\OneDrive\Escritorio\Urtzi Universidad\workspace\SI\Rides24\src\main\resources\rides.temp' has been recovered (tr. 43-45)

[2025-04-05 12:47:09 #2 store] 
Database 'C:\Users\Usuario-Pc\OneDrive\Escritorio\Urtzi Universidad\workspace\SI\Rides24\src\main\resources\rides.temp' is opened by 17664@DESKTOP-EH9B0CP

[2025-04-05 12:47:09 #3 type] 
Type domain.Ride is not enhanced.

[2025-04-05 12:47:09 #4 type] 
Type domain.RideRequest is not enhanced.

[2025-04-05 12:47:09 #5 type] 
Type domain.Profile is not enhanced.

[2025-04-05 12:47:09 #6 type] 
Type domain.Driver is not enhanced.

[2025-04-05 12:47:09 #7 type] 
Type domain.Kotxe is not enhanced.

[2025-04-05 12:47:09 #8 type] 
Type domain.Traveller is not enhanced.

[2025-04-05 12:47:09 #9 type] 
Type domain.Mezua is not enhanced.

------------------------------------------------------------------------------------------------------------------------

[2025-04-05 12:49:55 #1 store] 
Database 'C:\Users\Usuario-Pc\OneDrive\Escritorio\Urtzi Universidad\workspace\SI\Rides24\src\main\resources\rides.temp' has been recovered (tr. 46-58)

[2025-04-05 12:49:55 #2 store] 
Database 'C:\Users\Usuario-Pc\OneDrive\Escritorio\Urtzi Universidad\workspace\SI\Rides24\src\main\resources\rides.temp' is opened by 5008@DESKTOP-EH9B0CP

[2025-04-05 12:49:56 #3 type] 
Type domain.Ride is not enhanced.

[2025-04-05 12:49:56 #4 type] 
Type domain.RideRequest is not enhanced.

[2025-04-05 12:49:56 #5 type] 
Type domain.Profile is not enhanced.

[2025-04-05 12:49:56 #6 type] 
Type domain.Driver is not enhanced.

[2025-04-05 12:49:56 #7 type] 
Type domain.Kotxe is not enhanced.

[2025-04-05 12:49:56 #8 type] 
Type domain.Traveller is not enhanced.

[2025-04-05 12:49:56 #9 type] 
Type domain.Mezua is not enhanced.

