------------------------------------------------------------------------------------------------------------------------

[2025-04-20 12:48:42 #1 store] 
Database 'C:\Users\Usuario-Pc\OneDrive\Escritorio\Urtzi Universidad\workspace\SI\Rides24\src\main\resources\rides.temp' is opened by 19628@DESKTOP-EH9B0CP

[2025-04-20 12:48:53 #2 type.registry] 
New type domain.Profile

[2025-04-20 12:48:53 #3 type] 
Type domain.Profile is not enhanced.

[2025-04-20 12:48:53 #4 type.registry] 
New type domain.Mezua

[2025-04-20 12:48:53 #5 type] 
Type domain.Mezua is not enhanced.

[2025-04-20 12:48:53 #6 type.registry] 
New type domain.Ride

[2025-04-20 12:48:53 #7 type.registry] 
New type domain.RideRequest

[2025-04-20 12:48:53 #8 type] 
Type domain.Ride is not enhanced.

[2025-04-20 12:48:53 #9 type.registry] 
New type domain.Driver

[2025-04-20 12:48:53 #10 type.registry] 
New type domain.Kotxe

[2025-04-20 12:48:53 #11 type.registry] 
New type java.util.LinkedList<java.lang.String>

[2025-04-20 12:48:53 #12 type] 
Type domain.RideRequest is not enhanced.

[2025-04-20 12:48:53 #13 type.registry] 
New type domain.Traveller

[2025-04-20 12:48:53 #14 type] 
Type domain.Driver is not enhanced.

[2025-04-20 12:48:53 #15 type] 
Type domain.Kotxe is not enhanced.

[2025-04-20 12:48:53 #16 type] 
Type domain.Traveller is not enhanced.

[2025-04-20 12:48:53 #17 type.registry] 
New type java.util.ArrayList<java.lang.Object>

[2025-04-20 12:48:53 #18 type.registry] 
New type java.util.ArrayList<java.lang.Integer>

[2025-04-20 12:48:53 #19 type.registry] 
New type java.util.ArrayList<domain.Mezua>

[2025-04-20 12:48:53 #20 type.registry] 
New type java.util.ArrayList<domain.RideRequest>

[2025-04-20 12:49:06 #21 type.registry] 
New type java.util.Vector<java.lang.Object>

[2025-04-20 12:49:06 #22 type.registry] 
New type java.util.Vector<domain.Ride>

[2025-04-20 12:49:06 #23 type.registry] 
New type java.util.Vector<domain.Kotxe>

[2025-04-20 12:49:53 #24 type.registry] 
New type java.util.LinkedList<java.lang.Object>

------------------------------------------------------------------------------------------------------------------------

[2025-04-20 12:51:57 #1 store] 
Database 'C:\Users\Usuario-Pc\OneDrive\Escritorio\Urtzi Universidad\workspace\SI\Rides24\src\main\resources\rides.temp' has been recovered (tr. 1-26)

[2025-04-20 12:51:57 #2 store] 
Database 'C:\Users\Usuario-Pc\OneDrive\Escritorio\Urtzi Universidad\workspace\SI\Rides24\src\main\resources\rides.temp' is opened by 3548@DESKTOP-EH9B0CP

[2025-04-20 12:51:57 #3 type] 
Type domain.Profile is not enhanced.

[2025-04-20 12:51:58 #4 type] 
Type domain.Mezua is not enhanced.

[2025-04-20 12:51:58 #5 type] 
Type domain.Ride is not enhanced.

[2025-04-20 12:51:58 #6 type] 
Type domain.RideRequest is not enhanced.

[2025-04-20 12:51:58 #7 type] 
Type domain.Driver is not enhanced.

[2025-04-20 12:51:58 #8 type] 
Type domain.Kotxe is not enhanced.

[2025-04-20 12:51:58 #9 type] 
Type domain.Traveller is not enhanced.

------------------------------------------------------------------------------------------------------------------------

[2025-04-20 13:00:35 #1 store] 
Database 'C:\Users\Usuario-Pc\OneDrive\Escritorio\Urtzi Universidad\workspace\SI\Rides24\src\main\resources\rides.temp' is opened by 12012@DESKTOP-EH9B0CP

[2025-04-20 13:00:35 #2 type] 
Type domain.Profile is not enhanced.

[2025-04-20 13:00:35 #3 type] 
Type domain.Mezua is not enhanced.

[2025-04-20 13:00:35 #4 type] 
Type domain.Ride is not enhanced.

[2025-04-20 13:00:35 #5 type] 
Type domain.RideRequest is not enhanced.

[2025-04-20 13:00:35 #6 type] 
Type domain.Driver is not enhanced.

[2025-04-20 13:00:35 #7 type] 
Type domain.Kotxe is not enhanced.

[2025-04-20 13:00:35 #8 type] 
Type domain.Traveller is not enhanced.

------------------------------------------------------------------------------------------------------------------------

[2025-04-20 13:05:50 #1 store] 
Database 'C:\Users\Usuario-Pc\OneDrive\Escritorio\Urtzi Universidad\workspace\SI\Rides24\src\main\resources\rides.temp' is opened by 17704@DESKTOP-EH9B0CP

[2025-04-20 13:05:50 #2 type] 
Type domain.Profile is not enhanced.

[2025-04-20 13:05:50 #3 type] 
Type domain.Mezua is not enhanced.

[2025-04-20 13:05:50 #4 type] 
Type domain.Ride is not enhanced.

[2025-04-20 13:05:50 #5 type] 
Type domain.RideRequest is not enhanced.

[2025-04-20 13:05:50 #6 type] 
Type domain.Driver is not enhanced.

[2025-04-20 13:05:50 #7 type] 
Type domain.Kotxe is not enhanced.

[2025-04-20 13:05:50 #8 type] 
Type domain.Traveller is not enhanced.

------------------------------------------------------------------------------------------------------------------------

[2025-04-20 13:07:43 #1 store] 
Database 'C:\Users\Usuario-Pc\OneDrive\Escritorio\Urtzi Universidad\workspace\SI\Rides24\src\main\resources\rides.temp' is opened by 12816@DESKTOP-EH9B0CP

[2025-04-20 13:07:43 #2 type] 
Type domain.Profile is not enhanced.

[2025-04-20 13:07:43 #3 type] 
Type domain.Mezua is not enhanced.

[2025-04-20 13:07:43 #4 type] 
Type domain.Ride is not enhanced.

[2025-04-20 13:07:43 #5 type] 
Type domain.RideRequest is not enhanced.

[2025-04-20 13:07:43 #6 type] 
Type domain.Driver is not enhanced.

[2025-04-20 13:07:43 #7 type] 
Type domain.Kotxe is not enhanced.

[2025-04-20 13:07:43 #8 type] 
Type domain.Traveller is not enhanced.

------------------------------------------------------------------------------------------------------------------------

[2025-04-20 13:08:16 #1 store] 
Database 'C:\Users\Usuario-Pc\OneDrive\Escritorio\Urtzi Universidad\workspace\SI\Rides24\src\main\resources\rides.temp' is opened by 3276@DESKTOP-EH9B0CP

[2025-04-20 13:08:17 #2 type] 
Type domain.Profile is not enhanced.

[2025-04-20 13:08:17 #3 type] 
Type domain.Mezua is not enhanced.

[2025-04-20 13:08:17 #4 type] 
Type domain.Ride is not enhanced.

[2025-04-20 13:08:17 #5 type] 
Type domain.RideRequest is not enhanced.

[2025-04-20 13:08:17 #6 type] 
Type domain.Driver is not enhanced.

[2025-04-20 13:08:17 #7 type] 
Type domain.Kotxe is not enhanced.

[2025-04-20 13:08:17 #8 type] 
Type domain.Traveller is not enhanced.

