------------------------------------------------------------------------------------------------------------------------

[2025-04-29 12:07:01 #1 store] 
Database 'C:\Users\Usuario-Pc\OneDrive\Escritorio\Urtzi Universidad\workspace\SI\Rides24\src\main\resources\rides.temp' has been recovered (tr. 20-20)

[2025-04-29 12:07:01 #2 store] 
Database 'C:\Users\Usuario-Pc\OneDrive\Escritorio\Urtzi Universidad\workspace\SI\Rides24\src\main\resources\rides.temp' is opened by 21108@DESKTOP-EH9B0CP

[2025-04-29 12:07:02 #3 type] 
Type domain.Profile is not enhanced.

[2025-04-29 12:07:02 #4 type] 
Type domain.Mezua is not enhanced.

[2025-04-29 12:07:02 #5 type] 
Type domain.Ride is not enhanced.

[2025-04-29 12:07:02 #6 type.registry] 
New type domain.Geltoki

[2025-04-29 12:07:02 #7 type] 
Type domain.RideRequest is not enhanced.

[2025-04-29 12:07:02 #8 type] 
Type domain.Driver is not enhanced.

[2025-04-29 12:07:02 #9 type] 
Type domain.Kotxe is not enhanced.

[2025-04-29 12:07:02 #10 type] 
Type domain.Traveller is not enhanced.

[2025-04-29 12:07:02 #11 type] 
Type domain.Alerta is not enhanced.

[2025-04-29 12:07:02 #12 type] 
Type domain.Geltoki is not enhanced.

[2025-04-29 12:07:05 #13 type.registry] 
New type java.util.LinkedList<domain.Geltoki>

