------------------------------------------------------------------------------------------------------------------------

[2025-09-24 10:06:33 #1 store] 
Database 'C:\Users\Usuario-Pc\git\SI2Proiektua\Rides24Geltokiekin\src\main\resources\rides.temp' has been recovered (tr. 327-327)

[2025-09-24 10:06:33 #2 store] 
Database 'C:\Users\Usuario-Pc\git\SI2Proiektua\Rides24Geltokiekin\src\main\resources\rides.temp' is opened by 7316@DESKTOP-EH9B0CP

[2025-09-24 10:06:33 #3 type] 
Type domain.Profile is not enhanced.

[2025-09-24 10:06:33 #4 type] 
Type domain.Erreklamazioa is not enhanced.

[2025-09-24 10:06:33 #5 type] 
Type domain.Mezua is not enhanced.

[2025-09-24 10:06:33 #6 type] 
Type domain.Ride is not enhanced.

[2025-09-24 10:06:33 #7 type] 
Type domain.RideRequest is not enhanced.

[2025-09-24 10:06:33 #8 type] 
Type domain.Alerta is not enhanced.

[2025-09-24 10:06:33 #9 type] 
Type domain.Driver is not enhanced.

[2025-09-24 10:06:33 #10 type] 
Type domain.Kotxe is not enhanced.

[2025-09-24 10:06:33 #11 type] 
Type domain.Geltoki is not enhanced.

[2025-09-24 10:06:33 #12 type] 
Type domain.Traveller is not enhanced.

[2025-09-24 10:06:33 #13 type] 
Type domain.Admin is not enhanced.

