------------------------------------------------------------------------------------------------------------------------

[2025-03-02 10:37:20 #1 store] 
Database 'C:\Users\Usuario-Pc\OneDrive\Escritorio\Urtzi Universidad\workspace\SI\Rides24\src\main\resources\rides.temp' is opened by 19384@DESKTOP-EH9B0CP

[2025-03-02 10:38:09 #2 type.registry] 
New type domain.Profile

[2025-03-02 10:38:09 #3 type] 
Type domain.Profile is not enhanced.

[2025-03-02 10:38:09 #4 type.registry] 
New type domain.Driver

[2025-03-02 10:38:09 #5 type] 
Type domain.Driver is not enhanced.

[2025-03-02 10:38:09 #6 type.registry] 
New type domain.Ride

[2025-03-02 10:38:09 #7 type] 
Type domain.Ride is not enhanced.

[2025-03-02 10:38:09 #8 type.registry] 
New type domain.RideRequest

[2025-03-02 10:38:09 #9 type] 
Type domain.RideRequest is not enhanced.

[2025-03-02 10:38:09 #10 type.registry] 
New type domain.Traveller

[2025-03-02 10:38:09 #11 type] 
Type domain.Traveller is not enhanced.

[2025-03-02 10:38:09 #12 type.registry] 
New type java.util.Vector<java.lang.Object>

[2025-03-02 10:38:09 #13 type.registry] 
New type java.util.Vector<domain.Ride>

[2025-03-02 10:38:23 #14 type.registry] 
New type java.util.ArrayList<java.lang.Object>

[2025-03-02 10:38:23 #15 type.registry] 
New type java.util.ArrayList<domain.RideRequest>

------------------------------------------------------------------------------------------------------------------------

[2025-03-02 10:45:55 #1 store] 
Database 'C:\Users\Usuario-Pc\OneDrive\Escritorio\Urtzi Universidad\workspace\SI\Rides24\src\main\resources\rides.temp' has been recovered (tr. 1-34)

[2025-03-02 10:45:56 #2 store] 
Database 'C:\Users\Usuario-Pc\OneDrive\Escritorio\Urtzi Universidad\workspace\SI\Rides24\src\main\resources\rides.temp' is opened by 8168@DESKTOP-EH9B0CP

[2025-03-02 10:45:56 #3 type] 
Type domain.Profile is not enhanced.

[2025-03-02 10:45:56 #4 type] 
Type domain.Driver is not enhanced.

[2025-03-02 10:45:56 #5 type] 
Type domain.Ride is not enhanced.

[2025-03-02 10:45:56 #6 type] 
Type domain.RideRequest is not enhanced.

[2025-03-02 10:45:56 #7 type] 
Type domain.Traveller is not enhanced.

------------------------------------------------------------------------------------------------------------------------

[2025-03-02 12:08:12 #1 store] 
Database 'C:\Users\Usuario-Pc\OneDrive\Escritorio\Urtzi Universidad\workspace\SI\Rides24\src\main\resources\rides.temp' has been recovered (tr. 35-43)

[2025-03-02 12:08:12 #2 store] 
Database 'C:\Users\Usuario-Pc\OneDrive\Escritorio\Urtzi Universidad\workspace\SI\Rides24\src\main\resources\rides.temp' is opened by 10944@DESKTOP-EH9B0CP

[2025-03-02 12:08:13 #3 type] 
Type domain.Profile is not enhanced.

[2025-03-02 12:08:13 #4 type] 
Type domain.Driver is not enhanced.

[2025-03-02 12:08:13 #5 type] 
Type domain.Ride is not enhanced.

[2025-03-02 12:08:13 #6 type] 
Type domain.RideRequest is not enhanced.

[2025-03-02 12:08:13 #7 type] 
Type domain.Traveller is not enhanced.

------------------------------------------------------------------------------------------------------------------------

[2025-03-02 12:19:04 #1 store] 
Database 'C:\Users\Usuario-Pc\OneDrive\Escritorio\Urtzi Universidad\workspace\SI\Rides24\src\main\resources\rides.temp' has been recovered (tr. 44-44)

[2025-03-02 12:19:04 #2 store] 
Database 'C:\Users\Usuario-Pc\OneDrive\Escritorio\Urtzi Universidad\workspace\SI\Rides24\src\main\resources\rides.temp' is opened by 4184@DESKTOP-EH9B0CP

[2025-03-02 12:19:04 #3 type] 
Type domain.Profile is not enhanced.

[2025-03-02 12:19:04 #4 type] 
Type domain.Driver is not enhanced.

[2025-03-02 12:19:04 #5 type] 
Type domain.Ride is not enhanced.

[2025-03-02 12:19:04 #6 type] 
Type domain.RideRequest is not enhanced.

[2025-03-02 12:19:04 #7 type] 
Type domain.Traveller is not enhanced.

------------------------------------------------------------------------------------------------------------------------

[2025-03-02 12:27:17 #1 store] 
Database 'C:\Users\Usuario-Pc\OneDrive\Escritorio\Urtzi Universidad\workspace\SI\Rides24\src\main\resources\rides.temp' is opened by 17880@DESKTOP-EH9B0CP

[2025-03-02 12:27:17 #2 type] 
Type domain.Profile is not enhanced.

[2025-03-02 12:27:17 #3 type] 
Type domain.Driver is not enhanced.

[2025-03-02 12:27:17 #4 type] 
Type domain.Ride is not enhanced.

[2025-03-02 12:27:17 #5 type] 
Type domain.RideRequest is not enhanced.

[2025-03-02 12:27:17 #6 type] 
Type domain.Traveller is not enhanced.

------------------------------------------------------------------------------------------------------------------------

[2025-03-02 12:28:16 #1 store] 
Database 'C:\Users\Usuario-Pc\OneDrive\Escritorio\Urtzi Universidad\workspace\SI\Rides24\src\main\resources\rides.temp' is opened by 8624@DESKTOP-EH9B0CP

[2025-03-02 12:28:16 #2 type] 
Type domain.Profile is not enhanced.

[2025-03-02 12:28:16 #3 type] 
Type domain.Driver is not enhanced.

[2025-03-02 12:28:16 #4 type] 
Type domain.Ride is not enhanced.

[2025-03-02 12:28:16 #5 type] 
Type domain.RideRequest is not enhanced.

[2025-03-02 12:28:16 #6 type] 
Type domain.Traveller is not enhanced.

------------------------------------------------------------------------------------------------------------------------

[2025-03-02 12:33:42 #1 store] 
Database 'C:\Users\Usuario-Pc\OneDrive\Escritorio\Urtzi Universidad\workspace\SI\Rides24\src\main\resources\rides.temp' is opened by 17372@DESKTOP-EH9B0CP

[2025-03-02 12:33:42 #2 type] 
Type domain.Profile is not enhanced.

[2025-03-02 12:33:43 #3 type] 
Type domain.Driver is not enhanced.

[2025-03-02 12:33:43 #4 type] 
Type domain.Ride is not enhanced.

[2025-03-02 12:33:43 #5 type] 
Type domain.RideRequest is not enhanced.

[2025-03-02 12:33:43 #6 type] 
Type domain.Traveller is not enhanced.

------------------------------------------------------------------------------------------------------------------------

[2025-03-02 12:38:12 #1 store] 
Database 'C:\Users\Usuario-Pc\OneDrive\Escritorio\Urtzi Universidad\workspace\SI\Rides24\src\main\resources\rides.temp' is opened by 12080@DESKTOP-EH9B0CP

[2025-03-02 12:38:12 #2 type] 
Type domain.Profile is not enhanced.

[2025-03-02 12:38:12 #3 type] 
Type domain.Driver is not enhanced.

[2025-03-02 12:38:12 #4 type] 
Type domain.Ride is not enhanced.

[2025-03-02 12:38:12 #5 type] 
Type domain.RideRequest is not enhanced.

[2025-03-02 12:38:12 #6 type] 
Type domain.Traveller is not enhanced.

------------------------------------------------------------------------------------------------------------------------

[2025-03-02 12:49:04 #1 store] 
Database 'C:\Users\Usuario-Pc\OneDrive\Escritorio\Urtzi Universidad\workspace\SI\Rides24\src\main\resources\rides.temp' has been recovered (tr. 45-66)

[2025-03-02 12:49:04 #2 store] 
Database 'C:\Users\Usuario-Pc\OneDrive\Escritorio\Urtzi Universidad\workspace\SI\Rides24\src\main\resources\rides.temp' is opened by 18948@DESKTOP-EH9B0CP

[2025-03-02 12:49:04 #3 type] 
Type domain.Profile is not enhanced.

[2025-03-02 12:49:04 #4 type] 
Type domain.Driver is not enhanced.

[2025-03-02 12:49:04 #5 type] 
Type domain.Ride is not enhanced.

[2025-03-02 12:49:04 #6 type] 
Type domain.RideRequest is not enhanced.

[2025-03-02 12:49:04 #7 type] 
Type domain.Traveller is not enhanced.

------------------------------------------------------------------------------------------------------------------------

[2025-03-02 12:51:17 #1 store] 
Database 'C:\Users\Usuario-Pc\OneDrive\Escritorio\Urtzi Universidad\workspace\SI\Rides24\src\main\resources\rides.temp' has been recovered (tr. 67-67)

[2025-03-02 12:51:17 #2 store] 
Database 'C:\Users\Usuario-Pc\OneDrive\Escritorio\Urtzi Universidad\workspace\SI\Rides24\src\main\resources\rides.temp' is opened by 18120@DESKTOP-EH9B0CP

[2025-03-02 12:51:17 #3 type] 
Type domain.Profile is not enhanced.

[2025-03-02 12:51:17 #4 type] 
Type domain.Driver is not enhanced.

[2025-03-02 12:51:17 #5 type] 
Type domain.Ride is not enhanced.

[2025-03-02 12:51:17 #6 type] 
Type domain.RideRequest is not enhanced.

[2025-03-02 12:51:17 #7 type] 
Type domain.Traveller is not enhanced.

------------------------------------------------------------------------------------------------------------------------

[2025-03-02 12:58:41 #1 store] 
Database 'C:\Users\Usuario-Pc\OneDrive\Escritorio\Urtzi Universidad\workspace\SI\Rides24\src\main\resources\rides.temp' has been recovered (tr. 68-68)

[2025-03-02 12:58:41 #2 store] 
Database 'C:\Users\Usuario-Pc\OneDrive\Escritorio\Urtzi Universidad\workspace\SI\Rides24\src\main\resources\rides.temp' is opened by 17376@DESKTOP-EH9B0CP

[2025-03-02 12:58:41 #3 type] 
Type domain.Profile is not enhanced.

[2025-03-02 12:58:41 #4 type] 
Type domain.Driver is not enhanced.

[2025-03-02 12:58:41 #5 type] 
Type domain.Ride is not enhanced.

[2025-03-02 12:58:41 #6 type] 
Type domain.RideRequest is not enhanced.

[2025-03-02 12:58:41 #7 type] 
Type domain.Traveller is not enhanced.

------------------------------------------------------------------------------------------------------------------------

[2025-03-02 12:59:40 #1 store] 
Database 'C:\Users\Usuario-Pc\OneDrive\Escritorio\Urtzi Universidad\workspace\SI\Rides24\src\main\resources\rides.temp' has been recovered (tr. 69-80)

[2025-03-02 12:59:40 #2 store] 
Database 'C:\Users\Usuario-Pc\OneDrive\Escritorio\Urtzi Universidad\workspace\SI\Rides24\src\main\resources\rides.temp' is opened by 7856@DESKTOP-EH9B0CP

[2025-03-02 12:59:40 #3 type] 
Type domain.Profile is not enhanced.

[2025-03-02 12:59:40 #4 type] 
Type domain.Driver is not enhanced.

[2025-03-02 12:59:40 #5 type] 
Type domain.Ride is not enhanced.

[2025-03-02 12:59:40 #6 type] 
Type domain.RideRequest is not enhanced.

[2025-03-02 12:59:40 #7 type] 
Type domain.Traveller is not enhanced.

------------------------------------------------------------------------------------------------------------------------

[2025-03-02 13:07:42 #1 store] 
Database 'C:\Users\Usuario-Pc\OneDrive\Escritorio\Urtzi Universidad\workspace\SI\Rides24\src\main\resources\rides.temp' has been recovered (tr. 81-108)

[2025-03-02 13:07:42 #2 store] 
Database 'C:\Users\Usuario-Pc\OneDrive\Escritorio\Urtzi Universidad\workspace\SI\Rides24\src\main\resources\rides.temp' is opened by 8624@DESKTOP-EH9B0CP

[2025-03-02 13:07:42 #3 type] 
Type domain.Profile is not enhanced.

[2025-03-02 13:07:42 #4 type] 
Type domain.Driver is not enhanced.

[2025-03-02 13:07:42 #5 type] 
Type domain.Ride is not enhanced.

[2025-03-02 13:07:42 #6 type] 
Type domain.RideRequest is not enhanced.

[2025-03-02 13:07:42 #7 type] 
Type domain.Traveller is not enhanced.

------------------------------------------------------------------------------------------------------------------------

[2025-03-02 13:08:49 #1 store] 
Database 'C:\Users\Usuario-Pc\OneDrive\Escritorio\Urtzi Universidad\workspace\SI\Rides24\src\main\resources\rides.temp' is opened by 3424@DESKTOP-EH9B0CP

[2025-03-02 13:08:49 #2 type] 
Type domain.Profile is not enhanced.

[2025-03-02 13:08:49 #3 type] 
Type domain.Driver is not enhanced.

[2025-03-02 13:08:49 #4 type] 
Type domain.Ride is not enhanced.

[2025-03-02 13:08:49 #5 type] 
Type domain.RideRequest is not enhanced.

[2025-03-02 13:08:49 #6 type] 
Type domain.Traveller is not enhanced.

------------------------------------------------------------------------------------------------------------------------

[2025-03-02 13:21:07 #1 store] 
Database 'C:\Users\Usuario-Pc\OneDrive\Escritorio\Urtzi Universidad\workspace\SI\Rides24\src\main\resources\rides.temp' is opened by 11280@DESKTOP-EH9B0CP

[2025-03-02 13:21:07 #2 type] 
Type domain.Profile is not enhanced.

[2025-03-02 13:21:07 #3 type] 
Type domain.Driver is not enhanced.

[2025-03-02 13:21:07 #4 type] 
Type domain.Ride is not enhanced.

[2025-03-02 13:21:07 #5 type] 
Type domain.RideRequest is not enhanced.

[2025-03-02 13:21:07 #6 type] 
Type domain.Traveller is not enhanced.

