------------------------------------------------------------------------------------------------------------------------

[2025-02-24 10:32:37 #1 store] 
Database 'C:\Users\Usuario-Pc\OneDrive\Escritorio\Urtzi Universidad\workspace\SI\Rides24\src\main\resources\rides.temp' is opened by 28288@DESKTOP-EH9B0CP

[2025-02-24 10:32:37 #2 type] 
Type domain.Profile is not enhanced.

[2025-02-24 10:32:38 #3 type] 
Type domain.Driver is not enhanced.

[2025-02-24 10:32:38 #4 type] 
Type domain.Ride is not enhanced.

[2025-02-24 10:32:38 #5 type] 
Type domain.RideRequest is not enhanced.

[2025-02-24 10:32:38 #6 type] 
Type domain.Traveller is not enhanced.

------------------------------------------------------------------------------------------------------------------------

[2025-02-24 10:34:27 #1 store] 
Database 'C:\Users\Usuario-Pc\OneDrive\Escritorio\Urtzi Universidad\workspace\SI\Rides24\src\main\resources\rides.temp' is opened by 27152@DESKTOP-EH9B0CP

[2025-02-24 10:34:27 #2 type] 
Type domain.Profile is not enhanced.

[2025-02-24 10:34:27 #3 type] 
Type domain.Driver is not enhanced.

[2025-02-24 10:34:27 #4 type] 
Type domain.Ride is not enhanced.

[2025-02-24 10:34:27 #5 type] 
Type domain.RideRequest is not enhanced.

[2025-02-24 10:34:27 #6 type] 
Type domain.Traveller is not enhanced.

------------------------------------------------------------------------------------------------------------------------

[2025-02-24 10:36:20 #1 store] 
Database 'C:\Users\Usuario-Pc\OneDrive\Escritorio\Urtzi Universidad\workspace\SI\Rides24\src\main\resources\rides.temp' is opened by 23980@DESKTOP-EH9B0CP

[2025-02-24 10:36:20 #2 type] 
Type domain.Profile is not enhanced.

[2025-02-24 10:36:20 #3 type] 
Type domain.Driver is not enhanced.

[2025-02-24 10:36:20 #4 type] 
Type domain.Ride is not enhanced.

[2025-02-24 10:36:20 #5 type] 
Type domain.RideRequest is not enhanced.

[2025-02-24 10:36:20 #6 type] 
Type domain.Traveller is not enhanced.

------------------------------------------------------------------------------------------------------------------------

[2025-02-24 10:55:32 #1 store] 
Database 'C:\Users\Usuario-Pc\OneDrive\Escritorio\Urtzi Universidad\workspace\SI\Rides24\src\main\resources\rides.temp' is opened by 17732@DESKTOP-EH9B0CP

[2025-02-24 10:55:32 #2 type] 
Type domain.Profile is not enhanced.

[2025-02-24 10:55:32 #3 type] 
Type domain.Driver is not enhanced.

[2025-02-24 10:55:32 #4 type] 
Type domain.Ride is not enhanced.

[2025-02-24 10:55:32 #5 type] 
Type domain.RideRequest is not enhanced.

[2025-02-24 10:55:32 #6 type] 
Type domain.Traveller is not enhanced.

------------------------------------------------------------------------------------------------------------------------

[2025-02-24 10:57:37 #1 store] 
Database 'C:\Users\Usuario-Pc\OneDrive\Escritorio\Urtzi Universidad\workspace\SI\Rides24\src\main\resources\rides.temp' is opened by 28656@DESKTOP-EH9B0CP

[2025-02-24 10:57:37 #2 type] 
Type domain.Profile is not enhanced.

[2025-02-24 10:57:37 #3 type] 
Type domain.Driver is not enhanced.

[2025-02-24 10:57:37 #4 type] 
Type domain.Ride is not enhanced.

[2025-02-24 10:57:37 #5 type] 
Type domain.RideRequest is not enhanced.

[2025-02-24 10:57:37 #6 type] 
Type domain.Traveller is not enhanced.

------------------------------------------------------------------------------------------------------------------------

[2025-02-24 10:57:54 #1 store] 
Database 'C:\Users\Usuario-Pc\OneDrive\Escritorio\Urtzi Universidad\workspace\SI\Rides24\src\main\resources\rides.temp' is opened by 9032@DESKTOP-EH9B0CP

[2025-02-24 10:57:54 #2 type] 
Type domain.Profile is not enhanced.

[2025-02-24 10:57:54 #3 type] 
Type domain.Driver is not enhanced.

[2025-02-24 10:57:54 #4 type] 
Type domain.Ride is not enhanced.

[2025-02-24 10:57:54 #5 type] 
Type domain.RideRequest is not enhanced.

[2025-02-24 10:57:54 #6 type] 
Type domain.Traveller is not enhanced.

------------------------------------------------------------------------------------------------------------------------

[2025-02-24 11:14:29 #1 store] 
Database 'C:\Users\Usuario-Pc\OneDrive\Escritorio\Urtzi Universidad\workspace\SI\Rides24\src\main\resources\rides.temp' is opened by 28592@DESKTOP-EH9B0CP

[2025-02-24 11:14:29 #2 type] 
Type domain.Profile is not enhanced.

[2025-02-24 11:14:29 #3 type] 
Type domain.Driver is not enhanced.

[2025-02-24 11:14:29 #4 type] 
Type domain.Ride is not enhanced.

[2025-02-24 11:14:29 #5 type] 
Type domain.RideRequest is not enhanced.

[2025-02-24 11:14:29 #6 type] 
Type domain.Traveller is not enhanced.

------------------------------------------------------------------------------------------------------------------------

[2025-02-24 11:15:15 #1 store] 
Database 'C:\Users\Usuario-Pc\OneDrive\Escritorio\Urtzi Universidad\workspace\SI\Rides24\src\main\resources\rides.temp' is opened by 1412@DESKTOP-EH9B0CP

[2025-02-24 11:15:15 #2 type] 
Type domain.Profile is not enhanced.

[2025-02-24 11:15:15 #3 type] 
Type domain.Driver is not enhanced.

[2025-02-24 11:15:15 #4 type] 
Type domain.Ride is not enhanced.

[2025-02-24 11:15:15 #5 type] 
Type domain.RideRequest is not enhanced.

[2025-02-24 11:15:15 #6 type] 
Type domain.Traveller is not enhanced.

------------------------------------------------------------------------------------------------------------------------

[2025-02-24 11:15:56 #1 store] 
Database 'C:\Users\Usuario-Pc\OneDrive\Escritorio\Urtzi Universidad\workspace\SI\Rides24\src\main\resources\rides.temp' is opened by 20676@DESKTOP-EH9B0CP

[2025-02-24 11:15:56 #2 type] 
Type domain.Profile is not enhanced.

[2025-02-24 11:15:56 #3 type] 
Type domain.Driver is not enhanced.

[2025-02-24 11:15:56 #4 type] 
Type domain.Ride is not enhanced.

[2025-02-24 11:15:56 #5 type] 
Type domain.RideRequest is not enhanced.

[2025-02-24 11:15:56 #6 type] 
Type domain.Traveller is not enhanced.

------------------------------------------------------------------------------------------------------------------------

[2025-02-24 11:18:53 #1 store] 
Database 'C:\Users\Usuario-Pc\OneDrive\Escritorio\Urtzi Universidad\workspace\SI\Rides24\src\main\resources\rides.temp' is opened by 20328@DESKTOP-EH9B0CP

[2025-02-24 11:18:54 #2 type] 
Type domain.Profile is not enhanced.

[2025-02-24 11:18:54 #3 type] 
Type domain.Driver is not enhanced.

[2025-02-24 11:18:54 #4 type] 
Type domain.Ride is not enhanced.

[2025-02-24 11:18:54 #5 type] 
Type domain.RideRequest is not enhanced.

[2025-02-24 11:18:54 #6 type] 
Type domain.Traveller is not enhanced.

------------------------------------------------------------------------------------------------------------------------

[2025-02-24 11:31:11 #1 store] 
Database 'C:\Users\Usuario-Pc\OneDrive\Escritorio\Urtzi Universidad\workspace\SI\Rides24\src\main\resources\rides.temp' is opened by 12796@DESKTOP-EH9B0CP

[2025-02-24 11:31:12 #2 type] 
Type domain.Profile is not enhanced.

[2025-02-24 11:31:12 #3 type] 
Type domain.Driver is not enhanced.

[2025-02-24 11:31:12 #4 type] 
Type domain.Ride is not enhanced.

[2025-02-24 11:31:12 #5 type] 
Type domain.RideRequest is not enhanced.

[2025-02-24 11:31:12 #6 type] 
Type domain.Traveller is not enhanced.

------------------------------------------------------------------------------------------------------------------------

[2025-02-24 11:51:55 #1 store] 
Database 'C:\Users\Usuario-Pc\OneDrive\Escritorio\Urtzi Universidad\workspace\SI\Rides24\src\main\resources\rides.temp' is opened by 22296@DESKTOP-EH9B0CP

[2025-02-24 11:51:56 #2 type] 
Type domain.Profile is not enhanced.

[2025-02-24 11:51:56 #3 type] 
Type domain.Driver is not enhanced.

[2025-02-24 11:51:56 #4 type] 
Type domain.Ride is not enhanced.

[2025-02-24 11:51:56 #5 type] 
Type domain.RideRequest is not enhanced.

[2025-02-24 11:51:56 #6 type] 
Type domain.Traveller is not enhanced.

------------------------------------------------------------------------------------------------------------------------

[2025-02-24 11:55:41 #1 store] 
Database 'C:\Users\Usuario-Pc\OneDrive\Escritorio\Urtzi Universidad\workspace\SI\Rides24\src\main\resources\rides.temp' is opened by 27988@DESKTOP-EH9B0CP

[2025-02-24 11:55:41 #2 type] 
Type domain.Profile is not enhanced.

[2025-02-24 11:55:41 #3 type] 
Type domain.Driver is not enhanced.

[2025-02-24 11:55:41 #4 type] 
Type domain.Ride is not enhanced.

[2025-02-24 11:55:41 #5 type] 
Type domain.RideRequest is not enhanced.

[2025-02-24 11:55:41 #6 type] 
Type domain.Traveller is not enhanced.

------------------------------------------------------------------------------------------------------------------------

[2025-02-24 17:48:50 #1 store] 
Database 'C:\Users\Usuario-Pc\OneDrive\Escritorio\Urtzi Universidad\workspace\SI\Rides24\src\main\resources\rides.temp' is opened by 30568@DESKTOP-EH9B0CP

[2025-02-24 17:49:06 #2 type.registry] 
New type domain.Profile

[2025-02-24 17:49:06 #3 type] 
Type domain.Profile is not enhanced.

[2025-02-24 17:49:06 #4 type.registry] 
New type domain.Driver

[2025-02-24 17:49:06 #5 type] 
Type domain.Driver is not enhanced.

[2025-02-24 17:49:06 #6 type.registry] 
New type domain.Ride

[2025-02-24 17:49:06 #7 type] 
Type domain.Ride is not enhanced.

[2025-02-24 17:49:06 #8 type.registry] 
New type domain.RideRequest

[2025-02-24 17:49:06 #9 type] 
Type domain.RideRequest is not enhanced.

[2025-02-24 17:49:06 #10 type.registry] 
New type domain.Traveller

[2025-02-24 17:49:06 #11 type] 
Type domain.Traveller is not enhanced.

[2025-02-24 17:49:06 #12 type.registry] 
New type java.util.Vector<java.lang.Object>

[2025-02-24 17:49:06 #13 type.registry] 
New type java.util.Vector<domain.Ride>

[2025-02-24 17:49:25 #14 type.registry] 
New type java.util.ArrayList<java.lang.Object>

[2025-02-24 17:49:25 #15 type.registry] 
New type java.util.ArrayList<domain.RideRequest>

------------------------------------------------------------------------------------------------------------------------

[2025-02-24 17:53:16 #1 store] 
Database 'C:\Users\Usuario-Pc\OneDrive\Escritorio\Urtzi Universidad\workspace\SI\Rides24\src\main\resources\rides.temp' has been recovered (tr. 1-24)

[2025-02-24 17:53:16 #2 store] 
Database 'C:\Users\Usuario-Pc\OneDrive\Escritorio\Urtzi Universidad\workspace\SI\Rides24\src\main\resources\rides.temp' is opened by 1724@DESKTOP-EH9B0CP

[2025-02-24 17:53:16 #3 type] 
Type domain.Profile is not enhanced.

[2025-02-24 17:53:16 #4 type] 
Type domain.Driver is not enhanced.

[2025-02-24 17:53:16 #5 type] 
Type domain.Ride is not enhanced.

[2025-02-24 17:53:16 #6 type] 
Type domain.RideRequest is not enhanced.

[2025-02-24 17:53:16 #7 type] 
Type domain.Traveller is not enhanced.

------------------------------------------------------------------------------------------------------------------------

[2025-02-24 18:01:21 #1 store] 
Database 'C:\Users\Usuario-Pc\OneDrive\Escritorio\Urtzi Universidad\workspace\SI\Rides24\src\main\resources\rides.temp' is opened by 15624@DESKTOP-EH9B0CP

[2025-02-24 18:01:21 #2 type] 
Type domain.Profile is not enhanced.

[2025-02-24 18:01:21 #3 type] 
Type domain.Driver is not enhanced.

[2025-02-24 18:01:21 #4 type] 
Type domain.Ride is not enhanced.

[2025-02-24 18:01:21 #5 type] 
Type domain.RideRequest is not enhanced.

[2025-02-24 18:01:21 #6 type] 
Type domain.Traveller is not enhanced.

------------------------------------------------------------------------------------------------------------------------

[2025-02-24 18:01:57 #1 store] 
Database 'C:\Users\Usuario-Pc\OneDrive\Escritorio\Urtzi Universidad\workspace\SI\Rides24\src\main\resources\rides.temp' is opened by 15600@DESKTOP-EH9B0CP

[2025-02-24 18:01:58 #2 type] 
Type domain.Profile is not enhanced.

[2025-02-24 18:01:58 #3 type] 
Type domain.Driver is not enhanced.

[2025-02-24 18:01:58 #4 type] 
Type domain.Ride is not enhanced.

[2025-02-24 18:01:58 #5 type] 
Type domain.RideRequest is not enhanced.

[2025-02-24 18:01:58 #6 type] 
Type domain.Traveller is not enhanced.

------------------------------------------------------------------------------------------------------------------------

[2025-02-24 18:02:45 #1 store] 
Database 'C:\Users\Usuario-Pc\OneDrive\Escritorio\Urtzi Universidad\workspace\SI\Rides24\src\main\resources\rides.temp' is opened by 15320@DESKTOP-EH9B0CP

[2025-02-24 18:02:45 #2 type] 
Type domain.Profile is not enhanced.

[2025-02-24 18:02:45 #3 type] 
Type domain.Driver is not enhanced.

[2025-02-24 18:02:45 #4 type] 
Type domain.Ride is not enhanced.

[2025-02-24 18:02:45 #5 type] 
Type domain.RideRequest is not enhanced.

[2025-02-24 18:02:45 #6 type] 
Type domain.Traveller is not enhanced.

------------------------------------------------------------------------------------------------------------------------

[2025-02-24 18:23:09 #1 store] 
Database 'C:\Users\Usuario-Pc\OneDrive\Escritorio\Urtzi Universidad\workspace\SI\Rides24\src\main\resources\rides.temp' is opened by 28772@DESKTOP-EH9B0CP

[2025-02-24 18:23:09 #2 type] 
Type domain.Profile is not enhanced.

[2025-02-24 18:23:09 #3 type] 
Type domain.Driver is not enhanced.

[2025-02-24 18:23:09 #4 type] 
Type domain.Ride is not enhanced.

[2025-02-24 18:23:09 #5 type] 
Type domain.RideRequest is not enhanced.

[2025-02-24 18:23:09 #6 type] 
Type domain.Traveller is not enhanced.

------------------------------------------------------------------------------------------------------------------------

[2025-02-24 18:56:12 #1 store] 
Database 'C:\Users\Usuario-Pc\OneDrive\Escritorio\Urtzi Universidad\workspace\SI\Rides24\src\main\resources\rides.temp' is opened by 12584@DESKTOP-EH9B0CP

[2025-02-24 18:56:12 #2 type] 
Type domain.Profile is not enhanced.

[2025-02-24 18:56:12 #3 type] 
Type domain.Driver is not enhanced.

[2025-02-24 18:56:12 #4 type] 
Type domain.Ride is not enhanced.

[2025-02-24 18:56:12 #5 type] 
Type domain.RideRequest is not enhanced.

[2025-02-24 18:56:12 #6 type] 
Type domain.Traveller is not enhanced.

