------------------------------------------------------------------------------------------------------------------------

[2025-05-05 19:27:06 #1 store] 
Database 'C:\Users\ekait\eclipse-workspace\Rides24Geltokiekin\src\main\resources\rides.temp' is opened by 8532@LAPTOP-1CQB3TB3

------------------------------------------------------------------------------------------------------------------------

[2025-05-05 19:27:26 #1 store] 
Database 'C:\Users\ekait\eclipse-workspace\Rides24Geltokiekin\src\main\resources\rides.temp' is opened by 15032@LAPTOP-1CQB3TB3

[2025-05-05 19:27:34 #2 type.registry] 
New type domain.Profile

[2025-05-05 19:27:34 #3 type] 
Type domain.Profile is not enhanced.

[2025-05-05 19:27:34 #4 type.registry] 
New type domain.Erreklamazioa

[2025-05-05 19:27:34 #5 type.registry] 
New type domain.Mezua

[2025-05-05 19:27:34 #6 type] 
Type domain.Erreklamazioa is not enhanced.

[2025-05-05 19:27:34 #7 type.registry] 
New type domain.Ride

[2025-05-05 19:27:34 #8 type.registry] 
New type domain.RideRequest

[2025-05-05 19:27:34 #9 type.registry] 
New type domain.EgoeraErreklamazioa

[2025-05-05 19:27:34 #10 type] 
Type domain.Mezua is not enhanced.

[2025-05-05 19:27:34 #11 type] 
Type domain.Ride is not enhanced.

[2025-05-05 19:27:34 #12 type.registry] 
New type domain.Traveller

[2025-05-05 19:27:34 #13 type.registry] 
New type domain.Driver

[2025-05-05 19:27:34 #14 type.registry] 
New type domain.EgoeraRide

[2025-05-05 19:27:34 #15 type.registry] 
New type domain.Kotxe

[2025-05-05 19:27:35 #16 type.registry] 
New type domain.Geltoki

[2025-05-05 19:27:35 #17 type] 
Type domain.RideRequest is not enhanced.

[2025-05-05 19:27:35 #18 type.registry] 
New type domain.EgoeraRideRequest

[2025-05-05 19:27:35 #19 type] 
Type domain.Traveller is not enhanced.

[2025-05-05 19:27:35 #20 type.registry] 
New type domain.Alerta

[2025-05-05 19:27:35 #21 type] 
Type domain.Driver is not enhanced.

[2025-05-05 19:27:35 #22 type] 
Type domain.Kotxe is not enhanced.

[2025-05-05 19:27:35 #23 type] 
Type domain.Geltoki is not enhanced.

[2025-05-05 19:27:35 #24 type] 
Type domain.Alerta is not enhanced.

[2025-05-05 19:27:56 #25 type.registry] 
New type java.util.ArrayList<java.lang.Object>

[2025-05-05 19:27:56 #26 type.registry] 
New type java.util.Vector<java.lang.Object>

[2025-05-05 19:27:56 #27 type.registry] 
New type java.util.LinkedList<java.lang.Object>

[2025-05-05 19:27:56 #28 type.registry] 
New type java.util.ArrayList<java.lang.Integer>

[2025-05-05 19:27:56 #29 type.registry] 
New type java.util.ArrayList<domain.Mezua>

[2025-05-05 19:27:56 #30 type.registry] 
New type java.util.Vector<domain.Erreklamazioa>

[2025-05-05 19:27:56 #31 type.registry] 
New type java.util.ArrayList<domain.RideRequest>

[2025-05-05 19:27:56 #32 type.registry] 
New type java.util.LinkedList<domain.Alerta>

[2025-05-05 19:28:25 #33 type.registry] 
New type java.util.Vector<domain.Ride>

[2025-05-05 19:28:25 #34 type.registry] 
New type java.util.Vector<domain.Kotxe>

[2025-05-05 19:29:05 #35 type.registry] 
New type java.util.LinkedList<domain.Geltoki>

------------------------------------------------------------------------------------------------------------------------

[2025-05-05 19:36:05 #1 store] 
Database 'C:\Users\ekait\eclipse-workspace\Rides24Geltokiekin\src\main\resources\rides.temp' is opened by 10476@LAPTOP-1CQB3TB3

[2025-05-05 19:36:05 #2 type] 
Type domain.Profile is not enhanced.

[2025-05-05 19:36:05 #3 type] 
Type domain.Erreklamazioa is not enhanced.

[2025-05-05 19:36:05 #4 type] 
Type domain.Mezua is not enhanced.

[2025-05-05 19:36:05 #5 type] 
Type domain.Ride is not enhanced.

[2025-05-05 19:36:05 #6 type] 
Type domain.RideRequest is not enhanced.

[2025-05-05 19:36:05 #7 type] 
Type domain.Traveller is not enhanced.

[2025-05-05 19:36:05 #8 type] 
Type domain.Driver is not enhanced.

[2025-05-05 19:36:05 #9 type] 
Type domain.Kotxe is not enhanced.

[2025-05-05 19:36:05 #10 type] 
Type domain.Geltoki is not enhanced.

[2025-05-05 19:36:05 #11 type] 
Type domain.Alerta is not enhanced.

[2025-05-05 19:36:20 #12 type.registry] 
New type domain.Admin

[2025-05-05 19:36:20 #13 type] 
Type domain.Admin is not enhanced.

