------------------------------------------------------------------------------------------------------------------------

[2025-05-01 00:02:52 #1 store] 
Database 'C:\Users\Usuario-Pc\OneDrive\Escritorio\Urtzi Universidad\workspace\SI\Rides24\src\main\resources\rides.temp' has been recovered (tr. 1-22)

[2025-05-01 00:02:52 #2 store] 
Database 'C:\Users\Usuario-Pc\OneDrive\Escritorio\Urtzi Universidad\workspace\SI\Rides24\src\main\resources\rides.temp' is opened by 15716@DESKTOP-EH9B0CP

[2025-05-01 00:02:52 #3 type] 
Type domain.Profile is not enhanced.

[2025-05-01 00:02:52 #4 type] 
Type domain.Mezua is not enhanced.

[2025-05-01 00:02:52 #5 type] 
Type domain.Ride is not enhanced.

[2025-05-01 00:02:52 #6 type] 
Type domain.RideRequest is not enhanced.

[2025-05-01 00:02:52 #7 type] 
Type domain.Driver is not enhanced.

[2025-05-01 00:02:52 #8 type] 
Type domain.Kotxe is not enhanced.

[2025-05-01 00:02:52 #9 type] 
Type domain.Geltoki is not enhanced.

[2025-05-01 00:02:52 #10 type] 
Type domain.Traveller is not enhanced.

[2025-05-01 00:02:52 #11 type] 
Type domain.Alerta is not enhanced.

------------------------------------------------------------------------------------------------------------------------

[2025-05-01 00:23:51 #1 store] 
Database 'C:\Users\Usuario-Pc\OneDrive\Escritorio\Urtzi Universidad\workspace\SI\Rides24\src\main\resources\rides.temp' is opened by 17516@DESKTOP-EH9B0CP

[2025-05-01 00:24:04 #2 type.registry] 
New type domain.Profile

[2025-05-01 00:24:04 #3 type] 
Type domain.Profile is not enhanced.

[2025-05-01 00:24:04 #4 type.registry] 
New type domain.Mezua

[2025-05-01 00:24:04 #5 type] 
Type domain.Mezua is not enhanced.

[2025-05-01 00:24:04 #6 type.registry] 
New type domain.Ride

[2025-05-01 00:24:04 #7 type.registry] 
New type domain.RideRequest

[2025-05-01 00:24:04 #8 type] 
Type domain.Ride is not enhanced.

[2025-05-01 00:24:04 #9 type.registry] 
New type domain.Driver

[2025-05-01 00:24:04 #10 type.registry] 
New type domain.Kotxe

[2025-05-01 00:24:04 #11 type.registry] 
New type domain.Geltoki

[2025-05-01 00:24:04 #12 type] 
Type domain.RideRequest is not enhanced.

[2025-05-01 00:24:04 #13 type.registry] 
New type domain.Traveller

[2025-05-01 00:24:04 #14 type] 
Type domain.Driver is not enhanced.

[2025-05-01 00:24:04 #15 type] 
Type domain.Kotxe is not enhanced.

[2025-05-01 00:24:04 #16 type] 
Type domain.Geltoki is not enhanced.

[2025-05-01 00:24:04 #17 type] 
Type domain.Traveller is not enhanced.

[2025-05-01 00:24:04 #18 type.registry] 
New type domain.Alerta

[2025-05-01 00:24:04 #19 type] 
Type domain.Alerta is not enhanced.

[2025-05-01 00:24:04 #20 type.registry] 
New type java.util.ArrayList<java.lang.Object>

[2025-05-01 00:24:04 #21 type.registry] 
New type java.util.LinkedList<java.lang.Object>

[2025-05-01 00:24:04 #22 type.registry] 
New type java.util.ArrayList<java.lang.Integer>

[2025-05-01 00:24:04 #23 type.registry] 
New type java.util.ArrayList<domain.Mezua>

[2025-05-01 00:24:04 #24 type.registry] 
New type java.util.ArrayList<domain.RideRequest>

[2025-05-01 00:24:04 #25 type.registry] 
New type java.util.LinkedList<domain.Alerta>

[2025-05-01 00:24:19 #26 type.registry] 
New type java.util.Vector<java.lang.Object>

[2025-05-01 00:24:19 #27 type.registry] 
New type java.util.Vector<domain.Ride>

[2025-05-01 00:24:19 #28 type.registry] 
New type java.util.Vector<domain.Kotxe>

[2025-05-01 00:29:40 #29 type.registry] 
New type java.util.LinkedList<domain.Geltoki>

------------------------------------------------------------------------------------------------------------------------

[2025-05-01 00:44:40 #1 store] 
Database 'C:\Users\Usuario-Pc\OneDrive\Escritorio\Urtzi Universidad\workspace\SI\Rides24\src\main\resources\rides.temp' is opened by 16000@DESKTOP-EH9B0CP

[2025-05-01 00:44:51 #2 type.registry] 
New type domain.Profile

[2025-05-01 00:44:51 #3 type] 
Type domain.Profile is not enhanced.

[2025-05-01 00:44:51 #4 type.registry] 
New type domain.Mezua

[2025-05-01 00:44:51 #5 type] 
Type domain.Mezua is not enhanced.

[2025-05-01 00:44:52 #6 type.registry] 
New type domain.Ride

[2025-05-01 00:44:52 #7 type.registry] 
New type domain.RideRequest

[2025-05-01 00:44:52 #8 type] 
Type domain.Ride is not enhanced.

[2025-05-01 00:44:52 #9 type.registry] 
New type domain.Driver

[2025-05-01 00:44:52 #10 type.registry] 
New type domain.Kotxe

[2025-05-01 00:44:52 #11 type.registry] 
New type domain.Geltoki

[2025-05-01 00:44:52 #12 type] 
Type domain.RideRequest is not enhanced.

[2025-05-01 00:44:52 #13 type.registry] 
New type domain.Traveller

[2025-05-01 00:44:52 #14 type] 
Type domain.Driver is not enhanced.

[2025-05-01 00:44:52 #15 type] 
Type domain.Kotxe is not enhanced.

[2025-05-01 00:44:52 #16 type] 
Type domain.Geltoki is not enhanced.

[2025-05-01 00:44:52 #17 type] 
Type domain.Traveller is not enhanced.

[2025-05-01 00:44:52 #18 type.registry] 
New type domain.Alerta

[2025-05-01 00:44:52 #19 type] 
Type domain.Alerta is not enhanced.

[2025-05-01 00:44:52 #20 type.registry] 
New type java.util.ArrayList<java.lang.Object>

[2025-05-01 00:44:52 #21 type.registry] 
New type java.util.Vector<java.lang.Object>

[2025-05-01 00:44:52 #22 type.registry] 
New type java.util.ArrayList<java.lang.Integer>

[2025-05-01 00:44:52 #23 type.registry] 
New type java.util.ArrayList<domain.Mezua>

[2025-05-01 00:44:52 #24 type.registry] 
New type java.util.Vector<domain.Ride>

[2025-05-01 00:44:52 #25 type.registry] 
New type java.util.Vector<domain.Kotxe>

[2025-05-01 00:45:04 #26 type.registry] 
New type java.util.LinkedList<java.lang.Object>

[2025-05-01 00:45:04 #27 type.registry] 
New type java.util.ArrayList<domain.RideRequest>

[2025-05-01 00:45:04 #28 type.registry] 
New type java.util.LinkedList<domain.Alerta>

[2025-05-01 00:45:34 #29 type.registry] 
New type java.util.LinkedList<domain.Geltoki>

------------------------------------------------------------------------------------------------------------------------

[2025-05-01 00:57:25 #1 store] 
Database 'C:\Users\Usuario-Pc\OneDrive\Escritorio\Urtzi Universidad\workspace\SI\Rides24\src\main\resources\rides.temp' has been recovered (tr. 1-41)

[2025-05-01 00:57:25 #2 store] 
Database 'C:\Users\Usuario-Pc\OneDrive\Escritorio\Urtzi Universidad\workspace\SI\Rides24\src\main\resources\rides.temp' is opened by 1580@DESKTOP-EH9B0CP

[2025-05-01 00:57:26 #3 type] 
Type domain.Profile is not enhanced.

[2025-05-01 00:57:26 #4 type] 
Type domain.Mezua is not enhanced.

[2025-05-01 00:57:26 #5 type] 
Type domain.Ride is not enhanced.

[2025-05-01 00:57:26 #6 type] 
Type domain.RideRequest is not enhanced.

[2025-05-01 00:57:26 #7 type] 
Type domain.Driver is not enhanced.

[2025-05-01 00:57:26 #8 type] 
Type domain.Kotxe is not enhanced.

[2025-05-01 00:57:26 #9 type] 
Type domain.Geltoki is not enhanced.

[2025-05-01 00:57:26 #10 type] 
Type domain.Traveller is not enhanced.

[2025-05-01 00:57:26 #11 type] 
Type domain.Alerta is not enhanced.

------------------------------------------------------------------------------------------------------------------------

[2025-05-01 01:03:40 #1 store] 
Database 'C:\Users\Usuario-Pc\OneDrive\Escritorio\Urtzi Universidad\workspace\SI\Rides24\src\main\resources\rides.temp' is opened by 760@DESKTOP-EH9B0CP

[2025-05-01 01:03:50 #2 type.registry] 
New type domain.Profile

[2025-05-01 01:03:50 #3 type] 
Type domain.Profile is not enhanced.

[2025-05-01 01:03:50 #4 type.registry] 
New type domain.Mezua

[2025-05-01 01:03:50 #5 type] 
Type domain.Mezua is not enhanced.

[2025-05-01 01:03:50 #6 type.registry] 
New type domain.Ride

[2025-05-01 01:03:50 #7 type.registry] 
New type domain.RideRequest

[2025-05-01 01:03:50 #8 type] 
Type domain.Ride is not enhanced.

[2025-05-01 01:03:50 #9 type.registry] 
New type domain.Driver

[2025-05-01 01:03:50 #10 type.registry] 
New type domain.Kotxe

[2025-05-01 01:03:50 #11 type.registry] 
New type domain.Geltoki

[2025-05-01 01:03:50 #12 type] 
Type domain.RideRequest is not enhanced.

[2025-05-01 01:03:50 #13 type.registry] 
New type domain.Traveller

[2025-05-01 01:03:50 #14 type] 
Type domain.Driver is not enhanced.

[2025-05-01 01:03:50 #15 type] 
Type domain.Kotxe is not enhanced.

[2025-05-01 01:03:50 #16 type] 
Type domain.Geltoki is not enhanced.

[2025-05-01 01:03:50 #17 type] 
Type domain.Traveller is not enhanced.

[2025-05-01 01:03:50 #18 type.registry] 
New type domain.Alerta

[2025-05-01 01:03:50 #19 type] 
Type domain.Alerta is not enhanced.

[2025-05-01 01:03:50 #20 type.registry] 
New type java.util.ArrayList<java.lang.Object>

[2025-05-01 01:03:50 #21 type.registry] 
New type java.util.LinkedList<java.lang.Object>

[2025-05-01 01:03:50 #22 type.registry] 
New type java.util.ArrayList<java.lang.Integer>

[2025-05-01 01:03:50 #23 type.registry] 
New type java.util.ArrayList<domain.Mezua>

[2025-05-01 01:03:50 #24 type.registry] 
New type java.util.ArrayList<domain.RideRequest>

[2025-05-01 01:03:50 #25 type.registry] 
New type java.util.LinkedList<domain.Alerta>

[2025-05-01 01:04:06 #26 type.registry] 
New type java.util.Vector<java.lang.Object>

[2025-05-01 01:04:06 #27 type.registry] 
New type java.util.Vector<domain.Ride>

[2025-05-01 01:04:06 #28 type.registry] 
New type java.util.Vector<domain.Kotxe>

[2025-05-01 01:04:55 #29 type.registry] 
New type java.util.LinkedList<domain.Geltoki>

------------------------------------------------------------------------------------------------------------------------

[2025-05-01 01:14:01 #1 store] 
Database 'C:\Users\Usuario-Pc\OneDrive\Escritorio\Urtzi Universidad\workspace\SI\Rides24\src\main\resources\rides.temp' has been recovered (tr. 1-24)

[2025-05-01 01:14:01 #2 store] 
Database 'C:\Users\Usuario-Pc\OneDrive\Escritorio\Urtzi Universidad\workspace\SI\Rides24\src\main\resources\rides.temp' is opened by 18940@DESKTOP-EH9B0CP

[2025-05-01 01:14:01 #3 type] 
Type domain.Profile is not enhanced.

[2025-05-01 01:14:01 #4 type] 
Type domain.Mezua is not enhanced.

[2025-05-01 01:14:01 #5 type] 
Type domain.Ride is not enhanced.

[2025-05-01 01:14:01 #6 type] 
Type domain.RideRequest is not enhanced.

[2025-05-01 01:14:01 #7 type] 
Type domain.Driver is not enhanced.

[2025-05-01 01:14:01 #8 type] 
Type domain.Kotxe is not enhanced.

[2025-05-01 01:14:01 #9 type] 
Type domain.Geltoki is not enhanced.

[2025-05-01 01:14:01 #10 type] 
Type domain.Traveller is not enhanced.

[2025-05-01 01:14:01 #11 type] 
Type domain.Alerta is not enhanced.

------------------------------------------------------------------------------------------------------------------------

[2025-05-01 01:22:40 #1 store] 
Database 'C:\Users\Usuario-Pc\OneDrive\Escritorio\Urtzi Universidad\workspace\SI\Rides24\src\main\resources\rides.temp' is opened by 11056@DESKTOP-EH9B0CP

[2025-05-01 01:22:41 #2 type] 
Type domain.Profile is not enhanced.

[2025-05-01 01:22:41 #3 type] 
Type domain.Mezua is not enhanced.

[2025-05-01 01:22:41 #4 type] 
Type domain.Ride is not enhanced.

[2025-05-01 01:22:41 #5 type] 
Type domain.RideRequest is not enhanced.

[2025-05-01 01:22:41 #6 type] 
Type domain.Driver is not enhanced.

[2025-05-01 01:22:41 #7 type] 
Type domain.Kotxe is not enhanced.

[2025-05-01 01:22:41 #8 type] 
Type domain.Geltoki is not enhanced.

[2025-05-01 01:22:41 #9 type] 
Type domain.Traveller is not enhanced.

[2025-05-01 01:22:41 #10 type] 
Type domain.Alerta is not enhanced.

------------------------------------------------------------------------------------------------------------------------

[2025-05-01 01:24:49 #1 store] 
Database 'C:\Users\Usuario-Pc\OneDrive\Escritorio\Urtzi Universidad\workspace\SI\Rides24\src\main\resources\rides.temp' has been recovered (tr. 25-26)

[2025-05-01 01:24:50 #2 store] 
Database 'C:\Users\Usuario-Pc\OneDrive\Escritorio\Urtzi Universidad\workspace\SI\Rides24\src\main\resources\rides.temp' is opened by 14464@DESKTOP-EH9B0CP

[2025-05-01 01:24:50 #3 type] 
Type domain.Profile is not enhanced.

[2025-05-01 01:24:50 #4 type] 
Type domain.Mezua is not enhanced.

[2025-05-01 01:24:50 #5 type] 
Type domain.Ride is not enhanced.

[2025-05-01 01:24:50 #6 type] 
Type domain.RideRequest is not enhanced.

[2025-05-01 01:24:50 #7 type] 
Type domain.Driver is not enhanced.

[2025-05-01 01:24:50 #8 type] 
Type domain.Kotxe is not enhanced.

[2025-05-01 01:24:50 #9 type] 
Type domain.Geltoki is not enhanced.

[2025-05-01 01:24:50 #10 type] 
Type domain.Traveller is not enhanced.

[2025-05-01 01:24:50 #11 type] 
Type domain.Alerta is not enhanced.

------------------------------------------------------------------------------------------------------------------------

[2025-05-01 01:26:01 #1 store] 
Database 'C:\Users\Usuario-Pc\OneDrive\Escritorio\Urtzi Universidad\workspace\SI\Rides24\src\main\resources\rides.temp' is opened by 21748@DESKTOP-EH9B0CP

[2025-05-01 01:26:01 #2 type] 
Type domain.Profile is not enhanced.

[2025-05-01 01:26:01 #3 type] 
Type domain.Mezua is not enhanced.

[2025-05-01 01:26:01 #4 type] 
Type domain.Ride is not enhanced.

[2025-05-01 01:26:01 #5 type] 
Type domain.RideRequest is not enhanced.

[2025-05-01 01:26:01 #6 type] 
Type domain.Driver is not enhanced.

[2025-05-01 01:26:01 #7 type] 
Type domain.Kotxe is not enhanced.

[2025-05-01 01:26:01 #8 type] 
Type domain.Geltoki is not enhanced.

[2025-05-01 01:26:01 #9 type] 
Type domain.Traveller is not enhanced.

[2025-05-01 01:26:01 #10 type] 
Type domain.Alerta is not enhanced.

------------------------------------------------------------------------------------------------------------------------

[2025-05-01 01:30:50 #1 store] 
Database 'C:\Users\Usuario-Pc\OneDrive\Escritorio\Urtzi Universidad\workspace\SI\Rides24\src\main\resources\rides.temp' is opened by 7052@DESKTOP-EH9B0CP

[2025-05-01 01:31:03 #2 type.registry] 
New type domain.Profile

[2025-05-01 01:31:03 #3 type] 
Type domain.Profile is not enhanced.

[2025-05-01 01:31:03 #4 type.registry] 
New type domain.Mezua

[2025-05-01 01:31:03 #5 type] 
Type domain.Mezua is not enhanced.

[2025-05-01 01:31:03 #6 type.registry] 
New type domain.Ride

[2025-05-01 01:31:03 #7 type.registry] 
New type domain.RideRequest

[2025-05-01 01:31:03 #8 type] 
Type domain.Ride is not enhanced.

[2025-05-01 01:31:03 #9 type.registry] 
New type domain.Driver

[2025-05-01 01:31:03 #10 type.registry] 
New type domain.Kotxe

[2025-05-01 01:31:03 #11 type] 
Type domain.RideRequest is not enhanced.

[2025-05-01 01:31:03 #12 type.registry] 
New type domain.Traveller

[2025-05-01 01:31:03 #13 type] 
Type domain.Driver is not enhanced.

[2025-05-01 01:31:03 #14 type] 
Type domain.Kotxe is not enhanced.

[2025-05-01 01:31:03 #15 type] 
Type domain.Traveller is not enhanced.

[2025-05-01 01:31:03 #16 type.registry] 
New type domain.Alerta

[2025-05-01 01:31:03 #17 type] 
Type domain.Alerta is not enhanced.

[2025-05-01 01:31:03 #18 type.registry] 
New type java.util.ArrayList<java.lang.Object>

[2025-05-01 01:31:03 #19 type.registry] 
New type java.util.LinkedList<java.lang.Object>

[2025-05-01 01:31:03 #20 type.registry] 
New type java.util.ArrayList<java.lang.Integer>

[2025-05-01 01:31:03 #21 type.registry] 
New type java.util.ArrayList<domain.Mezua>

[2025-05-01 01:31:03 #22 type.registry] 
New type java.util.ArrayList<domain.RideRequest>

[2025-05-01 01:31:03 #23 type.registry] 
New type java.util.LinkedList<domain.Alerta>

[2025-05-01 01:31:22 #24 type.registry] 
New type java.util.Vector<java.lang.Object>

[2025-05-01 01:31:22 #25 type.registry] 
New type java.util.Vector<domain.Ride>

[2025-05-01 01:31:22 #26 type.registry] 
New type java.util.Vector<domain.Kotxe>

------------------------------------------------------------------------------------------------------------------------

[2025-05-01 01:32:23 #1 store] 
Database 'C:\Users\Usuario-Pc\OneDrive\Escritorio\Urtzi Universidad\workspace\SI\Rides24\src\main\resources\rides.temp' has been recovered (tr. 1-15)

[2025-05-01 01:32:23 #2 store] 
Database 'C:\Users\Usuario-Pc\OneDrive\Escritorio\Urtzi Universidad\workspace\SI\Rides24\src\main\resources\rides.temp' is opened by 21516@DESKTOP-EH9B0CP

[2025-05-01 01:32:23 #3 type] 
Type domain.Profile is not enhanced.

[2025-05-01 01:32:23 #4 type] 
Type domain.Mezua is not enhanced.

[2025-05-01 01:32:23 #5 type] 
Type domain.Ride is not enhanced.

[2025-05-01 01:32:23 #6 type.registry] 
New type domain.Geltoki

[2025-05-01 01:32:23 #7 type] 
Type domain.RideRequest is not enhanced.

[2025-05-01 01:32:23 #8 type] 
Type domain.Driver is not enhanced.

[2025-05-01 01:32:23 #9 type] 
Type domain.Kotxe is not enhanced.

[2025-05-01 01:32:23 #10 type] 
Type domain.Traveller is not enhanced.

[2025-05-01 01:32:23 #11 type] 
Type domain.Alerta is not enhanced.

[2025-05-01 01:32:23 #12 type] 
Type domain.Geltoki is not enhanced.

[2025-05-01 01:32:53 #13 type.registry] 
New type java.util.LinkedList<domain.Geltoki>

------------------------------------------------------------------------------------------------------------------------

[2025-05-01 01:33:05 #1 store] 
Database 'C:\Users\Usuario-Pc\OneDrive\Escritorio\Urtzi Universidad\workspace\SI\Rides24\src\main\resources\rides.temp' has been recovered (tr. 16-20)

[2025-05-01 01:33:05 #2 store] 
Database 'C:\Users\Usuario-Pc\OneDrive\Escritorio\Urtzi Universidad\workspace\SI\Rides24\src\main\resources\rides.temp' is opened by 13948@DESKTOP-EH9B0CP

[2025-05-01 01:33:05 #3 type] 
Type domain.Profile is not enhanced.

[2025-05-01 01:33:06 #4 type] 
Type domain.Mezua is not enhanced.

[2025-05-01 01:33:06 #5 type] 
Type domain.Ride is not enhanced.

[2025-05-01 01:33:06 #6 type] 
Type domain.RideRequest is not enhanced.

[2025-05-01 01:33:06 #7 type] 
Type domain.Driver is not enhanced.

[2025-05-01 01:33:06 #8 type] 
Type domain.Kotxe is not enhanced.

[2025-05-01 01:33:06 #9 type] 
Type domain.Traveller is not enhanced.

[2025-05-01 01:33:06 #10 type] 
Type domain.Alerta is not enhanced.

[2025-05-01 01:33:06 #11 type] 
Type domain.Geltoki is not enhanced.

------------------------------------------------------------------------------------------------------------------------

[2025-05-01 01:38:51 #1 store] 
Database 'C:\Users\Usuario-Pc\OneDrive\Escritorio\Urtzi Universidad\workspace\SI\Rides24\src\main\resources\rides.temp' is opened by 8480@DESKTOP-EH9B0CP

[2025-05-01 01:38:51 #2 type] 
Type domain.Profile is not enhanced.

[2025-05-01 01:38:51 #3 type] 
Type domain.Mezua is not enhanced.

[2025-05-01 01:38:51 #4 type] 
Type domain.Ride is not enhanced.

[2025-05-01 01:38:51 #5 type] 
Type domain.RideRequest is not enhanced.

[2025-05-01 01:38:51 #6 type] 
Type domain.Driver is not enhanced.

[2025-05-01 01:38:51 #7 type] 
Type domain.Kotxe is not enhanced.

[2025-05-01 01:38:51 #8 type] 
Type domain.Traveller is not enhanced.

[2025-05-01 01:38:51 #9 type] 
Type domain.Alerta is not enhanced.

[2025-05-01 01:38:51 #10 type] 
Type domain.Geltoki is not enhanced.

------------------------------------------------------------------------------------------------------------------------

[2025-05-01 01:39:24 #1 store] 
Database 'C:\Users\Usuario-Pc\OneDrive\Escritorio\Urtzi Universidad\workspace\SI\Rides24\src\main\resources\rides.temp' is opened by 18804@DESKTOP-EH9B0CP

[2025-05-01 01:39:24 #2 type] 
Type domain.Profile is not enhanced.

[2025-05-01 01:39:25 #3 type] 
Type domain.Mezua is not enhanced.

[2025-05-01 01:39:25 #4 type] 
Type domain.Ride is not enhanced.

[2025-05-01 01:39:25 #5 type] 
Type domain.RideRequest is not enhanced.

[2025-05-01 01:39:25 #6 type] 
Type domain.Driver is not enhanced.

[2025-05-01 01:39:25 #7 type] 
Type domain.Kotxe is not enhanced.

[2025-05-01 01:39:25 #8 type] 
Type domain.Traveller is not enhanced.

[2025-05-01 01:39:25 #9 type] 
Type domain.Alerta is not enhanced.

[2025-05-01 01:39:25 #10 type] 
Type domain.Geltoki is not enhanced.

------------------------------------------------------------------------------------------------------------------------

[2025-05-01 01:40:36 #1 store] 
Database 'C:\Users\Usuario-Pc\OneDrive\Escritorio\Urtzi Universidad\workspace\SI\Rides24\src\main\resources\rides.temp' is opened by 19792@DESKTOP-EH9B0CP

[2025-05-01 01:40:51 #2 type.registry] 
New type domain.Profile

[2025-05-01 01:40:51 #3 type] 
Type domain.Profile is not enhanced.

[2025-05-01 01:40:51 #4 type.registry] 
New type domain.Mezua

[2025-05-01 01:40:51 #5 type] 
Type domain.Mezua is not enhanced.

[2025-05-01 01:40:51 #6 type.registry] 
New type domain.Ride

[2025-05-01 01:40:51 #7 type.registry] 
New type domain.RideRequest

[2025-05-01 01:40:51 #8 type] 
Type domain.Ride is not enhanced.

[2025-05-01 01:40:51 #9 type.registry] 
New type domain.Driver

[2025-05-01 01:40:51 #10 type.registry] 
New type domain.Kotxe

[2025-05-01 01:40:51 #11 type.registry] 
New type domain.Geltoki

[2025-05-01 01:40:51 #12 type] 
Type domain.RideRequest is not enhanced.

[2025-05-01 01:40:51 #13 type.registry] 
New type domain.Traveller

[2025-05-01 01:40:51 #14 type] 
Type domain.Driver is not enhanced.

[2025-05-01 01:40:51 #15 type] 
Type domain.Kotxe is not enhanced.

[2025-05-01 01:40:51 #16 type] 
Type domain.Geltoki is not enhanced.

[2025-05-01 01:40:51 #17 type] 
Type domain.Traveller is not enhanced.

[2025-05-01 01:40:51 #18 type.registry] 
New type domain.Alerta

[2025-05-01 01:40:51 #19 type] 
Type domain.Alerta is not enhanced.

[2025-05-01 01:40:51 #20 type.registry] 
New type java.util.ArrayList<java.lang.Object>

[2025-05-01 01:40:51 #21 type.registry] 
New type java.util.Vector<java.lang.Object>

[2025-05-01 01:40:51 #22 type.registry] 
New type java.util.ArrayList<java.lang.Integer>

[2025-05-01 01:40:51 #23 type.registry] 
New type java.util.ArrayList<domain.Mezua>

[2025-05-01 01:40:51 #24 type.registry] 
New type java.util.Vector<domain.Ride>

[2025-05-01 01:40:51 #25 type.registry] 
New type java.util.Vector<domain.Kotxe>

------------------------------------------------------------------------------------------------------------------------

[2025-05-01 01:44:45 #1 store] 
Database 'C:\Users\Usuario-Pc\OneDrive\Escritorio\Urtzi Universidad\workspace\SI\Rides24\src\main\resources\rides.temp' is opened by 13080@DESKTOP-EH9B0CP

[2025-05-01 01:44:56 #2 type.registry] 
New type domain.Profile

[2025-05-01 01:44:56 #3 type] 
Type domain.Profile is not enhanced.

[2025-05-01 01:44:56 #4 type.registry] 
New type domain.Mezua

[2025-05-01 01:44:56 #5 type] 
Type domain.Mezua is not enhanced.

[2025-05-01 01:44:56 #6 type.registry] 
New type domain.Ride

[2025-05-01 01:44:56 #7 type.registry] 
New type domain.RideRequest

[2025-05-01 01:44:56 #8 type] 
Type domain.Ride is not enhanced.

[2025-05-01 01:44:56 #9 type.registry] 
New type domain.Driver

[2025-05-01 01:44:56 #10 type.registry] 
New type domain.Kotxe

[2025-05-01 01:44:56 #11 type.registry] 
New type domain.Geltoki

[2025-05-01 01:44:56 #12 type] 
Type domain.RideRequest is not enhanced.

[2025-05-01 01:44:56 #13 type.registry] 
New type domain.Traveller

[2025-05-01 01:44:56 #14 type] 
Type domain.Driver is not enhanced.

[2025-05-01 01:44:56 #15 type] 
Type domain.Kotxe is not enhanced.

[2025-05-01 01:44:56 #16 type] 
Type domain.Geltoki is not enhanced.

[2025-05-01 01:44:56 #17 type] 
Type domain.Traveller is not enhanced.

[2025-05-01 01:44:56 #18 type.registry] 
New type domain.Alerta

[2025-05-01 01:44:56 #19 type] 
Type domain.Alerta is not enhanced.

[2025-05-01 01:44:56 #20 type.registry] 
New type java.util.ArrayList<java.lang.Object>

[2025-05-01 01:44:56 #21 type.registry] 
New type java.util.Vector<java.lang.Object>

[2025-05-01 01:44:56 #22 type.registry] 
New type java.util.ArrayList<java.lang.Integer>

[2025-05-01 01:44:56 #23 type.registry] 
New type java.util.ArrayList<domain.Mezua>

[2025-05-01 01:44:56 #24 type.registry] 
New type java.util.Vector<domain.Ride>

[2025-05-01 01:44:56 #25 type.registry] 
New type java.util.Vector<domain.Kotxe>

[2025-05-01 01:45:35 #26 type.registry] 
New type java.util.LinkedList<java.lang.Object>

[2025-05-01 01:45:35 #27 type.registry] 
New type java.util.LinkedList<domain.Geltoki>

[2025-05-01 01:45:35 #28 type.registry] 
New type java.util.ArrayList<domain.RideRequest>

[2025-05-01 01:46:34 #29 type.registry] 
New type java.util.LinkedList<domain.Alerta>

------------------------------------------------------------------------------------------------------------------------

[2025-05-01 01:49:46 #1 store] 
Database 'C:\Users\Usuario-Pc\OneDrive\Escritorio\Urtzi Universidad\workspace\SI\Rides24\src\main\resources\rides.temp' has been recovered (tr. 1-52)

[2025-05-01 01:49:46 #2 store] 
Database 'C:\Users\Usuario-Pc\OneDrive\Escritorio\Urtzi Universidad\workspace\SI\Rides24\src\main\resources\rides.temp' is opened by 15972@DESKTOP-EH9B0CP

[2025-05-01 01:49:46 #3 type] 
Type domain.Profile is not enhanced.

[2025-05-01 01:49:46 #4 type] 
Type domain.Mezua is not enhanced.

[2025-05-01 01:49:46 #5 type] 
Type domain.Ride is not enhanced.

[2025-05-01 01:49:46 #6 type] 
Type domain.RideRequest is not enhanced.

[2025-05-01 01:49:46 #7 type] 
Type domain.Driver is not enhanced.

[2025-05-01 01:49:46 #8 type] 
Type domain.Kotxe is not enhanced.

[2025-05-01 01:49:46 #9 type] 
Type domain.Geltoki is not enhanced.

[2025-05-01 01:49:46 #10 type] 
Type domain.Traveller is not enhanced.

[2025-05-01 01:49:46 #11 type] 
Type domain.Alerta is not enhanced.

------------------------------------------------------------------------------------------------------------------------

[2025-05-01 01:50:02 #1 store] 
Database 'C:\Users\Usuario-Pc\OneDrive\Escritorio\Urtzi Universidad\workspace\SI\Rides24\src\main\resources\rides.temp' is opened by 17868@DESKTOP-EH9B0CP

[2025-05-01 01:50:03 #2 type] 
Type domain.Profile is not enhanced.

[2025-05-01 01:50:03 #3 type] 
Type domain.Mezua is not enhanced.

[2025-05-01 01:50:03 #4 type] 
Type domain.Ride is not enhanced.

[2025-05-01 01:50:03 #5 type] 
Type domain.RideRequest is not enhanced.

[2025-05-01 01:50:03 #6 type] 
Type domain.Driver is not enhanced.

[2025-05-01 01:50:03 #7 type] 
Type domain.Kotxe is not enhanced.

[2025-05-01 01:50:03 #8 type] 
Type domain.Geltoki is not enhanced.

[2025-05-01 01:50:03 #9 type] 
Type domain.Traveller is not enhanced.

[2025-05-01 01:50:03 #10 type] 
Type domain.Alerta is not enhanced.

------------------------------------------------------------------------------------------------------------------------

[2025-05-01 01:50:25 #1 store] 
Database 'C:\Users\Usuario-Pc\OneDrive\Escritorio\Urtzi Universidad\workspace\SI\Rides24\src\main\resources\rides.temp' is opened by 13640@DESKTOP-EH9B0CP

[2025-05-01 01:50:39 #2 type.registry] 
New type domain.Profile

[2025-05-01 01:50:39 #3 type] 
Type domain.Profile is not enhanced.

[2025-05-01 01:50:39 #4 type.registry] 
New type domain.Mezua

[2025-05-01 01:50:39 #5 type] 
Type domain.Mezua is not enhanced.

[2025-05-01 01:50:39 #6 type.registry] 
New type domain.Ride

[2025-05-01 01:50:39 #7 type.registry] 
New type domain.RideRequest

[2025-05-01 01:50:39 #8 type] 
Type domain.Ride is not enhanced.

[2025-05-01 01:50:39 #9 type.registry] 
New type domain.Driver

[2025-05-01 01:50:39 #10 type.registry] 
New type domain.Kotxe

[2025-05-01 01:50:39 #11 type.registry] 
New type domain.Geltoki

[2025-05-01 01:50:39 #12 type] 
Type domain.RideRequest is not enhanced.

[2025-05-01 01:50:39 #13 type.registry] 
New type domain.Traveller

[2025-05-01 01:50:39 #14 type] 
Type domain.Driver is not enhanced.

[2025-05-01 01:50:39 #15 type] 
Type domain.Kotxe is not enhanced.

[2025-05-01 01:50:39 #16 type] 
Type domain.Geltoki is not enhanced.

[2025-05-01 01:50:39 #17 type] 
Type domain.Traveller is not enhanced.

[2025-05-01 01:50:39 #18 type.registry] 
New type domain.Alerta

[2025-05-01 01:50:39 #19 type] 
Type domain.Alerta is not enhanced.

[2025-05-01 01:50:40 #20 type.registry] 
New type java.util.ArrayList<java.lang.Object>

[2025-05-01 01:50:40 #21 type.registry] 
New type java.util.LinkedList<java.lang.Object>

[2025-05-01 01:50:40 #22 type.registry] 
New type java.util.ArrayList<java.lang.Integer>

[2025-05-01 01:50:40 #23 type.registry] 
New type java.util.ArrayList<domain.Mezua>

[2025-05-01 01:50:40 #24 type.registry] 
New type java.util.ArrayList<domain.RideRequest>

[2025-05-01 01:50:40 #25 type.registry] 
New type java.util.LinkedList<domain.Alerta>

[2025-05-01 01:50:56 #26 type.registry] 
New type java.util.Vector<java.lang.Object>

[2025-05-01 01:50:56 #27 type.registry] 
New type java.util.Vector<domain.Ride>

[2025-05-01 01:50:56 #28 type.registry] 
New type java.util.Vector<domain.Kotxe>

[2025-05-01 01:51:35 #29 type.registry] 
New type java.util.LinkedList<domain.Geltoki>

------------------------------------------------------------------------------------------------------------------------

[2025-05-01 01:58:25 #1 store] 
Database 'C:\Users\Usuario-Pc\OneDrive\Escritorio\Urtzi Universidad\workspace\SI\Rides24\src\main\resources\rides.temp' is opened by 16804@DESKTOP-EH9B0CP

[2025-05-01 01:58:38 #2 type.registry] 
New type domain.Profile

[2025-05-01 01:58:38 #3 type] 
Type domain.Profile is not enhanced.

[2025-05-01 01:58:38 #4 type.registry] 
New type domain.Mezua

[2025-05-01 01:58:38 #5 type] 
Type domain.Mezua is not enhanced.

[2025-05-01 01:58:38 #6 type.registry] 
New type domain.Ride

[2025-05-01 01:58:38 #7 type.registry] 
New type domain.RideRequest

[2025-05-01 01:58:38 #8 type] 
Type domain.Ride is not enhanced.

[2025-05-01 01:58:38 #9 type.registry] 
New type domain.Driver

[2025-05-01 01:58:38 #10 type.registry] 
New type domain.Kotxe

[2025-05-01 01:58:38 #11 type.registry] 
New type domain.Geltoki

[2025-05-01 01:58:38 #12 type] 
Type domain.RideRequest is not enhanced.

[2025-05-01 01:58:38 #13 type.registry] 
New type domain.Traveller

[2025-05-01 01:58:38 #14 type] 
Type domain.Driver is not enhanced.

[2025-05-01 01:58:38 #15 type] 
Type domain.Kotxe is not enhanced.

[2025-05-01 01:58:38 #16 type] 
Type domain.Geltoki is not enhanced.

[2025-05-01 01:58:38 #17 type] 
Type domain.Traveller is not enhanced.

[2025-05-01 01:58:38 #18 type.registry] 
New type domain.Alerta

[2025-05-01 01:58:38 #19 type] 
Type domain.Alerta is not enhanced.

[2025-05-01 01:58:38 #20 type.registry] 
New type java.util.ArrayList<java.lang.Object>

[2025-05-01 01:58:38 #21 type.registry] 
New type java.util.Vector<java.lang.Object>

[2025-05-01 01:58:38 #22 type.registry] 
New type java.util.ArrayList<java.lang.Integer>

[2025-05-01 01:58:38 #23 type.registry] 
New type java.util.ArrayList<domain.Mezua>

[2025-05-01 01:58:38 #24 type.registry] 
New type java.util.Vector<domain.Ride>

[2025-05-01 01:58:38 #25 type.registry] 
New type java.util.Vector<domain.Kotxe>

[2025-05-01 01:59:22 #26 type.registry] 
New type java.util.LinkedList<java.lang.Object>

[2025-05-01 01:59:22 #27 type.registry] 
New type java.util.LinkedList<domain.Geltoki>

[2025-05-01 01:59:22 #28 type.registry] 
New type java.util.ArrayList<domain.RideRequest>

[2025-05-01 01:59:45 #29 type.registry] 
New type java.util.LinkedList<domain.Alerta>

------------------------------------------------------------------------------------------------------------------------

[2025-05-01 02:12:52 #1 store] 
Database 'C:\Users\Usuario-Pc\OneDrive\Escritorio\Urtzi Universidad\workspace\SI\Rides24\src\main\resources\rides.temp' has been recovered (tr. 1-38)

[2025-05-01 02:12:52 #2 store] 
Database 'C:\Users\Usuario-Pc\OneDrive\Escritorio\Urtzi Universidad\workspace\SI\Rides24\src\main\resources\rides.temp' is opened by 5432@DESKTOP-EH9B0CP

[2025-05-01 02:12:52 #3 type] 
Type domain.Profile is not enhanced.

[2025-05-01 02:12:52 #4 type] 
Type domain.Mezua is not enhanced.

[2025-05-01 02:12:52 #5 type] 
Type domain.Ride is not enhanced.

[2025-05-01 02:12:52 #6 type] 
Type domain.RideRequest is not enhanced.

[2025-05-01 02:12:52 #7 type] 
Type domain.Driver is not enhanced.

[2025-05-01 02:12:52 #8 type] 
Type domain.Kotxe is not enhanced.

[2025-05-01 02:12:53 #9 type] 
Type domain.Geltoki is not enhanced.

[2025-05-01 02:12:53 #10 type] 
Type domain.Traveller is not enhanced.

[2025-05-01 02:12:53 #11 type] 
Type domain.Alerta is not enhanced.

------------------------------------------------------------------------------------------------------------------------

[2025-05-01 02:21:23 #1 store] 
Database 'C:\Users\Usuario-Pc\OneDrive\Escritorio\Urtzi Universidad\workspace\SI\Rides24\src\main\resources\rides.temp' has been recovered (tr. 39-52)

[2025-05-01 02:21:23 #2 store] 
Database 'C:\Users\Usuario-Pc\OneDrive\Escritorio\Urtzi Universidad\workspace\SI\Rides24\src\main\resources\rides.temp' is opened by 22056@DESKTOP-EH9B0CP

[2025-05-01 02:21:23 #3 type] 
Type domain.Profile is not enhanced.

[2025-05-01 02:21:23 #4 type] 
Type domain.Mezua is not enhanced.

[2025-05-01 02:21:23 #5 type] 
Type domain.Ride is not enhanced.

[2025-05-01 02:21:23 #6 type] 
Type domain.RideRequest is not enhanced.

[2025-05-01 02:21:23 #7 type] 
Type domain.Driver is not enhanced.

[2025-05-01 02:21:23 #8 type] 
Type domain.Kotxe is not enhanced.

[2025-05-01 02:21:23 #9 type] 
Type domain.Geltoki is not enhanced.

[2025-05-01 02:21:23 #10 type] 
Type domain.Traveller is not enhanced.

[2025-05-01 02:21:23 #11 type] 
Type domain.Alerta is not enhanced.

------------------------------------------------------------------------------------------------------------------------

[2025-05-01 03:07:10 #1 store] 
Database 'C:\Users\Usuario-Pc\OneDrive\Escritorio\Urtzi Universidad\workspace\SI\Rides24\src\main\resources\rides.temp' is opened by 22856@DESKTOP-EH9B0CP

[2025-05-01 03:07:10 #2 type] 
Type domain.Profile is not enhanced.

[2025-05-01 03:07:10 #3 type] 
Type domain.Mezua is not enhanced.

[2025-05-01 03:07:10 #4 type] 
Type domain.Ride is not enhanced.

[2025-05-01 03:07:10 #5 type] 
Type domain.RideRequest is not enhanced.

[2025-05-01 03:07:10 #6 type] 
Type domain.Driver is not enhanced.

[2025-05-01 03:07:10 #7 type] 
Type domain.Kotxe is not enhanced.

[2025-05-01 03:07:10 #8 type] 
Type domain.Geltoki is not enhanced.

[2025-05-01 03:07:10 #9 type] 
Type domain.Traveller is not enhanced.

[2025-05-01 03:07:10 #10 type] 
Type domain.Alerta is not enhanced.

------------------------------------------------------------------------------------------------------------------------

[2025-05-01 03:10:38 #1 store] 
Database 'C:\Users\Usuario-Pc\OneDrive\Escritorio\Urtzi Universidad\workspace\SI\Rides24\src\main\resources\rides.temp' has been recovered (tr. 101-102)

[2025-05-01 03:10:39 #2 store] 
Database 'C:\Users\Usuario-Pc\OneDrive\Escritorio\Urtzi Universidad\workspace\SI\Rides24\src\main\resources\rides.temp' is opened by 11408@DESKTOP-EH9B0CP

[2025-05-01 03:10:39 #3 type] 
Type domain.Profile is not enhanced.

[2025-05-01 03:10:39 #4 type] 
Type domain.Mezua is not enhanced.

[2025-05-01 03:10:39 #5 type] 
Type domain.Ride is not enhanced.

[2025-05-01 03:10:39 #6 type] 
Type domain.RideRequest is not enhanced.

[2025-05-01 03:10:39 #7 type] 
Type domain.Driver is not enhanced.

[2025-05-01 03:10:39 #8 type] 
Type domain.Kotxe is not enhanced.

[2025-05-01 03:10:39 #9 type] 
Type domain.Geltoki is not enhanced.

[2025-05-01 03:10:39 #10 type] 
Type domain.Traveller is not enhanced.

[2025-05-01 03:10:39 #11 type] 
Type domain.Alerta is not enhanced.

------------------------------------------------------------------------------------------------------------------------

[2025-05-01 03:14:50 #1 store] 
Database 'C:\Users\Usuario-Pc\OneDrive\Escritorio\Urtzi Universidad\workspace\SI\Rides24\src\main\resources\rides.temp' has been recovered (tr. 103-112)

[2025-05-01 03:14:51 #2 store] 
Database 'C:\Users\Usuario-Pc\OneDrive\Escritorio\Urtzi Universidad\workspace\SI\Rides24\src\main\resources\rides.temp' is opened by 19052@DESKTOP-EH9B0CP

[2025-05-01 03:14:51 #3 type] 
Type domain.Profile is not enhanced.

[2025-05-01 03:14:51 #4 type] 
Type domain.Mezua is not enhanced.

[2025-05-01 03:14:51 #5 type] 
Type domain.Ride is not enhanced.

[2025-05-01 03:14:51 #6 type] 
Type domain.RideRequest is not enhanced.

[2025-05-01 03:14:51 #7 type] 
Type domain.Driver is not enhanced.

[2025-05-01 03:14:51 #8 type] 
Type domain.Kotxe is not enhanced.

[2025-05-01 03:14:51 #9 type] 
Type domain.Geltoki is not enhanced.

[2025-05-01 03:14:51 #10 type] 
Type domain.Traveller is not enhanced.

[2025-05-01 03:14:51 #11 type] 
Type domain.Alerta is not enhanced.

------------------------------------------------------------------------------------------------------------------------

[2025-05-01 03:17:36 #1 store] 
Database 'C:\Users\Usuario-Pc\OneDrive\Escritorio\Urtzi Universidad\workspace\SI\Rides24\src\main\resources\rides.temp' is opened by 15244@DESKTOP-EH9B0CP

[2025-05-01 03:17:36 #2 type] 
Type domain.Profile is not enhanced.

[2025-05-01 03:17:36 #3 type] 
Type domain.Mezua is not enhanced.

[2025-05-01 03:17:36 #4 type] 
Type domain.Ride is not enhanced.

[2025-05-01 03:17:36 #5 type] 
Type domain.RideRequest is not enhanced.

[2025-05-01 03:17:36 #6 type] 
Type domain.Driver is not enhanced.

[2025-05-01 03:17:36 #7 type] 
Type domain.Kotxe is not enhanced.

[2025-05-01 03:17:36 #8 type] 
Type domain.Geltoki is not enhanced.

[2025-05-01 03:17:36 #9 type] 
Type domain.Traveller is not enhanced.

[2025-05-01 03:17:36 #10 type] 
Type domain.Alerta is not enhanced.

------------------------------------------------------------------------------------------------------------------------

[2025-05-01 03:19:34 #1 store] 
Database 'C:\Users\Usuario-Pc\OneDrive\Escritorio\Urtzi Universidad\workspace\SI\Rides24\src\main\resources\rides.temp' has been recovered (tr. 113-116)

[2025-05-01 03:19:34 #2 store] 
Database 'C:\Users\Usuario-Pc\OneDrive\Escritorio\Urtzi Universidad\workspace\SI\Rides24\src\main\resources\rides.temp' is opened by 22732@DESKTOP-EH9B0CP

[2025-05-01 03:19:34 #3 type] 
Type domain.Profile is not enhanced.

[2025-05-01 03:19:34 #4 type] 
Type domain.Mezua is not enhanced.

[2025-05-01 03:19:34 #5 type] 
Type domain.Ride is not enhanced.

[2025-05-01 03:19:34 #6 type] 
Type domain.RideRequest is not enhanced.

[2025-05-01 03:19:34 #7 type] 
Type domain.Driver is not enhanced.

[2025-05-01 03:19:34 #8 type] 
Type domain.Kotxe is not enhanced.

[2025-05-01 03:19:34 #9 type] 
Type domain.Geltoki is not enhanced.

[2025-05-01 03:19:34 #10 type] 
Type domain.Traveller is not enhanced.

[2025-05-01 03:19:34 #11 type] 
Type domain.Alerta is not enhanced.

------------------------------------------------------------------------------------------------------------------------

[2025-05-01 03:21:56 #1 store] 
Database 'C:\Users\Usuario-Pc\OneDrive\Escritorio\Urtzi Universidad\workspace\SI\Rides24\src\main\resources\rides.temp' is opened by 24184@DESKTOP-EH9B0CP

[2025-05-01 03:21:56 #2 type] 
Type domain.Profile is not enhanced.

[2025-05-01 03:21:56 #3 type] 
Type domain.Mezua is not enhanced.

[2025-05-01 03:21:56 #4 type] 
Type domain.Ride is not enhanced.

[2025-05-01 03:21:56 #5 type] 
Type domain.RideRequest is not enhanced.

[2025-05-01 03:21:56 #6 type] 
Type domain.Driver is not enhanced.

[2025-05-01 03:21:56 #7 type] 
Type domain.Kotxe is not enhanced.

[2025-05-01 03:21:56 #8 type] 
Type domain.Geltoki is not enhanced.

[2025-05-01 03:21:56 #9 type] 
Type domain.Traveller is not enhanced.

[2025-05-01 03:21:56 #10 type] 
Type domain.Alerta is not enhanced.

------------------------------------------------------------------------------------------------------------------------

[2025-05-01 03:23:09 #1 store] 
Database 'C:\Users\Usuario-Pc\OneDrive\Escritorio\Urtzi Universidad\workspace\SI\Rides24\src\main\resources\rides.temp' is opened by 19232@DESKTOP-EH9B0CP

[2025-05-01 03:23:10 #2 type] 
Type domain.Profile is not enhanced.

[2025-05-01 03:23:10 #3 type] 
Type domain.Mezua is not enhanced.

[2025-05-01 03:23:10 #4 type] 
Type domain.Ride is not enhanced.

[2025-05-01 03:23:10 #5 type] 
Type domain.RideRequest is not enhanced.

[2025-05-01 03:23:10 #6 type] 
Type domain.Driver is not enhanced.

[2025-05-01 03:23:10 #7 type] 
Type domain.Kotxe is not enhanced.

[2025-05-01 03:23:10 #8 type] 
Type domain.Geltoki is not enhanced.

[2025-05-01 03:23:10 #9 type] 
Type domain.Traveller is not enhanced.

[2025-05-01 03:23:10 #10 type] 
Type domain.Alerta is not enhanced.

------------------------------------------------------------------------------------------------------------------------

[2025-05-01 10:34:04 #1 store] 
Database 'C:\Users\Usuario-Pc\OneDrive\Escritorio\Urtzi Universidad\workspace\SI\Rides24\src\main\resources\rides.temp' is opened by 20488@DESKTOP-EH9B0CP

[2025-05-01 10:34:04 #2 type] 
Type domain.Profile is not enhanced.

[2025-05-01 10:34:04 #3 type] 
Type domain.Mezua is not enhanced.

[2025-05-01 10:34:04 #4 type] 
Type domain.Ride is not enhanced.

[2025-05-01 10:34:04 #5 type] 
Type domain.RideRequest is not enhanced.

[2025-05-01 10:34:04 #6 type] 
Type domain.Driver is not enhanced.

[2025-05-01 10:34:04 #7 type] 
Type domain.Kotxe is not enhanced.

[2025-05-01 10:34:04 #8 type] 
Type domain.Geltoki is not enhanced.

[2025-05-01 10:34:04 #9 type] 
Type domain.Traveller is not enhanced.

[2025-05-01 10:34:04 #10 type] 
Type domain.Alerta is not enhanced.

------------------------------------------------------------------------------------------------------------------------

[2025-05-01 10:35:22 #1 store] 
Database 'C:\Users\Usuario-Pc\OneDrive\Escritorio\Urtzi Universidad\workspace\SI\Rides24\src\main\resources\rides.temp' is opened by 21644@DESKTOP-EH9B0CP

[2025-05-01 10:35:23 #2 type] 
Type domain.Profile is not enhanced.

[2025-05-01 10:35:23 #3 type] 
Type domain.Mezua is not enhanced.

[2025-05-01 10:35:23 #4 type] 
Type domain.Ride is not enhanced.

[2025-05-01 10:35:23 #5 type] 
Type domain.RideRequest is not enhanced.

[2025-05-01 10:35:23 #6 type] 
Type domain.Driver is not enhanced.

[2025-05-01 10:35:23 #7 type] 
Type domain.Kotxe is not enhanced.

[2025-05-01 10:35:23 #8 type] 
Type domain.Geltoki is not enhanced.

[2025-05-01 10:35:23 #9 type] 
Type domain.Traveller is not enhanced.

[2025-05-01 10:35:23 #10 type] 
Type domain.Alerta is not enhanced.

------------------------------------------------------------------------------------------------------------------------

[2025-05-01 10:37:50 #1 store] 
Database 'C:\Users\Usuario-Pc\OneDrive\Escritorio\Urtzi Universidad\workspace\SI\Rides24\src\main\resources\rides.temp' is opened by 17828@DESKTOP-EH9B0CP

[2025-05-01 10:37:51 #2 type] 
Type domain.Profile is not enhanced.

[2025-05-01 10:37:51 #3 type] 
Type domain.Mezua is not enhanced.

[2025-05-01 10:37:51 #4 type] 
Type domain.Ride is not enhanced.

[2025-05-01 10:37:51 #5 type] 
Type domain.RideRequest is not enhanced.

[2025-05-01 10:37:51 #6 type] 
Type domain.Driver is not enhanced.

[2025-05-01 10:37:51 #7 type] 
Type domain.Kotxe is not enhanced.

[2025-05-01 10:37:51 #8 type] 
Type domain.Geltoki is not enhanced.

[2025-05-01 10:37:51 #9 type] 
Type domain.Traveller is not enhanced.

[2025-05-01 10:37:51 #10 type] 
Type domain.Alerta is not enhanced.

------------------------------------------------------------------------------------------------------------------------

[2025-05-01 10:40:49 #1 store] 
Database 'C:\Users\Usuario-Pc\OneDrive\Escritorio\Urtzi Universidad\workspace\SI\Rides24\src\main\resources\rides.temp' has been recovered (tr. 117-117)

[2025-05-01 10:40:49 #2 store] 
Database 'C:\Users\Usuario-Pc\OneDrive\Escritorio\Urtzi Universidad\workspace\SI\Rides24\src\main\resources\rides.temp' is opened by 20592@DESKTOP-EH9B0CP

[2025-05-01 10:40:49 #3 type] 
Type domain.Profile is not enhanced.

[2025-05-01 10:40:49 #4 type] 
Type domain.Mezua is not enhanced.

[2025-05-01 10:40:49 #5 type] 
Type domain.Ride is not enhanced.

[2025-05-01 10:40:49 #6 type] 
Type domain.RideRequest is not enhanced.

[2025-05-01 10:40:49 #7 type] 
Type domain.Driver is not enhanced.

[2025-05-01 10:40:49 #8 type] 
Type domain.Kotxe is not enhanced.

[2025-05-01 10:40:49 #9 type] 
Type domain.Geltoki is not enhanced.

[2025-05-01 10:40:49 #10 type] 
Type domain.Traveller is not enhanced.

[2025-05-01 10:40:49 #11 type] 
Type domain.Alerta is not enhanced.

------------------------------------------------------------------------------------------------------------------------

[2025-05-01 10:43:07 #1 store] 
Database 'C:\Users\Usuario-Pc\OneDrive\Escritorio\Urtzi Universidad\workspace\SI\Rides24\src\main\resources\rides.temp' is opened by 23976@DESKTOP-EH9B0CP

[2025-05-01 10:43:07 #2 type] 
Type domain.Profile is not enhanced.

[2025-05-01 10:43:07 #3 type] 
Type domain.Mezua is not enhanced.

[2025-05-01 10:43:07 #4 type] 
Type domain.Ride is not enhanced.

[2025-05-01 10:43:07 #5 type] 
Type domain.RideRequest is not enhanced.

[2025-05-01 10:43:07 #6 type] 
Type domain.Driver is not enhanced.

[2025-05-01 10:43:07 #7 type] 
Type domain.Kotxe is not enhanced.

[2025-05-01 10:43:07 #8 type] 
Type domain.Geltoki is not enhanced.

[2025-05-01 10:43:07 #9 type] 
Type domain.Traveller is not enhanced.

[2025-05-01 10:43:07 #10 type] 
Type domain.Alerta is not enhanced.

------------------------------------------------------------------------------------------------------------------------

[2025-05-01 10:45:59 #1 store] 
Database 'C:\Users\Usuario-Pc\OneDrive\Escritorio\Urtzi Universidad\workspace\SI\Rides24\src\main\resources\rides.temp' is opened by 11272@DESKTOP-EH9B0CP

[2025-05-01 10:45:59 #2 type] 
Type domain.Profile is not enhanced.

[2025-05-01 10:45:59 #3 type] 
Type domain.Mezua is not enhanced.

[2025-05-01 10:45:59 #4 type] 
Type domain.Ride is not enhanced.

[2025-05-01 10:45:59 #5 type] 
Type domain.RideRequest is not enhanced.

[2025-05-01 10:45:59 #6 type] 
Type domain.Driver is not enhanced.

[2025-05-01 10:45:59 #7 type] 
Type domain.Kotxe is not enhanced.

[2025-05-01 10:45:59 #8 type] 
Type domain.Geltoki is not enhanced.

[2025-05-01 10:45:59 #9 type] 
Type domain.Traveller is not enhanced.

[2025-05-01 10:45:59 #10 type] 
Type domain.Alerta is not enhanced.

------------------------------------------------------------------------------------------------------------------------

[2025-05-01 10:50:34 #1 store] 
Database 'C:\Users\Usuario-Pc\OneDrive\Escritorio\Urtzi Universidad\workspace\SI\Rides24\src\main\resources\rides.temp' is opened by 17808@DESKTOP-EH9B0CP

[2025-05-01 10:50:34 #2 type] 
Type domain.Profile is not enhanced.

[2025-05-01 10:50:34 #3 type] 
Type domain.Mezua is not enhanced.

[2025-05-01 10:50:34 #4 type] 
Type domain.Ride is not enhanced.

[2025-05-01 10:50:34 #5 type] 
Type domain.RideRequest is not enhanced.

[2025-05-01 10:50:34 #6 type] 
Type domain.Driver is not enhanced.

[2025-05-01 10:50:34 #7 type] 
Type domain.Kotxe is not enhanced.

[2025-05-01 10:50:34 #8 type] 
Type domain.Geltoki is not enhanced.

[2025-05-01 10:50:34 #9 type] 
Type domain.Traveller is not enhanced.

[2025-05-01 10:50:34 #10 type] 
Type domain.Alerta is not enhanced.

