------------------------------------------------------------------------------------------------------------------------

[2025-05-13 00:21:55 #1 store] 
Database 'C:\Users\Usuario-Pc\OneDrive\Escritorio\Urtzi Universidad\workspace\SI\Rides24Geltokiekin\src\main\resources\rides.temp' is opened by 24336@DESKTOP-EH9B0CP

[2025-05-13 00:21:55 #2 type] 
Type domain.Profile is not enhanced.

[2025-05-13 00:21:55 #3 type] 
Type domain.Erreklamazioa is not enhanced.

[2025-05-13 00:21:55 #4 type] 
Type domain.Mezua is not enhanced.

[2025-05-13 00:21:55 #5 type] 
Type domain.Ride is not enhanced.

[2025-05-13 00:21:55 #6 type] 
Type domain.RideRequest is not enhanced.

[2025-05-13 00:21:55 #7 type] 
Type domain.Alerta is not enhanced.

[2025-05-13 00:21:55 #8 type] 
Type domain.Traveller is not enhanced.

[2025-05-13 00:21:55 #9 type] 
Type domain.Driver is not enhanced.

[2025-05-13 00:21:55 #10 type] 
Type domain.Kotxe is not enhanced.

[2025-05-13 00:21:55 #11 type] 
Type domain.Geltoki is not enhanced.

[2025-05-13 00:21:55 #12 type] 
Type domain.Admin is not enhanced.

------------------------------------------------------------------------------------------------------------------------

[2025-05-13 00:26:44 #1 store] 
Database 'C:\Users\Usuario-Pc\OneDrive\Escritorio\Urtzi Universidad\workspace\SI\Rides24Geltokiekin\src\main\resources\rides.temp' has been recovered (tr. 147-169)

[2025-05-13 00:26:44 #2 store] 
Database 'C:\Users\Usuario-Pc\OneDrive\Escritorio\Urtzi Universidad\workspace\SI\Rides24Geltokiekin\src\main\resources\rides.temp' is opened by 23544@DESKTOP-EH9B0CP

[2025-05-13 00:26:45 #3 type] 
Type domain.Profile is not enhanced.

[2025-05-13 00:26:45 #4 type] 
Type domain.Erreklamazioa is not enhanced.

[2025-05-13 00:26:45 #5 type] 
Type domain.Mezua is not enhanced.

[2025-05-13 00:26:45 #6 type] 
Type domain.Ride is not enhanced.

[2025-05-13 00:26:45 #7 type] 
Type domain.RideRequest is not enhanced.

[2025-05-13 00:26:45 #8 type] 
Type domain.Alerta is not enhanced.

[2025-05-13 00:26:45 #9 type] 
Type domain.Traveller is not enhanced.

[2025-05-13 00:26:45 #10 type] 
Type domain.Driver is not enhanced.

[2025-05-13 00:26:45 #11 type] 
Type domain.Kotxe is not enhanced.

[2025-05-13 00:26:45 #12 type] 
Type domain.Geltoki is not enhanced.

[2025-05-13 00:26:45 #13 type] 
Type domain.Admin is not enhanced.

------------------------------------------------------------------------------------------------------------------------

[2025-05-13 00:31:06 #1 store] 
Database 'C:\Users\Usuario-Pc\OneDrive\Escritorio\Urtzi Universidad\workspace\SI\Rides24Geltokiekin\src\main\resources\rides.temp' has been recovered (tr. 170-174)

[2025-05-13 00:31:06 #2 store] 
Database 'C:\Users\Usuario-Pc\OneDrive\Escritorio\Urtzi Universidad\workspace\SI\Rides24Geltokiekin\src\main\resources\rides.temp' is opened by 24412@DESKTOP-EH9B0CP

[2025-05-13 00:31:06 #3 type] 
Type domain.Profile is not enhanced.

[2025-05-13 00:31:06 #4 type] 
Type domain.Erreklamazioa is not enhanced.

[2025-05-13 00:31:06 #5 type] 
Type domain.Mezua is not enhanced.

[2025-05-13 00:31:06 #6 type] 
Type domain.Ride is not enhanced.

[2025-05-13 00:31:06 #7 type] 
Type domain.RideRequest is not enhanced.

[2025-05-13 00:31:06 #8 type] 
Type domain.Alerta is not enhanced.

[2025-05-13 00:31:06 #9 type] 
Type domain.Traveller is not enhanced.

[2025-05-13 00:31:06 #10 type] 
Type domain.Driver is not enhanced.

[2025-05-13 00:31:06 #11 type] 
Type domain.Kotxe is not enhanced.

[2025-05-13 00:31:06 #12 type] 
Type domain.Geltoki is not enhanced.

[2025-05-13 00:31:06 #13 type] 
Type domain.Admin is not enhanced.

------------------------------------------------------------------------------------------------------------------------

[2025-05-13 00:35:14 #1 store] 
Database 'C:\Users\Usuario-Pc\OneDrive\Escritorio\Urtzi Universidad\workspace\SI\Rides24Geltokiekin\src\main\resources\rides.temp' has been recovered (tr. 175-178)

[2025-05-13 00:35:14 #2 store] 
Database 'C:\Users\Usuario-Pc\OneDrive\Escritorio\Urtzi Universidad\workspace\SI\Rides24Geltokiekin\src\main\resources\rides.temp' is opened by 5712@DESKTOP-EH9B0CP

[2025-05-13 00:35:15 #3 type] 
Type domain.Profile is not enhanced.

[2025-05-13 00:35:15 #4 type] 
Type domain.Erreklamazioa is not enhanced.

[2025-05-13 00:35:15 #5 type] 
Type domain.Mezua is not enhanced.

[2025-05-13 00:35:15 #6 type] 
Type domain.Ride is not enhanced.

[2025-05-13 00:35:15 #7 type] 
Type domain.RideRequest is not enhanced.

[2025-05-13 00:35:15 #8 type] 
Type domain.Alerta is not enhanced.

[2025-05-13 00:35:15 #9 type] 
Type domain.Traveller is not enhanced.

[2025-05-13 00:35:15 #10 type] 
Type domain.Driver is not enhanced.

[2025-05-13 00:35:15 #11 type] 
Type domain.Kotxe is not enhanced.

[2025-05-13 00:35:15 #12 type] 
Type domain.Geltoki is not enhanced.

[2025-05-13 00:35:15 #13 type] 
Type domain.Admin is not enhanced.

------------------------------------------------------------------------------------------------------------------------

[2025-05-13 00:43:49 #1 store] 
Database 'C:\Users\Usuario-Pc\OneDrive\Escritorio\Urtzi Universidad\workspace\SI\Rides24Geltokiekin\src\main\resources\rides.temp' has been recovered (tr. 179-183)

[2025-05-13 00:43:49 #2 store] 
Database 'C:\Users\Usuario-Pc\OneDrive\Escritorio\Urtzi Universidad\workspace\SI\Rides24Geltokiekin\src\main\resources\rides.temp' is opened by 20696@DESKTOP-EH9B0CP

[2025-05-13 00:43:49 #3 type] 
Type domain.Profile is not enhanced.

[2025-05-13 00:43:49 #4 type] 
Type domain.Erreklamazioa is not enhanced.

[2025-05-13 00:43:49 #5 type] 
Type domain.Mezua is not enhanced.

[2025-05-13 00:43:49 #6 type] 
Type domain.Ride is not enhanced.

[2025-05-13 00:43:49 #7 type] 
Type domain.RideRequest is not enhanced.

[2025-05-13 00:43:49 #8 type] 
Type domain.Alerta is not enhanced.

[2025-05-13 00:43:49 #9 type] 
Type domain.Traveller is not enhanced.

[2025-05-13 00:43:49 #10 type] 
Type domain.Driver is not enhanced.

[2025-05-13 00:43:49 #11 type] 
Type domain.Kotxe is not enhanced.

[2025-05-13 00:43:49 #12 type] 
Type domain.Geltoki is not enhanced.

[2025-05-13 00:43:49 #13 type] 
Type domain.Admin is not enhanced.

------------------------------------------------------------------------------------------------------------------------

[2025-05-13 00:45:17 #1 store] 
Database 'C:\Users\Usuario-Pc\OneDrive\Escritorio\Urtzi Universidad\workspace\SI\Rides24Geltokiekin\src\main\resources\rides.temp' is opened by 17300@DESKTOP-EH9B0CP

[2025-05-13 00:45:38 #2 type.registry] 
New type domain.Profile

[2025-05-13 00:45:38 #3 type] 
Type domain.Profile is not enhanced.

[2025-05-13 00:45:38 #4 type.registry] 
New type domain.Erreklamazioa

[2025-05-13 00:45:38 #5 type.registry] 
New type domain.Mezua

[2025-05-13 00:45:38 #6 type] 
Type domain.Erreklamazioa is not enhanced.

[2025-05-13 00:45:38 #7 type.registry] 
New type domain.Ride

[2025-05-13 00:45:38 #8 type.registry] 
New type domain.RideRequest

[2025-05-13 00:45:38 #9 type.registry] 
New type domain.EgoeraErreklamazioa

[2025-05-13 00:45:38 #10 type] 
Type domain.Mezua is not enhanced.

[2025-05-13 00:45:38 #11 type.registry] 
New type domain.Alerta

[2025-05-13 00:45:38 #12 type] 
Type domain.Ride is not enhanced.

[2025-05-13 00:45:38 #13 type.registry] 
New type domain.Traveller

[2025-05-13 00:45:38 #14 type.registry] 
New type domain.Driver

[2025-05-13 00:45:38 #15 type.registry] 
New type domain.EgoeraRide

[2025-05-13 00:45:38 #16 type.registry] 
New type domain.Kotxe

[2025-05-13 00:45:38 #17 type.registry] 
New type domain.Geltoki

[2025-05-13 00:45:38 #18 type] 
Type domain.RideRequest is not enhanced.

[2025-05-13 00:45:38 #19 type.registry] 
New type domain.EgoeraRideRequest

[2025-05-13 00:45:38 #20 type] 
Type domain.Alerta is not enhanced.

[2025-05-13 00:45:38 #21 type] 
Type domain.Traveller is not enhanced.

[2025-05-13 00:45:38 #22 type] 
Type domain.Driver is not enhanced.

[2025-05-13 00:45:38 #23 type] 
Type domain.Kotxe is not enhanced.

[2025-05-13 00:45:38 #24 type] 
Type domain.Geltoki is not enhanced.

[2025-05-13 00:45:39 #25 type.registry] 
New type java.util.ArrayList<java.lang.Object>

[2025-05-13 00:45:39 #26 type.registry] 
New type java.util.Vector<java.lang.Object>

[2025-05-13 00:45:39 #27 type.registry] 
New type java.util.LinkedList<java.lang.Object>

[2025-05-13 00:45:39 #28 type.registry] 
New type java.util.ArrayList<java.lang.Integer>

[2025-05-13 00:45:39 #29 type.registry] 
New type java.util.ArrayList<domain.Mezua>

[2025-05-13 00:45:39 #30 type.registry] 
New type java.util.Vector<domain.Erreklamazioa>

[2025-05-13 00:45:39 #31 type.registry] 
New type java.util.ArrayList<domain.RideRequest>

[2025-05-13 00:45:39 #32 type.registry] 
New type java.util.LinkedList<domain.Alerta>

[2025-05-13 00:45:55 #33 type.registry] 
New type java.util.Vector<domain.Ride>

[2025-05-13 00:45:55 #34 type.registry] 
New type java.util.Vector<domain.Kotxe>

[2025-05-13 00:49:29 #35 type.registry] 
New type java.util.LinkedList<domain.Geltoki>

[2025-05-13 00:49:29 #36 type.registry] 
New type java.util.ArrayList<domain.Traveller>

------------------------------------------------------------------------------------------------------------------------

[2025-05-13 01:09:44 #1 store] 
Database 'C:\Users\Usuario-Pc\OneDrive\Escritorio\Urtzi Universidad\workspace\SI\Rides24Geltokiekin\src\main\resources\rides.temp' has been recovered (tr. 1-164)

[2025-05-13 01:09:44 #2 store] 
Database 'C:\Users\Usuario-Pc\OneDrive\Escritorio\Urtzi Universidad\workspace\SI\Rides24Geltokiekin\src\main\resources\rides.temp' is opened by 12632@DESKTOP-EH9B0CP

[2025-05-13 01:09:44 #3 type] 
Type domain.Profile is not enhanced.

[2025-05-13 01:09:44 #4 type] 
Type domain.Erreklamazioa is not enhanced.

[2025-05-13 01:09:44 #5 type] 
Type domain.Mezua is not enhanced.

[2025-05-13 01:09:44 #6 type] 
Type domain.Ride is not enhanced.

[2025-05-13 01:09:44 #7 type] 
Type domain.RideRequest is not enhanced.

[2025-05-13 01:09:44 #8 type] 
Type domain.Alerta is not enhanced.

[2025-05-13 01:09:44 #9 type] 
Type domain.Traveller is not enhanced.

[2025-05-13 01:09:44 #10 type] 
Type domain.Driver is not enhanced.

[2025-05-13 01:09:44 #11 type] 
Type domain.Kotxe is not enhanced.

[2025-05-13 01:09:44 #12 type] 
Type domain.Geltoki is not enhanced.

------------------------------------------------------------------------------------------------------------------------

[2025-05-13 01:15:37 #1 store] 
Database 'C:\Users\Usuario-Pc\OneDrive\Escritorio\Urtzi Universidad\workspace\SI\Rides24Geltokiekin\src\main\resources\rides.temp' has been recovered (tr. 165-192)

[2025-05-13 01:15:37 #2 store] 
Database 'C:\Users\Usuario-Pc\OneDrive\Escritorio\Urtzi Universidad\workspace\SI\Rides24Geltokiekin\src\main\resources\rides.temp' is opened by 16208@DESKTOP-EH9B0CP

[2025-05-13 01:15:38 #3 type] 
Type domain.Profile is not enhanced.

[2025-05-13 01:15:38 #4 type] 
Type domain.Erreklamazioa is not enhanced.

[2025-05-13 01:15:38 #5 type] 
Type domain.Mezua is not enhanced.

[2025-05-13 01:15:38 #6 type] 
Type domain.Ride is not enhanced.

[2025-05-13 01:15:38 #7 type] 
Type domain.RideRequest is not enhanced.

[2025-05-13 01:15:38 #8 type] 
Type domain.Alerta is not enhanced.

[2025-05-13 01:15:38 #9 type] 
Type domain.Traveller is not enhanced.

[2025-05-13 01:15:38 #10 type] 
Type domain.Driver is not enhanced.

[2025-05-13 01:15:38 #11 type] 
Type domain.Kotxe is not enhanced.

[2025-05-13 01:15:38 #12 type] 
Type domain.Geltoki is not enhanced.

------------------------------------------------------------------------------------------------------------------------

[2025-05-13 01:52:18 #1 store] 
Database 'C:\Users\Usuario-Pc\OneDrive\Escritorio\Urtzi Universidad\workspace\SI\Rides24Geltokiekin\src\main\resources\rides.temp' has been recovered (tr. 193-196)

[2025-05-13 01:52:18 #2 store] 
Database 'C:\Users\Usuario-Pc\OneDrive\Escritorio\Urtzi Universidad\workspace\SI\Rides24Geltokiekin\src\main\resources\rides.temp' is opened by 20468@DESKTOP-EH9B0CP

[2025-05-13 01:52:18 #3 type] 
Type domain.Profile is not enhanced.

[2025-05-13 01:52:18 #4 type] 
Type domain.Erreklamazioa is not enhanced.

[2025-05-13 01:52:18 #5 type] 
Type domain.Mezua is not enhanced.

[2025-05-13 01:52:18 #6 type] 
Type domain.Ride is not enhanced.

[2025-05-13 01:52:18 #7 type] 
Type domain.RideRequest is not enhanced.

[2025-05-13 01:52:18 #8 type] 
Type domain.Alerta is not enhanced.

[2025-05-13 01:52:18 #9 type] 
Type domain.Traveller is not enhanced.

[2025-05-13 01:52:18 #10 type] 
Type domain.Driver is not enhanced.

[2025-05-13 01:52:18 #11 type] 
Type domain.Kotxe is not enhanced.

[2025-05-13 01:52:18 #12 type] 
Type domain.Geltoki is not enhanced.

------------------------------------------------------------------------------------------------------------------------

[2025-05-13 02:03:26 #1 store] 
Database 'C:\Users\Usuario-Pc\OneDrive\Escritorio\Urtzi Universidad\workspace\SI\Rides24Geltokiekin\src\main\resources\rides.temp' has been recovered (tr. 197-204)

[2025-05-13 02:03:26 #2 store] 
Database 'C:\Users\Usuario-Pc\OneDrive\Escritorio\Urtzi Universidad\workspace\SI\Rides24Geltokiekin\src\main\resources\rides.temp' is opened by 3216@DESKTOP-EH9B0CP

[2025-05-13 02:03:26 #3 type] 
Type domain.Profile is not enhanced.

[2025-05-13 02:03:26 #4 type] 
Type domain.Erreklamazioa is not enhanced.

[2025-05-13 02:03:26 #5 type] 
Type domain.Mezua is not enhanced.

[2025-05-13 02:03:26 #6 type] 
Type domain.Ride is not enhanced.

[2025-05-13 02:03:26 #7 type] 
Type domain.RideRequest is not enhanced.

[2025-05-13 02:03:26 #8 type] 
Type domain.Alerta is not enhanced.

[2025-05-13 02:03:26 #9 type] 
Type domain.Traveller is not enhanced.

[2025-05-13 02:03:26 #10 type] 
Type domain.Driver is not enhanced.

[2025-05-13 02:03:26 #11 type] 
Type domain.Kotxe is not enhanced.

[2025-05-13 02:03:26 #12 type] 
Type domain.Geltoki is not enhanced.

------------------------------------------------------------------------------------------------------------------------

[2025-05-13 02:09:18 #1 store] 
Database 'C:\Users\Usuario-Pc\OneDrive\Escritorio\Urtzi Universidad\workspace\SI\Rides24Geltokiekin\src\main\resources\rides.temp' has been recovered (tr. 205-215)

[2025-05-13 02:09:18 #2 store] 
Database 'C:\Users\Usuario-Pc\OneDrive\Escritorio\Urtzi Universidad\workspace\SI\Rides24Geltokiekin\src\main\resources\rides.temp' is opened by 21508@DESKTOP-EH9B0CP

[2025-05-13 02:09:18 #3 type] 
Type domain.Profile is not enhanced.

[2025-05-13 02:09:18 #4 type] 
Type domain.Erreklamazioa is not enhanced.

[2025-05-13 02:09:18 #5 type] 
Type domain.Mezua is not enhanced.

[2025-05-13 02:09:18 #6 type] 
Type domain.Ride is not enhanced.

[2025-05-13 02:09:18 #7 type] 
Type domain.RideRequest is not enhanced.

[2025-05-13 02:09:18 #8 type] 
Type domain.Alerta is not enhanced.

[2025-05-13 02:09:18 #9 type] 
Type domain.Traveller is not enhanced.

[2025-05-13 02:09:19 #10 type] 
Type domain.Driver is not enhanced.

[2025-05-13 02:09:19 #11 type] 
Type domain.Kotxe is not enhanced.

[2025-05-13 02:09:19 #12 type] 
Type domain.Geltoki is not enhanced.

[2025-05-13 02:09:43 #13 type.registry] 
New type domain.Admin

[2025-05-13 02:09:43 #14 type] 
Type domain.Admin is not enhanced.

------------------------------------------------------------------------------------------------------------------------

[2025-05-13 02:09:59 #1 store] 
Database 'C:\Users\Usuario-Pc\OneDrive\Escritorio\Urtzi Universidad\workspace\SI\Rides24Geltokiekin\src\main\resources\rides.temp' has been recovered (tr. 216-217)

[2025-05-13 02:09:59 #2 store] 
Database 'C:\Users\Usuario-Pc\OneDrive\Escritorio\Urtzi Universidad\workspace\SI\Rides24Geltokiekin\src\main\resources\rides.temp' is opened by 11972@DESKTOP-EH9B0CP

[2025-05-13 02:09:59 #3 type] 
Type domain.Profile is not enhanced.

[2025-05-13 02:09:59 #4 type] 
Type domain.Erreklamazioa is not enhanced.

[2025-05-13 02:09:59 #5 type] 
Type domain.Mezua is not enhanced.

[2025-05-13 02:09:59 #6 type] 
Type domain.Ride is not enhanced.

[2025-05-13 02:09:59 #7 type] 
Type domain.RideRequest is not enhanced.

[2025-05-13 02:09:59 #8 type] 
Type domain.Alerta is not enhanced.

[2025-05-13 02:09:59 #9 type] 
Type domain.Traveller is not enhanced.

[2025-05-13 02:09:59 #10 type] 
Type domain.Driver is not enhanced.

[2025-05-13 02:09:59 #11 type] 
Type domain.Kotxe is not enhanced.

[2025-05-13 02:09:59 #12 type] 
Type domain.Geltoki is not enhanced.

[2025-05-13 02:09:59 #13 type] 
Type domain.Admin is not enhanced.

------------------------------------------------------------------------------------------------------------------------

[2025-05-13 08:44:57 #1 store] 
Database 'C:\Users\Usuario-Pc\OneDrive\Escritorio\Urtzi Universidad\workspace\SI\Rides24Geltokiekin\src\main\resources\rides.temp' is opened by 23912@DESKTOP-EH9B0CP

[2025-05-13 08:44:57 #2 type] 
Type domain.Profile is not enhanced.

[2025-05-13 08:44:57 #3 type] 
Type domain.Erreklamazioa is not enhanced.

[2025-05-13 08:44:57 #4 type] 
Type domain.Mezua is not enhanced.

[2025-05-13 08:44:57 #5 type] 
Type domain.Ride is not enhanced.

[2025-05-13 08:44:57 #6 type] 
Type domain.RideRequest is not enhanced.

[2025-05-13 08:44:57 #7 type] 
Type domain.Alerta is not enhanced.

[2025-05-13 08:44:57 #8 type] 
Type domain.Traveller is not enhanced.

[2025-05-13 08:44:57 #9 type] 
Type domain.Driver is not enhanced.

[2025-05-13 08:44:57 #10 type] 
Type domain.Kotxe is not enhanced.

[2025-05-13 08:44:57 #11 type] 
Type domain.Geltoki is not enhanced.

[2025-05-13 08:44:57 #12 type] 
Type domain.Admin is not enhanced.

------------------------------------------------------------------------------------------------------------------------

[2025-05-13 08:59:54 #1 store] 
Database 'C:\Users\Usuario-Pc\OneDrive\Escritorio\Urtzi Universidad\workspace\SI\Rides24Geltokiekin\src\main\resources\rides.temp' has been recovered (tr. 218-220)

[2025-05-13 08:59:54 #2 store] 
Database 'C:\Users\Usuario-Pc\OneDrive\Escritorio\Urtzi Universidad\workspace\SI\Rides24Geltokiekin\src\main\resources\rides.temp' is opened by 9312@DESKTOP-EH9B0CP

[2025-05-13 08:59:54 #3 type] 
Type domain.Profile is not enhanced.

[2025-05-13 08:59:54 #4 type] 
Type domain.Erreklamazioa is not enhanced.

[2025-05-13 08:59:54 #5 type] 
Type domain.Mezua is not enhanced.

[2025-05-13 08:59:54 #6 type] 
Type domain.Ride is not enhanced.

[2025-05-13 08:59:54 #7 type] 
Type domain.RideRequest is not enhanced.

[2025-05-13 08:59:54 #8 type] 
Type domain.Alerta is not enhanced.

[2025-05-13 08:59:54 #9 type] 
Type domain.Traveller is not enhanced.

[2025-05-13 08:59:54 #10 type] 
Type domain.Driver is not enhanced.

[2025-05-13 08:59:54 #11 type] 
Type domain.Kotxe is not enhanced.

[2025-05-13 08:59:54 #12 type] 
Type domain.Geltoki is not enhanced.

[2025-05-13 08:59:54 #13 type] 
Type domain.Admin is not enhanced.

------------------------------------------------------------------------------------------------------------------------

[2025-05-13 10:53:40 #1 store] 
Database 'C:\Users\Usuario-Pc\OneDrive\Escritorio\Urtzi Universidad\workspace\SI\Rides24Geltokiekin\src\main\resources\rides.temp' is opened by 24180@DESKTOP-EH9B0CP

[2025-05-13 10:53:40 #2 type] 
Type domain.Profile is not enhanced.

[2025-05-13 10:53:41 #3 type] 
Type domain.Erreklamazioa is not enhanced.

[2025-05-13 10:53:41 #4 type] 
Type domain.Mezua is not enhanced.

[2025-05-13 10:53:41 #5 type] 
Type domain.Ride is not enhanced.

[2025-05-13 10:53:41 #6 type] 
Type domain.RideRequest is not enhanced.

[2025-05-13 10:53:41 #7 type] 
Type domain.Alerta is not enhanced.

[2025-05-13 10:53:41 #8 type] 
Type domain.Traveller is not enhanced.

[2025-05-13 10:53:41 #9 type] 
Type domain.Driver is not enhanced.

[2025-05-13 10:53:41 #10 type] 
Type domain.Kotxe is not enhanced.

[2025-05-13 10:53:41 #11 type] 
Type domain.Geltoki is not enhanced.

[2025-05-13 10:53:41 #12 type] 
Type domain.Admin is not enhanced.

------------------------------------------------------------------------------------------------------------------------

[2025-05-13 10:57:23 #1 store] 
Database 'C:\Users\Usuario-Pc\OneDrive\Escritorio\Urtzi Universidad\workspace\SI\Rides24Geltokiekin\src\main\resources\rides.temp' has been recovered (tr. 221-223)

[2025-05-13 10:57:23 #2 store] 
Database 'C:\Users\Usuario-Pc\OneDrive\Escritorio\Urtzi Universidad\workspace\SI\Rides24Geltokiekin\src\main\resources\rides.temp' is opened by 12952@DESKTOP-EH9B0CP

[2025-05-13 10:57:23 #3 type] 
Type domain.Profile is not enhanced.

[2025-05-13 10:57:23 #4 type] 
Type domain.Erreklamazioa is not enhanced.

[2025-05-13 10:57:23 #5 type] 
Type domain.Mezua is not enhanced.

[2025-05-13 10:57:23 #6 type] 
Type domain.Ride is not enhanced.

[2025-05-13 10:57:23 #7 type] 
Type domain.RideRequest is not enhanced.

[2025-05-13 10:57:23 #8 type] 
Type domain.Alerta is not enhanced.

[2025-05-13 10:57:23 #9 type] 
Type domain.Traveller is not enhanced.

[2025-05-13 10:57:23 #10 type] 
Type domain.Driver is not enhanced.

[2025-05-13 10:57:23 #11 type] 
Type domain.Kotxe is not enhanced.

[2025-05-13 10:57:23 #12 type] 
Type domain.Geltoki is not enhanced.

[2025-05-13 10:57:23 #13 type] 
Type domain.Admin is not enhanced.

------------------------------------------------------------------------------------------------------------------------

[2025-05-13 17:49:39 #1 store] 
Database 'C:\Users\Usuario-Pc\OneDrive\Escritorio\Urtzi Universidad\workspace\SI\Rides24Geltokiekin\src\main\resources\rides.temp' has been recovered (tr. 224-236)

[2025-05-13 17:49:40 #2 store] 
Database 'C:\Users\Usuario-Pc\OneDrive\Escritorio\Urtzi Universidad\workspace\SI\Rides24Geltokiekin\src\main\resources\rides.temp' is opened by 10976@DESKTOP-EH9B0CP

[2025-05-13 17:49:40 #3 type] 
Type domain.Profile is not enhanced.

[2025-05-13 17:49:40 #4 type] 
Type domain.Erreklamazioa is not enhanced.

[2025-05-13 17:49:40 #5 type] 
Type domain.Mezua is not enhanced.

[2025-05-13 17:49:40 #6 type] 
Type domain.Ride is not enhanced.

[2025-05-13 17:49:40 #7 type] 
Type domain.RideRequest is not enhanced.

[2025-05-13 17:49:40 #8 type] 
Type domain.Alerta is not enhanced.

[2025-05-13 17:49:40 #9 type] 
Type domain.Traveller is not enhanced.

[2025-05-13 17:49:40 #10 type] 
Type domain.Driver is not enhanced.

[2025-05-13 17:49:40 #11 type] 
Type domain.Kotxe is not enhanced.

[2025-05-13 17:49:40 #12 type] 
Type domain.Geltoki is not enhanced.

[2025-05-13 17:49:40 #13 type] 
Type domain.Admin is not enhanced.

------------------------------------------------------------------------------------------------------------------------

[2025-05-13 17:52:38 #1 store] 
Database 'C:\Users\Usuario-Pc\OneDrive\Escritorio\Urtzi Universidad\workspace\SI\Rides24Geltokiekin\src\main\resources\rides.temp' has been recovered (tr. 237-237)

[2025-05-13 17:52:38 #2 store] 
Database 'C:\Users\Usuario-Pc\OneDrive\Escritorio\Urtzi Universidad\workspace\SI\Rides24Geltokiekin\src\main\resources\rides.temp' is opened by 23220@DESKTOP-EH9B0CP

[2025-05-13 17:52:38 #3 type] 
Type domain.Profile is not enhanced.

[2025-05-13 17:52:38 #4 type] 
Type domain.Erreklamazioa is not enhanced.

[2025-05-13 17:52:38 #5 type] 
Type domain.Mezua is not enhanced.

[2025-05-13 17:52:38 #6 type] 
Type domain.Ride is not enhanced.

[2025-05-13 17:52:38 #7 type] 
Type domain.RideRequest is not enhanced.

[2025-05-13 17:52:38 #8 type] 
Type domain.Alerta is not enhanced.

[2025-05-13 17:52:38 #9 type] 
Type domain.Traveller is not enhanced.

[2025-05-13 17:52:38 #10 type] 
Type domain.Driver is not enhanced.

[2025-05-13 17:52:38 #11 type] 
Type domain.Kotxe is not enhanced.

[2025-05-13 17:52:38 #12 type] 
Type domain.Geltoki is not enhanced.

[2025-05-13 17:52:38 #13 type] 
Type domain.Admin is not enhanced.

------------------------------------------------------------------------------------------------------------------------

[2025-05-13 17:56:53 #1 store] 
Database 'C:\Users\Usuario-Pc\OneDrive\Escritorio\Urtzi Universidad\workspace\SI\Rides24Geltokiekin\src\main\resources\rides.temp' is opened by 15548@DESKTOP-EH9B0CP

[2025-05-13 17:56:53 #2 type] 
Type domain.Profile is not enhanced.

[2025-05-13 17:56:53 #3 type] 
Type domain.Erreklamazioa is not enhanced.

[2025-05-13 17:56:53 #4 type] 
Type domain.Mezua is not enhanced.

[2025-05-13 17:56:53 #5 type] 
Type domain.Ride is not enhanced.

[2025-05-13 17:56:53 #6 type] 
Type domain.RideRequest is not enhanced.

[2025-05-13 17:56:53 #7 type] 
Type domain.Alerta is not enhanced.

[2025-05-13 17:56:53 #8 type] 
Type domain.Traveller is not enhanced.

[2025-05-13 17:56:53 #9 type] 
Type domain.Driver is not enhanced.

[2025-05-13 17:56:53 #10 type] 
Type domain.Kotxe is not enhanced.

[2025-05-13 17:56:53 #11 type] 
Type domain.Geltoki is not enhanced.

[2025-05-13 17:56:53 #12 type] 
Type domain.Admin is not enhanced.

------------------------------------------------------------------------------------------------------------------------

[2025-05-13 18:01:10 #1 store] 
Database 'C:\Users\Usuario-Pc\OneDrive\Escritorio\Urtzi Universidad\workspace\SI\Rides24Geltokiekin\src\main\resources\rides.temp' has been recovered (tr. 238-249)

[2025-05-13 18:01:11 #2 store] 
Database 'C:\Users\Usuario-Pc\OneDrive\Escritorio\Urtzi Universidad\workspace\SI\Rides24Geltokiekin\src\main\resources\rides.temp' is opened by 17320@DESKTOP-EH9B0CP

[2025-05-13 18:01:11 #3 type] 
Type domain.Profile is not enhanced.

[2025-05-13 18:01:11 #4 type] 
Type domain.Erreklamazioa is not enhanced.

[2025-05-13 18:01:11 #5 type] 
Type domain.Mezua is not enhanced.

[2025-05-13 18:01:11 #6 type] 
Type domain.Ride is not enhanced.

[2025-05-13 18:01:11 #7 type] 
Type domain.RideRequest is not enhanced.

[2025-05-13 18:01:11 #8 type] 
Type domain.Alerta is not enhanced.

[2025-05-13 18:01:11 #9 type] 
Type domain.Traveller is not enhanced.

[2025-05-13 18:01:11 #10 type] 
Type domain.Driver is not enhanced.

[2025-05-13 18:01:11 #11 type] 
Type domain.Kotxe is not enhanced.

[2025-05-13 18:01:11 #12 type] 
Type domain.Geltoki is not enhanced.

[2025-05-13 18:01:11 #13 type] 
Type domain.Admin is not enhanced.

------------------------------------------------------------------------------------------------------------------------

[2025-05-13 18:03:22 #1 store] 
Database 'C:\Users\Usuario-Pc\OneDrive\Escritorio\Urtzi Universidad\workspace\SI\Rides24Geltokiekin\src\main\resources\rides.temp' is opened by 16172@DESKTOP-EH9B0CP

[2025-05-13 18:03:22 #2 type] 
Type domain.Profile is not enhanced.

[2025-05-13 18:03:22 #3 type] 
Type domain.Erreklamazioa is not enhanced.

[2025-05-13 18:03:22 #4 type] 
Type domain.Mezua is not enhanced.

[2025-05-13 18:03:22 #5 type] 
Type domain.Ride is not enhanced.

[2025-05-13 18:03:22 #6 type] 
Type domain.RideRequest is not enhanced.

[2025-05-13 18:03:22 #7 type] 
Type domain.Alerta is not enhanced.

[2025-05-13 18:03:22 #8 type] 
Type domain.Traveller is not enhanced.

[2025-05-13 18:03:22 #9 type] 
Type domain.Driver is not enhanced.

[2025-05-13 18:03:22 #10 type] 
Type domain.Kotxe is not enhanced.

[2025-05-13 18:03:22 #11 type] 
Type domain.Geltoki is not enhanced.

[2025-05-13 18:03:22 #12 type] 
Type domain.Admin is not enhanced.

------------------------------------------------------------------------------------------------------------------------

[2025-05-13 18:05:21 #1 store] 
Database 'C:\Users\Usuario-Pc\OneDrive\Escritorio\Urtzi Universidad\workspace\SI\Rides24Geltokiekin\src\main\resources\rides.temp' is opened by 10096@DESKTOP-EH9B0CP

[2025-05-13 18:05:21 #2 type] 
Type domain.Profile is not enhanced.

[2025-05-13 18:05:21 #3 type] 
Type domain.Erreklamazioa is not enhanced.

[2025-05-13 18:05:21 #4 type] 
Type domain.Mezua is not enhanced.

[2025-05-13 18:05:21 #5 type] 
Type domain.Ride is not enhanced.

[2025-05-13 18:05:21 #6 type] 
Type domain.RideRequest is not enhanced.

[2025-05-13 18:05:21 #7 type] 
Type domain.Alerta is not enhanced.

[2025-05-13 18:05:21 #8 type] 
Type domain.Traveller is not enhanced.

[2025-05-13 18:05:21 #9 type] 
Type domain.Driver is not enhanced.

[2025-05-13 18:05:21 #10 type] 
Type domain.Kotxe is not enhanced.

[2025-05-13 18:05:21 #11 type] 
Type domain.Geltoki is not enhanced.

[2025-05-13 18:05:21 #12 type] 
Type domain.Admin is not enhanced.

------------------------------------------------------------------------------------------------------------------------

[2025-05-13 18:22:49 #1 store] 
Database 'C:\Users\Usuario-Pc\OneDrive\Escritorio\Urtzi Universidad\workspace\SI\Rides24Geltokiekin\src\main\resources\rides.temp' is opened by 16268@DESKTOP-EH9B0CP

[2025-05-13 18:22:50 #2 type] 
Type domain.Profile is not enhanced.

[2025-05-13 18:22:50 #3 type] 
Type domain.Erreklamazioa is not enhanced.

[2025-05-13 18:22:50 #4 type] 
Type domain.Mezua is not enhanced.

[2025-05-13 18:22:50 #5 type] 
Type domain.Ride is not enhanced.

[2025-05-13 18:22:50 #6 type] 
Type domain.RideRequest is not enhanced.

[2025-05-13 18:22:50 #7 type] 
Type domain.Alerta is not enhanced.

[2025-05-13 18:22:50 #8 type] 
Type domain.Traveller is not enhanced.

[2025-05-13 18:22:50 #9 type] 
Type domain.Driver is not enhanced.

[2025-05-13 18:22:50 #10 type] 
Type domain.Kotxe is not enhanced.

[2025-05-13 18:22:50 #11 type] 
Type domain.Geltoki is not enhanced.

[2025-05-13 18:22:50 #12 type] 
Type domain.Admin is not enhanced.

------------------------------------------------------------------------------------------------------------------------

[2025-05-13 18:24:07 #1 store] 
Database 'C:\Users\Usuario-Pc\OneDrive\Escritorio\Urtzi Universidad\workspace\SI\Rides24Geltokiekin\src\main\resources\rides.temp' is opened by 1768@DESKTOP-EH9B0CP

[2025-05-13 18:24:07 #2 type] 
Type domain.Profile is not enhanced.

[2025-05-13 18:24:07 #3 type] 
Type domain.Erreklamazioa is not enhanced.

[2025-05-13 18:24:07 #4 type] 
Type domain.Mezua is not enhanced.

[2025-05-13 18:24:07 #5 type] 
Type domain.Ride is not enhanced.

[2025-05-13 18:24:07 #6 type] 
Type domain.RideRequest is not enhanced.

[2025-05-13 18:24:07 #7 type] 
Type domain.Alerta is not enhanced.

[2025-05-13 18:24:07 #8 type] 
Type domain.Traveller is not enhanced.

[2025-05-13 18:24:07 #9 type] 
Type domain.Driver is not enhanced.

[2025-05-13 18:24:07 #10 type] 
Type domain.Kotxe is not enhanced.

[2025-05-13 18:24:07 #11 type] 
Type domain.Geltoki is not enhanced.

[2025-05-13 18:24:07 #12 type] 
Type domain.Admin is not enhanced.

------------------------------------------------------------------------------------------------------------------------

[2025-05-13 18:30:16 #1 store] 
Database 'C:\Users\Usuario-Pc\OneDrive\Escritorio\Urtzi Universidad\workspace\SI\Rides24Geltokiekin\src\main\resources\rides.temp' has been recovered (tr. 250-250)

[2025-05-13 18:30:16 #2 store] 
Database 'C:\Users\Usuario-Pc\OneDrive\Escritorio\Urtzi Universidad\workspace\SI\Rides24Geltokiekin\src\main\resources\rides.temp' is opened by 23068@DESKTOP-EH9B0CP

[2025-05-13 18:30:16 #3 type] 
Type domain.Profile is not enhanced.

[2025-05-13 18:30:16 #4 type] 
Type domain.Erreklamazioa is not enhanced.

[2025-05-13 18:30:16 #5 type] 
Type domain.Mezua is not enhanced.

[2025-05-13 18:30:16 #6 type] 
Type domain.Ride is not enhanced.

[2025-05-13 18:30:16 #7 type] 
Type domain.RideRequest is not enhanced.

[2025-05-13 18:30:16 #8 type] 
Type domain.Alerta is not enhanced.

[2025-05-13 18:30:16 #9 type] 
Type domain.Traveller is not enhanced.

[2025-05-13 18:30:16 #10 type] 
Type domain.Driver is not enhanced.

[2025-05-13 18:30:16 #11 type] 
Type domain.Kotxe is not enhanced.

[2025-05-13 18:30:16 #12 type] 
Type domain.Geltoki is not enhanced.

[2025-05-13 18:30:16 #13 type] 
Type domain.Admin is not enhanced.

------------------------------------------------------------------------------------------------------------------------

[2025-05-13 20:04:35 #1 store] 
Database 'C:\Users\Usuario-Pc\OneDrive\Escritorio\Urtzi Universidad\workspace\SI\Rides24Geltokiekin\src\main\resources\rides.temp' is opened by 22584@DESKTOP-EH9B0CP

[2025-05-13 20:04:35 #2 type] 
Type domain.Profile is not enhanced.

[2025-05-13 20:04:35 #3 type] 
Type domain.Erreklamazioa is not enhanced.

[2025-05-13 20:04:35 #4 type] 
Type domain.Mezua is not enhanced.

[2025-05-13 20:04:35 #5 type] 
Type domain.Ride is not enhanced.

[2025-05-13 20:04:35 #6 type] 
Type domain.RideRequest is not enhanced.

[2025-05-13 20:04:35 #7 type] 
Type domain.Alerta is not enhanced.

[2025-05-13 20:04:35 #8 type] 
Type domain.Traveller is not enhanced.

[2025-05-13 20:04:35 #9 type] 
Type domain.Driver is not enhanced.

[2025-05-13 20:04:35 #10 type] 
Type domain.Kotxe is not enhanced.

[2025-05-13 20:04:35 #11 type] 
Type domain.Geltoki is not enhanced.

[2025-05-13 20:04:35 #12 type] 
Type domain.Admin is not enhanced.

------------------------------------------------------------------------------------------------------------------------

[2025-05-13 20:34:01 #1 store] 
Database 'C:\Users\Usuario-Pc\OneDrive\Escritorio\Urtzi Universidad\workspace\SI\Rides24Geltokiekin\src\main\resources\rides.temp' is opened by 14572@DESKTOP-EH9B0CP

[2025-05-13 20:34:02 #2 type] 
Type domain.Profile is not enhanced.

[2025-05-13 20:34:02 #3 type] 
Type domain.Erreklamazioa is not enhanced.

[2025-05-13 20:34:02 #4 type] 
Type domain.Mezua is not enhanced.

[2025-05-13 20:34:02 #5 type] 
Type domain.Ride is not enhanced.

[2025-05-13 20:34:02 #6 type] 
Type domain.RideRequest is not enhanced.

[2025-05-13 20:34:02 #7 type] 
Type domain.Alerta is not enhanced.

[2025-05-13 20:34:02 #8 type] 
Type domain.Traveller is not enhanced.

[2025-05-13 20:34:02 #9 type] 
Type domain.Driver is not enhanced.

[2025-05-13 20:34:02 #10 type] 
Type domain.Kotxe is not enhanced.

[2025-05-13 20:34:02 #11 type] 
Type domain.Geltoki is not enhanced.

[2025-05-13 20:34:02 #12 type] 
Type domain.Admin is not enhanced.

------------------------------------------------------------------------------------------------------------------------

[2025-05-13 21:04:35 #1 store] 
Database 'C:\Users\Usuario-Pc\OneDrive\Escritorio\Urtzi Universidad\workspace\SI\Rides24Geltokiekin\src\main\resources\rides.temp' is opened by 15664@DESKTOP-EH9B0CP

[2025-05-13 21:04:35 #2 type] 
Type domain.Profile is not enhanced.

[2025-05-13 21:04:35 #3 type] 
Type domain.Erreklamazioa is not enhanced.

[2025-05-13 21:04:35 #4 type] 
Type domain.Mezua is not enhanced.

[2025-05-13 21:04:35 #5 type] 
Type domain.Ride is not enhanced.

[2025-05-13 21:04:35 #6 type] 
Type domain.RideRequest is not enhanced.

[2025-05-13 21:04:35 #7 type] 
Type domain.Alerta is not enhanced.

[2025-05-13 21:04:35 #8 type] 
Type domain.Traveller is not enhanced.

[2025-05-13 21:04:35 #9 type] 
Type domain.Driver is not enhanced.

[2025-05-13 21:04:35 #10 type] 
Type domain.Kotxe is not enhanced.

[2025-05-13 21:04:35 #11 type] 
Type domain.Geltoki is not enhanced.

[2025-05-13 21:04:35 #12 type] 
Type domain.Admin is not enhanced.

------------------------------------------------------------------------------------------------------------------------

[2025-05-13 23:37:09 #1 store] 
Database 'C:\Users\Usuario-Pc\OneDrive\Escritorio\Urtzi Universidad\workspace\SI\Rides24Geltokiekin\src\main\resources\rides.temp' is opened by 8952@DESKTOP-EH9B0CP

[2025-05-13 23:37:09 #2 type] 
Type domain.Profile is not enhanced.

[2025-05-13 23:37:09 #3 type] 
Type domain.Erreklamazioa is not enhanced.

[2025-05-13 23:37:09 #4 type] 
Type domain.Mezua is not enhanced.

[2025-05-13 23:37:09 #5 type] 
Type domain.Ride is not enhanced.

[2025-05-13 23:37:09 #6 type] 
Type domain.RideRequest is not enhanced.

[2025-05-13 23:37:09 #7 type] 
Type domain.Alerta is not enhanced.

[2025-05-13 23:37:09 #8 type] 
Type domain.Traveller is not enhanced.

[2025-05-13 23:37:09 #9 type] 
Type domain.Driver is not enhanced.

[2025-05-13 23:37:09 #10 type] 
Type domain.Kotxe is not enhanced.

[2025-05-13 23:37:09 #11 type] 
Type domain.Geltoki is not enhanced.

[2025-05-13 23:37:09 #12 type] 
Type domain.Admin is not enhanced.

------------------------------------------------------------------------------------------------------------------------

[2025-05-13 23:45:34 #1 store] 
Database 'C:\Users\Usuario-Pc\OneDrive\Escritorio\Urtzi Universidad\workspace\SI\Rides24Geltokiekin\src\main\resources\rides.temp' has been recovered (tr. 254-254)

[2025-05-13 23:45:34 #2 store] 
Database 'C:\Users\Usuario-Pc\OneDrive\Escritorio\Urtzi Universidad\workspace\SI\Rides24Geltokiekin\src\main\resources\rides.temp' is opened by 19968@DESKTOP-EH9B0CP

[2025-05-13 23:45:34 #3 type] 
Type domain.Profile is not enhanced.

[2025-05-13 23:45:34 #4 type] 
Type domain.Erreklamazioa is not enhanced.

[2025-05-13 23:45:34 #5 type] 
Type domain.Mezua is not enhanced.

[2025-05-13 23:45:34 #6 type] 
Type domain.Ride is not enhanced.

[2025-05-13 23:45:34 #7 type] 
Type domain.RideRequest is not enhanced.

[2025-05-13 23:45:34 #8 type] 
Type domain.Alerta is not enhanced.

[2025-05-13 23:45:34 #9 type] 
Type domain.Traveller is not enhanced.

[2025-05-13 23:45:34 #10 type] 
Type domain.Driver is not enhanced.

[2025-05-13 23:45:34 #11 type] 
Type domain.Kotxe is not enhanced.

[2025-05-13 23:45:34 #12 type] 
Type domain.Geltoki is not enhanced.

[2025-05-13 23:45:34 #13 type] 
Type domain.Admin is not enhanced.

------------------------------------------------------------------------------------------------------------------------

[2025-05-13 23:45:53 #1 store] 
Database 'C:\Users\Usuario-Pc\OneDrive\Escritorio\Urtzi Universidad\workspace\SI\Rides24Geltokiekin\src\main\resources\rides.temp' is opened by 22596@DESKTOP-EH9B0CP

[2025-05-13 23:45:53 #2 type] 
Type domain.Profile is not enhanced.

[2025-05-13 23:45:53 #3 type] 
Type domain.Erreklamazioa is not enhanced.

[2025-05-13 23:45:53 #4 type] 
Type domain.Mezua is not enhanced.

[2025-05-13 23:45:53 #5 type] 
Type domain.Ride is not enhanced.

[2025-05-13 23:45:53 #6 type] 
Type domain.RideRequest is not enhanced.

[2025-05-13 23:45:53 #7 type] 
Type domain.Alerta is not enhanced.

[2025-05-13 23:45:53 #8 type] 
Type domain.Traveller is not enhanced.

[2025-05-13 23:45:53 #9 type] 
Type domain.Driver is not enhanced.

[2025-05-13 23:45:53 #10 type] 
Type domain.Kotxe is not enhanced.

[2025-05-13 23:45:53 #11 type] 
Type domain.Geltoki is not enhanced.

[2025-05-13 23:45:53 #12 type] 
Type domain.Admin is not enhanced.

