------------------------------------------------------------------------------------------------------------------------

[2025-02-25 15:47:16 #1 store] 
Database 'C:\Users\ekait\eclipse-workspace\Rides24\src\main\resources\rides.temp' has been recovered (tr. 25-25)

[2025-02-25 15:47:16 #2 store] 
Database 'C:\Users\ekait\eclipse-workspace\Rides24\src\main\resources\rides.temp' is opened by 20740@LAPTOP-1CQB3TB3

[2025-02-25 15:47:16 #3 type] 
Type domain.Profile is not enhanced.

[2025-02-25 15:47:16 #4 type] 
Type domain.Driver is not enhanced.

[2025-02-25 15:47:16 #5 type] 
Type domain.Ride is not enhanced.

[2025-02-25 15:47:16 #6 type] 
Type domain.RideRequest is not enhanced.

[2025-02-25 15:47:16 #7 type] 
Type domain.Traveller is not enhanced.

------------------------------------------------------------------------------------------------------------------------

[2025-02-25 15:53:29 #1 store] 
Database 'C:\Users\ekait\eclipse-workspace\Rides24\src\main\resources\rides.temp' is opened by 13724@LAPTOP-1CQB3TB3

[2025-02-25 15:53:30 #2 type] 
Type domain.Profile is not enhanced.

[2025-02-25 15:53:30 #3 type] 
Type domain.Driver is not enhanced.

[2025-02-25 15:53:30 #4 type] 
Type domain.Ride is not enhanced.

[2025-02-25 15:53:30 #5 type] 
Type domain.RideRequest is not enhanced.

[2025-02-25 15:53:30 #6 type] 
Type domain.Traveller is not enhanced.

------------------------------------------------------------------------------------------------------------------------

[2025-02-25 15:56:08 #1 store] 
Database 'C:\Users\ekait\eclipse-workspace\Rides24\src\main\resources\rides.temp' is opened by 4520@LAPTOP-1CQB3TB3

[2025-02-25 15:56:08 #2 type] 
Type domain.Profile is not enhanced.

[2025-02-25 15:56:08 #3 type] 
Type domain.Driver is not enhanced.

[2025-02-25 15:56:08 #4 type] 
Type domain.Ride is not enhanced.

[2025-02-25 15:56:08 #5 type] 
Type domain.RideRequest is not enhanced.

[2025-02-25 15:56:08 #6 type] 
Type domain.Traveller is not enhanced.

------------------------------------------------------------------------------------------------------------------------

[2025-02-25 15:56:27 #1 store] 
Database 'C:\Users\ekait\eclipse-workspace\Rides24\src\main\resources\rides.temp' is opened by 6484@LAPTOP-1CQB3TB3

[2025-02-25 15:56:27 #2 type] 
Type domain.Profile is not enhanced.

[2025-02-25 15:56:27 #3 type] 
Type domain.Driver is not enhanced.

[2025-02-25 15:56:27 #4 type] 
Type domain.Ride is not enhanced.

[2025-02-25 15:56:27 #5 type] 
Type domain.RideRequest is not enhanced.

[2025-02-25 15:56:27 #6 type] 
Type domain.Traveller is not enhanced.

------------------------------------------------------------------------------------------------------------------------

[2025-02-25 16:08:08 #1 store] 
Database 'C:\Users\ekait\eclipse-workspace\Rides24\src\main\resources\rides.temp' is opened by 11880@LAPTOP-1CQB3TB3

[2025-02-25 16:08:08 #2 type] 
Type domain.Profile is not enhanced.

[2025-02-25 16:08:08 #3 type] 
Type domain.Driver is not enhanced.

[2025-02-25 16:08:08 #4 type] 
Type domain.Ride is not enhanced.

[2025-02-25 16:08:08 #5 type] 
Type domain.RideRequest is not enhanced.

[2025-02-25 16:08:08 #6 type] 
Type domain.Traveller is not enhanced.

------------------------------------------------------------------------------------------------------------------------

[2025-02-25 16:16:49 #1 store] 
Database 'C:\Users\ekait\eclipse-workspace\Rides24\src\main\resources\rides.temp' is opened by 3940@LAPTOP-1CQB3TB3

[2025-02-25 16:16:50 #2 type] 
Type domain.Profile is not enhanced.

[2025-02-25 16:16:50 #3 type] 
Type domain.Driver is not enhanced.

[2025-02-25 16:16:50 #4 type] 
Type domain.Ride is not enhanced.

[2025-02-25 16:16:50 #5 type] 
Type domain.RideRequest is not enhanced.

[2025-02-25 16:16:50 #6 type] 
Type domain.Traveller is not enhanced.

------------------------------------------------------------------------------------------------------------------------

[2025-02-25 16:18:03 #1 store] 
Database 'C:\Users\ekait\eclipse-workspace\Rides24\src\main\resources\rides.temp' is opened by 4836@LAPTOP-1CQB3TB3

[2025-02-25 16:18:03 #2 type] 
Type domain.Profile is not enhanced.

[2025-02-25 16:18:03 #3 type] 
Type domain.Driver is not enhanced.

[2025-02-25 16:18:03 #4 type] 
Type domain.Ride is not enhanced.

[2025-02-25 16:18:03 #5 type] 
Type domain.RideRequest is not enhanced.

[2025-02-25 16:18:03 #6 type] 
Type domain.Traveller is not enhanced.

------------------------------------------------------------------------------------------------------------------------

[2025-02-25 16:18:22 #1 store] 
Database 'C:\Users\ekait\eclipse-workspace\Rides24\src\main\resources\rides.temp' is opened by 12432@LAPTOP-1CQB3TB3

[2025-02-25 16:18:22 #2 type] 
Type domain.Profile is not enhanced.

[2025-02-25 16:18:22 #3 type] 
Type domain.Driver is not enhanced.

[2025-02-25 16:18:22 #4 type] 
Type domain.Ride is not enhanced.

[2025-02-25 16:18:22 #5 type] 
Type domain.RideRequest is not enhanced.

[2025-02-25 16:18:22 #6 type] 
Type domain.Traveller is not enhanced.

------------------------------------------------------------------------------------------------------------------------

[2025-02-25 16:19:14 #1 store] 
Database 'C:\Users\ekait\eclipse-workspace\Rides24\src\main\resources\rides.temp' is opened by 20340@LAPTOP-1CQB3TB3

[2025-02-25 16:19:14 #2 type] 
Type domain.Profile is not enhanced.

[2025-02-25 16:19:15 #3 type] 
Type domain.Driver is not enhanced.

[2025-02-25 16:19:15 #4 type] 
Type domain.Ride is not enhanced.

[2025-02-25 16:19:15 #5 type] 
Type domain.RideRequest is not enhanced.

[2025-02-25 16:19:15 #6 type] 
Type domain.Traveller is not enhanced.

------------------------------------------------------------------------------------------------------------------------

[2025-02-25 16:24:35 #1 store] 
Database 'C:\Users\ekait\eclipse-workspace\Rides24\src\main\resources\rides.temp' is opened by 12208@LAPTOP-1CQB3TB3

[2025-02-25 16:24:35 #2 type] 
Type domain.Profile is not enhanced.

[2025-02-25 16:24:35 #3 type] 
Type domain.Driver is not enhanced.

[2025-02-25 16:24:35 #4 type] 
Type domain.Ride is not enhanced.

[2025-02-25 16:24:35 #5 type] 
Type domain.RideRequest is not enhanced.

[2025-02-25 16:24:35 #6 type] 
Type domain.Traveller is not enhanced.

------------------------------------------------------------------------------------------------------------------------

[2025-02-25 16:26:31 #1 store] 
Database 'C:\Users\ekait\eclipse-workspace\Rides24\src\main\resources\rides.temp' is opened by 14156@LAPTOP-1CQB3TB3

[2025-02-25 16:26:31 #2 type] 
Type domain.Profile is not enhanced.

[2025-02-25 16:26:31 #3 type] 
Type domain.Driver is not enhanced.

[2025-02-25 16:26:31 #4 type] 
Type domain.Ride is not enhanced.

[2025-02-25 16:26:31 #5 type] 
Type domain.RideRequest is not enhanced.

[2025-02-25 16:26:31 #6 type] 
Type domain.Traveller is not enhanced.

------------------------------------------------------------------------------------------------------------------------

[2025-02-25 16:32:21 #1 store] 
Database 'C:\Users\ekait\eclipse-workspace\Rides24\src\main\resources\rides.temp' is opened by 4036@LAPTOP-1CQB3TB3

[2025-02-25 16:32:21 #2 type] 
Type domain.Profile is not enhanced.

[2025-02-25 16:32:21 #3 type] 
Type domain.Driver is not enhanced.

[2025-02-25 16:32:21 #4 type] 
Type domain.Ride is not enhanced.

[2025-02-25 16:32:21 #5 type] 
Type domain.RideRequest is not enhanced.

[2025-02-25 16:32:21 #6 type] 
Type domain.Traveller is not enhanced.

------------------------------------------------------------------------------------------------------------------------

[2025-02-25 16:33:21 #1 store] 
Database 'C:\Users\ekait\eclipse-workspace\Rides24\src\main\resources\rides.temp' is opened by 4860@LAPTOP-1CQB3TB3

[2025-02-25 16:33:21 #2 type] 
Type domain.Profile is not enhanced.

[2025-02-25 16:33:21 #3 type] 
Type domain.Driver is not enhanced.

[2025-02-25 16:33:21 #4 type] 
Type domain.Ride is not enhanced.

[2025-02-25 16:33:21 #5 type] 
Type domain.RideRequest is not enhanced.

[2025-02-25 16:33:21 #6 type] 
Type domain.Traveller is not enhanced.

------------------------------------------------------------------------------------------------------------------------

[2025-02-25 16:38:44 #1 store] 
Database 'C:\Users\ekait\eclipse-workspace\Rides24\src\main\resources\rides.temp' is opened by 6752@LAPTOP-1CQB3TB3

[2025-02-25 16:38:44 #2 type] 
Type domain.Profile is not enhanced.

[2025-02-25 16:38:44 #3 type] 
Type domain.Driver is not enhanced.

[2025-02-25 16:38:44 #4 type] 
Type domain.Ride is not enhanced.

[2025-02-25 16:38:44 #5 type] 
Type domain.RideRequest is not enhanced.

[2025-02-25 16:38:44 #6 type] 
Type domain.Traveller is not enhanced.

------------------------------------------------------------------------------------------------------------------------

[2025-02-25 16:39:52 #1 store] 
Database 'C:\Users\ekait\eclipse-workspace\Rides24\src\main\resources\rides.temp' is opened by 12436@LAPTOP-1CQB3TB3

[2025-02-25 16:39:52 #2 type] 
Type domain.Profile is not enhanced.

[2025-02-25 16:39:52 #3 type] 
Type domain.Driver is not enhanced.

[2025-02-25 16:39:52 #4 type] 
Type domain.Ride is not enhanced.

[2025-02-25 16:39:52 #5 type] 
Type domain.RideRequest is not enhanced.

[2025-02-25 16:39:52 #6 type] 
Type domain.Traveller is not enhanced.

------------------------------------------------------------------------------------------------------------------------

[2025-02-25 16:46:03 #1 store] 
Database 'C:\Users\ekait\eclipse-workspace\Rides24\src\main\resources\rides.temp' is opened by 14088@LAPTOP-1CQB3TB3

[2025-02-25 16:46:03 #2 type] 
Type domain.Profile is not enhanced.

[2025-02-25 16:46:03 #3 type] 
Type domain.Driver is not enhanced.

[2025-02-25 16:46:03 #4 type] 
Type domain.Ride is not enhanced.

[2025-02-25 16:46:03 #5 type] 
Type domain.RideRequest is not enhanced.

[2025-02-25 16:46:03 #6 type] 
Type domain.Traveller is not enhanced.

------------------------------------------------------------------------------------------------------------------------

[2025-02-25 16:47:48 #1 store] 
Database 'C:\Users\ekait\eclipse-workspace\Rides24\src\main\resources\rides.temp' is opened by 7060@LAPTOP-1CQB3TB3

[2025-02-25 16:47:48 #2 type] 
Type domain.Profile is not enhanced.

[2025-02-25 16:47:48 #3 type] 
Type domain.Driver is not enhanced.

[2025-02-25 16:47:48 #4 type] 
Type domain.Ride is not enhanced.

[2025-02-25 16:47:48 #5 type] 
Type domain.RideRequest is not enhanced.

[2025-02-25 16:47:48 #6 type] 
Type domain.Traveller is not enhanced.

------------------------------------------------------------------------------------------------------------------------

[2025-02-25 16:52:04 #1 store] 
Database 'C:\Users\ekait\eclipse-workspace\Rides24\src\main\resources\rides.temp' is opened by 14388@LAPTOP-1CQB3TB3

[2025-02-25 16:52:04 #2 type] 
Type domain.Profile is not enhanced.

[2025-02-25 16:52:04 #3 type] 
Type domain.Driver is not enhanced.

[2025-02-25 16:52:04 #4 type] 
Type domain.Ride is not enhanced.

[2025-02-25 16:52:04 #5 type] 
Type domain.RideRequest is not enhanced.

[2025-02-25 16:52:04 #6 type] 
Type domain.Traveller is not enhanced.

------------------------------------------------------------------------------------------------------------------------

[2025-02-25 16:54:18 #1 store] 
Database 'C:\Users\ekait\eclipse-workspace\Rides24\src\main\resources\rides.temp' is opened by 11408@LAPTOP-1CQB3TB3

[2025-02-25 16:54:18 #2 type] 
Type domain.Profile is not enhanced.

[2025-02-25 16:54:18 #3 type] 
Type domain.Driver is not enhanced.

[2025-02-25 16:54:18 #4 type] 
Type domain.Ride is not enhanced.

[2025-02-25 16:54:18 #5 type] 
Type domain.RideRequest is not enhanced.

[2025-02-25 16:54:18 #6 type] 
Type domain.Traveller is not enhanced.

------------------------------------------------------------------------------------------------------------------------

[2025-02-25 16:56:07 #1 store] 
Database 'C:\Users\ekait\eclipse-workspace\Rides24\src\main\resources\rides.temp' is opened by 11500@LAPTOP-1CQB3TB3

[2025-02-25 16:56:07 #2 type] 
Type domain.Profile is not enhanced.

[2025-02-25 16:56:07 #3 type] 
Type domain.Driver is not enhanced.

[2025-02-25 16:56:07 #4 type] 
Type domain.Ride is not enhanced.

[2025-02-25 16:56:07 #5 type] 
Type domain.RideRequest is not enhanced.

[2025-02-25 16:56:07 #6 type] 
Type domain.Traveller is not enhanced.

------------------------------------------------------------------------------------------------------------------------

[2025-02-25 17:02:40 #1 store] 
Database 'C:\Users\ekait\eclipse-workspace\Rides24\src\main\resources\rides.temp' is opened by 20180@LAPTOP-1CQB3TB3

[2025-02-25 17:02:40 #2 type] 
Type domain.Profile is not enhanced.

[2025-02-25 17:02:40 #3 type] 
Type domain.Driver is not enhanced.

[2025-02-25 17:02:40 #4 type] 
Type domain.Ride is not enhanced.

[2025-02-25 17:02:40 #5 type] 
Type domain.RideRequest is not enhanced.

[2025-02-25 17:02:40 #6 type] 
Type domain.Traveller is not enhanced.

------------------------------------------------------------------------------------------------------------------------

[2025-02-25 17:04:47 #1 store] 
Database 'C:\Users\ekait\eclipse-workspace\Rides24\src\main\resources\rides.temp' is opened by 8424@LAPTOP-1CQB3TB3

[2025-02-25 17:04:47 #2 type] 
Type domain.Profile is not enhanced.

[2025-02-25 17:04:47 #3 type] 
Type domain.Driver is not enhanced.

[2025-02-25 17:04:47 #4 type] 
Type domain.Ride is not enhanced.

[2025-02-25 17:04:47 #5 type] 
Type domain.RideRequest is not enhanced.

[2025-02-25 17:04:47 #6 type] 
Type domain.Traveller is not enhanced.

------------------------------------------------------------------------------------------------------------------------

[2025-02-25 17:06:06 #1 store] 
Database 'C:\Users\ekait\eclipse-workspace\Rides24\src\main\resources\rides.temp' is opened by 15560@LAPTOP-1CQB3TB3

[2025-02-25 17:06:06 #2 type] 
Type domain.Profile is not enhanced.

[2025-02-25 17:06:06 #3 type] 
Type domain.Driver is not enhanced.

[2025-02-25 17:06:06 #4 type] 
Type domain.Ride is not enhanced.

[2025-02-25 17:06:06 #5 type] 
Type domain.RideRequest is not enhanced.

[2025-02-25 17:06:06 #6 type] 
Type domain.Traveller is not enhanced.

------------------------------------------------------------------------------------------------------------------------

[2025-02-25 17:18:07 #1 store] 
Database 'C:\Users\ekait\eclipse-workspace\Rides24\src\main\resources\rides.temp' is opened by 21248@LAPTOP-1CQB3TB3

[2025-02-25 17:18:07 #2 type] 
Type domain.Profile is not enhanced.

[2025-02-25 17:18:07 #3 type] 
Type domain.Driver is not enhanced.

[2025-02-25 17:18:07 #4 type] 
Type domain.Ride is not enhanced.

[2025-02-25 17:18:07 #5 type] 
Type domain.RideRequest is not enhanced.

[2025-02-25 17:18:07 #6 type] 
Type domain.Traveller is not enhanced.

------------------------------------------------------------------------------------------------------------------------

[2025-02-25 17:18:56 #1 store] 
Database 'C:\Users\ekait\eclipse-workspace\Rides24\src\main\resources\rides.temp' is opened by 7820@LAPTOP-1CQB3TB3

[2025-02-25 17:18:56 #2 type] 
Type domain.Profile is not enhanced.

[2025-02-25 17:18:56 #3 type] 
Type domain.Driver is not enhanced.

[2025-02-25 17:18:56 #4 type] 
Type domain.Ride is not enhanced.

[2025-02-25 17:18:56 #5 type] 
Type domain.RideRequest is not enhanced.

[2025-02-25 17:18:56 #6 type] 
Type domain.Traveller is not enhanced.

------------------------------------------------------------------------------------------------------------------------

[2025-02-25 17:21:09 #1 store] 
Database 'C:\Users\ekait\eclipse-workspace\Rides24\src\main\resources\rides.temp' is opened by 17672@LAPTOP-1CQB3TB3

[2025-02-25 17:21:09 #2 type] 
Type domain.Profile is not enhanced.

[2025-02-25 17:21:09 #3 type] 
Type domain.Driver is not enhanced.

[2025-02-25 17:21:09 #4 type] 
Type domain.Ride is not enhanced.

[2025-02-25 17:21:09 #5 type] 
Type domain.RideRequest is not enhanced.

[2025-02-25 17:21:09 #6 type] 
Type domain.Traveller is not enhanced.

------------------------------------------------------------------------------------------------------------------------

[2025-02-25 17:22:36 #1 store] 
Database 'C:\Users\ekait\eclipse-workspace\Rides24\src\main\resources\rides.temp' is opened by 10472@LAPTOP-1CQB3TB3

[2025-02-25 17:22:36 #2 type] 
Type domain.Profile is not enhanced.

[2025-02-25 17:22:36 #3 type] 
Type domain.Driver is not enhanced.

[2025-02-25 17:22:36 #4 type] 
Type domain.Ride is not enhanced.

[2025-02-25 17:22:36 #5 type] 
Type domain.RideRequest is not enhanced.

[2025-02-25 17:22:36 #6 type] 
Type domain.Traveller is not enhanced.

------------------------------------------------------------------------------------------------------------------------

[2025-02-25 17:26:14 #1 store] 
Database 'C:\Users\ekait\eclipse-workspace\Rides24\src\main\resources\rides.temp' is opened by 2332@LAPTOP-1CQB3TB3

[2025-02-25 17:26:14 #2 type] 
Type domain.Profile is not enhanced.

[2025-02-25 17:26:14 #3 type] 
Type domain.Driver is not enhanced.

[2025-02-25 17:26:14 #4 type] 
Type domain.Ride is not enhanced.

[2025-02-25 17:26:14 #5 type] 
Type domain.RideRequest is not enhanced.

[2025-02-25 17:26:14 #6 type] 
Type domain.Traveller is not enhanced.

------------------------------------------------------------------------------------------------------------------------

[2025-02-25 17:27:20 #1 store] 
Database 'C:\Users\ekait\eclipse-workspace\Rides24\src\main\resources\rides.temp' is opened by 18548@LAPTOP-1CQB3TB3

[2025-02-25 17:27:20 #2 type] 
Type domain.Profile is not enhanced.

[2025-02-25 17:27:20 #3 type] 
Type domain.Driver is not enhanced.

[2025-02-25 17:27:20 #4 type] 
Type domain.Ride is not enhanced.

[2025-02-25 17:27:20 #5 type] 
Type domain.RideRequest is not enhanced.

[2025-02-25 17:27:20 #6 type] 
Type domain.Traveller is not enhanced.

------------------------------------------------------------------------------------------------------------------------

[2025-02-25 17:29:35 #1 store] 
Database 'C:\Users\ekait\eclipse-workspace\Rides24\src\main\resources\rides.temp' is opened by 13224@LAPTOP-1CQB3TB3

[2025-02-25 17:29:35 #2 type] 
Type domain.Profile is not enhanced.

[2025-02-25 17:29:35 #3 type] 
Type domain.Driver is not enhanced.

[2025-02-25 17:29:35 #4 type] 
Type domain.Ride is not enhanced.

[2025-02-25 17:29:35 #5 type] 
Type domain.RideRequest is not enhanced.

[2025-02-25 17:29:35 #6 type] 
Type domain.Traveller is not enhanced.

------------------------------------------------------------------------------------------------------------------------

[2025-02-25 17:30:11 #1 store] 
Database 'C:\Users\ekait\eclipse-workspace\Rides24\src\main\resources\rides.temp' is opened by 21176@LAPTOP-1CQB3TB3

[2025-02-25 17:30:11 #2 type] 
Type domain.Profile is not enhanced.

[2025-02-25 17:30:11 #3 type] 
Type domain.Driver is not enhanced.

[2025-02-25 17:30:11 #4 type] 
Type domain.Ride is not enhanced.

[2025-02-25 17:30:11 #5 type] 
Type domain.RideRequest is not enhanced.

[2025-02-25 17:30:11 #6 type] 
Type domain.Traveller is not enhanced.

------------------------------------------------------------------------------------------------------------------------

[2025-02-25 17:31:47 #1 store] 
Database 'C:\Users\ekait\eclipse-workspace\Rides24\src\main\resources\rides.temp' is opened by 21288@LAPTOP-1CQB3TB3

[2025-02-25 17:31:47 #2 type] 
Type domain.Profile is not enhanced.

[2025-02-25 17:31:47 #3 type] 
Type domain.Driver is not enhanced.

[2025-02-25 17:31:47 #4 type] 
Type domain.Ride is not enhanced.

[2025-02-25 17:31:47 #5 type] 
Type domain.RideRequest is not enhanced.

[2025-02-25 17:31:47 #6 type] 
Type domain.Traveller is not enhanced.

------------------------------------------------------------------------------------------------------------------------

[2025-02-25 17:33:23 #1 store] 
Database 'C:\Users\ekait\eclipse-workspace\Rides24\src\main\resources\rides.temp' is opened by 3428@LAPTOP-1CQB3TB3

[2025-02-25 17:33:23 #2 type] 
Type domain.Profile is not enhanced.

[2025-02-25 17:33:23 #3 type] 
Type domain.Driver is not enhanced.

[2025-02-25 17:33:23 #4 type] 
Type domain.Ride is not enhanced.

[2025-02-25 17:33:23 #5 type] 
Type domain.RideRequest is not enhanced.

[2025-02-25 17:33:23 #6 type] 
Type domain.Traveller is not enhanced.

------------------------------------------------------------------------------------------------------------------------

[2025-02-25 17:37:48 #1 store] 
Database 'C:\Users\ekait\eclipse-workspace\Rides24\src\main\resources\rides.temp' has been recovered (tr. 26-28)

[2025-02-25 17:37:48 #2 store] 
Database 'C:\Users\ekait\eclipse-workspace\Rides24\src\main\resources\rides.temp' is opened by 20952@LAPTOP-1CQB3TB3

[2025-02-25 17:37:49 #3 type] 
Type domain.Profile is not enhanced.

[2025-02-25 17:37:49 #4 type] 
Type domain.Driver is not enhanced.

[2025-02-25 17:37:49 #5 type] 
Type domain.Ride is not enhanced.

[2025-02-25 17:37:49 #6 type] 
Type domain.RideRequest is not enhanced.

[2025-02-25 17:37:49 #7 type] 
Type domain.Traveller is not enhanced.

------------------------------------------------------------------------------------------------------------------------

[2025-02-25 17:46:41 #1 store] 
Database 'C:\Users\ekait\eclipse-workspace\Rides24\src\main\resources\rides.temp' is opened by 5348@LAPTOP-1CQB3TB3

[2025-02-25 17:46:41 #2 type] 
Type domain.Profile is not enhanced.

[2025-02-25 17:46:41 #3 type] 
Type domain.Driver is not enhanced.

[2025-02-25 17:46:41 #4 type] 
Type domain.Ride is not enhanced.

[2025-02-25 17:46:41 #5 type] 
Type domain.RideRequest is not enhanced.

[2025-02-25 17:46:41 #6 type] 
Type domain.Traveller is not enhanced.

------------------------------------------------------------------------------------------------------------------------

[2025-02-25 17:49:33 #1 store] 
Database 'C:\Users\ekait\eclipse-workspace\Rides24\src\main\resources\rides.temp' is opened by 11840@LAPTOP-1CQB3TB3

[2025-02-25 17:49:33 #2 type] 
Type domain.Profile is not enhanced.

[2025-02-25 17:49:33 #3 type] 
Type domain.Driver is not enhanced.

[2025-02-25 17:49:33 #4 type] 
Type domain.Ride is not enhanced.

[2025-02-25 17:49:33 #5 type] 
Type domain.RideRequest is not enhanced.

[2025-02-25 17:49:33 #6 type] 
Type domain.Traveller is not enhanced.

------------------------------------------------------------------------------------------------------------------------

[2025-02-25 17:49:50 #1 store] 
Database 'C:\Users\ekait\eclipse-workspace\Rides24\src\main\resources\rides.temp' is opened by 2988@LAPTOP-1CQB3TB3

[2025-02-25 17:49:50 #2 type] 
Type domain.Profile is not enhanced.

[2025-02-25 17:49:50 #3 type] 
Type domain.Driver is not enhanced.

[2025-02-25 17:49:50 #4 type] 
Type domain.Ride is not enhanced.

[2025-02-25 17:49:50 #5 type] 
Type domain.RideRequest is not enhanced.

[2025-02-25 17:49:50 #6 type] 
Type domain.Traveller is not enhanced.

------------------------------------------------------------------------------------------------------------------------

[2025-02-25 17:51:42 #1 store] 
Database 'C:\Users\ekait\eclipse-workspace\Rides24\src\main\resources\rides.temp' is opened by 7176@LAPTOP-1CQB3TB3

[2025-02-25 17:51:42 #2 type] 
Type domain.Profile is not enhanced.

[2025-02-25 17:51:42 #3 type] 
Type domain.Driver is not enhanced.

[2025-02-25 17:51:42 #4 type] 
Type domain.Ride is not enhanced.

[2025-02-25 17:51:42 #5 type] 
Type domain.RideRequest is not enhanced.

[2025-02-25 17:51:42 #6 type] 
Type domain.Traveller is not enhanced.

------------------------------------------------------------------------------------------------------------------------

[2025-02-25 17:52:20 #1 store] 
Database 'C:\Users\ekait\eclipse-workspace\Rides24\src\main\resources\rides.temp' is opened by 10936@LAPTOP-1CQB3TB3

[2025-02-25 17:52:20 #2 type] 
Type domain.Profile is not enhanced.

[2025-02-25 17:52:20 #3 type] 
Type domain.Driver is not enhanced.

[2025-02-25 17:52:20 #4 type] 
Type domain.Ride is not enhanced.

[2025-02-25 17:52:20 #5 type] 
Type domain.RideRequest is not enhanced.

[2025-02-25 17:52:20 #6 type] 
Type domain.Traveller is not enhanced.

------------------------------------------------------------------------------------------------------------------------

[2025-02-25 17:53:21 #1 store] 
Database 'C:\Users\ekait\eclipse-workspace\Rides24\src\main\resources\rides.temp' is opened by 5712@LAPTOP-1CQB3TB3

[2025-02-25 17:53:22 #2 type] 
Type domain.Profile is not enhanced.

[2025-02-25 17:53:22 #3 type] 
Type domain.Driver is not enhanced.

[2025-02-25 17:53:22 #4 type] 
Type domain.Ride is not enhanced.

[2025-02-25 17:53:22 #5 type] 
Type domain.RideRequest is not enhanced.

[2025-02-25 17:53:22 #6 type] 
Type domain.Traveller is not enhanced.

------------------------------------------------------------------------------------------------------------------------

[2025-02-25 17:54:35 #1 store] 
Database 'C:\Users\ekait\eclipse-workspace\Rides24\src\main\resources\rides.temp' is opened by 10100@LAPTOP-1CQB3TB3

[2025-02-25 17:54:35 #2 type] 
Type domain.Profile is not enhanced.

[2025-02-25 17:54:35 #3 type] 
Type domain.Driver is not enhanced.

[2025-02-25 17:54:35 #4 type] 
Type domain.Ride is not enhanced.

[2025-02-25 17:54:35 #5 type] 
Type domain.RideRequest is not enhanced.

[2025-02-25 17:54:35 #6 type] 
Type domain.Traveller is not enhanced.

------------------------------------------------------------------------------------------------------------------------

[2025-02-25 17:56:08 #1 store] 
Database 'C:\Users\ekait\eclipse-workspace\Rides24\src\main\resources\rides.temp' is opened by 21388@LAPTOP-1CQB3TB3

[2025-02-25 17:56:08 #2 type] 
Type domain.Profile is not enhanced.

[2025-02-25 17:56:08 #3 type] 
Type domain.Driver is not enhanced.

[2025-02-25 17:56:08 #4 type] 
Type domain.Ride is not enhanced.

[2025-02-25 17:56:08 #5 type] 
Type domain.RideRequest is not enhanced.

[2025-02-25 17:56:08 #6 type] 
Type domain.Traveller is not enhanced.

------------------------------------------------------------------------------------------------------------------------

[2025-02-25 18:03:33 #1 store] 
Database 'C:\Users\ekait\eclipse-workspace\Rides24\src\main\resources\rides.temp' is opened by 9832@LAPTOP-1CQB3TB3

[2025-02-25 18:03:33 #2 type] 
Type domain.Profile is not enhanced.

[2025-02-25 18:03:33 #3 type] 
Type domain.Driver is not enhanced.

[2025-02-25 18:03:33 #4 type] 
Type domain.Ride is not enhanced.

[2025-02-25 18:03:33 #5 type] 
Type domain.RideRequest is not enhanced.

[2025-02-25 18:03:33 #6 type] 
Type domain.Traveller is not enhanced.

------------------------------------------------------------------------------------------------------------------------

[2025-02-25 18:04:36 #1 store] 
Database 'C:\Users\ekait\eclipse-workspace\Rides24\src\main\resources\rides.temp' has been recovered (tr. 29-29)

[2025-02-25 18:04:36 #2 store] 
Database 'C:\Users\ekait\eclipse-workspace\Rides24\src\main\resources\rides.temp' is opened by 628@LAPTOP-1CQB3TB3

[2025-02-25 18:04:36 #3 type] 
Type domain.Profile is not enhanced.

[2025-02-25 18:04:37 #4 type] 
Type domain.Driver is not enhanced.

[2025-02-25 18:04:37 #5 type] 
Type domain.Ride is not enhanced.

[2025-02-25 18:04:37 #6 type] 
Type domain.RideRequest is not enhanced.

[2025-02-25 18:04:37 #7 type] 
Type domain.Traveller is not enhanced.

------------------------------------------------------------------------------------------------------------------------

[2025-02-25 18:10:29 #1 store] 
Database 'C:\Users\ekait\eclipse-workspace\Rides24\src\main\resources\rides.temp' is opened by 13028@LAPTOP-1CQB3TB3

[2025-02-25 18:10:29 #2 type] 
Type domain.Profile is not enhanced.

[2025-02-25 18:10:29 #3 type] 
Type domain.Driver is not enhanced.

[2025-02-25 18:10:29 #4 type] 
Type domain.Ride is not enhanced.

[2025-02-25 18:10:29 #5 type] 
Type domain.RideRequest is not enhanced.

[2025-02-25 18:10:29 #6 type] 
Type domain.Traveller is not enhanced.

------------------------------------------------------------------------------------------------------------------------

[2025-02-25 18:11:20 #1 store] 
Database 'C:\Users\ekait\eclipse-workspace\Rides24\src\main\resources\rides.temp' is opened by 11092@LAPTOP-1CQB3TB3

[2025-02-25 18:11:20 #2 type] 
Type domain.Profile is not enhanced.

[2025-02-25 18:11:20 #3 type] 
Type domain.Driver is not enhanced.

[2025-02-25 18:11:20 #4 type] 
Type domain.Ride is not enhanced.

[2025-02-25 18:11:20 #5 type] 
Type domain.RideRequest is not enhanced.

[2025-02-25 18:11:20 #6 type] 
Type domain.Traveller is not enhanced.

------------------------------------------------------------------------------------------------------------------------

[2025-02-25 18:25:04 #1 store] 
Database 'C:\Users\Usuario-Pc\OneDrive\Escritorio\Urtzi Universidad\workspace\SI\Rides24\src\main\resources\rides.temp' is opened by 4404@DESKTOP-EH9B0CP

[2025-02-25 18:25:05 #2 type] 
Type domain.Profile is not enhanced.

[2025-02-25 18:25:05 #3 type] 
Type domain.Driver is not enhanced.

[2025-02-25 18:25:05 #4 type] 
Type domain.Ride is not enhanced.

[2025-02-25 18:25:05 #5 type] 
Type domain.RideRequest is not enhanced.

[2025-02-25 18:25:05 #6 type] 
Type domain.Traveller is not enhanced.

------------------------------------------------------------------------------------------------------------------------

[2025-02-25 18:32:40 #1 store] 
Database 'C:\Users\Usuario-Pc\OneDrive\Escritorio\Urtzi Universidad\workspace\SI\Rides24\src\main\resources\rides.temp' is opened by 16632@DESKTOP-EH9B0CP

[2025-02-25 18:32:40 #2 type] 
Type domain.Profile is not enhanced.

[2025-02-25 18:32:40 #3 type] 
Type domain.Driver is not enhanced.

[2025-02-25 18:32:40 #4 type] 
Type domain.Ride is not enhanced.

[2025-02-25 18:32:40 #5 type] 
Type domain.RideRequest is not enhanced.

[2025-02-25 18:32:40 #6 type] 
Type domain.Traveller is not enhanced.

------------------------------------------------------------------------------------------------------------------------

[2025-02-25 18:33:58 #1 store] 
Database 'C:\Users\Usuario-Pc\OneDrive\Escritorio\Urtzi Universidad\workspace\SI\Rides24\src\main\resources\rides.temp' is opened by 16432@DESKTOP-EH9B0CP

[2025-02-25 18:33:58 #2 type] 
Type domain.Profile is not enhanced.

[2025-02-25 18:33:58 #3 type] 
Type domain.Driver is not enhanced.

[2025-02-25 18:33:58 #4 type] 
Type domain.Ride is not enhanced.

[2025-02-25 18:33:58 #5 type] 
Type domain.RideRequest is not enhanced.

[2025-02-25 18:33:58 #6 type] 
Type domain.Traveller is not enhanced.

------------------------------------------------------------------------------------------------------------------------

[2025-02-25 18:35:14 #1 store] 
Database 'C:\Users\Usuario-Pc\OneDrive\Escritorio\Urtzi Universidad\workspace\SI\Rides24\src\main\resources\rides.temp' is opened by 18684@DESKTOP-EH9B0CP

[2025-02-25 18:35:14 #2 type] 
Type domain.Profile is not enhanced.

[2025-02-25 18:35:14 #3 type] 
Type domain.Driver is not enhanced.

[2025-02-25 18:35:14 #4 type] 
Type domain.Ride is not enhanced.

[2025-02-25 18:35:14 #5 type] 
Type domain.RideRequest is not enhanced.

[2025-02-25 18:35:14 #6 type] 
Type domain.Traveller is not enhanced.

------------------------------------------------------------------------------------------------------------------------

[2025-02-25 18:39:41 #1 store] 
Database 'C:\Users\Usuario-Pc\OneDrive\Escritorio\Urtzi Universidad\workspace\SI\Rides24\src\main\resources\rides.temp' is opened by 26192@DESKTOP-EH9B0CP

[2025-02-25 18:39:41 #2 type] 
Type domain.Profile is not enhanced.

[2025-02-25 18:39:41 #3 type] 
Type domain.Driver is not enhanced.

[2025-02-25 18:39:41 #4 type] 
Type domain.Ride is not enhanced.

[2025-02-25 18:39:41 #5 type] 
Type domain.RideRequest is not enhanced.

[2025-02-25 18:39:41 #6 type] 
Type domain.Traveller is not enhanced.

------------------------------------------------------------------------------------------------------------------------

[2025-02-25 18:41:55 #1 store] 
Database 'C:\Users\Usuario-Pc\OneDrive\Escritorio\Urtzi Universidad\workspace\SI\Rides24\src\main\resources\rides.temp' is opened by 26684@DESKTOP-EH9B0CP

[2025-02-25 18:41:55 #2 type] 
Type domain.Profile is not enhanced.

[2025-02-25 18:41:55 #3 type] 
Type domain.Driver is not enhanced.

[2025-02-25 18:41:55 #4 type] 
Type domain.Ride is not enhanced.

[2025-02-25 18:41:55 #5 type] 
Type domain.RideRequest is not enhanced.

[2025-02-25 18:41:55 #6 type] 
Type domain.Traveller is not enhanced.

------------------------------------------------------------------------------------------------------------------------

[2025-02-25 18:42:08 #1 store] 
Database 'C:\Users\Usuario-Pc\OneDrive\Escritorio\Urtzi Universidad\workspace\SI\Rides24\src\main\resources\rides.temp' is opened by 14524@DESKTOP-EH9B0CP

[2025-02-25 18:42:08 #2 type] 
Type domain.Profile is not enhanced.

[2025-02-25 18:42:08 #3 type] 
Type domain.Driver is not enhanced.

[2025-02-25 18:42:08 #4 type] 
Type domain.Ride is not enhanced.

[2025-02-25 18:42:08 #5 type] 
Type domain.RideRequest is not enhanced.

[2025-02-25 18:42:08 #6 type] 
Type domain.Traveller is not enhanced.

------------------------------------------------------------------------------------------------------------------------

[2025-02-25 18:44:33 #1 store] 
Database 'C:\Users\Usuario-Pc\OneDrive\Escritorio\Urtzi Universidad\workspace\SI\Rides24\src\main\resources\rides.temp' has been recovered (tr. 30-33)

[2025-02-25 18:44:33 #2 store] 
Database 'C:\Users\Usuario-Pc\OneDrive\Escritorio\Urtzi Universidad\workspace\SI\Rides24\src\main\resources\rides.temp' is opened by 22488@DESKTOP-EH9B0CP

[2025-02-25 18:44:33 #3 type] 
Type domain.Profile is not enhanced.

[2025-02-25 18:44:33 #4 type] 
Type domain.Driver is not enhanced.

[2025-02-25 18:44:33 #5 type] 
Type domain.Ride is not enhanced.

[2025-02-25 18:44:33 #6 type] 
Type domain.RideRequest is not enhanced.

[2025-02-25 18:44:33 #7 type] 
Type domain.Traveller is not enhanced.

------------------------------------------------------------------------------------------------------------------------

[2025-02-25 18:45:38 #1 store] 
Database 'C:\Users\Usuario-Pc\OneDrive\Escritorio\Urtzi Universidad\workspace\SI\Rides24\src\main\resources\rides.temp' is opened by 9528@DESKTOP-EH9B0CP

[2025-02-25 18:45:39 #2 type] 
Type domain.Profile is not enhanced.

[2025-02-25 18:45:39 #3 type] 
Type domain.Driver is not enhanced.

[2025-02-25 18:45:39 #4 type] 
Type domain.Ride is not enhanced.

[2025-02-25 18:45:39 #5 type] 
Type domain.RideRequest is not enhanced.

[2025-02-25 18:45:39 #6 type] 
Type domain.Traveller is not enhanced.

------------------------------------------------------------------------------------------------------------------------

[2025-02-25 18:49:28 #1 store] 
Database 'C:\Users\Usuario-Pc\OneDrive\Escritorio\Urtzi Universidad\workspace\SI\Rides24\src\main\resources\rides.temp' is opened by 25896@DESKTOP-EH9B0CP

[2025-02-25 18:49:29 #2 type] 
Type domain.Profile is not enhanced.

[2025-02-25 18:49:29 #3 type] 
Type domain.Driver is not enhanced.

[2025-02-25 18:49:29 #4 type] 
Type domain.Ride is not enhanced.

[2025-02-25 18:49:29 #5 type] 
Type domain.RideRequest is not enhanced.

[2025-02-25 18:49:29 #6 type] 
Type domain.Traveller is not enhanced.

------------------------------------------------------------------------------------------------------------------------

[2025-02-25 18:50:32 #1 store] 
Database 'C:\Users\Usuario-Pc\OneDrive\Escritorio\Urtzi Universidad\workspace\SI\Rides24\src\main\resources\rides.temp' is opened by 1284@DESKTOP-EH9B0CP

[2025-02-25 18:50:33 #2 type] 
Type domain.Profile is not enhanced.

[2025-02-25 18:50:33 #3 type] 
Type domain.Driver is not enhanced.

[2025-02-25 18:50:33 #4 type] 
Type domain.Ride is not enhanced.

[2025-02-25 18:50:33 #5 type] 
Type domain.RideRequest is not enhanced.

[2025-02-25 18:50:33 #6 type] 
Type domain.Traveller is not enhanced.

------------------------------------------------------------------------------------------------------------------------

[2025-02-25 18:51:24 #1 store] 
Database 'C:\Users\Usuario-Pc\OneDrive\Escritorio\Urtzi Universidad\workspace\SI\Rides24\src\main\resources\rides.temp' is opened by 30716@DESKTOP-EH9B0CP

[2025-02-25 18:51:25 #2 type] 
Type domain.Profile is not enhanced.

[2025-02-25 18:51:25 #3 type] 
Type domain.Driver is not enhanced.

[2025-02-25 18:51:25 #4 type] 
Type domain.Ride is not enhanced.

[2025-02-25 18:51:25 #5 type] 
Type domain.RideRequest is not enhanced.

[2025-02-25 18:51:25 #6 type] 
Type domain.Traveller is not enhanced.

------------------------------------------------------------------------------------------------------------------------

[2025-02-25 18:53:58 #1 store] 
Database 'C:\Users\Usuario-Pc\OneDrive\Escritorio\Urtzi Universidad\workspace\SI\Rides24\src\main\resources\rides.temp' is opened by 20580@DESKTOP-EH9B0CP

[2025-02-25 18:53:59 #2 type] 
Type domain.Profile is not enhanced.

[2025-02-25 18:53:59 #3 type] 
Type domain.Driver is not enhanced.

[2025-02-25 18:53:59 #4 type] 
Type domain.Ride is not enhanced.

[2025-02-25 18:53:59 #5 type] 
Type domain.RideRequest is not enhanced.

[2025-02-25 18:53:59 #6 type] 
Type domain.Traveller is not enhanced.

------------------------------------------------------------------------------------------------------------------------

[2025-02-25 18:54:52 #1 store] 
Database 'C:\Users\Usuario-Pc\OneDrive\Escritorio\Urtzi Universidad\workspace\SI\Rides24\src\main\resources\rides.temp' is opened by 17900@DESKTOP-EH9B0CP

[2025-02-25 18:54:52 #2 type] 
Type domain.Profile is not enhanced.

[2025-02-25 18:54:52 #3 type] 
Type domain.Driver is not enhanced.

[2025-02-25 18:54:52 #4 type] 
Type domain.Ride is not enhanced.

[2025-02-25 18:54:52 #5 type] 
Type domain.RideRequest is not enhanced.

[2025-02-25 18:54:52 #6 type] 
Type domain.Traveller is not enhanced.

------------------------------------------------------------------------------------------------------------------------

[2025-02-25 18:57:07 #1 store] 
Database 'C:\Users\Usuario-Pc\OneDrive\Escritorio\Urtzi Universidad\workspace\SI\Rides24\src\main\resources\rides.temp' has been recovered (tr. 34-36)

[2025-02-25 18:57:07 #2 store] 
Database 'C:\Users\Usuario-Pc\OneDrive\Escritorio\Urtzi Universidad\workspace\SI\Rides24\src\main\resources\rides.temp' is opened by 29600@DESKTOP-EH9B0CP

[2025-02-25 18:57:07 #3 type] 
Type domain.Profile is not enhanced.

[2025-02-25 18:57:07 #4 type] 
Type domain.Driver is not enhanced.

[2025-02-25 18:57:07 #5 type] 
Type domain.Ride is not enhanced.

[2025-02-25 18:57:07 #6 type] 
Type domain.RideRequest is not enhanced.

[2025-02-25 18:57:07 #7 type] 
Type domain.Traveller is not enhanced.

------------------------------------------------------------------------------------------------------------------------

[2025-02-25 18:58:51 #1 store] 
Database 'C:\Users\Usuario-Pc\OneDrive\Escritorio\Urtzi Universidad\workspace\SI\Rides24\src\main\resources\rides.temp' has been recovered (tr. 37-40)

[2025-02-25 18:58:51 #2 store] 
Database 'C:\Users\Usuario-Pc\OneDrive\Escritorio\Urtzi Universidad\workspace\SI\Rides24\src\main\resources\rides.temp' is opened by 1904@DESKTOP-EH9B0CP

[2025-02-25 18:58:51 #3 type] 
Type domain.Profile is not enhanced.

[2025-02-25 18:58:51 #4 type] 
Type domain.Driver is not enhanced.

[2025-02-25 18:58:51 #5 type] 
Type domain.Ride is not enhanced.

[2025-02-25 18:58:51 #6 type] 
Type domain.RideRequest is not enhanced.

[2025-02-25 18:58:51 #7 type] 
Type domain.Traveller is not enhanced.

------------------------------------------------------------------------------------------------------------------------

[2025-02-25 19:00:38 #1 store] 
Database 'C:\Users\Usuario-Pc\OneDrive\Escritorio\Urtzi Universidad\workspace\SI\Rides24\src\main\resources\rides.temp' is opened by 960@DESKTOP-EH9B0CP

[2025-02-25 19:00:39 #2 type] 
Type domain.Profile is not enhanced.

[2025-02-25 19:00:39 #3 type] 
Type domain.Driver is not enhanced.

[2025-02-25 19:00:39 #4 type] 
Type domain.Ride is not enhanced.

[2025-02-25 19:00:39 #5 type] 
Type domain.RideRequest is not enhanced.

[2025-02-25 19:00:39 #6 type] 
Type domain.Traveller is not enhanced.

------------------------------------------------------------------------------------------------------------------------

[2025-02-25 19:04:49 #1 store] 
Database 'C:\Users\Usuario-Pc\OneDrive\Escritorio\Urtzi Universidad\workspace\SI\Rides24\src\main\resources\rides.temp' has been recovered (tr. 41-44)

[2025-02-25 19:04:49 #2 store] 
Database 'C:\Users\Usuario-Pc\OneDrive\Escritorio\Urtzi Universidad\workspace\SI\Rides24\src\main\resources\rides.temp' is opened by 21604@DESKTOP-EH9B0CP

[2025-02-25 19:04:49 #3 type] 
Type domain.Profile is not enhanced.

[2025-02-25 19:04:49 #4 type] 
Type domain.Driver is not enhanced.

[2025-02-25 19:04:49 #5 type] 
Type domain.Ride is not enhanced.

[2025-02-25 19:04:49 #6 type] 
Type domain.RideRequest is not enhanced.

[2025-02-25 19:04:49 #7 type] 
Type domain.Traveller is not enhanced.

------------------------------------------------------------------------------------------------------------------------

[2025-02-25 19:06:05 #1 store] 
Database 'C:\Users\Usuario-Pc\OneDrive\Escritorio\Urtzi Universidad\workspace\SI\Rides24\src\main\resources\rides.temp' has been recovered (tr. 45-47)

[2025-02-25 19:06:05 #2 store] 
Database 'C:\Users\Usuario-Pc\OneDrive\Escritorio\Urtzi Universidad\workspace\SI\Rides24\src\main\resources\rides.temp' is opened by 16340@DESKTOP-EH9B0CP

[2025-02-25 19:06:06 #3 type] 
Type domain.Profile is not enhanced.

[2025-02-25 19:06:06 #4 type] 
Type domain.Driver is not enhanced.

[2025-02-25 19:06:06 #5 type] 
Type domain.Ride is not enhanced.

[2025-02-25 19:06:06 #6 type] 
Type domain.RideRequest is not enhanced.

[2025-02-25 19:06:06 #7 type] 
Type domain.Traveller is not enhanced.

------------------------------------------------------------------------------------------------------------------------

[2025-02-25 19:09:38 #1 store] 
Database 'C:\Users\Usuario-Pc\OneDrive\Escritorio\Urtzi Universidad\workspace\SI\Rides24\src\main\resources\rides.temp' is opened by 21632@DESKTOP-EH9B0CP

[2025-02-25 19:09:38 #2 type] 
Type domain.Profile is not enhanced.

[2025-02-25 19:09:38 #3 type] 
Type domain.Driver is not enhanced.

[2025-02-25 19:09:38 #4 type] 
Type domain.Ride is not enhanced.

[2025-02-25 19:09:38 #5 type] 
Type domain.RideRequest is not enhanced.

[2025-02-25 19:09:38 #6 type] 
Type domain.Traveller is not enhanced.

------------------------------------------------------------------------------------------------------------------------

[2025-02-25 22:05:44 #1 store] 
Database 'C:\Users\Usuario-Pc\OneDrive\Escritorio\Urtzi Universidad\workspace\SI\Rides24\src\main\resources\rides.temp' is opened by 21072@DESKTOP-EH9B0CP

[2025-02-25 22:05:44 #2 type] 
Type domain.Profile is not enhanced.

[2025-02-25 22:05:44 #3 type] 
Type domain.Driver is not enhanced.

[2025-02-25 22:05:44 #4 type] 
Type domain.Ride is not enhanced.

[2025-02-25 22:05:44 #5 type] 
Type domain.RideRequest is not enhanced.

[2025-02-25 22:05:44 #6 type] 
Type domain.Traveller is not enhanced.

------------------------------------------------------------------------------------------------------------------------

[2025-02-25 22:07:42 #1 store] 
Database 'C:\Users\Usuario-Pc\OneDrive\Escritorio\Urtzi Universidad\workspace\SI\Rides24\src\main\resources\rides.temp' is opened by 7056@DESKTOP-EH9B0CP

[2025-02-25 22:07:42 #2 type] 
Type domain.Profile is not enhanced.

[2025-02-25 22:07:42 #3 type] 
Type domain.Driver is not enhanced.

[2025-02-25 22:07:42 #4 type] 
Type domain.Ride is not enhanced.

[2025-02-25 22:07:42 #5 type] 
Type domain.RideRequest is not enhanced.

[2025-02-25 22:07:42 #6 type] 
Type domain.Traveller is not enhanced.

------------------------------------------------------------------------------------------------------------------------

[2025-02-25 22:08:59 #1 store] 
Database 'C:\Users\Usuario-Pc\OneDrive\Escritorio\Urtzi Universidad\workspace\SI\Rides24\src\main\resources\rides.temp' is opened by 15696@DESKTOP-EH9B0CP

[2025-02-25 22:09:00 #2 type] 
Type domain.Profile is not enhanced.

[2025-02-25 22:09:00 #3 type] 
Type domain.Driver is not enhanced.

[2025-02-25 22:09:00 #4 type] 
Type domain.Ride is not enhanced.

[2025-02-25 22:09:00 #5 type] 
Type domain.RideRequest is not enhanced.

[2025-02-25 22:09:00 #6 type] 
Type domain.Traveller is not enhanced.

------------------------------------------------------------------------------------------------------------------------

[2025-02-25 22:12:34 #1 store] 
Database 'C:\Users\Usuario-Pc\OneDrive\Escritorio\Urtzi Universidad\workspace\SI\Rides24\src\main\resources\rides.temp' is opened by 4588@DESKTOP-EH9B0CP

[2025-02-25 22:12:34 #2 type] 
Type domain.Profile is not enhanced.

[2025-02-25 22:12:34 #3 type] 
Type domain.Driver is not enhanced.

[2025-02-25 22:12:34 #4 type] 
Type domain.Ride is not enhanced.

[2025-02-25 22:12:34 #5 type] 
Type domain.RideRequest is not enhanced.

[2025-02-25 22:12:34 #6 type] 
Type domain.Traveller is not enhanced.

------------------------------------------------------------------------------------------------------------------------

[2025-02-25 22:13:43 #1 store] 
Database 'C:\Users\Usuario-Pc\OneDrive\Escritorio\Urtzi Universidad\workspace\SI\Rides24\src\main\resources\rides.temp' is opened by 7208@DESKTOP-EH9B0CP

[2025-02-25 22:13:44 #2 type] 
Type domain.Profile is not enhanced.

[2025-02-25 22:13:44 #3 type] 
Type domain.Driver is not enhanced.

[2025-02-25 22:13:44 #4 type] 
Type domain.Ride is not enhanced.

[2025-02-25 22:13:44 #5 type] 
Type domain.RideRequest is not enhanced.

[2025-02-25 22:13:44 #6 type] 
Type domain.Traveller is not enhanced.

------------------------------------------------------------------------------------------------------------------------

[2025-02-25 22:18:01 #1 store] 
Database 'C:\Users\Usuario-Pc\OneDrive\Escritorio\Urtzi Universidad\workspace\SI\Rides24\src\main\resources\rides.temp' is opened by 12320@DESKTOP-EH9B0CP

[2025-02-25 22:18:01 #2 type] 
Type domain.Profile is not enhanced.

[2025-02-25 22:18:01 #3 type] 
Type domain.Driver is not enhanced.

[2025-02-25 22:18:01 #4 type] 
Type domain.Ride is not enhanced.

[2025-02-25 22:18:01 #5 type] 
Type domain.RideRequest is not enhanced.

[2025-02-25 22:18:01 #6 type] 
Type domain.Traveller is not enhanced.

------------------------------------------------------------------------------------------------------------------------

[2025-02-25 22:20:41 #1 store] 
Database 'C:\Users\Usuario-Pc\OneDrive\Escritorio\Urtzi Universidad\workspace\SI\Rides24\src\main\resources\rides.temp' is opened by 30636@DESKTOP-EH9B0CP

[2025-02-25 22:20:41 #2 type] 
Type domain.Profile is not enhanced.

[2025-02-25 22:20:41 #3 type] 
Type domain.Driver is not enhanced.

[2025-02-25 22:20:41 #4 type] 
Type domain.Ride is not enhanced.

[2025-02-25 22:20:41 #5 type] 
Type domain.RideRequest is not enhanced.

[2025-02-25 22:20:41 #6 type] 
Type domain.Traveller is not enhanced.

------------------------------------------------------------------------------------------------------------------------

[2025-02-25 22:23:39 #1 store] 
Database 'C:\Users\Usuario-Pc\OneDrive\Escritorio\Urtzi Universidad\workspace\SI\Rides24\src\main\resources\rides.temp' is opened by 21900@DESKTOP-EH9B0CP

[2025-02-25 22:23:39 #2 type] 
Type domain.Profile is not enhanced.

[2025-02-25 22:23:40 #3 type] 
Type domain.Driver is not enhanced.

[2025-02-25 22:23:40 #4 type] 
Type domain.Ride is not enhanced.

[2025-02-25 22:23:40 #5 type] 
Type domain.RideRequest is not enhanced.

[2025-02-25 22:23:40 #6 type] 
Type domain.Traveller is not enhanced.

------------------------------------------------------------------------------------------------------------------------

[2025-02-25 22:25:16 #1 store] 
Database 'C:\Users\Usuario-Pc\OneDrive\Escritorio\Urtzi Universidad\workspace\SI\Rides24\src\main\resources\rides.temp' is opened by 30004@DESKTOP-EH9B0CP

[2025-02-25 22:25:16 #2 type] 
Type domain.Profile is not enhanced.

[2025-02-25 22:25:16 #3 type] 
Type domain.Driver is not enhanced.

[2025-02-25 22:25:16 #4 type] 
Type domain.Ride is not enhanced.

[2025-02-25 22:25:16 #5 type] 
Type domain.RideRequest is not enhanced.

[2025-02-25 22:25:16 #6 type] 
Type domain.Traveller is not enhanced.

------------------------------------------------------------------------------------------------------------------------

[2025-02-25 22:26:58 #1 store] 
Database 'C:\Users\Usuario-Pc\OneDrive\Escritorio\Urtzi Universidad\workspace\SI\Rides24\src\main\resources\rides.temp' is opened by 30556@DESKTOP-EH9B0CP

[2025-02-25 22:26:58 #2 type] 
Type domain.Profile is not enhanced.

[2025-02-25 22:26:58 #3 type] 
Type domain.Driver is not enhanced.

[2025-02-25 22:26:58 #4 type] 
Type domain.Ride is not enhanced.

[2025-02-25 22:26:58 #5 type] 
Type domain.RideRequest is not enhanced.

[2025-02-25 22:26:58 #6 type] 
Type domain.Traveller is not enhanced.

------------------------------------------------------------------------------------------------------------------------

[2025-02-25 22:28:16 #1 store] 
Database 'C:\Users\Usuario-Pc\OneDrive\Escritorio\Urtzi Universidad\workspace\SI\Rides24\src\main\resources\rides.temp' is opened by 21692@DESKTOP-EH9B0CP

[2025-02-25 22:28:17 #2 type] 
Type domain.Profile is not enhanced.

[2025-02-25 22:28:17 #3 type] 
Type domain.Driver is not enhanced.

[2025-02-25 22:28:17 #4 type] 
Type domain.Ride is not enhanced.

[2025-02-25 22:28:17 #5 type] 
Type domain.RideRequest is not enhanced.

[2025-02-25 22:28:17 #6 type] 
Type domain.Traveller is not enhanced.

------------------------------------------------------------------------------------------------------------------------

[2025-02-25 22:37:30 #1 store] 
Database 'C:\Users\Usuario-Pc\OneDrive\Escritorio\Urtzi Universidad\workspace\SI\Rides24\src\main\resources\rides.temp' is opened by 25620@DESKTOP-EH9B0CP

[2025-02-25 22:37:30 #2 type] 
Type domain.Profile is not enhanced.

[2025-02-25 22:37:30 #3 type] 
Type domain.Driver is not enhanced.

[2025-02-25 22:37:30 #4 type] 
Type domain.Ride is not enhanced.

[2025-02-25 22:37:30 #5 type] 
Type domain.RideRequest is not enhanced.

[2025-02-25 22:37:30 #6 type] 
Type domain.Traveller is not enhanced.

------------------------------------------------------------------------------------------------------------------------

[2025-02-25 22:38:11 #1 store] 
Database 'C:\Users\Usuario-Pc\OneDrive\Escritorio\Urtzi Universidad\workspace\SI\Rides24\src\main\resources\rides.temp' is opened by 9856@DESKTOP-EH9B0CP

[2025-02-25 22:38:11 #2 type] 
Type domain.Profile is not enhanced.

[2025-02-25 22:38:11 #3 type] 
Type domain.Driver is not enhanced.

[2025-02-25 22:38:11 #4 type] 
Type domain.Ride is not enhanced.

[2025-02-25 22:38:11 #5 type] 
Type domain.RideRequest is not enhanced.

[2025-02-25 22:38:11 #6 type] 
Type domain.Traveller is not enhanced.

------------------------------------------------------------------------------------------------------------------------

[2025-02-25 22:40:43 #1 store] 
Database 'C:\Users\Usuario-Pc\OneDrive\Escritorio\Urtzi Universidad\workspace\SI\Rides24\src\main\resources\rides.temp' is opened by 16332@DESKTOP-EH9B0CP

[2025-02-25 22:40:43 #2 type] 
Type domain.Profile is not enhanced.

[2025-02-25 22:40:43 #3 type] 
Type domain.Driver is not enhanced.

[2025-02-25 22:40:43 #4 type] 
Type domain.Ride is not enhanced.

[2025-02-25 22:40:43 #5 type] 
Type domain.RideRequest is not enhanced.

[2025-02-25 22:40:43 #6 type] 
Type domain.Traveller is not enhanced.

------------------------------------------------------------------------------------------------------------------------

[2025-02-25 22:42:20 #1 store] 
Database 'C:\Users\Usuario-Pc\OneDrive\Escritorio\Urtzi Universidad\workspace\SI\Rides24\src\main\resources\rides.temp' is opened by 30324@DESKTOP-EH9B0CP

[2025-02-25 22:42:20 #2 type] 
Type domain.Profile is not enhanced.

[2025-02-25 22:42:20 #3 type] 
Type domain.Driver is not enhanced.

[2025-02-25 22:42:20 #4 type] 
Type domain.Ride is not enhanced.

[2025-02-25 22:42:20 #5 type] 
Type domain.RideRequest is not enhanced.

[2025-02-25 22:42:20 #6 type] 
Type domain.Traveller is not enhanced.

------------------------------------------------------------------------------------------------------------------------

[2025-02-25 22:43:30 #1 store] 
Database 'C:\Users\Usuario-Pc\OneDrive\Escritorio\Urtzi Universidad\workspace\SI\Rides24\src\main\resources\rides.temp' is opened by 12820@DESKTOP-EH9B0CP

[2025-02-25 22:43:31 #2 type] 
Type domain.Profile is not enhanced.

[2025-02-25 22:43:31 #3 type] 
Type domain.Driver is not enhanced.

[2025-02-25 22:43:31 #4 type] 
Type domain.Ride is not enhanced.

[2025-02-25 22:43:31 #5 type] 
Type domain.RideRequest is not enhanced.

[2025-02-25 22:43:31 #6 type] 
Type domain.Traveller is not enhanced.

------------------------------------------------------------------------------------------------------------------------

[2025-02-25 22:44:57 #1 store] 
Database 'C:\Users\Usuario-Pc\OneDrive\Escritorio\Urtzi Universidad\workspace\SI\Rides24\src\main\resources\rides.temp' is opened by 11704@DESKTOP-EH9B0CP

[2025-02-25 22:44:57 #2 type] 
Type domain.Profile is not enhanced.

[2025-02-25 22:44:57 #3 type] 
Type domain.Driver is not enhanced.

[2025-02-25 22:44:57 #4 type] 
Type domain.Ride is not enhanced.

[2025-02-25 22:44:57 #5 type] 
Type domain.RideRequest is not enhanced.

[2025-02-25 22:44:57 #6 type] 
Type domain.Traveller is not enhanced.

------------------------------------------------------------------------------------------------------------------------

[2025-02-25 22:47:11 #1 store] 
Database 'C:\Users\Usuario-Pc\OneDrive\Escritorio\Urtzi Universidad\workspace\SI\Rides24\src\main\resources\rides.temp' is opened by 23416@DESKTOP-EH9B0CP

[2025-02-25 22:47:11 #2 type] 
Type domain.Profile is not enhanced.

[2025-02-25 22:47:11 #3 type] 
Type domain.Driver is not enhanced.

[2025-02-25 22:47:11 #4 type] 
Type domain.Ride is not enhanced.

[2025-02-25 22:47:11 #5 type] 
Type domain.RideRequest is not enhanced.

[2025-02-25 22:47:11 #6 type] 
Type domain.Traveller is not enhanced.

------------------------------------------------------------------------------------------------------------------------

[2025-02-25 22:49:21 #1 store] 
Database 'C:\Users\Usuario-Pc\OneDrive\Escritorio\Urtzi Universidad\workspace\SI\Rides24\src\main\resources\rides.temp' is opened by 13932@DESKTOP-EH9B0CP

[2025-02-25 22:49:21 #2 type] 
Type domain.Profile is not enhanced.

[2025-02-25 22:49:21 #3 type] 
Type domain.Driver is not enhanced.

[2025-02-25 22:49:21 #4 type] 
Type domain.Ride is not enhanced.

[2025-02-25 22:49:21 #5 type] 
Type domain.RideRequest is not enhanced.

[2025-02-25 22:49:21 #6 type] 
Type domain.Traveller is not enhanced.

------------------------------------------------------------------------------------------------------------------------

[2025-02-25 22:50:35 #1 store] 
Database 'C:\Users\Usuario-Pc\OneDrive\Escritorio\Urtzi Universidad\workspace\SI\Rides24\src\main\resources\rides.temp' is opened by 13612@DESKTOP-EH9B0CP

[2025-02-25 22:50:35 #2 type] 
Type domain.Profile is not enhanced.

[2025-02-25 22:50:35 #3 type] 
Type domain.Driver is not enhanced.

[2025-02-25 22:50:35 #4 type] 
Type domain.Ride is not enhanced.

[2025-02-25 22:50:35 #5 type] 
Type domain.RideRequest is not enhanced.

[2025-02-25 22:50:35 #6 type] 
Type domain.Traveller is not enhanced.

------------------------------------------------------------------------------------------------------------------------

[2025-02-25 22:51:23 #1 store] 
Database 'C:\Users\Usuario-Pc\OneDrive\Escritorio\Urtzi Universidad\workspace\SI\Rides24\src\main\resources\rides.temp' is opened by 27004@DESKTOP-EH9B0CP

[2025-02-25 22:51:23 #2 type] 
Type domain.Profile is not enhanced.

[2025-02-25 22:51:24 #3 type] 
Type domain.Driver is not enhanced.

[2025-02-25 22:51:24 #4 type] 
Type domain.Ride is not enhanced.

[2025-02-25 22:51:24 #5 type] 
Type domain.RideRequest is not enhanced.

[2025-02-25 22:51:24 #6 type] 
Type domain.Traveller is not enhanced.

------------------------------------------------------------------------------------------------------------------------

[2025-02-25 22:52:38 #1 store] 
Database 'C:\Users\Usuario-Pc\OneDrive\Escritorio\Urtzi Universidad\workspace\SI\Rides24\src\main\resources\rides.temp' is opened by 21348@DESKTOP-EH9B0CP

[2025-02-25 22:52:39 #2 type] 
Type domain.Profile is not enhanced.

[2025-02-25 22:52:39 #3 type] 
Type domain.Driver is not enhanced.

[2025-02-25 22:52:39 #4 type] 
Type domain.Ride is not enhanced.

[2025-02-25 22:52:39 #5 type] 
Type domain.RideRequest is not enhanced.

[2025-02-25 22:52:39 #6 type] 
Type domain.Traveller is not enhanced.

------------------------------------------------------------------------------------------------------------------------

[2025-02-25 23:00:19 #1 store] 
Database 'C:\Users\Usuario-Pc\OneDrive\Escritorio\Urtzi Universidad\workspace\SI\Rides24\src\main\resources\rides.temp' is opened by 29268@DESKTOP-EH9B0CP

[2025-02-25 23:00:20 #2 type] 
Type domain.Profile is not enhanced.

[2025-02-25 23:00:20 #3 type] 
Type domain.Driver is not enhanced.

[2025-02-25 23:00:20 #4 type] 
Type domain.Ride is not enhanced.

[2025-02-25 23:00:20 #5 type] 
Type domain.RideRequest is not enhanced.

[2025-02-25 23:00:20 #6 type] 
Type domain.Traveller is not enhanced.

------------------------------------------------------------------------------------------------------------------------

[2025-02-25 23:01:26 #1 store] 
Database 'C:\Users\Usuario-Pc\OneDrive\Escritorio\Urtzi Universidad\workspace\SI\Rides24\src\main\resources\rides.temp' is opened by 18820@DESKTOP-EH9B0CP

[2025-02-25 23:01:27 #2 type] 
Type domain.Profile is not enhanced.

[2025-02-25 23:01:27 #3 type] 
Type domain.Driver is not enhanced.

[2025-02-25 23:01:27 #4 type] 
Type domain.Ride is not enhanced.

[2025-02-25 23:01:27 #5 type] 
Type domain.RideRequest is not enhanced.

[2025-02-25 23:01:27 #6 type] 
Type domain.Traveller is not enhanced.

------------------------------------------------------------------------------------------------------------------------

[2025-02-25 23:02:14 #1 store] 
Database 'C:\Users\Usuario-Pc\OneDrive\Escritorio\Urtzi Universidad\workspace\SI\Rides24\src\main\resources\rides.temp' is opened by 27588@DESKTOP-EH9B0CP

[2025-02-25 23:02:14 #2 type] 
Type domain.Profile is not enhanced.

[2025-02-25 23:02:14 #3 type] 
Type domain.Driver is not enhanced.

[2025-02-25 23:02:14 #4 type] 
Type domain.Ride is not enhanced.

[2025-02-25 23:02:14 #5 type] 
Type domain.RideRequest is not enhanced.

[2025-02-25 23:02:14 #6 type] 
Type domain.Traveller is not enhanced.

------------------------------------------------------------------------------------------------------------------------

[2025-02-25 23:03:12 #1 store] 
Database 'C:\Users\Usuario-Pc\OneDrive\Escritorio\Urtzi Universidad\workspace\SI\Rides24\src\main\resources\rides.temp' is opened by 20580@DESKTOP-EH9B0CP

[2025-02-25 23:03:13 #2 type] 
Type domain.Profile is not enhanced.

[2025-02-25 23:03:13 #3 type] 
Type domain.Driver is not enhanced.

[2025-02-25 23:03:13 #4 type] 
Type domain.Ride is not enhanced.

[2025-02-25 23:03:13 #5 type] 
Type domain.RideRequest is not enhanced.

[2025-02-25 23:03:13 #6 type] 
Type domain.Traveller is not enhanced.

------------------------------------------------------------------------------------------------------------------------

[2025-02-25 23:04:21 #1 store] 
Database 'C:\Users\Usuario-Pc\OneDrive\Escritorio\Urtzi Universidad\workspace\SI\Rides24\src\main\resources\rides.temp' is opened by 23128@DESKTOP-EH9B0CP

[2025-02-25 23:04:21 #2 type] 
Type domain.Profile is not enhanced.

[2025-02-25 23:04:21 #3 type] 
Type domain.Driver is not enhanced.

[2025-02-25 23:04:21 #4 type] 
Type domain.Ride is not enhanced.

[2025-02-25 23:04:21 #5 type] 
Type domain.RideRequest is not enhanced.

[2025-02-25 23:04:21 #6 type] 
Type domain.Traveller is not enhanced.

------------------------------------------------------------------------------------------------------------------------

[2025-02-25 23:05:30 #1 store] 
Database 'C:\Users\Usuario-Pc\OneDrive\Escritorio\Urtzi Universidad\workspace\SI\Rides24\src\main\resources\rides.temp' is opened by 13440@DESKTOP-EH9B0CP

[2025-02-25 23:05:30 #2 type] 
Type domain.Profile is not enhanced.

[2025-02-25 23:05:30 #3 type] 
Type domain.Driver is not enhanced.

[2025-02-25 23:05:30 #4 type] 
Type domain.Ride is not enhanced.

[2025-02-25 23:05:30 #5 type] 
Type domain.RideRequest is not enhanced.

[2025-02-25 23:05:30 #6 type] 
Type domain.Traveller is not enhanced.

------------------------------------------------------------------------------------------------------------------------

[2025-02-25 23:06:33 #1 store] 
Database 'C:\Users\Usuario-Pc\OneDrive\Escritorio\Urtzi Universidad\workspace\SI\Rides24\src\main\resources\rides.temp' is opened by 13360@DESKTOP-EH9B0CP

[2025-02-25 23:06:33 #2 type] 
Type domain.Profile is not enhanced.

[2025-02-25 23:06:33 #3 type] 
Type domain.Driver is not enhanced.

[2025-02-25 23:06:33 #4 type] 
Type domain.Ride is not enhanced.

[2025-02-25 23:06:33 #5 type] 
Type domain.RideRequest is not enhanced.

[2025-02-25 23:06:33 #6 type] 
Type domain.Traveller is not enhanced.

------------------------------------------------------------------------------------------------------------------------

[2025-02-25 23:07:36 #1 store] 
Database 'C:\Users\Usuario-Pc\OneDrive\Escritorio\Urtzi Universidad\workspace\SI\Rides24\src\main\resources\rides.temp' is opened by 20116@DESKTOP-EH9B0CP

[2025-02-25 23:07:37 #2 type] 
Type domain.Profile is not enhanced.

[2025-02-25 23:07:37 #3 type] 
Type domain.Driver is not enhanced.

[2025-02-25 23:07:37 #4 type] 
Type domain.Ride is not enhanced.

[2025-02-25 23:07:37 #5 type] 
Type domain.RideRequest is not enhanced.

[2025-02-25 23:07:37 #6 type] 
Type domain.Traveller is not enhanced.

------------------------------------------------------------------------------------------------------------------------

[2025-02-25 23:08:18 #1 store] 
Database 'C:\Users\Usuario-Pc\OneDrive\Escritorio\Urtzi Universidad\workspace\SI\Rides24\src\main\resources\rides.temp' is opened by 17088@DESKTOP-EH9B0CP

[2025-02-25 23:08:18 #2 type] 
Type domain.Profile is not enhanced.

[2025-02-25 23:08:18 #3 type] 
Type domain.Driver is not enhanced.

[2025-02-25 23:08:18 #4 type] 
Type domain.Ride is not enhanced.

[2025-02-25 23:08:18 #5 type] 
Type domain.RideRequest is not enhanced.

[2025-02-25 23:08:18 #6 type] 
Type domain.Traveller is not enhanced.

------------------------------------------------------------------------------------------------------------------------

[2025-02-25 23:10:19 #1 store] 
Database 'C:\Users\Usuario-Pc\OneDrive\Escritorio\Urtzi Universidad\workspace\SI\Rides24\src\main\resources\rides.temp' is opened by 5896@DESKTOP-EH9B0CP

[2025-02-25 23:10:19 #2 type] 
Type domain.Profile is not enhanced.

[2025-02-25 23:10:19 #3 type] 
Type domain.Driver is not enhanced.

[2025-02-25 23:10:20 #4 type] 
Type domain.Ride is not enhanced.

[2025-02-25 23:10:20 #5 type] 
Type domain.RideRequest is not enhanced.

[2025-02-25 23:10:20 #6 type] 
Type domain.Traveller is not enhanced.

