------------------------------------------------------------------------------------------------------------------------

[2025-05-17 18:10:21 #1 store] 
Database 'C:\Users\Usuario-Pc\OneDrive\Escritorio\Urtzi Universidad\workspace\SI\Rides24Geltokiekin\src\main\resources\rides.temp' is opened by 21864@DESKTOP-EH9B0CP

[2025-05-17 18:10:21 #2 type] 
Type domain.Profile is not enhanced.

[2025-05-17 18:10:21 #3 type] 
Type domain.Erreklamazioa is not enhanced.

[2025-05-17 18:10:21 #4 type] 
Type domain.Mezua is not enhanced.

[2025-05-17 18:10:21 #5 type] 
Type domain.Ride is not enhanced.

[2025-05-17 18:10:21 #6 type] 
Type domain.RideRequest is not enhanced.

[2025-05-17 18:10:21 #7 type] 
Type domain.Alerta is not enhanced.

[2025-05-17 18:10:21 #8 type] 
Type domain.Driver is not enhanced.

[2025-05-17 18:10:21 #9 type] 
Type domain.Kotxe is not enhanced.

[2025-05-17 18:10:21 #10 type] 
Type domain.Geltoki is not enhanced.

[2025-05-17 18:10:21 #11 type] 
Type domain.Traveller is not enhanced.

[2025-05-17 18:10:21 #12 type] 
Type domain.Admin is not enhanced.

------------------------------------------------------------------------------------------------------------------------

[2025-05-17 18:13:55 #1 store] 
Database 'C:\Users\Usuario-Pc\OneDrive\Escritorio\Urtzi Universidad\workspace\SI\Rides24Geltokiekin\src\main\resources\rides.temp' has been recovered (tr. 44-44)

[2025-05-17 18:13:55 #2 store] 
Database 'C:\Users\Usuario-Pc\OneDrive\Escritorio\Urtzi Universidad\workspace\SI\Rides24Geltokiekin\src\main\resources\rides.temp' is opened by 6292@DESKTOP-EH9B0CP

[2025-05-17 18:13:55 #3 type] 
Type domain.Profile is not enhanced.

[2025-05-17 18:13:55 #4 type] 
Type domain.Erreklamazioa is not enhanced.

[2025-05-17 18:13:55 #5 type] 
Type domain.Mezua is not enhanced.

[2025-05-17 18:13:55 #6 type] 
Type domain.Ride is not enhanced.

[2025-05-17 18:13:55 #7 type] 
Type domain.RideRequest is not enhanced.

[2025-05-17 18:13:55 #8 type] 
Type domain.Alerta is not enhanced.

[2025-05-17 18:13:55 #9 type] 
Type domain.Driver is not enhanced.

[2025-05-17 18:13:55 #10 type] 
Type domain.Kotxe is not enhanced.

[2025-05-17 18:13:55 #11 type] 
Type domain.Geltoki is not enhanced.

[2025-05-17 18:13:55 #12 type] 
Type domain.Traveller is not enhanced.

[2025-05-17 18:13:55 #13 type] 
Type domain.Admin is not enhanced.

------------------------------------------------------------------------------------------------------------------------

[2025-05-17 18:38:17 #1 store] 
Database 'C:\Users\ekait\eclipse-workspace\Rides24Geltokiekin\src\main\resources\rides.temp' has been recovered (tr. 45-45)

[2025-05-17 18:38:17 #2 store] 
Database 'C:\Users\ekait\eclipse-workspace\Rides24Geltokiekin\src\main\resources\rides.temp' is opened by 7288@LAPTOP-1CQB3TB3

[2025-05-17 18:38:17 #3 type] 
Type domain.Profile is not enhanced.

[2025-05-17 18:38:17 #4 type] 
Type domain.Erreklamazioa is not enhanced.

[2025-05-17 18:38:17 #5 type] 
Type domain.Mezua is not enhanced.

[2025-05-17 18:38:17 #6 type] 
Type domain.Ride is not enhanced.

[2025-05-17 18:38:17 #7 type] 
Type domain.RideRequest is not enhanced.

[2025-05-17 18:38:17 #8 type] 
Type domain.Alerta is not enhanced.

[2025-05-17 18:38:17 #9 type] 
Type domain.Driver is not enhanced.

[2025-05-17 18:38:17 #10 type] 
Type domain.Kotxe is not enhanced.

[2025-05-17 18:38:17 #11 type] 
Type domain.Geltoki is not enhanced.

[2025-05-17 18:38:17 #12 type] 
Type domain.Traveller is not enhanced.

[2025-05-17 18:38:17 #13 type] 
Type domain.Admin is not enhanced.

------------------------------------------------------------------------------------------------------------------------

[2025-05-17 18:41:12 #1 store] 
Database 'C:\Users\ekait\eclipse-workspace\Rides24Geltokiekin\src\main\resources\rides.temp' has been recovered (tr. 46-48)

[2025-05-17 18:41:12 #2 store] 
Database 'C:\Users\ekait\eclipse-workspace\Rides24Geltokiekin\src\main\resources\rides.temp' is opened by 7528@LAPTOP-1CQB3TB3

[2025-05-17 18:41:13 #3 type] 
Type domain.Profile is not enhanced.

[2025-05-17 18:41:13 #4 type] 
Type domain.Erreklamazioa is not enhanced.

[2025-05-17 18:41:13 #5 type] 
Type domain.Mezua is not enhanced.

[2025-05-17 18:41:13 #6 type] 
Type domain.Ride is not enhanced.

[2025-05-17 18:41:13 #7 type] 
Type domain.RideRequest is not enhanced.

[2025-05-17 18:41:13 #8 type] 
Type domain.Alerta is not enhanced.

[2025-05-17 18:41:13 #9 type] 
Type domain.Driver is not enhanced.

[2025-05-17 18:41:13 #10 type] 
Type domain.Kotxe is not enhanced.

[2025-05-17 18:41:13 #11 type] 
Type domain.Geltoki is not enhanced.

[2025-05-17 18:41:13 #12 type] 
Type domain.Traveller is not enhanced.

[2025-05-17 18:41:13 #13 type] 
Type domain.Admin is not enhanced.

------------------------------------------------------------------------------------------------------------------------

[2025-05-17 18:43:33 #1 store] 
Database 'C:\Users\ekait\eclipse-workspace\Rides24Geltokiekin\src\main\resources\rides.temp' is opened by 17840@LAPTOP-1CQB3TB3

[2025-05-17 18:43:33 #2 type] 
Type domain.Profile is not enhanced.

[2025-05-17 18:43:33 #3 type] 
Type domain.Erreklamazioa is not enhanced.

[2025-05-17 18:43:33 #4 type] 
Type domain.Mezua is not enhanced.

[2025-05-17 18:43:33 #5 type] 
Type domain.Ride is not enhanced.

[2025-05-17 18:43:33 #6 type] 
Type domain.RideRequest is not enhanced.

[2025-05-17 18:43:33 #7 type] 
Type domain.Alerta is not enhanced.

[2025-05-17 18:43:33 #8 type] 
Type domain.Driver is not enhanced.

[2025-05-17 18:43:33 #9 type] 
Type domain.Kotxe is not enhanced.

[2025-05-17 18:43:33 #10 type] 
Type domain.Geltoki is not enhanced.

[2025-05-17 18:43:33 #11 type] 
Type domain.Traveller is not enhanced.

[2025-05-17 18:43:33 #12 type] 
Type domain.Admin is not enhanced.

------------------------------------------------------------------------------------------------------------------------

[2025-05-17 18:44:05 #1 store] 
Database 'C:\Users\ekait\eclipse-workspace\Rides24Geltokiekin\src\main\resources\rides.temp' is opened by 6208@LAPTOP-1CQB3TB3

[2025-05-17 18:44:05 #2 type] 
Type domain.Profile is not enhanced.

[2025-05-17 18:44:05 #3 type] 
Type domain.Erreklamazioa is not enhanced.

[2025-05-17 18:44:05 #4 type] 
Type domain.Mezua is not enhanced.

[2025-05-17 18:44:05 #5 type] 
Type domain.Ride is not enhanced.

[2025-05-17 18:44:05 #6 type] 
Type domain.RideRequest is not enhanced.

[2025-05-17 18:44:05 #7 type] 
Type domain.Alerta is not enhanced.

[2025-05-17 18:44:05 #8 type] 
Type domain.Driver is not enhanced.

[2025-05-17 18:44:05 #9 type] 
Type domain.Kotxe is not enhanced.

[2025-05-17 18:44:05 #10 type] 
Type domain.Geltoki is not enhanced.

[2025-05-17 18:44:05 #11 type] 
Type domain.Traveller is not enhanced.

[2025-05-17 18:44:05 #12 type] 
Type domain.Admin is not enhanced.

------------------------------------------------------------------------------------------------------------------------

[2025-05-17 18:44:22 #1 store] 
Database 'C:\Users\ekait\eclipse-workspace\Rides24Geltokiekin\src\main\resources\rides.temp' is opened by 18748@LAPTOP-1CQB3TB3

[2025-05-17 18:44:22 #2 type] 
Type domain.Profile is not enhanced.

[2025-05-17 18:44:22 #3 type] 
Type domain.Erreklamazioa is not enhanced.

[2025-05-17 18:44:22 #4 type] 
Type domain.Mezua is not enhanced.

[2025-05-17 18:44:22 #5 type] 
Type domain.Ride is not enhanced.

[2025-05-17 18:44:22 #6 type] 
Type domain.RideRequest is not enhanced.

[2025-05-17 18:44:22 #7 type] 
Type domain.Alerta is not enhanced.

[2025-05-17 18:44:22 #8 type] 
Type domain.Driver is not enhanced.

[2025-05-17 18:44:22 #9 type] 
Type domain.Kotxe is not enhanced.

[2025-05-17 18:44:22 #10 type] 
Type domain.Geltoki is not enhanced.

[2025-05-17 18:44:22 #11 type] 
Type domain.Traveller is not enhanced.

[2025-05-17 18:44:22 #12 type] 
Type domain.Admin is not enhanced.

------------------------------------------------------------------------------------------------------------------------

[2025-05-17 19:41:07 #1 store] 
Database 'C:\Users\Usuario-Pc\OneDrive\Escritorio\Urtzi Universidad\workspace\SI\Rides24Geltokiekin\src\main\resources\rides.temp' is opened by 20268@DESKTOP-EH9B0CP

[2025-05-17 19:41:07 #2 type] 
Type domain.Profile is not enhanced.

[2025-05-17 19:41:07 #3 type] 
Type domain.Erreklamazioa is not enhanced.

[2025-05-17 19:41:07 #4 type] 
Type domain.Mezua is not enhanced.

[2025-05-17 19:41:07 #5 type] 
Type domain.Ride is not enhanced.

[2025-05-17 19:41:07 #6 type] 
Type domain.RideRequest is not enhanced.

[2025-05-17 19:41:07 #7 type] 
Type domain.Alerta is not enhanced.

[2025-05-17 19:41:07 #8 type] 
Type domain.Driver is not enhanced.

[2025-05-17 19:41:07 #9 type] 
Type domain.Kotxe is not enhanced.

[2025-05-17 19:41:07 #10 type] 
Type domain.Geltoki is not enhanced.

[2025-05-17 19:41:07 #11 type] 
Type domain.Traveller is not enhanced.

[2025-05-17 19:41:07 #12 type] 
Type domain.Admin is not enhanced.

------------------------------------------------------------------------------------------------------------------------

[2025-05-17 19:45:25 #1 store] 
Database 'C:\Users\Usuario-Pc\OneDrive\Escritorio\Urtzi Universidad\workspace\SI\Rides24Geltokiekin\src\main\resources\rides.temp' is opened by 2360@DESKTOP-EH9B0CP

[2025-05-17 19:45:26 #2 type] 
Type domain.Profile is not enhanced.

[2025-05-17 19:45:26 #3 type] 
Type domain.Erreklamazioa is not enhanced.

[2025-05-17 19:45:26 #4 type] 
Type domain.Mezua is not enhanced.

[2025-05-17 19:45:26 #5 type] 
Type domain.Ride is not enhanced.

[2025-05-17 19:45:26 #6 type] 
Type domain.RideRequest is not enhanced.

[2025-05-17 19:45:26 #7 type] 
Type domain.Alerta is not enhanced.

[2025-05-17 19:45:26 #8 type] 
Type domain.Driver is not enhanced.

[2025-05-17 19:45:26 #9 type] 
Type domain.Kotxe is not enhanced.

[2025-05-17 19:45:26 #10 type] 
Type domain.Geltoki is not enhanced.

[2025-05-17 19:45:26 #11 type] 
Type domain.Traveller is not enhanced.

[2025-05-17 19:45:26 #12 type] 
Type domain.Admin is not enhanced.

------------------------------------------------------------------------------------------------------------------------

[2025-05-17 19:45:53 #1 store] 
Database 'C:\Users\Usuario-Pc\OneDrive\Escritorio\Urtzi Universidad\workspace\SI\Rides24Geltokiekin\src\main\resources\rides.temp' is opened by 21860@DESKTOP-EH9B0CP

[2025-05-17 19:45:53 #2 type] 
Type domain.Profile is not enhanced.

[2025-05-17 19:45:53 #3 type] 
Type domain.Erreklamazioa is not enhanced.

[2025-05-17 19:45:53 #4 type] 
Type domain.Mezua is not enhanced.

[2025-05-17 19:45:53 #5 type] 
Type domain.Ride is not enhanced.

[2025-05-17 19:45:53 #6 type] 
Type domain.RideRequest is not enhanced.

[2025-05-17 19:45:53 #7 type] 
Type domain.Alerta is not enhanced.

[2025-05-17 19:45:53 #8 type] 
Type domain.Driver is not enhanced.

[2025-05-17 19:45:53 #9 type] 
Type domain.Kotxe is not enhanced.

[2025-05-17 19:45:53 #10 type] 
Type domain.Geltoki is not enhanced.

[2025-05-17 19:45:53 #11 type] 
Type domain.Traveller is not enhanced.

[2025-05-17 19:45:53 #12 type] 
Type domain.Admin is not enhanced.

------------------------------------------------------------------------------------------------------------------------

[2025-05-17 20:19:09 #1 store] 
Database 'C:\Users\Usuario-Pc\OneDrive\Escritorio\Urtzi Universidad\workspace\SI\Rides24Geltokiekin\src\main\resources\rides.temp' is opened by 20984@DESKTOP-EH9B0CP

[2025-05-17 20:19:31 #2 type.registry] 
New type domain.Profile

[2025-05-17 20:19:31 #3 type] 
Type domain.Profile is not enhanced.

[2025-05-17 20:19:31 #4 type.registry] 
New type domain.Erreklamazioa

[2025-05-17 20:19:31 #5 type.registry] 
New type domain.Mezua

[2025-05-17 20:19:31 #6 type] 
Type domain.Erreklamazioa is not enhanced.

[2025-05-17 20:19:31 #7 type.registry] 
New type domain.Ride

[2025-05-17 20:19:31 #8 type.registry] 
New type domain.RideRequest

[2025-05-17 20:19:31 #9 type.registry] 
New type domain.EgoeraErreklamazioa

[2025-05-17 20:19:31 #10 type] 
Type domain.Mezua is not enhanced.

[2025-05-17 20:19:31 #11 type.registry] 
New type domain.Alerta

[2025-05-17 20:19:31 #12 type] 
Type domain.Ride is not enhanced.

[2025-05-17 20:19:31 #13 type.registry] 
New type domain.Driver

[2025-05-17 20:19:31 #14 type.registry] 
New type domain.EgoeraRide

[2025-05-17 20:19:31 #15 type.registry] 
New type domain.Kotxe

[2025-05-17 20:19:31 #16 type.registry] 
New type domain.Geltoki

[2025-05-17 20:19:31 #17 type] 
Type domain.RideRequest is not enhanced.

[2025-05-17 20:19:31 #18 type.registry] 
New type domain.Traveller

[2025-05-17 20:19:31 #19 type.registry] 
New type domain.EgoeraRideRequest

[2025-05-17 20:19:31 #20 type] 
Type domain.Alerta is not enhanced.

[2025-05-17 20:19:31 #21 type] 
Type domain.Driver is not enhanced.

[2025-05-17 20:19:31 #22 type] 
Type domain.Kotxe is not enhanced.

[2025-05-17 20:19:31 #23 type] 
Type domain.Geltoki is not enhanced.

[2025-05-17 20:19:31 #24 type] 
Type domain.Traveller is not enhanced.

[2025-05-17 20:19:31 #25 type.registry] 
New type java.util.ArrayList<java.lang.Object>

[2025-05-17 20:19:31 #26 type.registry] 
New type java.util.Vector<java.lang.Object>

[2025-05-17 20:19:31 #27 type.registry] 
New type java.util.ArrayList<java.lang.Integer>

[2025-05-17 20:19:31 #28 type.registry] 
New type java.util.ArrayList<domain.Mezua>

[2025-05-17 20:19:31 #29 type.registry] 
New type java.util.Vector<domain.Erreklamazioa>

[2025-05-17 20:19:31 #30 type.registry] 
New type java.util.Vector<domain.Ride>

[2025-05-17 20:19:31 #31 type.registry] 
New type java.util.Vector<domain.Kotxe>

[2025-05-17 20:19:55 #32 type.registry] 
New type java.util.LinkedList<java.lang.Object>

[2025-05-17 20:19:55 #33 type.registry] 
New type java.util.ArrayList<domain.RideRequest>

[2025-05-17 20:19:55 #34 type.registry] 
New type java.util.LinkedList<domain.Alerta>

[2025-05-17 20:21:26 #35 type.registry] 
New type java.util.LinkedList<domain.Geltoki>

------------------------------------------------------------------------------------------------------------------------

[2025-05-17 20:24:30 #1 store] 
Database 'C:\Users\Usuario-Pc\OneDrive\Escritorio\Urtzi Universidad\workspace\SI\Rides24Geltokiekin\src\main\resources\rides.temp' has been recovered (tr. 1-65)

[2025-05-17 20:24:30 #2 store] 
Database 'C:\Users\Usuario-Pc\OneDrive\Escritorio\Urtzi Universidad\workspace\SI\Rides24Geltokiekin\src\main\resources\rides.temp' is opened by 15912@DESKTOP-EH9B0CP

[2025-05-17 20:24:31 #3 type] 
Type domain.Profile is not enhanced.

[2025-05-17 20:24:31 #4 type] 
Type domain.Erreklamazioa is not enhanced.

[2025-05-17 20:24:31 #5 type] 
Type domain.Mezua is not enhanced.

[2025-05-17 20:24:31 #6 type] 
Type domain.Ride is not enhanced.

[2025-05-17 20:24:31 #7 type] 
Type domain.RideRequest is not enhanced.

[2025-05-17 20:24:31 #8 type] 
Type domain.Alerta is not enhanced.

[2025-05-17 20:24:31 #9 type] 
Type domain.Driver is not enhanced.

[2025-05-17 20:24:31 #10 type] 
Type domain.Kotxe is not enhanced.

[2025-05-17 20:24:31 #11 type] 
Type domain.Geltoki is not enhanced.

[2025-05-17 20:24:31 #12 type] 
Type domain.Traveller is not enhanced.

------------------------------------------------------------------------------------------------------------------------

[2025-05-17 20:35:06 #1 store] 
Database 'C:\Users\Usuario-Pc\OneDrive\Escritorio\Urtzi Universidad\workspace\SI\Rides24Geltokiekin\src\main\resources\rides.temp' has been recovered (tr. 66-112)

[2025-05-17 20:35:06 #2 store] 
Database 'C:\Users\Usuario-Pc\OneDrive\Escritorio\Urtzi Universidad\workspace\SI\Rides24Geltokiekin\src\main\resources\rides.temp' is opened by 20276@DESKTOP-EH9B0CP

[2025-05-17 20:35:06 #3 type] 
Type domain.Profile is not enhanced.

[2025-05-17 20:35:06 #4 type] 
Type domain.Erreklamazioa is not enhanced.

[2025-05-17 20:35:07 #5 type] 
Type domain.Mezua is not enhanced.

[2025-05-17 20:35:07 #6 type] 
Type domain.Ride is not enhanced.

[2025-05-17 20:35:07 #7 type] 
Type domain.RideRequest is not enhanced.

[2025-05-17 20:35:07 #8 type] 
Type domain.Alerta is not enhanced.

[2025-05-17 20:35:07 #9 type] 
Type domain.Driver is not enhanced.

[2025-05-17 20:35:07 #10 type] 
Type domain.Kotxe is not enhanced.

[2025-05-17 20:35:07 #11 type] 
Type domain.Geltoki is not enhanced.

[2025-05-17 20:35:07 #12 type] 
Type domain.Traveller is not enhanced.

[2025-05-17 20:35:30 #13 type.registry] 
New type domain.Admin

[2025-05-17 20:35:30 #14 type] 
Type domain.Admin is not enhanced.

------------------------------------------------------------------------------------------------------------------------

[2025-05-17 20:36:46 #1 store] 
Database 'C:\Users\Usuario-Pc\OneDrive\Escritorio\Urtzi Universidad\workspace\SI\Rides24Geltokiekin\src\main\resources\rides.temp' has been recovered (tr. 113-115)

[2025-05-17 20:36:47 #2 store] 
Database 'C:\Users\Usuario-Pc\OneDrive\Escritorio\Urtzi Universidad\workspace\SI\Rides24Geltokiekin\src\main\resources\rides.temp' is opened by 10880@DESKTOP-EH9B0CP

[2025-05-17 20:36:47 #3 type] 
Type domain.Profile is not enhanced.

[2025-05-17 20:36:47 #4 type] 
Type domain.Erreklamazioa is not enhanced.

[2025-05-17 20:36:47 #5 type] 
Type domain.Mezua is not enhanced.

[2025-05-17 20:36:47 #6 type] 
Type domain.Ride is not enhanced.

[2025-05-17 20:36:47 #7 type] 
Type domain.RideRequest is not enhanced.

[2025-05-17 20:36:47 #8 type] 
Type domain.Alerta is not enhanced.

[2025-05-17 20:36:47 #9 type] 
Type domain.Driver is not enhanced.

[2025-05-17 20:36:47 #10 type] 
Type domain.Kotxe is not enhanced.

[2025-05-17 20:36:47 #11 type] 
Type domain.Geltoki is not enhanced.

[2025-05-17 20:36:47 #12 type] 
Type domain.Traveller is not enhanced.

[2025-05-17 20:36:47 #13 type] 
Type domain.Admin is not enhanced.

------------------------------------------------------------------------------------------------------------------------

[2025-05-17 20:39:46 #1 store] 
Database 'C:\Users\Usuario-Pc\OneDrive\Escritorio\Urtzi Universidad\workspace\SI\Rides24Geltokiekin\src\main\resources\rides.temp' is opened by 20380@DESKTOP-EH9B0CP

[2025-05-17 20:39:47 #2 type] 
Type domain.Profile is not enhanced.

[2025-05-17 20:39:47 #3 type] 
Type domain.Erreklamazioa is not enhanced.

[2025-05-17 20:39:47 #4 type] 
Type domain.Mezua is not enhanced.

[2025-05-17 20:39:47 #5 type] 
Type domain.Ride is not enhanced.

[2025-05-17 20:39:47 #6 type] 
Type domain.RideRequest is not enhanced.

[2025-05-17 20:39:47 #7 type] 
Type domain.Alerta is not enhanced.

[2025-05-17 20:39:47 #8 type] 
Type domain.Driver is not enhanced.

[2025-05-17 20:39:47 #9 type] 
Type domain.Kotxe is not enhanced.

[2025-05-17 20:39:47 #10 type] 
Type domain.Geltoki is not enhanced.

[2025-05-17 20:39:47 #11 type] 
Type domain.Traveller is not enhanced.

[2025-05-17 20:39:47 #12 type] 
Type domain.Admin is not enhanced.

------------------------------------------------------------------------------------------------------------------------

[2025-05-17 20:46:36 #1 store] 
Database 'C:\Users\Usuario-Pc\OneDrive\Escritorio\Urtzi Universidad\workspace\SI\Rides24Geltokiekin\src\main\resources\rides.temp' has been recovered (tr. 117-141)

[2025-05-17 20:46:36 #2 store] 
Database 'C:\Users\Usuario-Pc\OneDrive\Escritorio\Urtzi Universidad\workspace\SI\Rides24Geltokiekin\src\main\resources\rides.temp' is opened by 21100@DESKTOP-EH9B0CP

[2025-05-17 20:46:36 #3 type] 
Type domain.Profile is not enhanced.

[2025-05-17 20:46:36 #4 type] 
Type domain.Erreklamazioa is not enhanced.

[2025-05-17 20:46:36 #5 type] 
Type domain.Mezua is not enhanced.

[2025-05-17 20:46:36 #6 type] 
Type domain.Ride is not enhanced.

[2025-05-17 20:46:36 #7 type] 
Type domain.RideRequest is not enhanced.

[2025-05-17 20:46:36 #8 type] 
Type domain.Alerta is not enhanced.

[2025-05-17 20:46:36 #9 type] 
Type domain.Driver is not enhanced.

[2025-05-17 20:46:36 #10 type] 
Type domain.Kotxe is not enhanced.

[2025-05-17 20:46:36 #11 type] 
Type domain.Geltoki is not enhanced.

[2025-05-17 20:46:36 #12 type] 
Type domain.Traveller is not enhanced.

[2025-05-17 20:46:36 #13 type] 
Type domain.Admin is not enhanced.

------------------------------------------------------------------------------------------------------------------------

[2025-05-17 20:57:24 #1 store] 
Database 'C:\Users\Usuario-Pc\OneDrive\Escritorio\Urtzi Universidad\workspace\SI\Rides24Geltokiekin\src\main\resources\rides.temp' has been recovered (tr. 142-152)

[2025-05-17 20:57:24 #2 store] 
Database 'C:\Users\Usuario-Pc\OneDrive\Escritorio\Urtzi Universidad\workspace\SI\Rides24Geltokiekin\src\main\resources\rides.temp' is opened by 6944@DESKTOP-EH9B0CP

[2025-05-17 20:57:24 #3 type] 
Type domain.Profile is not enhanced.

[2025-05-17 20:57:24 #4 type] 
Type domain.Erreklamazioa is not enhanced.

[2025-05-17 20:57:24 #5 type] 
Type domain.Mezua is not enhanced.

[2025-05-17 20:57:24 #6 type] 
Type domain.Ride is not enhanced.

[2025-05-17 20:57:24 #7 type] 
Type domain.RideRequest is not enhanced.

[2025-05-17 20:57:24 #8 type] 
Type domain.Alerta is not enhanced.

[2025-05-17 20:57:24 #9 type] 
Type domain.Driver is not enhanced.

[2025-05-17 20:57:24 #10 type] 
Type domain.Kotxe is not enhanced.

[2025-05-17 20:57:24 #11 type] 
Type domain.Geltoki is not enhanced.

[2025-05-17 20:57:24 #12 type] 
Type domain.Traveller is not enhanced.

[2025-05-17 20:57:24 #13 type] 
Type domain.Admin is not enhanced.

------------------------------------------------------------------------------------------------------------------------

[2025-05-17 21:00:06 #1 store] 
Database 'C:\Users\Usuario-Pc\OneDrive\Escritorio\Urtzi Universidad\workspace\SI\Rides24Geltokiekin\src\main\resources\rides.temp' has been recovered (tr. 153-176)

[2025-05-17 21:00:07 #2 store] 
Database 'C:\Users\Usuario-Pc\OneDrive\Escritorio\Urtzi Universidad\workspace\SI\Rides24Geltokiekin\src\main\resources\rides.temp' is opened by 20944@DESKTOP-EH9B0CP

[2025-05-17 21:00:07 #3 type] 
Type domain.Profile is not enhanced.

[2025-05-17 21:00:07 #4 type] 
Type domain.Erreklamazioa is not enhanced.

[2025-05-17 21:00:07 #5 type] 
Type domain.Mezua is not enhanced.

[2025-05-17 21:00:07 #6 type] 
Type domain.Ride is not enhanced.

[2025-05-17 21:00:07 #7 type] 
Type domain.RideRequest is not enhanced.

[2025-05-17 21:00:07 #8 type] 
Type domain.Alerta is not enhanced.

[2025-05-17 21:00:07 #9 type] 
Type domain.Driver is not enhanced.

[2025-05-17 21:00:07 #10 type] 
Type domain.Kotxe is not enhanced.

[2025-05-17 21:00:07 #11 type] 
Type domain.Geltoki is not enhanced.

[2025-05-17 21:00:07 #12 type] 
Type domain.Traveller is not enhanced.

[2025-05-17 21:00:07 #13 type] 
Type domain.Admin is not enhanced.

------------------------------------------------------------------------------------------------------------------------

[2025-05-17 21:10:55 #1 store] 
Database 'C:\Users\Usuario-Pc\OneDrive\Escritorio\Urtzi Universidad\workspace\SI\Rides24Geltokiekin\src\main\resources\rides.temp' is opened by 19432@DESKTOP-EH9B0CP

[2025-05-17 21:10:55 #2 type] 
Type domain.Profile is not enhanced.

[2025-05-17 21:10:55 #3 type] 
Type domain.Erreklamazioa is not enhanced.

[2025-05-17 21:10:55 #4 type] 
Type domain.Mezua is not enhanced.

[2025-05-17 21:10:56 #5 type] 
Type domain.Ride is not enhanced.

[2025-05-17 21:10:56 #6 type] 
Type domain.RideRequest is not enhanced.

[2025-05-17 21:10:56 #7 type] 
Type domain.Alerta is not enhanced.

[2025-05-17 21:10:56 #8 type] 
Type domain.Driver is not enhanced.

[2025-05-17 21:10:56 #9 type] 
Type domain.Kotxe is not enhanced.

[2025-05-17 21:10:56 #10 type] 
Type domain.Geltoki is not enhanced.

[2025-05-17 21:10:56 #11 type] 
Type domain.Traveller is not enhanced.

[2025-05-17 21:10:56 #12 type] 
Type domain.Admin is not enhanced.

------------------------------------------------------------------------------------------------------------------------

[2025-05-17 21:13:10 #1 store] 
Database 'C:\Users\Usuario-Pc\OneDrive\Escritorio\Urtzi Universidad\workspace\SI\Rides24Geltokiekin\src\main\resources\rides.temp' is opened by 23900@DESKTOP-EH9B0CP

[2025-05-17 21:13:11 #2 type] 
Type domain.Profile is not enhanced.

[2025-05-17 21:13:11 #3 type] 
Type domain.Erreklamazioa is not enhanced.

[2025-05-17 21:13:11 #4 type] 
Type domain.Mezua is not enhanced.

[2025-05-17 21:13:11 #5 type] 
Type domain.Ride is not enhanced.

[2025-05-17 21:13:11 #6 type] 
Type domain.RideRequest is not enhanced.

[2025-05-17 21:13:11 #7 type] 
Type domain.Alerta is not enhanced.

[2025-05-17 21:13:11 #8 type] 
Type domain.Driver is not enhanced.

[2025-05-17 21:13:11 #9 type] 
Type domain.Kotxe is not enhanced.

[2025-05-17 21:13:11 #10 type] 
Type domain.Geltoki is not enhanced.

[2025-05-17 21:13:11 #11 type] 
Type domain.Traveller is not enhanced.

[2025-05-17 21:13:11 #12 type] 
Type domain.Admin is not enhanced.

------------------------------------------------------------------------------------------------------------------------

[2025-05-17 21:14:53 #1 store] 
Database 'C:\Users\Usuario-Pc\OneDrive\Escritorio\Urtzi Universidad\workspace\SI\Rides24Geltokiekin\src\main\resources\rides.temp' has been recovered (tr. 182-184)

[2025-05-17 21:14:53 #2 store] 
Database 'C:\Users\Usuario-Pc\OneDrive\Escritorio\Urtzi Universidad\workspace\SI\Rides24Geltokiekin\src\main\resources\rides.temp' is opened by 20908@DESKTOP-EH9B0CP

[2025-05-17 21:14:53 #3 type] 
Type domain.Profile is not enhanced.

[2025-05-17 21:14:53 #4 type] 
Type domain.Erreklamazioa is not enhanced.

[2025-05-17 21:14:53 #5 type] 
Type domain.Mezua is not enhanced.

[2025-05-17 21:14:53 #6 type] 
Type domain.Ride is not enhanced.

[2025-05-17 21:14:53 #7 type] 
Type domain.RideRequest is not enhanced.

[2025-05-17 21:14:53 #8 type] 
Type domain.Alerta is not enhanced.

[2025-05-17 21:14:53 #9 type] 
Type domain.Driver is not enhanced.

[2025-05-17 21:14:53 #10 type] 
Type domain.Kotxe is not enhanced.

[2025-05-17 21:14:53 #11 type] 
Type domain.Geltoki is not enhanced.

[2025-05-17 21:14:53 #12 type] 
Type domain.Traveller is not enhanced.

[2025-05-17 21:14:53 #13 type] 
Type domain.Admin is not enhanced.

------------------------------------------------------------------------------------------------------------------------

[2025-05-17 21:17:52 #1 store] 
Database 'C:\Users\Usuario-Pc\OneDrive\Escritorio\Urtzi Universidad\workspace\SI\Rides24Geltokiekin\src\main\resources\rides.temp' is opened by 6976@DESKTOP-EH9B0CP

[2025-05-17 21:17:52 #2 type] 
Type domain.Profile is not enhanced.

[2025-05-17 21:17:52 #3 type] 
Type domain.Erreklamazioa is not enhanced.

[2025-05-17 21:17:52 #4 type] 
Type domain.Mezua is not enhanced.

[2025-05-17 21:17:52 #5 type] 
Type domain.Ride is not enhanced.

[2025-05-17 21:17:52 #6 type] 
Type domain.RideRequest is not enhanced.

[2025-05-17 21:17:52 #7 type] 
Type domain.Alerta is not enhanced.

[2025-05-17 21:17:52 #8 type] 
Type domain.Driver is not enhanced.

[2025-05-17 21:17:52 #9 type] 
Type domain.Kotxe is not enhanced.

[2025-05-17 21:17:52 #10 type] 
Type domain.Geltoki is not enhanced.

[2025-05-17 21:17:52 #11 type] 
Type domain.Traveller is not enhanced.

[2025-05-17 21:17:52 #12 type] 
Type domain.Admin is not enhanced.

