------------------------------------------------------------------------------------------------------------------------

[2025-02-17 10:41:24 #1 store] 
Database 'C:\Users\Usuario-Pc\git\Rides24\src\main\resources\rides.temp' is opened by 15940@DESKTOP-EH9B0CP

[2025-02-17 10:41:24 #2 type] 
Type domain.Profile is not enhanced.

[2025-02-17 10:41:24 #3 type] 
Type domain.Traveller is not enhanced.

[2025-02-17 10:41:24 #4 type] 
Type domain.RideRequest is not enhanced.

[2025-02-17 10:41:24 #5 type] 
Type domain.Ride is not enhanced.

[2025-02-17 10:41:24 #6 type] 
Type domain.Driver is not enhanced.

------------------------------------------------------------------------------------------------------------------------

[2025-02-17 10:44:21 #1 store] 
Database 'C:\Users\Usuario-Pc\git\Rides24\src\main\resources\rides.temp' is opened by 9188@DESKTOP-EH9B0CP

[2025-02-17 10:44:22 #2 type] 
Type domain.Profile is not enhanced.

[2025-02-17 10:44:22 #3 type] 
Type domain.Traveller is not enhanced.

[2025-02-17 10:44:22 #4 type] 
Type domain.RideRequest is not enhanced.

[2025-02-17 10:44:22 #5 type] 
Type domain.Ride is not enhanced.

[2025-02-17 10:44:22 #6 type] 
Type domain.Driver is not enhanced.

------------------------------------------------------------------------------------------------------------------------

[2025-02-17 10:51:47 #1 store] 
Database 'C:\Users\Usuario-Pc\git\Rides24\src\main\resources\rides.temp' is opened by 12788@DESKTOP-EH9B0CP

[2025-02-17 10:51:47 #2 type] 
Type domain.Profile is not enhanced.

[2025-02-17 10:51:47 #3 type] 
Type domain.Traveller is not enhanced.

[2025-02-17 10:51:47 #4 type] 
Type domain.RideRequest is not enhanced.

[2025-02-17 10:51:47 #5 type] 
Type domain.Ride is not enhanced.

[2025-02-17 10:51:47 #6 type] 
Type domain.Driver is not enhanced.

------------------------------------------------------------------------------------------------------------------------

[2025-02-17 11:03:35 #1 store] 
Database 'C:\Users\Usuario-Pc\git\Rides24\src\main\resources\rides.temp' is opened by 12236@DESKTOP-EH9B0CP

[2025-02-17 11:03:35 #2 type] 
Type domain.Profile is not enhanced.

[2025-02-17 11:03:35 #3 type] 
Type domain.Traveller is not enhanced.

[2025-02-17 11:03:35 #4 type] 
Type domain.RideRequest is not enhanced.

[2025-02-17 11:03:35 #5 type] 
Type domain.Ride is not enhanced.

[2025-02-17 11:03:35 #6 type] 
Type domain.Driver is not enhanced.

------------------------------------------------------------------------------------------------------------------------

[2025-02-17 11:04:18 #1 store] 
Database 'C:\Users\Usuario-Pc\git\Rides24\src\main\resources\rides.temp' is opened by 2280@DESKTOP-EH9B0CP

[2025-02-17 11:04:18 #2 type] 
Type domain.Profile is not enhanced.

[2025-02-17 11:04:18 #3 type] 
Type domain.Traveller is not enhanced.

[2025-02-17 11:04:18 #4 type] 
Type domain.RideRequest is not enhanced.

[2025-02-17 11:04:18 #5 type] 
Type domain.Ride is not enhanced.

[2025-02-17 11:04:18 #6 type] 
Type domain.Driver is not enhanced.

------------------------------------------------------------------------------------------------------------------------

[2025-02-17 11:04:48 #1 store] 
Database 'C:\Users\Usuario-Pc\git\Rides24\src\main\resources\rides.temp' is opened by 4644@DESKTOP-EH9B0CP

[2025-02-17 11:04:49 #2 type] 
Type domain.Profile is not enhanced.

[2025-02-17 11:04:49 #3 type] 
Type domain.Traveller is not enhanced.

[2025-02-17 11:04:49 #4 type] 
Type domain.RideRequest is not enhanced.

[2025-02-17 11:04:49 #5 type] 
Type domain.Ride is not enhanced.

[2025-02-17 11:04:49 #6 type] 
Type domain.Driver is not enhanced.

------------------------------------------------------------------------------------------------------------------------

[2025-02-17 11:45:35 #1 store] 
Database 'C:\Users\Usuario-Pc\git\Rides24\src\main\resources\rides.temp' is opened by 20324@DESKTOP-EH9B0CP

[2025-02-17 11:45:35 #2 type] 
Type domain.Profile is not enhanced.

[2025-02-17 11:45:35 #3 type] 
Type domain.Traveller is not enhanced.

[2025-02-17 11:45:35 #4 type] 
Type domain.RideRequest is not enhanced.

[2025-02-17 11:45:35 #5 type] 
Type domain.Ride is not enhanced.

[2025-02-17 11:45:35 #6 type] 
Type domain.Driver is not enhanced.

