------------------------------------------------------------------------------------------------------------------------

[2025-05-14 00:23:32 #1 store] 
Database 'C:\Users\Usuario-Pc\OneDrive\Escritorio\Urtzi Universidad\workspace\SI\Rides24Geltokiekin\src\main\resources\rides.temp' is opened by 20704@DESKTOP-EH9B0CP

[2025-05-14 00:23:55 #2 type.registry] 
New type domain.Profile

[2025-05-14 00:23:55 #3 type] 
Type domain.Profile is not enhanced.

[2025-05-14 00:23:55 #4 type.registry] 
New type domain.Erreklamazioa

[2025-05-14 00:23:55 #5 type.registry] 
New type domain.Mezua

[2025-05-14 00:23:55 #6 type] 
Type domain.Erreklamazioa is not enhanced.

[2025-05-14 00:23:55 #7 type.registry] 
New type domain.Ride

[2025-05-14 00:23:55 #8 type.registry] 
New type domain.RideRequest

[2025-05-14 00:23:55 #9 type.registry] 
New type domain.EgoeraErreklamazioa

[2025-05-14 00:23:55 #10 type] 
Type domain.Mezua is not enhanced.

[2025-05-14 00:23:55 #11 type.registry] 
New type domain.Alerta

[2025-05-14 00:23:55 #12 type] 
Type domain.Ride is not enhanced.

[2025-05-14 00:23:55 #13 type.registry] 
New type domain.Driver

[2025-05-14 00:23:55 #14 type.registry] 
New type domain.EgoeraRide

[2025-05-14 00:23:55 #15 type.registry] 
New type domain.Kotxe

[2025-05-14 00:23:55 #16 type.registry] 
New type domain.Geltoki

[2025-05-14 00:23:55 #17 type] 
Type domain.RideRequest is not enhanced.

[2025-05-14 00:23:55 #18 type.registry] 
New type domain.Traveller

[2025-05-14 00:23:55 #19 type.registry] 
New type domain.EgoeraRideRequest

[2025-05-14 00:23:55 #20 type] 
Type domain.Alerta is not enhanced.

[2025-05-14 00:23:55 #21 type] 
Type domain.Driver is not enhanced.

[2025-05-14 00:23:55 #22 type] 
Type domain.Kotxe is not enhanced.

[2025-05-14 00:23:55 #23 type] 
Type domain.Geltoki is not enhanced.

[2025-05-14 00:23:55 #24 type] 
Type domain.Traveller is not enhanced.

[2025-05-14 00:23:55 #25 type.registry] 
New type java.util.ArrayList<java.lang.Object>

[2025-05-14 00:23:55 #26 type.registry] 
New type java.util.Vector<java.lang.Object>

[2025-05-14 00:23:55 #27 type.registry] 
New type java.util.LinkedList<java.lang.Object>

[2025-05-14 00:23:55 #28 type.registry] 
New type java.util.ArrayList<java.lang.Integer>

[2025-05-14 00:23:55 #29 type.registry] 
New type java.util.ArrayList<domain.Mezua>

[2025-05-14 00:23:55 #30 type.registry] 
New type java.util.Vector<domain.Erreklamazioa>

[2025-05-14 00:23:55 #31 type.registry] 
New type java.util.ArrayList<domain.RideRequest>

[2025-05-14 00:23:55 #32 type.registry] 
New type java.util.LinkedList<domain.Alerta>

[2025-05-14 00:24:14 #33 type.registry] 
New type java.util.Vector<domain.Ride>

[2025-05-14 00:24:14 #34 type.registry] 
New type java.util.Vector<domain.Kotxe>

[2025-05-14 00:24:35 #35 type.registry] 
New type java.util.LinkedList<domain.Geltoki>

------------------------------------------------------------------------------------------------------------------------

[2025-05-14 00:29:17 #1 store] 
Database 'C:\Users\Usuario-Pc\OneDrive\Escritorio\Urtzi Universidad\workspace\SI\Rides24Geltokiekin\src\main\resources\rides.temp' has been recovered (tr. 1-64)

[2025-05-14 00:29:17 #2 store] 
Database 'C:\Users\Usuario-Pc\OneDrive\Escritorio\Urtzi Universidad\workspace\SI\Rides24Geltokiekin\src\main\resources\rides.temp' is opened by 18684@DESKTOP-EH9B0CP

[2025-05-14 00:29:18 #3 type] 
Type domain.Profile is not enhanced.

[2025-05-14 00:29:18 #4 type] 
Type domain.Erreklamazioa is not enhanced.

[2025-05-14 00:29:18 #5 type] 
Type domain.Mezua is not enhanced.

[2025-05-14 00:29:18 #6 type] 
Type domain.Ride is not enhanced.

[2025-05-14 00:29:18 #7 type] 
Type domain.RideRequest is not enhanced.

[2025-05-14 00:29:18 #8 type] 
Type domain.Alerta is not enhanced.

[2025-05-14 00:29:18 #9 type] 
Type domain.Driver is not enhanced.

[2025-05-14 00:29:18 #10 type] 
Type domain.Kotxe is not enhanced.

[2025-05-14 00:29:18 #11 type] 
Type domain.Geltoki is not enhanced.

[2025-05-14 00:29:18 #12 type] 
Type domain.Traveller is not enhanced.

------------------------------------------------------------------------------------------------------------------------

[2025-05-14 00:38:28 #1 store] 
Database 'C:\Users\Usuario-Pc\OneDrive\Escritorio\Urtzi Universidad\workspace\SI\Rides24Geltokiekin\src\main\resources\rides.temp' has been recovered (tr. 65-69)

[2025-05-14 00:38:29 #2 store] 
Database 'C:\Users\Usuario-Pc\OneDrive\Escritorio\Urtzi Universidad\workspace\SI\Rides24Geltokiekin\src\main\resources\rides.temp' is opened by 13264@DESKTOP-EH9B0CP

[2025-05-14 00:38:29 #3 type] 
Type domain.Profile is not enhanced.

[2025-05-14 00:38:29 #4 type] 
Type domain.Erreklamazioa is not enhanced.

[2025-05-14 00:38:29 #5 type] 
Type domain.Mezua is not enhanced.

[2025-05-14 00:38:29 #6 type] 
Type domain.Ride is not enhanced.

[2025-05-14 00:38:29 #7 type] 
Type domain.RideRequest is not enhanced.

[2025-05-14 00:38:29 #8 type] 
Type domain.Alerta is not enhanced.

[2025-05-14 00:38:29 #9 type] 
Type domain.Driver is not enhanced.

[2025-05-14 00:38:29 #10 type] 
Type domain.Kotxe is not enhanced.

[2025-05-14 00:38:29 #11 type] 
Type domain.Geltoki is not enhanced.

[2025-05-14 00:38:29 #12 type] 
Type domain.Traveller is not enhanced.

------------------------------------------------------------------------------------------------------------------------

[2025-05-14 00:41:08 #1 store] 
Database 'C:\Users\Usuario-Pc\OneDrive\Escritorio\Urtzi Universidad\workspace\SI\Rides24Geltokiekin\src\main\resources\rides.temp' is opened by 14920@DESKTOP-EH9B0CP

[2025-05-14 00:41:09 #2 type] 
Type domain.Profile is not enhanced.

[2025-05-14 00:41:09 #3 type] 
Type domain.Erreklamazioa is not enhanced.

[2025-05-14 00:41:09 #4 type] 
Type domain.Mezua is not enhanced.

[2025-05-14 00:41:09 #5 type] 
Type domain.Ride is not enhanced.

[2025-05-14 00:41:09 #6 type] 
Type domain.RideRequest is not enhanced.

[2025-05-14 00:41:09 #7 type] 
Type domain.Alerta is not enhanced.

[2025-05-14 00:41:09 #8 type] 
Type domain.Driver is not enhanced.

[2025-05-14 00:41:09 #9 type] 
Type domain.Kotxe is not enhanced.

[2025-05-14 00:41:09 #10 type] 
Type domain.Geltoki is not enhanced.

[2025-05-14 00:41:09 #11 type] 
Type domain.Traveller is not enhanced.

------------------------------------------------------------------------------------------------------------------------

[2025-05-14 00:44:29 #1 store] 
Database 'C:\Users\Usuario-Pc\OneDrive\Escritorio\Urtzi Universidad\workspace\SI\Rides24Geltokiekin\src\main\resources\rides.temp' is opened by 18548@DESKTOP-EH9B0CP

[2025-05-14 00:44:29 #2 type] 
Type domain.Profile is not enhanced.

[2025-05-14 00:44:29 #3 type] 
Type domain.Erreklamazioa is not enhanced.

[2025-05-14 00:44:29 #4 type] 
Type domain.Mezua is not enhanced.

[2025-05-14 00:44:29 #5 type] 
Type domain.Ride is not enhanced.

[2025-05-14 00:44:29 #6 type] 
Type domain.RideRequest is not enhanced.

[2025-05-14 00:44:29 #7 type] 
Type domain.Alerta is not enhanced.

[2025-05-14 00:44:29 #8 type] 
Type domain.Driver is not enhanced.

[2025-05-14 00:44:29 #9 type] 
Type domain.Kotxe is not enhanced.

[2025-05-14 00:44:29 #10 type] 
Type domain.Geltoki is not enhanced.

[2025-05-14 00:44:29 #11 type] 
Type domain.Traveller is not enhanced.

------------------------------------------------------------------------------------------------------------------------

[2025-05-14 00:46:07 #1 store] 
Database 'C:\Users\Usuario-Pc\OneDrive\Escritorio\Urtzi Universidad\workspace\SI\Rides24Geltokiekin\src\main\resources\rides.temp' is opened by 16748@DESKTOP-EH9B0CP

[2025-05-14 00:46:07 #2 type] 
Type domain.Profile is not enhanced.

[2025-05-14 00:46:07 #3 type] 
Type domain.Erreklamazioa is not enhanced.

[2025-05-14 00:46:07 #4 type] 
Type domain.Mezua is not enhanced.

[2025-05-14 00:46:07 #5 type] 
Type domain.Ride is not enhanced.

[2025-05-14 00:46:07 #6 type] 
Type domain.RideRequest is not enhanced.

[2025-05-14 00:46:07 #7 type] 
Type domain.Alerta is not enhanced.

[2025-05-14 00:46:07 #8 type] 
Type domain.Driver is not enhanced.

[2025-05-14 00:46:07 #9 type] 
Type domain.Kotxe is not enhanced.

[2025-05-14 00:46:07 #10 type] 
Type domain.Geltoki is not enhanced.

[2025-05-14 00:46:07 #11 type] 
Type domain.Traveller is not enhanced.

------------------------------------------------------------------------------------------------------------------------

[2025-05-14 00:54:34 #1 store] 
Database 'C:\Users\Usuario-Pc\OneDrive\Escritorio\Urtzi Universidad\workspace\SI\Rides24Geltokiekin\src\main\resources\rides.temp' has been recovered (tr. 70-85)

[2025-05-14 00:54:34 #2 store] 
Database 'C:\Users\Usuario-Pc\OneDrive\Escritorio\Urtzi Universidad\workspace\SI\Rides24Geltokiekin\src\main\resources\rides.temp' is opened by 5264@DESKTOP-EH9B0CP

[2025-05-14 00:54:34 #3 type] 
Type domain.Profile is not enhanced.

[2025-05-14 00:54:34 #4 type] 
Type domain.Erreklamazioa is not enhanced.

[2025-05-14 00:54:34 #5 type] 
Type domain.Mezua is not enhanced.

[2025-05-14 00:54:34 #6 type] 
Type domain.Ride is not enhanced.

[2025-05-14 00:54:34 #7 type] 
Type domain.RideRequest is not enhanced.

[2025-05-14 00:54:34 #8 type] 
Type domain.Alerta is not enhanced.

[2025-05-14 00:54:34 #9 type] 
Type domain.Driver is not enhanced.

[2025-05-14 00:54:34 #10 type] 
Type domain.Kotxe is not enhanced.

[2025-05-14 00:54:34 #11 type] 
Type domain.Geltoki is not enhanced.

[2025-05-14 00:54:34 #12 type] 
Type domain.Traveller is not enhanced.

------------------------------------------------------------------------------------------------------------------------

[2025-05-14 01:00:16 #1 store] 
Database 'C:\Users\Usuario-Pc\OneDrive\Escritorio\Urtzi Universidad\workspace\SI\Rides24Geltokiekin\src\main\resources\rides.temp' is opened by 22872@DESKTOP-EH9B0CP

[2025-05-14 01:00:16 #2 type] 
Type domain.Profile is not enhanced.

[2025-05-14 01:00:16 #3 type] 
Type domain.Erreklamazioa is not enhanced.

[2025-05-14 01:00:16 #4 type] 
Type domain.Mezua is not enhanced.

[2025-05-14 01:00:16 #5 type] 
Type domain.Ride is not enhanced.

[2025-05-14 01:00:16 #6 type] 
Type domain.RideRequest is not enhanced.

[2025-05-14 01:00:16 #7 type] 
Type domain.Alerta is not enhanced.

[2025-05-14 01:00:16 #8 type] 
Type domain.Driver is not enhanced.

[2025-05-14 01:00:16 #9 type] 
Type domain.Kotxe is not enhanced.

[2025-05-14 01:00:16 #10 type] 
Type domain.Geltoki is not enhanced.

[2025-05-14 01:00:16 #11 type] 
Type domain.Traveller is not enhanced.

------------------------------------------------------------------------------------------------------------------------

[2025-05-14 01:02:52 #1 store] 
Database 'C:\Users\Usuario-Pc\OneDrive\Escritorio\Urtzi Universidad\workspace\SI\Rides24Geltokiekin\src\main\resources\rides.temp' has been recovered (tr. 86-100)

[2025-05-14 01:02:52 #2 store] 
Database 'C:\Users\Usuario-Pc\OneDrive\Escritorio\Urtzi Universidad\workspace\SI\Rides24Geltokiekin\src\main\resources\rides.temp' is opened by 404@DESKTOP-EH9B0CP

[2025-05-14 01:02:52 #3 type] 
Type domain.Profile is not enhanced.

[2025-05-14 01:02:52 #4 type] 
Type domain.Erreklamazioa is not enhanced.

[2025-05-14 01:02:52 #5 type] 
Type domain.Mezua is not enhanced.

[2025-05-14 01:02:52 #6 type] 
Type domain.Ride is not enhanced.

[2025-05-14 01:02:52 #7 type] 
Type domain.RideRequest is not enhanced.

[2025-05-14 01:02:52 #8 type] 
Type domain.Alerta is not enhanced.

[2025-05-14 01:02:52 #9 type] 
Type domain.Driver is not enhanced.

[2025-05-14 01:02:52 #10 type] 
Type domain.Kotxe is not enhanced.

[2025-05-14 01:02:52 #11 type] 
Type domain.Geltoki is not enhanced.

[2025-05-14 01:02:52 #12 type] 
Type domain.Traveller is not enhanced.

------------------------------------------------------------------------------------------------------------------------

[2025-05-14 01:07:51 #1 store] 
Database 'C:\Users\Usuario-Pc\OneDrive\Escritorio\Urtzi Universidad\workspace\SI\Rides24Geltokiekin\src\main\resources\rides.temp' has been recovered (tr. 101-110)

[2025-05-14 01:07:51 #2 store] 
Database 'C:\Users\Usuario-Pc\OneDrive\Escritorio\Urtzi Universidad\workspace\SI\Rides24Geltokiekin\src\main\resources\rides.temp' is opened by 9856@DESKTOP-EH9B0CP

[2025-05-14 01:07:51 #3 type] 
Type domain.Profile is not enhanced.

[2025-05-14 01:07:51 #4 type] 
Type domain.Erreklamazioa is not enhanced.

[2025-05-14 01:07:51 #5 type] 
Type domain.Mezua is not enhanced.

[2025-05-14 01:07:51 #6 type] 
Type domain.Ride is not enhanced.

[2025-05-14 01:07:51 #7 type] 
Type domain.RideRequest is not enhanced.

[2025-05-14 01:07:51 #8 type] 
Type domain.Alerta is not enhanced.

[2025-05-14 01:07:51 #9 type] 
Type domain.Driver is not enhanced.

[2025-05-14 01:07:51 #10 type] 
Type domain.Kotxe is not enhanced.

[2025-05-14 01:07:51 #11 type] 
Type domain.Geltoki is not enhanced.

[2025-05-14 01:07:51 #12 type] 
Type domain.Traveller is not enhanced.

------------------------------------------------------------------------------------------------------------------------

[2025-05-14 19:01:31 #1 store] 
Database 'C:\Users\Usuario-Pc\OneDrive\Escritorio\Urtzi Universidad\workspace\SI\Rides24Geltokiekin\src\main\resources\rides.temp' has been recovered (tr. 111-118)

[2025-05-14 19:01:31 #2 store] 
Database 'C:\Users\Usuario-Pc\OneDrive\Escritorio\Urtzi Universidad\workspace\SI\Rides24Geltokiekin\src\main\resources\rides.temp' is opened by 2132@DESKTOP-EH9B0CP

[2025-05-14 19:01:32 #3 type] 
Type domain.Profile is not enhanced.

[2025-05-14 19:01:32 #4 type] 
Type domain.Erreklamazioa is not enhanced.

[2025-05-14 19:01:32 #5 type] 
Type domain.Mezua is not enhanced.

[2025-05-14 19:01:32 #6 type] 
Type domain.Ride is not enhanced.

[2025-05-14 19:01:32 #7 type] 
Type domain.RideRequest is not enhanced.

[2025-05-14 19:01:32 #8 type] 
Type domain.Alerta is not enhanced.

[2025-05-14 19:01:32 #9 type] 
Type domain.Driver is not enhanced.

[2025-05-14 19:01:32 #10 type] 
Type domain.Kotxe is not enhanced.

[2025-05-14 19:01:32 #11 type] 
Type domain.Geltoki is not enhanced.

[2025-05-14 19:01:32 #12 type] 
Type domain.Traveller is not enhanced.

------------------------------------------------------------------------------------------------------------------------

[2025-05-14 19:36:42 #1 store] 
Database 'C:\Users\Usuario-Pc\OneDrive\Escritorio\Urtzi Universidad\workspace\SI\Rides24Geltokiekin\src\main\resources\rides.temp' is opened by 3176@DESKTOP-EH9B0CP

[2025-05-14 19:36:42 #2 type] 
Type domain.Profile is not enhanced.

[2025-05-14 19:36:42 #3 type] 
Type domain.Erreklamazioa is not enhanced.

[2025-05-14 19:36:42 #4 type] 
Type domain.Mezua is not enhanced.

[2025-05-14 19:36:42 #5 type] 
Type domain.Ride is not enhanced.

[2025-05-14 19:36:42 #6 type] 
Type domain.RideRequest is not enhanced.

[2025-05-14 19:36:42 #7 type] 
Type domain.Alerta is not enhanced.

[2025-05-14 19:36:42 #8 type] 
Type domain.Driver is not enhanced.

[2025-05-14 19:36:42 #9 type] 
Type domain.Kotxe is not enhanced.

[2025-05-14 19:36:42 #10 type] 
Type domain.Geltoki is not enhanced.

[2025-05-14 19:36:42 #11 type] 
Type domain.Traveller is not enhanced.

------------------------------------------------------------------------------------------------------------------------

[2025-05-14 23:42:22 #1 store] 
Database 'C:\Users\Usuario-Pc\OneDrive\Escritorio\Urtzi Universidad\workspace\SI\Rides24Geltokiekin\src\main\resources\rides.temp' is opened by 3440@DESKTOP-EH9B0CP

[2025-05-14 23:42:22 #2 type] 
Type domain.Profile is not enhanced.

[2025-05-14 23:42:22 #3 type] 
Type domain.Erreklamazioa is not enhanced.

[2025-05-14 23:42:22 #4 type] 
Type domain.Mezua is not enhanced.

[2025-05-14 23:42:22 #5 type] 
Type domain.Ride is not enhanced.

[2025-05-14 23:42:22 #6 type] 
Type domain.RideRequest is not enhanced.

[2025-05-14 23:42:22 #7 type] 
Type domain.Alerta is not enhanced.

[2025-05-14 23:42:22 #8 type] 
Type domain.Driver is not enhanced.

[2025-05-14 23:42:22 #9 type] 
Type domain.Kotxe is not enhanced.

[2025-05-14 23:42:22 #10 type] 
Type domain.Geltoki is not enhanced.

[2025-05-14 23:42:22 #11 type] 
Type domain.Traveller is not enhanced.

------------------------------------------------------------------------------------------------------------------------

[2025-05-14 23:48:54 #1 store] 
Database 'C:\Users\Usuario-Pc\OneDrive\Escritorio\Urtzi Universidad\workspace\SI\Rides24Geltokiekin\src\main\resources\rides.temp' has been recovered (tr. 119-123)

[2025-05-14 23:48:54 #2 store] 
Database 'C:\Users\Usuario-Pc\OneDrive\Escritorio\Urtzi Universidad\workspace\SI\Rides24Geltokiekin\src\main\resources\rides.temp' is opened by 16824@DESKTOP-EH9B0CP

[2025-05-14 23:48:54 #3 type] 
Type domain.Profile is not enhanced.

[2025-05-14 23:48:54 #4 type] 
Type domain.Erreklamazioa is not enhanced.

[2025-05-14 23:48:54 #5 type] 
Type domain.Mezua is not enhanced.

[2025-05-14 23:48:54 #6 type] 
Type domain.Ride is not enhanced.

[2025-05-14 23:48:54 #7 type] 
Type domain.RideRequest is not enhanced.

[2025-05-14 23:48:54 #8 type] 
Type domain.Alerta is not enhanced.

[2025-05-14 23:48:54 #9 type] 
Type domain.Driver is not enhanced.

[2025-05-14 23:48:54 #10 type] 
Type domain.Kotxe is not enhanced.

[2025-05-14 23:48:54 #11 type] 
Type domain.Geltoki is not enhanced.

[2025-05-14 23:48:54 #12 type] 
Type domain.Traveller is not enhanced.

------------------------------------------------------------------------------------------------------------------------

[2025-05-14 23:50:46 #1 store] 
Database 'C:\Users\Usuario-Pc\OneDrive\Escritorio\Urtzi Universidad\workspace\SI\Rides24Geltokiekin\src\main\resources\rides.temp' is opened by 11236@DESKTOP-EH9B0CP

[2025-05-14 23:50:46 #2 type] 
Type domain.Profile is not enhanced.

[2025-05-14 23:50:46 #3 type] 
Type domain.Erreklamazioa is not enhanced.

[2025-05-14 23:50:46 #4 type] 
Type domain.Mezua is not enhanced.

[2025-05-14 23:50:46 #5 type] 
Type domain.Ride is not enhanced.

[2025-05-14 23:50:46 #6 type] 
Type domain.RideRequest is not enhanced.

[2025-05-14 23:50:46 #7 type] 
Type domain.Alerta is not enhanced.

[2025-05-14 23:50:46 #8 type] 
Type domain.Driver is not enhanced.

[2025-05-14 23:50:46 #9 type] 
Type domain.Kotxe is not enhanced.

[2025-05-14 23:50:46 #10 type] 
Type domain.Geltoki is not enhanced.

[2025-05-14 23:50:46 #11 type] 
Type domain.Traveller is not enhanced.

