------------------------------------------------------------------------------------------------------------------------

[2025-04-04 17:05:23 #1 store] 
Database 'C:\Users\Usuario-Pc\OneDrive\Escritorio\Urtzi Universidad\workspace\SI\Rides24\src\main\resources\rides.temp' is opened by 12200@DESKTOP-EH9B0CP

[2025-04-04 17:05:23 #2 type] 
Type domain.Ride is not enhanced.

[2025-04-04 17:05:23 #3 type] 
Type domain.RideRequest is not enhanced.

[2025-04-04 17:05:23 #4 type] 
Type domain.Profile is not enhanced.

[2025-04-04 17:05:23 #5 type] 
Type domain.Driver is not enhanced.

[2025-04-04 17:05:23 #6 type] 
Type domain.Kotxe is not enhanced.

[2025-04-04 17:05:23 #7 type] 
Type domain.Traveller is not enhanced.

[2025-04-04 17:05:23 #8 type] 
Type domain.Mezua is not enhanced.

------------------------------------------------------------------------------------------------------------------------

[2025-04-04 17:06:56 #1 store] 
Database 'C:\Users\Usuario-Pc\OneDrive\Escritorio\Urtzi Universidad\workspace\SI\Rides24\src\main\resources\rides.temp' has been recovered (tr. 151-152)

[2025-04-04 17:06:56 #2 store] 
Database 'C:\Users\Usuario-Pc\OneDrive\Escritorio\Urtzi Universidad\workspace\SI\Rides24\src\main\resources\rides.temp' is opened by 24488@DESKTOP-EH9B0CP

[2025-04-04 17:06:57 #3 type] 
Type domain.Ride is not enhanced.

[2025-04-04 17:06:57 #4 type] 
Type domain.RideRequest is not enhanced.

[2025-04-04 17:06:57 #5 type] 
Type domain.Profile is not enhanced.

[2025-04-04 17:06:57 #6 type] 
Type domain.Driver is not enhanced.

[2025-04-04 17:06:57 #7 type] 
Type domain.Kotxe is not enhanced.

[2025-04-04 17:06:57 #8 type] 
Type domain.Traveller is not enhanced.

[2025-04-04 17:06:57 #9 type] 
Type domain.Mezua is not enhanced.

------------------------------------------------------------------------------------------------------------------------

[2025-04-04 17:09:58 #1 store] 
Database 'C:\Users\Usuario-Pc\OneDrive\Escritorio\Urtzi Universidad\workspace\SI\Rides24\src\main\resources\rides.temp' has been recovered (tr. 153-153)

[2025-04-04 17:09:58 #2 store] 
Database 'C:\Users\Usuario-Pc\OneDrive\Escritorio\Urtzi Universidad\workspace\SI\Rides24\src\main\resources\rides.temp' is opened by 11044@DESKTOP-EH9B0CP

[2025-04-04 17:09:59 #3 type] 
Type domain.Ride is not enhanced.

[2025-04-04 17:09:59 #4 type] 
Type domain.RideRequest is not enhanced.

[2025-04-04 17:09:59 #5 type] 
Type domain.Profile is not enhanced.

[2025-04-04 17:09:59 #6 type] 
Type domain.Driver is not enhanced.

[2025-04-04 17:09:59 #7 type] 
Type domain.Kotxe is not enhanced.

[2025-04-04 17:09:59 #8 type] 
Type domain.Traveller is not enhanced.

[2025-04-04 17:09:59 #9 type] 
Type domain.Mezua is not enhanced.

------------------------------------------------------------------------------------------------------------------------

[2025-04-04 17:10:55 #1 store] 
Database 'C:\Users\Usuario-Pc\OneDrive\Escritorio\Urtzi Universidad\workspace\SI\Rides24\src\main\resources\rides.temp' is opened by 4588@DESKTOP-EH9B0CP

[2025-04-04 17:10:55 #2 type] 
Type domain.Ride is not enhanced.

[2025-04-04 17:10:55 #3 type] 
Type domain.RideRequest is not enhanced.

[2025-04-04 17:10:55 #4 type] 
Type domain.Profile is not enhanced.

[2025-04-04 17:10:55 #5 type] 
Type domain.Driver is not enhanced.

[2025-04-04 17:10:55 #6 type] 
Type domain.Kotxe is not enhanced.

[2025-04-04 17:10:55 #7 type] 
Type domain.Traveller is not enhanced.

[2025-04-04 17:10:55 #8 type] 
Type domain.Mezua is not enhanced.

------------------------------------------------------------------------------------------------------------------------

[2025-04-04 17:11:19 #1 store] 
Database 'C:\Users\Usuario-Pc\OneDrive\Escritorio\Urtzi Universidad\workspace\SI\Rides24\src\main\resources\rides.temp' is opened by 13128@DESKTOP-EH9B0CP

[2025-04-04 17:11:19 #2 type] 
Type domain.Ride is not enhanced.

[2025-04-04 17:11:19 #3 type] 
Type domain.RideRequest is not enhanced.

[2025-04-04 17:11:19 #4 type] 
Type domain.Profile is not enhanced.

[2025-04-04 17:11:19 #5 type] 
Type domain.Driver is not enhanced.

[2025-04-04 17:11:19 #6 type] 
Type domain.Kotxe is not enhanced.

[2025-04-04 17:11:19 #7 type] 
Type domain.Traveller is not enhanced.

[2025-04-04 17:11:19 #8 type] 
Type domain.Mezua is not enhanced.

------------------------------------------------------------------------------------------------------------------------

[2025-04-04 17:11:42 #1 store] 
Database 'C:\Users\Usuario-Pc\OneDrive\Escritorio\Urtzi Universidad\workspace\SI\Rides24\src\main\resources\rides.temp' is opened by 24168@DESKTOP-EH9B0CP

[2025-04-04 17:11:42 #2 type] 
Type domain.Ride is not enhanced.

[2025-04-04 17:11:42 #3 type] 
Type domain.RideRequest is not enhanced.

[2025-04-04 17:11:42 #4 type] 
Type domain.Profile is not enhanced.

[2025-04-04 17:11:42 #5 type] 
Type domain.Driver is not enhanced.

[2025-04-04 17:11:42 #6 type] 
Type domain.Kotxe is not enhanced.

[2025-04-04 17:11:42 #7 type] 
Type domain.Traveller is not enhanced.

[2025-04-04 17:11:42 #8 type] 
Type domain.Mezua is not enhanced.

------------------------------------------------------------------------------------------------------------------------

[2025-04-04 17:12:16 #1 store] 
Database 'C:\Users\Usuario-Pc\OneDrive\Escritorio\Urtzi Universidad\workspace\SI\Rides24\src\main\resources\rides.temp' is opened by 18724@DESKTOP-EH9B0CP

[2025-04-04 17:12:16 #2 type] 
Type domain.Ride is not enhanced.

[2025-04-04 17:12:16 #3 type] 
Type domain.RideRequest is not enhanced.

[2025-04-04 17:12:16 #4 type] 
Type domain.Profile is not enhanced.

[2025-04-04 17:12:16 #5 type] 
Type domain.Driver is not enhanced.

[2025-04-04 17:12:16 #6 type] 
Type domain.Kotxe is not enhanced.

[2025-04-04 17:12:16 #7 type] 
Type domain.Traveller is not enhanced.

[2025-04-04 17:12:16 #8 type] 
Type domain.Mezua is not enhanced.

------------------------------------------------------------------------------------------------------------------------

[2025-04-04 17:13:40 #1 store] 
Database 'C:\Users\Usuario-Pc\OneDrive\Escritorio\Urtzi Universidad\workspace\SI\Rides24\src\main\resources\rides.temp' is opened by 17700@DESKTOP-EH9B0CP

[2025-04-04 17:13:40 #2 type] 
Type domain.Ride is not enhanced.

[2025-04-04 17:13:40 #3 type] 
Type domain.RideRequest is not enhanced.

[2025-04-04 17:13:40 #4 type] 
Type domain.Profile is not enhanced.

[2025-04-04 17:13:40 #5 type] 
Type domain.Driver is not enhanced.

[2025-04-04 17:13:40 #6 type] 
Type domain.Kotxe is not enhanced.

[2025-04-04 17:13:40 #7 type] 
Type domain.Traveller is not enhanced.

[2025-04-04 17:13:40 #8 type] 
Type domain.Mezua is not enhanced.

------------------------------------------------------------------------------------------------------------------------

[2025-04-04 17:17:00 #1 store] 
Database 'C:\Users\Usuario-Pc\OneDrive\Escritorio\Urtzi Universidad\workspace\SI\Rides24\src\main\resources\rides.temp' has been recovered (tr. 154-155)

[2025-04-04 17:17:00 #2 store] 
Database 'C:\Users\Usuario-Pc\OneDrive\Escritorio\Urtzi Universidad\workspace\SI\Rides24\src\main\resources\rides.temp' is opened by 11976@DESKTOP-EH9B0CP

[2025-04-04 17:17:00 #3 type] 
Type domain.Ride is not enhanced.

[2025-04-04 17:17:00 #4 type] 
Type domain.RideRequest is not enhanced.

[2025-04-04 17:17:00 #5 type] 
Type domain.Profile is not enhanced.

[2025-04-04 17:17:00 #6 type] 
Type domain.Driver is not enhanced.

[2025-04-04 17:17:00 #7 type] 
Type domain.Kotxe is not enhanced.

[2025-04-04 17:17:00 #8 type] 
Type domain.Traveller is not enhanced.

[2025-04-04 17:17:00 #9 type] 
Type domain.Mezua is not enhanced.

------------------------------------------------------------------------------------------------------------------------

[2025-04-04 17:26:36 #1 store] 
Database 'C:\Users\Usuario-Pc\OneDrive\Escritorio\Urtzi Universidad\workspace\SI\Rides24\src\main\resources\rides.temp' is opened by 22696@DESKTOP-EH9B0CP

[2025-04-04 17:26:36 #2 type] 
Type domain.Ride is not enhanced.

[2025-04-04 17:26:36 #3 type] 
Type domain.RideRequest is not enhanced.

[2025-04-04 17:26:36 #4 type] 
Type domain.Profile is not enhanced.

[2025-04-04 17:26:36 #5 type] 
Type domain.Driver is not enhanced.

[2025-04-04 17:26:36 #6 type] 
Type domain.Kotxe is not enhanced.

[2025-04-04 17:26:36 #7 type] 
Type domain.Traveller is not enhanced.

[2025-04-04 17:26:36 #8 type] 
Type domain.Mezua is not enhanced.

------------------------------------------------------------------------------------------------------------------------

[2025-04-04 17:29:13 #1 store] 
Database 'C:\Users\Usuario-Pc\OneDrive\Escritorio\Urtzi Universidad\workspace\SI\Rides24\src\main\resources\rides.temp' is opened by 12556@DESKTOP-EH9B0CP

[2025-04-04 17:29:14 #2 type] 
Type domain.Ride is not enhanced.

[2025-04-04 17:29:14 #3 type] 
Type domain.RideRequest is not enhanced.

[2025-04-04 17:29:14 #4 type] 
Type domain.Profile is not enhanced.

[2025-04-04 17:29:14 #5 type] 
Type domain.Driver is not enhanced.

[2025-04-04 17:29:14 #6 type] 
Type domain.Kotxe is not enhanced.

[2025-04-04 17:29:14 #7 type] 
Type domain.Traveller is not enhanced.

[2025-04-04 17:29:14 #8 type] 
Type domain.Mezua is not enhanced.

------------------------------------------------------------------------------------------------------------------------

[2025-04-04 17:29:48 #1 store] 
Database 'C:\Users\Usuario-Pc\OneDrive\Escritorio\Urtzi Universidad\workspace\SI\Rides24\src\main\resources\rides.temp' is opened by 24776@DESKTOP-EH9B0CP

[2025-04-04 17:29:49 #2 type] 
Type domain.Ride is not enhanced.

[2025-04-04 17:29:49 #3 type] 
Type domain.RideRequest is not enhanced.

[2025-04-04 17:29:49 #4 type] 
Type domain.Profile is not enhanced.

[2025-04-04 17:29:49 #5 type] 
Type domain.Driver is not enhanced.

[2025-04-04 17:29:49 #6 type] 
Type domain.Kotxe is not enhanced.

[2025-04-04 17:29:49 #7 type] 
Type domain.Traveller is not enhanced.

[2025-04-04 17:29:49 #8 type] 
Type domain.Mezua is not enhanced.

------------------------------------------------------------------------------------------------------------------------

[2025-04-04 17:30:45 #1 store] 
Database 'C:\Users\Usuario-Pc\OneDrive\Escritorio\Urtzi Universidad\workspace\SI\Rides24\src\main\resources\rides.temp' is opened by 12712@DESKTOP-EH9B0CP

[2025-04-04 17:30:45 #2 type] 
Type domain.Ride is not enhanced.

[2025-04-04 17:30:45 #3 type] 
Type domain.RideRequest is not enhanced.

[2025-04-04 17:30:45 #4 type] 
Type domain.Profile is not enhanced.

[2025-04-04 17:30:45 #5 type] 
Type domain.Driver is not enhanced.

[2025-04-04 17:30:45 #6 type] 
Type domain.Kotxe is not enhanced.

[2025-04-04 17:30:45 #7 type] 
Type domain.Traveller is not enhanced.

[2025-04-04 17:30:45 #8 type] 
Type domain.Mezua is not enhanced.

------------------------------------------------------------------------------------------------------------------------

[2025-04-04 17:31:34 #1 store] 
Database 'C:\Users\Usuario-Pc\OneDrive\Escritorio\Urtzi Universidad\workspace\SI\Rides24\src\main\resources\rides.temp' is opened by 24984@DESKTOP-EH9B0CP

[2025-04-04 17:31:35 #2 type] 
Type domain.Ride is not enhanced.

[2025-04-04 17:31:35 #3 type] 
Type domain.RideRequest is not enhanced.

[2025-04-04 17:31:35 #4 type] 
Type domain.Profile is not enhanced.

[2025-04-04 17:31:35 #5 type] 
Type domain.Driver is not enhanced.

[2025-04-04 17:31:35 #6 type] 
Type domain.Kotxe is not enhanced.

[2025-04-04 17:31:35 #7 type] 
Type domain.Traveller is not enhanced.

[2025-04-04 17:31:35 #8 type] 
Type domain.Mezua is not enhanced.

------------------------------------------------------------------------------------------------------------------------

[2025-04-04 17:32:56 #1 store] 
Database 'C:\Users\Usuario-Pc\OneDrive\Escritorio\Urtzi Universidad\workspace\SI\Rides24\src\main\resources\rides.temp' is opened by 11232@DESKTOP-EH9B0CP

[2025-04-04 17:32:56 #2 type] 
Type domain.Ride is not enhanced.

[2025-04-04 17:32:56 #3 type] 
Type domain.RideRequest is not enhanced.

[2025-04-04 17:32:56 #4 type] 
Type domain.Profile is not enhanced.

[2025-04-04 17:32:56 #5 type] 
Type domain.Driver is not enhanced.

[2025-04-04 17:32:56 #6 type] 
Type domain.Kotxe is not enhanced.

[2025-04-04 17:32:56 #7 type] 
Type domain.Traveller is not enhanced.

[2025-04-04 17:32:56 #8 type] 
Type domain.Mezua is not enhanced.

------------------------------------------------------------------------------------------------------------------------

[2025-04-04 17:35:11 #1 store] 
Database 'C:\Users\Usuario-Pc\OneDrive\Escritorio\Urtzi Universidad\workspace\SI\Rides24\src\main\resources\rides.temp' has been recovered (tr. 156-156)

[2025-04-04 17:35:11 #2 store] 
Database 'C:\Users\Usuario-Pc\OneDrive\Escritorio\Urtzi Universidad\workspace\SI\Rides24\src\main\resources\rides.temp' is opened by 7852@DESKTOP-EH9B0CP

[2025-04-04 17:35:11 #3 type] 
Type domain.Ride is not enhanced.

[2025-04-04 17:35:11 #4 type] 
Type domain.RideRequest is not enhanced.

[2025-04-04 17:35:11 #5 type] 
Type domain.Profile is not enhanced.

[2025-04-04 17:35:11 #6 type] 
Type domain.Driver is not enhanced.

[2025-04-04 17:35:11 #7 type] 
Type domain.Kotxe is not enhanced.

[2025-04-04 17:35:11 #8 type] 
Type domain.Traveller is not enhanced.

[2025-04-04 17:35:11 #9 type] 
Type domain.Mezua is not enhanced.

------------------------------------------------------------------------------------------------------------------------

[2025-04-04 17:42:01 #1 store] 
Database 'C:\Users\Usuario-Pc\OneDrive\Escritorio\Urtzi Universidad\workspace\SI\Rides24\src\main\resources\rides.temp' is opened by 13028@DESKTOP-EH9B0CP

[2025-04-04 17:42:01 #2 type] 
Type domain.Ride is not enhanced.

[2025-04-04 17:42:01 #3 type] 
Type domain.RideRequest is not enhanced.

[2025-04-04 17:42:01 #4 type] 
Type domain.Profile is not enhanced.

[2025-04-04 17:42:01 #5 type] 
Type domain.Driver is not enhanced.

[2025-04-04 17:42:01 #6 type] 
Type domain.Kotxe is not enhanced.

[2025-04-04 17:42:01 #7 type] 
Type domain.Traveller is not enhanced.

[2025-04-04 17:42:01 #8 type] 
Type domain.Mezua is not enhanced.

------------------------------------------------------------------------------------------------------------------------

[2025-04-04 17:50:34 #1 store] 
Database 'C:\Users\Usuario-Pc\OneDrive\Escritorio\Urtzi Universidad\workspace\SI\Rides24\src\main\resources\rides.temp' has been recovered (tr. 157-157)

[2025-04-04 17:50:34 #2 store] 
Database 'C:\Users\Usuario-Pc\OneDrive\Escritorio\Urtzi Universidad\workspace\SI\Rides24\src\main\resources\rides.temp' is opened by 23188@DESKTOP-EH9B0CP

[2025-04-04 17:50:34 #3 type] 
Type domain.Ride is not enhanced.

[2025-04-04 17:50:34 #4 type] 
Type domain.RideRequest is not enhanced.

[2025-04-04 17:50:34 #5 type] 
Type domain.Profile is not enhanced.

[2025-04-04 17:50:34 #6 type] 
Type domain.Driver is not enhanced.

[2025-04-04 17:50:34 #7 type] 
Type domain.Kotxe is not enhanced.

[2025-04-04 17:50:34 #8 type] 
Type domain.Traveller is not enhanced.

[2025-04-04 17:50:34 #9 type] 
Type domain.Mezua is not enhanced.

------------------------------------------------------------------------------------------------------------------------

[2025-04-04 18:04:36 #1 store] 
Database 'C:\Users\Usuario-Pc\OneDrive\Escritorio\Urtzi Universidad\workspace\SI\Rides24\src\main\resources\rides.temp' is opened by 22452@DESKTOP-EH9B0CP

[2025-04-04 18:04:37 #2 type] 
Type domain.Ride is not enhanced.

[2025-04-04 18:04:37 #3 type] 
Type domain.RideRequest is not enhanced.

[2025-04-04 18:04:37 #4 type] 
Type domain.Profile is not enhanced.

[2025-04-04 18:04:37 #5 type] 
Type domain.Driver is not enhanced.

[2025-04-04 18:04:37 #6 type] 
Type domain.Kotxe is not enhanced.

[2025-04-04 18:04:37 #7 type] 
Type domain.Traveller is not enhanced.

[2025-04-04 18:04:37 #8 type] 
Type domain.Mezua is not enhanced.

------------------------------------------------------------------------------------------------------------------------

[2025-04-04 18:05:45 #1 store] 
Database 'C:\Users\Usuario-Pc\OneDrive\Escritorio\Urtzi Universidad\workspace\SI\Rides24\src\main\resources\rides.temp' has been recovered (tr. 158-158)

[2025-04-04 18:05:45 #2 store] 
Database 'C:\Users\Usuario-Pc\OneDrive\Escritorio\Urtzi Universidad\workspace\SI\Rides24\src\main\resources\rides.temp' is opened by 19708@DESKTOP-EH9B0CP

[2025-04-04 18:05:46 #3 type] 
Type domain.Ride is not enhanced.

[2025-04-04 18:05:46 #4 type] 
Type domain.RideRequest is not enhanced.

[2025-04-04 18:05:46 #5 type] 
Type domain.Profile is not enhanced.

[2025-04-04 18:05:46 #6 type] 
Type domain.Driver is not enhanced.

[2025-04-04 18:05:46 #7 type] 
Type domain.Kotxe is not enhanced.

[2025-04-04 18:05:46 #8 type] 
Type domain.Traveller is not enhanced.

[2025-04-04 18:05:46 #9 type] 
Type domain.Mezua is not enhanced.

------------------------------------------------------------------------------------------------------------------------

[2025-04-04 18:08:13 #1 store] 
Database 'C:\Users\Usuario-Pc\OneDrive\Escritorio\Urtzi Universidad\workspace\SI\Rides24\src\main\resources\rides.temp' is opened by 9560@DESKTOP-EH9B0CP

[2025-04-04 18:08:13 #2 type] 
Type domain.Ride is not enhanced.

[2025-04-04 18:08:13 #3 type] 
Type domain.RideRequest is not enhanced.

[2025-04-04 18:08:13 #4 type] 
Type domain.Profile is not enhanced.

[2025-04-04 18:08:13 #5 type] 
Type domain.Driver is not enhanced.

[2025-04-04 18:08:13 #6 type] 
Type domain.Kotxe is not enhanced.

[2025-04-04 18:08:13 #7 type] 
Type domain.Traveller is not enhanced.

[2025-04-04 18:08:13 #8 type] 
Type domain.Mezua is not enhanced.

------------------------------------------------------------------------------------------------------------------------

[2025-04-04 18:09:55 #1 store] 
Database 'C:\Users\Usuario-Pc\OneDrive\Escritorio\Urtzi Universidad\workspace\SI\Rides24\src\main\resources\rides.temp' is opened by 17672@DESKTOP-EH9B0CP

[2025-04-04 18:09:55 #2 type] 
Type domain.Ride is not enhanced.

[2025-04-04 18:09:55 #3 type] 
Type domain.RideRequest is not enhanced.

[2025-04-04 18:09:55 #4 type] 
Type domain.Profile is not enhanced.

[2025-04-04 18:09:55 #5 type] 
Type domain.Driver is not enhanced.

[2025-04-04 18:09:55 #6 type] 
Type domain.Kotxe is not enhanced.

[2025-04-04 18:09:55 #7 type] 
Type domain.Traveller is not enhanced.

[2025-04-04 18:09:55 #8 type] 
Type domain.Mezua is not enhanced.

------------------------------------------------------------------------------------------------------------------------

[2025-04-04 18:16:19 #1 store] 
Database 'C:\Users\Usuario-Pc\OneDrive\Escritorio\Urtzi Universidad\workspace\SI\Rides24\src\main\resources\rides.temp' is opened by 15352@DESKTOP-EH9B0CP

[2025-04-04 18:16:20 #2 type] 
Type domain.Ride is not enhanced.

[2025-04-04 18:16:20 #3 type] 
Type domain.RideRequest is not enhanced.

[2025-04-04 18:16:20 #4 type] 
Type domain.Profile is not enhanced.

[2025-04-04 18:16:20 #5 type] 
Type domain.Driver is not enhanced.

[2025-04-04 18:16:20 #6 type] 
Type domain.Kotxe is not enhanced.

[2025-04-04 18:16:20 #7 type] 
Type domain.Traveller is not enhanced.

[2025-04-04 18:16:20 #8 type] 
Type domain.Mezua is not enhanced.

------------------------------------------------------------------------------------------------------------------------

[2025-04-04 18:17:00 #1 store] 
Database 'C:\Users\Usuario-Pc\OneDrive\Escritorio\Urtzi Universidad\workspace\SI\Rides24\src\main\resources\rides.temp' is opened by 22848@DESKTOP-EH9B0CP

[2025-04-04 18:17:00 #2 type] 
Type domain.Ride is not enhanced.

[2025-04-04 18:17:00 #3 type] 
Type domain.RideRequest is not enhanced.

[2025-04-04 18:17:00 #4 type] 
Type domain.Profile is not enhanced.

[2025-04-04 18:17:00 #5 type] 
Type domain.Driver is not enhanced.

[2025-04-04 18:17:00 #6 type] 
Type domain.Kotxe is not enhanced.

[2025-04-04 18:17:00 #7 type] 
Type domain.Traveller is not enhanced.

[2025-04-04 18:17:00 #8 type] 
Type domain.Mezua is not enhanced.

------------------------------------------------------------------------------------------------------------------------

[2025-04-04 18:22:35 #1 store] 
Database 'C:\Users\Usuario-Pc\OneDrive\Escritorio\Urtzi Universidad\workspace\SI\Rides24\src\main\resources\rides.temp' is opened by 9924@DESKTOP-EH9B0CP

[2025-04-04 18:22:35 #2 type] 
Type domain.Ride is not enhanced.

[2025-04-04 18:22:35 #3 type] 
Type domain.RideRequest is not enhanced.

[2025-04-04 18:22:35 #4 type] 
Type domain.Profile is not enhanced.

[2025-04-04 18:22:36 #5 type] 
Type domain.Driver is not enhanced.

[2025-04-04 18:22:36 #6 type] 
Type domain.Kotxe is not enhanced.

[2025-04-04 18:22:36 #7 type] 
Type domain.Traveller is not enhanced.

[2025-04-04 18:22:36 #8 type] 
Type domain.Mezua is not enhanced.

------------------------------------------------------------------------------------------------------------------------

[2025-04-04 18:28:29 #1 store] 
Database 'C:\Users\Usuario-Pc\OneDrive\Escritorio\Urtzi Universidad\workspace\SI\Rides24\src\main\resources\rides.temp' is opened by 14144@DESKTOP-EH9B0CP

[2025-04-04 18:28:29 #2 type] 
Type domain.Ride is not enhanced.

[2025-04-04 18:28:29 #3 type] 
Type domain.RideRequest is not enhanced.

[2025-04-04 18:28:29 #4 type] 
Type domain.Profile is not enhanced.

[2025-04-04 18:28:29 #5 type] 
Type domain.Driver is not enhanced.

[2025-04-04 18:28:29 #6 type] 
Type domain.Kotxe is not enhanced.

[2025-04-04 18:28:29 #7 type] 
Type domain.Traveller is not enhanced.

[2025-04-04 18:28:29 #8 type] 
Type domain.Mezua is not enhanced.

------------------------------------------------------------------------------------------------------------------------

[2025-04-04 18:30:24 #1 store] 
Database 'C:\Users\Usuario-Pc\OneDrive\Escritorio\Urtzi Universidad\workspace\SI\Rides24\src\main\resources\rides.temp' is opened by 16228@DESKTOP-EH9B0CP

[2025-04-04 18:30:24 #2 type] 
Type domain.Ride is not enhanced.

[2025-04-04 18:30:24 #3 type] 
Type domain.RideRequest is not enhanced.

[2025-04-04 18:30:24 #4 type] 
Type domain.Profile is not enhanced.

[2025-04-04 18:30:24 #5 type] 
Type domain.Driver is not enhanced.

[2025-04-04 18:30:24 #6 type] 
Type domain.Kotxe is not enhanced.

[2025-04-04 18:30:24 #7 type] 
Type domain.Traveller is not enhanced.

[2025-04-04 18:30:24 #8 type] 
Type domain.Mezua is not enhanced.

------------------------------------------------------------------------------------------------------------------------

[2025-04-04 18:40:35 #1 store] 
Database 'C:\Users\Usuario-Pc\OneDrive\Escritorio\Urtzi Universidad\workspace\SI\Rides24\src\main\resources\rides.temp' is opened by 7776@DESKTOP-EH9B0CP

[2025-04-04 18:40:35 #2 type] 
Type domain.Ride is not enhanced.

[2025-04-04 18:40:35 #3 type] 
Type domain.RideRequest is not enhanced.

[2025-04-04 18:40:35 #4 type] 
Type domain.Profile is not enhanced.

[2025-04-04 18:40:35 #5 type] 
Type domain.Driver is not enhanced.

[2025-04-04 18:40:35 #6 type] 
Type domain.Kotxe is not enhanced.

[2025-04-04 18:40:35 #7 type] 
Type domain.Traveller is not enhanced.

[2025-04-04 18:40:35 #8 type] 
Type domain.Mezua is not enhanced.

------------------------------------------------------------------------------------------------------------------------

[2025-04-04 18:43:45 #1 store] 
Database 'C:\Users\Usuario-Pc\OneDrive\Escritorio\Urtzi Universidad\workspace\SI\Rides24\src\main\resources\rides.temp' has been recovered (tr. 159-165)

[2025-04-04 18:43:46 #2 store] 
Database 'C:\Users\Usuario-Pc\OneDrive\Escritorio\Urtzi Universidad\workspace\SI\Rides24\src\main\resources\rides.temp' is opened by 24920@DESKTOP-EH9B0CP

[2025-04-04 18:43:46 #3 type] 
Type domain.Ride is not enhanced.

[2025-04-04 18:43:46 #4 type] 
Type domain.RideRequest is not enhanced.

[2025-04-04 18:43:46 #5 type] 
Type domain.Profile is not enhanced.

[2025-04-04 18:43:46 #6 type] 
Type domain.Driver is not enhanced.

[2025-04-04 18:43:46 #7 type] 
Type domain.Kotxe is not enhanced.

[2025-04-04 18:43:46 #8 type] 
Type domain.Traveller is not enhanced.

[2025-04-04 18:43:46 #9 type] 
Type domain.Mezua is not enhanced.

------------------------------------------------------------------------------------------------------------------------

[2025-04-04 18:46:21 #1 store] 
Database 'C:\Users\Usuario-Pc\OneDrive\Escritorio\Urtzi Universidad\workspace\SI\Rides24\src\main\resources\rides.temp' has been recovered (tr. 166-180)

[2025-04-04 18:46:21 #2 store] 
Database 'C:\Users\Usuario-Pc\OneDrive\Escritorio\Urtzi Universidad\workspace\SI\Rides24\src\main\resources\rides.temp' is opened by 23672@DESKTOP-EH9B0CP

[2025-04-04 18:46:21 #3 type] 
Type domain.Ride is not enhanced.

[2025-04-04 18:46:21 #4 type] 
Type domain.RideRequest is not enhanced.

[2025-04-04 18:46:21 #5 type] 
Type domain.Profile is not enhanced.

[2025-04-04 18:46:21 #6 type] 
Type domain.Driver is not enhanced.

[2025-04-04 18:46:21 #7 type] 
Type domain.Kotxe is not enhanced.

[2025-04-04 18:46:21 #8 type] 
Type domain.Traveller is not enhanced.

[2025-04-04 18:46:21 #9 type] 
Type domain.Mezua is not enhanced.

------------------------------------------------------------------------------------------------------------------------

[2025-04-04 18:49:45 #1 store] 
Database 'C:\Users\Usuario-Pc\OneDrive\Escritorio\Urtzi Universidad\workspace\SI\Rides24\src\main\resources\rides.temp' has been recovered (tr. 181-181)

[2025-04-04 18:49:46 #2 store] 
Database 'C:\Users\Usuario-Pc\OneDrive\Escritorio\Urtzi Universidad\workspace\SI\Rides24\src\main\resources\rides.temp' is opened by 20632@DESKTOP-EH9B0CP

[2025-04-04 18:49:46 #3 type] 
Type domain.Ride is not enhanced.

[2025-04-04 18:49:46 #4 type] 
Type domain.RideRequest is not enhanced.

[2025-04-04 18:49:46 #5 type] 
Type domain.Profile is not enhanced.

[2025-04-04 18:49:46 #6 type] 
Type domain.Driver is not enhanced.

[2025-04-04 18:49:46 #7 type] 
Type domain.Kotxe is not enhanced.

[2025-04-04 18:49:46 #8 type] 
Type domain.Traveller is not enhanced.

[2025-04-04 18:49:46 #9 type] 
Type domain.Mezua is not enhanced.

------------------------------------------------------------------------------------------------------------------------

[2025-04-04 18:52:38 #1 store] 
Database 'C:\Users\Usuario-Pc\OneDrive\Escritorio\Urtzi Universidad\workspace\SI\Rides24\src\main\resources\rides.temp' has been recovered (tr. 182-182)

[2025-04-04 18:52:38 #2 store] 
Database 'C:\Users\Usuario-Pc\OneDrive\Escritorio\Urtzi Universidad\workspace\SI\Rides24\src\main\resources\rides.temp' is opened by 5172@DESKTOP-EH9B0CP

[2025-04-04 18:52:38 #3 type] 
Type domain.Ride is not enhanced.

[2025-04-04 18:52:38 #4 type] 
Type domain.RideRequest is not enhanced.

[2025-04-04 18:52:38 #5 type] 
Type domain.Profile is not enhanced.

[2025-04-04 18:52:38 #6 type] 
Type domain.Driver is not enhanced.

[2025-04-04 18:52:38 #7 type] 
Type domain.Kotxe is not enhanced.

[2025-04-04 18:52:38 #8 type] 
Type domain.Traveller is not enhanced.

[2025-04-04 18:52:38 #9 type] 
Type domain.Mezua is not enhanced.

------------------------------------------------------------------------------------------------------------------------

[2025-04-04 18:54:17 #1 store] 
Database 'C:\Users\Usuario-Pc\OneDrive\Escritorio\Urtzi Universidad\workspace\SI\Rides24\src\main\resources\rides.temp' is opened by 2096@DESKTOP-EH9B0CP

[2025-04-04 18:54:17 #2 type] 
Type domain.Ride is not enhanced.

[2025-04-04 18:54:17 #3 type] 
Type domain.RideRequest is not enhanced.

[2025-04-04 18:54:18 #4 type] 
Type domain.Profile is not enhanced.

[2025-04-04 18:54:18 #5 type] 
Type domain.Driver is not enhanced.

[2025-04-04 18:54:18 #6 type] 
Type domain.Kotxe is not enhanced.

[2025-04-04 18:54:18 #7 type] 
Type domain.Traveller is not enhanced.

[2025-04-04 18:54:18 #8 type] 
Type domain.Mezua is not enhanced.

