------------------------------------------------------------------------------------------------------------------------

[2025-02-18 17:04:27 #1 store] 
Database 'C:\Users\Usuario-Pc\git\Rides24\src\main\resources\rides.temp' is opened by 15252@DESKTOP-EH9B0CP

[2025-02-18 17:04:27 #2 type] 
Type domain.Profile is not enhanced.

[2025-02-18 17:04:27 #3 type] 
Type domain.Traveller is not enhanced.

[2025-02-18 17:04:27 #4 type] 
Type domain.RideRequest is not enhanced.

[2025-02-18 17:04:27 #5 type] 
Type domain.Ride is not enhanced.

[2025-02-18 17:04:27 #6 type] 
Type domain.Driver is not enhanced.

------------------------------------------------------------------------------------------------------------------------

[2025-02-18 17:05:16 #1 store] 
Database 'C:\Users\Usuario-Pc\git\Rides24\src\main\resources\rides.temp' is opened by 7516@DESKTOP-EH9B0CP

[2025-02-18 17:05:16 #2 type] 
Type domain.Profile is not enhanced.

[2025-02-18 17:05:16 #3 type] 
Type domain.Traveller is not enhanced.

[2025-02-18 17:05:16 #4 type] 
Type domain.RideRequest is not enhanced.

[2025-02-18 17:05:16 #5 type] 
Type domain.Ride is not enhanced.

[2025-02-18 17:05:16 #6 type] 
Type domain.Driver is not enhanced.

------------------------------------------------------------------------------------------------------------------------

[2025-02-18 17:05:57 #1 store] 
Database 'C:\Users\Usuario-Pc\git\Rides24\src\main\resources\rides.temp' has been recovered (tr. 18-23)

[2025-02-18 17:05:57 #2 store] 
Database 'C:\Users\Usuario-Pc\git\Rides24\src\main\resources\rides.temp' is opened by 5224@DESKTOP-EH9B0CP

[2025-02-18 17:05:57 #3 type] 
Type domain.Profile is not enhanced.

[2025-02-18 17:05:57 #4 type] 
Type domain.Traveller is not enhanced.

[2025-02-18 17:05:57 #5 type] 
Type domain.RideRequest is not enhanced.

[2025-02-18 17:05:57 #6 type] 
Type domain.Ride is not enhanced.

[2025-02-18 17:05:57 #7 type] 
Type domain.Driver is not enhanced.

------------------------------------------------------------------------------------------------------------------------

[2025-02-18 17:07:31 #1 store] 
Database 'C:\Users\Usuario-Pc\git\Rides24\src\main\resources\rides.temp' is opened by 14480@DESKTOP-EH9B0CP

[2025-02-18 17:07:31 #2 type] 
Type domain.Profile is not enhanced.

[2025-02-18 17:07:31 #3 type] 
Type domain.Traveller is not enhanced.

[2025-02-18 17:07:31 #4 type] 
Type domain.RideRequest is not enhanced.

[2025-02-18 17:07:32 #5 type] 
Type domain.Ride is not enhanced.

[2025-02-18 17:07:32 #6 type] 
Type domain.Driver is not enhanced.

------------------------------------------------------------------------------------------------------------------------

[2025-02-18 17:30:49 #1 store] 
Database 'C:\Users\Usuario-Pc\git\Rides24\src\main\resources\rides.temp' has been recovered (tr. 24-25)

[2025-02-18 17:30:49 #2 store] 
Database 'C:\Users\Usuario-Pc\git\Rides24\src\main\resources\rides.temp' is opened by 2100@DESKTOP-EH9B0CP

[2025-02-18 17:30:49 #3 type] 
Type domain.Profile is not enhanced.

[2025-02-18 17:30:49 #4 type] 
Type domain.Traveller is not enhanced.

[2025-02-18 17:30:49 #5 type] 
Type domain.RideRequest is not enhanced.

[2025-02-18 17:30:49 #6 type] 
Type domain.Ride is not enhanced.

[2025-02-18 17:30:49 #7 type] 
Type domain.Driver is not enhanced.

------------------------------------------------------------------------------------------------------------------------

[2025-02-18 17:34:13 #1 store] 
Database 'C:\Users\Usuario-Pc\git\Rides24\src\main\resources\rides.temp' is opened by 12580@DESKTOP-EH9B0CP

[2025-02-18 17:34:13 #2 type] 
Type domain.Profile is not enhanced.

[2025-02-18 17:34:13 #3 type] 
Type domain.Traveller is not enhanced.

[2025-02-18 17:34:13 #4 type] 
Type domain.RideRequest is not enhanced.

[2025-02-18 17:34:13 #5 type] 
Type domain.Ride is not enhanced.

[2025-02-18 17:34:13 #6 type] 
Type domain.Driver is not enhanced.

------------------------------------------------------------------------------------------------------------------------

[2025-02-18 17:39:34 #1 store] 
Database 'C:\Users\Usuario-Pc\git\Rides24\src\main\resources\rides.temp' is opened by 10816@DESKTOP-EH9B0CP

[2025-02-18 17:39:34 #2 type] 
Type domain.Profile is not enhanced.

[2025-02-18 17:39:34 #3 type] 
Type domain.Traveller is not enhanced.

[2025-02-18 17:39:34 #4 type] 
Type domain.RideRequest is not enhanced.

[2025-02-18 17:39:34 #5 type] 
Type domain.Ride is not enhanced.

[2025-02-18 17:39:34 #6 type] 
Type domain.Driver is not enhanced.

