------------------------------------------------------------------------------------------------------------------------

[2025-11-11 13:01:34 #1 store] 
Database 'C:\Users\ekait\git\SI2Proiektua\src\main\resources\rides.temp' is opened by 11292@LAPTOP-1CQB3TB3

[2025-11-11 13:01:34 #2 type] 
Type domain.Profile is not enhanced.

[2025-11-11 13:01:34 #3 type] 
Type domain.Erreklamazioa is not enhanced.

[2025-11-11 13:01:34 #4 type] 
Type domain.Mezua is not enhanced.

[2025-11-11 13:01:34 #5 type] 
Type domain.Ride is not enhanced.

[2025-11-11 13:01:34 #6 type] 
Type domain.RideRequest is not enhanced.

[2025-11-11 13:01:34 #7 type] 
Type domain.Alerta is not enhanced.

[2025-11-11 13:01:34 #8 type] 
Type domain.Driver is not enhanced.

[2025-11-11 13:01:34 #9 type] 
Type domain.Kotxe is not enhanced.

[2025-11-11 13:01:34 #10 type] 
Type domain.Geltoki is not enhanced.

[2025-11-11 13:01:34 #11 type] 
Type domain.Traveller is not enhanced.

[2025-11-11 13:01:34 #12 type] 
Type domain.Admin is not enhanced.

------------------------------------------------------------------------------------------------------------------------

[2025-11-11 13:16:48 #1 store] 
Database 'C:\Users\ekait\git\SI2Proiektua\src\main\resources\rides.temp' is opened by 9848@LAPTOP-1CQB3TB3

[2025-11-11 13:16:48 #2 type] 
Type domain.Profile is not enhanced.

[2025-11-11 13:16:48 #3 type] 
Type domain.Erreklamazioa is not enhanced.

[2025-11-11 13:16:48 #4 type] 
Type domain.Mezua is not enhanced.

[2025-11-11 13:16:48 #5 type] 
Type domain.Ride is not enhanced.

[2025-11-11 13:16:48 #6 type] 
Type domain.RideRequest is not enhanced.

[2025-11-11 13:16:48 #7 type] 
Type domain.Alerta is not enhanced.

[2025-11-11 13:16:48 #8 type] 
Type domain.Driver is not enhanced.

[2025-11-11 13:16:48 #9 type] 
Type domain.Kotxe is not enhanced.

[2025-11-11 13:16:48 #10 type] 
Type domain.Geltoki is not enhanced.

[2025-11-11 13:16:48 #11 type] 
Type domain.Traveller is not enhanced.

[2025-11-11 13:16:48 #12 type] 
Type domain.Admin is not enhanced.

------------------------------------------------------------------------------------------------------------------------

[2025-11-11 13:25:21 #1 store] 
Database 'C:\Users\ekait\git\SI2Proiektua\src\main\resources\rides.temp' is opened by 25284@LAPTOP-1CQB3TB3

[2025-11-11 13:25:21 #2 type] 
Type domain.Profile is not enhanced.

[2025-11-11 13:25:21 #3 type] 
Type domain.Erreklamazioa is not enhanced.

[2025-11-11 13:25:21 #4 type] 
Type domain.Mezua is not enhanced.

[2025-11-11 13:25:21 #5 type] 
Type domain.Ride is not enhanced.

[2025-11-11 13:25:21 #6 type] 
Type domain.RideRequest is not enhanced.

[2025-11-11 13:25:21 #7 type] 
Type domain.Alerta is not enhanced.

[2025-11-11 13:25:21 #8 type] 
Type domain.Driver is not enhanced.

[2025-11-11 13:25:21 #9 type] 
Type domain.Kotxe is not enhanced.

[2025-11-11 13:25:21 #10 type] 
Type domain.Geltoki is not enhanced.

[2025-11-11 13:25:21 #11 type] 
Type domain.Traveller is not enhanced.

[2025-11-11 13:25:21 #12 type] 
Type domain.Admin is not enhanced.

