------------------------------------------------------------------------------------------------------------------------

[2025-03-18 16:19:00 #1 store] 
Database 'C:\Users\ekait\eclipse-workspace\Rides24\src\main\resources\rides.temp' is opened by 16724@LAPTOP-1CQB3TB3

[2025-03-18 16:19:00 #2 type] 
Type domain.Profile is not enhanced.

[2025-03-18 16:19:01 #3 type] 
Type domain.Driver is not enhanced.

[2025-03-18 16:19:01 #4 type] 
Type domain.Kotxe is not enhanced.

[2025-03-18 16:19:01 #5 type] 
Type domain.Ride is not enhanced.

[2025-03-18 16:19:01 #6 type] 
Type domain.RideRequest is not enhanced.

[2025-03-18 16:19:01 #7 type] 
Type domain.Traveller is not enhanced.

[2025-03-18 16:19:01 #8 type] 
Type domain.Mezua is not enhanced.

[2025-03-18 16:19:07 #9 type.registry] 
New type java.util.ArrayList<domain.Mezua>

------------------------------------------------------------------------------------------------------------------------

[2025-03-18 16:21:01 #1 store] 
Database 'C:\Users\ekait\eclipse-workspace\Rides24\src\main\resources\rides.temp' has been recovered (tr. 82-85)

[2025-03-18 16:21:01 #2 store] 
Database 'C:\Users\ekait\eclipse-workspace\Rides24\src\main\resources\rides.temp' is opened by 12244@LAPTOP-1CQB3TB3

[2025-03-18 16:21:01 #3 type] 
Type domain.Profile is not enhanced.

[2025-03-18 16:21:02 #4 type] 
Type domain.Driver is not enhanced.

[2025-03-18 16:21:02 #5 type] 
Type domain.Kotxe is not enhanced.

[2025-03-18 16:21:02 #6 type] 
Type domain.Ride is not enhanced.

[2025-03-18 16:21:02 #7 type] 
Type domain.RideRequest is not enhanced.

[2025-03-18 16:21:02 #8 type] 
Type domain.Traveller is not enhanced.

[2025-03-18 16:21:02 #9 type] 
Type domain.Mezua is not enhanced.

------------------------------------------------------------------------------------------------------------------------

[2025-03-18 16:23:31 #1 store] 
Database 'C:\Users\ekait\eclipse-workspace\Rides24\src\main\resources\rides.temp' is opened by 5148@LAPTOP-1CQB3TB3

[2025-03-18 16:23:31 #2 type] 
Type domain.Profile is not enhanced.

[2025-03-18 16:23:31 #3 type] 
Type domain.Driver is not enhanced.

[2025-03-18 16:23:31 #4 type] 
Type domain.Kotxe is not enhanced.

[2025-03-18 16:23:31 #5 type] 
Type domain.Ride is not enhanced.

[2025-03-18 16:23:31 #6 type] 
Type domain.RideRequest is not enhanced.

[2025-03-18 16:23:31 #7 type] 
Type domain.Traveller is not enhanced.

[2025-03-18 16:23:31 #8 type] 
Type domain.Mezua is not enhanced.

------------------------------------------------------------------------------------------------------------------------

[2025-03-18 16:28:23 #1 store] 
Database 'C:\Users\ekait\eclipse-workspace\Rides24\src\main\resources\rides.temp' has been recovered (tr. 87-88)

[2025-03-18 16:28:23 #2 store] 
Database 'C:\Users\ekait\eclipse-workspace\Rides24\src\main\resources\rides.temp' is opened by 18876@LAPTOP-1CQB3TB3

[2025-03-18 16:28:23 #3 type] 
Type domain.Profile is not enhanced.

[2025-03-18 16:28:23 #4 type] 
Type domain.Driver is not enhanced.

[2025-03-18 16:28:23 #5 type] 
Type domain.Kotxe is not enhanced.

[2025-03-18 16:28:23 #6 type] 
Type domain.Ride is not enhanced.

[2025-03-18 16:28:23 #7 type] 
Type domain.RideRequest is not enhanced.

[2025-03-18 16:28:23 #8 type] 
Type domain.Traveller is not enhanced.

[2025-03-18 16:28:23 #9 type] 
Type domain.Mezua is not enhanced.

------------------------------------------------------------------------------------------------------------------------

[2025-03-18 16:29:41 #1 store] 
Database 'C:\Users\ekait\eclipse-workspace\Rides24\src\main\resources\rides.temp' has been recovered (tr. 89-90)

[2025-03-18 16:29:41 #2 store] 
Database 'C:\Users\ekait\eclipse-workspace\Rides24\src\main\resources\rides.temp' is opened by 11812@LAPTOP-1CQB3TB3

[2025-03-18 16:29:41 #3 type] 
Type domain.Profile is not enhanced.

[2025-03-18 16:29:41 #4 type] 
Type domain.Driver is not enhanced.

[2025-03-18 16:29:41 #5 type] 
Type domain.Kotxe is not enhanced.

[2025-03-18 16:29:41 #6 type] 
Type domain.Ride is not enhanced.

[2025-03-18 16:29:41 #7 type] 
Type domain.RideRequest is not enhanced.

[2025-03-18 16:29:41 #8 type] 
Type domain.Traveller is not enhanced.

[2025-03-18 16:29:41 #9 type] 
Type domain.Mezua is not enhanced.

------------------------------------------------------------------------------------------------------------------------

[2025-03-18 16:33:12 #1 store] 
Database 'C:\Users\ekait\eclipse-workspace\Rides24\src\main\resources\rides.temp' has been recovered (tr. 91-91)

[2025-03-18 16:33:12 #2 store] 
Database 'C:\Users\ekait\eclipse-workspace\Rides24\src\main\resources\rides.temp' is opened by 13352@LAPTOP-1CQB3TB3

[2025-03-18 16:33:12 #3 type] 
Type domain.Profile is not enhanced.

[2025-03-18 16:33:12 #4 type] 
Type domain.Driver is not enhanced.

[2025-03-18 16:33:12 #5 type] 
Type domain.Kotxe is not enhanced.

[2025-03-18 16:33:12 #6 type] 
Type domain.Ride is not enhanced.

[2025-03-18 16:33:12 #7 type] 
Type domain.RideRequest is not enhanced.

[2025-03-18 16:33:12 #8 type] 
Type domain.Traveller is not enhanced.

[2025-03-18 16:33:12 #9 type] 
Type domain.Mezua is not enhanced.

------------------------------------------------------------------------------------------------------------------------

[2025-03-18 16:33:41 #1 store] 
Database 'C:\Users\ekait\eclipse-workspace\Rides24\src\main\resources\rides.temp' has been recovered (tr. 92-92)

[2025-03-18 16:33:41 #2 store] 
Database 'C:\Users\ekait\eclipse-workspace\Rides24\src\main\resources\rides.temp' is opened by 3640@LAPTOP-1CQB3TB3

[2025-03-18 16:33:41 #3 type] 
Type domain.Profile is not enhanced.

[2025-03-18 16:33:41 #4 type] 
Type domain.Driver is not enhanced.

[2025-03-18 16:33:41 #5 type] 
Type domain.Kotxe is not enhanced.

[2025-03-18 16:33:41 #6 type] 
Type domain.Ride is not enhanced.

[2025-03-18 16:33:41 #7 type] 
Type domain.RideRequest is not enhanced.

[2025-03-18 16:33:41 #8 type] 
Type domain.Traveller is not enhanced.

[2025-03-18 16:33:41 #9 type] 
Type domain.Mezua is not enhanced.

------------------------------------------------------------------------------------------------------------------------

[2025-03-18 16:36:59 #1 store] 
Database 'C:\Users\ekait\eclipse-workspace\Rides24\src\main\resources\rides.temp' is opened by 18856@LAPTOP-1CQB3TB3

[2025-03-18 16:36:59 #2 type] 
Type domain.Profile is not enhanced.

[2025-03-18 16:36:59 #3 type] 
Type domain.Driver is not enhanced.

[2025-03-18 16:36:59 #4 type] 
Type domain.Kotxe is not enhanced.

[2025-03-18 16:36:59 #5 type] 
Type domain.Ride is not enhanced.

[2025-03-18 16:36:59 #6 type] 
Type domain.RideRequest is not enhanced.

[2025-03-18 16:36:59 #7 type] 
Type domain.Traveller is not enhanced.

[2025-03-18 16:36:59 #8 type] 
Type domain.Mezua is not enhanced.

------------------------------------------------------------------------------------------------------------------------

[2025-03-18 16:39:27 #1 store] 
Database 'C:\Users\ekait\eclipse-workspace\Rides24\src\main\resources\rides.temp' is opened by 19956@LAPTOP-1CQB3TB3

[2025-03-18 16:39:27 #2 type] 
Type domain.Profile is not enhanced.

[2025-03-18 16:39:27 #3 type] 
Type domain.Driver is not enhanced.

[2025-03-18 16:39:27 #4 type] 
Type domain.Kotxe is not enhanced.

[2025-03-18 16:39:27 #5 type] 
Type domain.Ride is not enhanced.

[2025-03-18 16:39:27 #6 type] 
Type domain.RideRequest is not enhanced.

[2025-03-18 16:39:27 #7 type] 
Type domain.Traveller is not enhanced.

[2025-03-18 16:39:27 #8 type] 
Type domain.Mezua is not enhanced.

------------------------------------------------------------------------------------------------------------------------

[2025-03-18 16:43:53 #1 store] 
Database 'C:\Users\ekait\eclipse-workspace\Rides24\src\main\resources\rides.temp' has been recovered (tr. 93-94)

[2025-03-18 16:43:53 #2 store] 
Database 'C:\Users\ekait\eclipse-workspace\Rides24\src\main\resources\rides.temp' is opened by 16504@LAPTOP-1CQB3TB3

[2025-03-18 16:43:53 #3 type] 
Type domain.Profile is not enhanced.

[2025-03-18 16:43:53 #4 type] 
Type domain.Driver is not enhanced.

[2025-03-18 16:43:53 #5 type] 
Type domain.Kotxe is not enhanced.

[2025-03-18 16:43:53 #6 type] 
Type domain.Ride is not enhanced.

[2025-03-18 16:43:53 #7 type] 
Type domain.RideRequest is not enhanced.

[2025-03-18 16:43:53 #8 type] 
Type domain.Traveller is not enhanced.

[2025-03-18 16:43:53 #9 type] 
Type domain.Mezua is not enhanced.

------------------------------------------------------------------------------------------------------------------------

[2025-03-18 16:47:00 #1 store] 
Database 'C:\Users\ekait\eclipse-workspace\Rides24\src\main\resources\rides.temp' has been recovered (tr. 95-95)

[2025-03-18 16:47:00 #2 store] 
Database 'C:\Users\ekait\eclipse-workspace\Rides24\src\main\resources\rides.temp' is opened by 17424@LAPTOP-1CQB3TB3

[2025-03-18 16:47:00 #3 type] 
Type domain.Profile is not enhanced.

[2025-03-18 16:47:00 #4 type] 
Type domain.Driver is not enhanced.

[2025-03-18 16:47:00 #5 type] 
Type domain.Kotxe is not enhanced.

[2025-03-18 16:47:00 #6 type] 
Type domain.Ride is not enhanced.

[2025-03-18 16:47:00 #7 type] 
Type domain.RideRequest is not enhanced.

[2025-03-18 16:47:00 #8 type] 
Type domain.Traveller is not enhanced.

[2025-03-18 16:47:00 #9 type] 
Type domain.Mezua is not enhanced.

------------------------------------------------------------------------------------------------------------------------

[2025-03-18 16:51:00 #1 store] 
Database 'C:\Users\ekait\eclipse-workspace\Rides24\src\main\resources\rides.temp' has been recovered (tr. 96-97)

[2025-03-18 16:51:01 #2 store] 
Database 'C:\Users\ekait\eclipse-workspace\Rides24\src\main\resources\rides.temp' is opened by 3168@LAPTOP-1CQB3TB3

[2025-03-18 16:51:01 #3 type] 
Type domain.Profile is not enhanced.

[2025-03-18 16:51:01 #4 type] 
Type domain.Driver is not enhanced.

[2025-03-18 16:51:01 #5 type] 
Type domain.Kotxe is not enhanced.

[2025-03-18 16:51:01 #6 type] 
Type domain.Ride is not enhanced.

[2025-03-18 16:51:01 #7 type] 
Type domain.RideRequest is not enhanced.

[2025-03-18 16:51:01 #8 type] 
Type domain.Traveller is not enhanced.

[2025-03-18 16:51:01 #9 type] 
Type domain.Mezua is not enhanced.

------------------------------------------------------------------------------------------------------------------------

[2025-03-18 16:52:54 #1 store] 
Database 'C:\Users\ekait\eclipse-workspace\Rides24\src\main\resources\rides.temp' has been recovered (tr. 98-98)

[2025-03-18 16:52:54 #2 store] 
Database 'C:\Users\ekait\eclipse-workspace\Rides24\src\main\resources\rides.temp' is opened by 18600@LAPTOP-1CQB3TB3

[2025-03-18 16:52:54 #3 type] 
Type domain.Profile is not enhanced.

[2025-03-18 16:52:54 #4 type] 
Type domain.Driver is not enhanced.

[2025-03-18 16:52:54 #5 type] 
Type domain.Kotxe is not enhanced.

[2025-03-18 16:52:54 #6 type] 
Type domain.Ride is not enhanced.

[2025-03-18 16:52:54 #7 type] 
Type domain.RideRequest is not enhanced.

[2025-03-18 16:52:54 #8 type] 
Type domain.Traveller is not enhanced.

[2025-03-18 16:52:54 #9 type] 
Type domain.Mezua is not enhanced.

------------------------------------------------------------------------------------------------------------------------

[2025-03-18 16:55:57 #1 store] 
Database 'C:\Users\ekait\eclipse-workspace\Rides24\src\main\resources\rides.temp' is opened by 14764@LAPTOP-1CQB3TB3

[2025-03-18 16:55:57 #2 type] 
Type domain.Profile is not enhanced.

[2025-03-18 16:55:57 #3 type] 
Type domain.Driver is not enhanced.

[2025-03-18 16:55:57 #4 type] 
Type domain.Kotxe is not enhanced.

[2025-03-18 16:55:57 #5 type] 
Type domain.Ride is not enhanced.

[2025-03-18 16:55:57 #6 type] 
Type domain.RideRequest is not enhanced.

[2025-03-18 16:55:57 #7 type] 
Type domain.Traveller is not enhanced.

[2025-03-18 16:55:57 #8 type] 
Type domain.Mezua is not enhanced.

------------------------------------------------------------------------------------------------------------------------

[2025-03-18 16:56:53 #1 store] 
Database 'C:\Users\ekait\eclipse-workspace\Rides24\src\main\resources\rides.temp' has been recovered (tr. 100-100)

[2025-03-18 16:56:53 #2 store] 
Database 'C:\Users\ekait\eclipse-workspace\Rides24\src\main\resources\rides.temp' is opened by 12828@LAPTOP-1CQB3TB3

[2025-03-18 16:56:53 #3 type] 
Type domain.Profile is not enhanced.

[2025-03-18 16:56:53 #4 type] 
Type domain.Driver is not enhanced.

[2025-03-18 16:56:53 #5 type] 
Type domain.Kotxe is not enhanced.

[2025-03-18 16:56:53 #6 type] 
Type domain.Ride is not enhanced.

[2025-03-18 16:56:53 #7 type] 
Type domain.RideRequest is not enhanced.

[2025-03-18 16:56:53 #8 type] 
Type domain.Traveller is not enhanced.

[2025-03-18 16:56:53 #9 type] 
Type domain.Mezua is not enhanced.

------------------------------------------------------------------------------------------------------------------------

[2025-03-18 16:59:00 #1 store] 
Database 'C:\Users\ekait\eclipse-workspace\Rides24\src\main\resources\rides.temp' has been recovered (tr. 101-101)

[2025-03-18 16:59:00 #2 store] 
Database 'C:\Users\ekait\eclipse-workspace\Rides24\src\main\resources\rides.temp' is opened by 4656@LAPTOP-1CQB3TB3

[2025-03-18 16:59:00 #3 type] 
Type domain.Profile is not enhanced.

[2025-03-18 16:59:00 #4 type] 
Type domain.Driver is not enhanced.

[2025-03-18 16:59:00 #5 type] 
Type domain.Kotxe is not enhanced.

[2025-03-18 16:59:00 #6 type] 
Type domain.Ride is not enhanced.

[2025-03-18 16:59:00 #7 type] 
Type domain.RideRequest is not enhanced.

[2025-03-18 16:59:00 #8 type] 
Type domain.Traveller is not enhanced.

[2025-03-18 16:59:00 #9 type] 
Type domain.Mezua is not enhanced.

------------------------------------------------------------------------------------------------------------------------

[2025-03-18 16:59:26 #1 store] 
Database 'C:\Users\ekait\eclipse-workspace\Rides24\src\main\resources\rides.temp' has been recovered (tr. 102-102)

[2025-03-18 16:59:27 #2 store] 
Database 'C:\Users\ekait\eclipse-workspace\Rides24\src\main\resources\rides.temp' is opened by 18040@LAPTOP-1CQB3TB3

[2025-03-18 16:59:27 #3 type] 
Type domain.Profile is not enhanced.

[2025-03-18 16:59:27 #4 type] 
Type domain.Driver is not enhanced.

[2025-03-18 16:59:27 #5 type] 
Type domain.Kotxe is not enhanced.

[2025-03-18 16:59:27 #6 type] 
Type domain.Ride is not enhanced.

[2025-03-18 16:59:27 #7 type] 
Type domain.RideRequest is not enhanced.

[2025-03-18 16:59:27 #8 type] 
Type domain.Traveller is not enhanced.

[2025-03-18 16:59:27 #9 type] 
Type domain.Mezua is not enhanced.

------------------------------------------------------------------------------------------------------------------------

[2025-03-18 17:01:08 #1 store] 
Database 'C:\Users\ekait\eclipse-workspace\Rides24\src\main\resources\rides.temp' has been recovered (tr. 103-103)

[2025-03-18 17:01:08 #2 store] 
Database 'C:\Users\ekait\eclipse-workspace\Rides24\src\main\resources\rides.temp' is opened by 15988@LAPTOP-1CQB3TB3

[2025-03-18 17:01:08 #3 type] 
Type domain.Profile is not enhanced.

[2025-03-18 17:01:08 #4 type] 
Type domain.Driver is not enhanced.

[2025-03-18 17:01:08 #5 type] 
Type domain.Kotxe is not enhanced.

[2025-03-18 17:01:08 #6 type] 
Type domain.Ride is not enhanced.

[2025-03-18 17:01:08 #7 type] 
Type domain.RideRequest is not enhanced.

[2025-03-18 17:01:08 #8 type] 
Type domain.Traveller is not enhanced.

[2025-03-18 17:01:08 #9 type] 
Type domain.Mezua is not enhanced.

------------------------------------------------------------------------------------------------------------------------

[2025-03-18 17:01:21 #1 store] 
Database 'C:\Users\ekait\eclipse-workspace\Rides24\src\main\resources\rides.temp' is opened by 1820@LAPTOP-1CQB3TB3

[2025-03-18 17:01:21 #2 type] 
Type domain.Profile is not enhanced.

[2025-03-18 17:01:21 #3 type] 
Type domain.Driver is not enhanced.

[2025-03-18 17:01:21 #4 type] 
Type domain.Kotxe is not enhanced.

[2025-03-18 17:01:21 #5 type] 
Type domain.Ride is not enhanced.

[2025-03-18 17:01:21 #6 type] 
Type domain.RideRequest is not enhanced.

[2025-03-18 17:01:21 #7 type] 
Type domain.Traveller is not enhanced.

[2025-03-18 17:01:21 #8 type] 
Type domain.Mezua is not enhanced.

------------------------------------------------------------------------------------------------------------------------

[2025-03-18 17:02:03 #1 store] 
Database 'C:\Users\ekait\eclipse-workspace\Rides24\src\main\resources\rides.temp' has been recovered (tr. 104-104)

[2025-03-18 17:02:04 #2 store] 
Database 'C:\Users\ekait\eclipse-workspace\Rides24\src\main\resources\rides.temp' is opened by 13804@LAPTOP-1CQB3TB3

[2025-03-18 17:02:04 #3 type] 
Type domain.Profile is not enhanced.

[2025-03-18 17:02:04 #4 type] 
Type domain.Driver is not enhanced.

[2025-03-18 17:02:04 #5 type] 
Type domain.Kotxe is not enhanced.

[2025-03-18 17:02:04 #6 type] 
Type domain.Ride is not enhanced.

[2025-03-18 17:02:04 #7 type] 
Type domain.RideRequest is not enhanced.

[2025-03-18 17:02:04 #8 type] 
Type domain.Traveller is not enhanced.

[2025-03-18 17:02:04 #9 type] 
Type domain.Mezua is not enhanced.

------------------------------------------------------------------------------------------------------------------------

[2025-03-18 17:04:42 #1 store] 
Database 'C:\Users\ekait\eclipse-workspace\Rides24\src\main\resources\rides.temp' has been recovered (tr. 105-105)

[2025-03-18 17:04:43 #2 store] 
Database 'C:\Users\ekait\eclipse-workspace\Rides24\src\main\resources\rides.temp' is opened by 3120@LAPTOP-1CQB3TB3

[2025-03-18 17:04:43 #3 type] 
Type domain.Profile is not enhanced.

[2025-03-18 17:04:43 #4 type] 
Type domain.Driver is not enhanced.

[2025-03-18 17:04:43 #5 type] 
Type domain.Kotxe is not enhanced.

[2025-03-18 17:04:43 #6 type] 
Type domain.Ride is not enhanced.

[2025-03-18 17:04:43 #7 type] 
Type domain.RideRequest is not enhanced.

[2025-03-18 17:04:43 #8 type] 
Type domain.Traveller is not enhanced.

[2025-03-18 17:04:43 #9 type] 
Type domain.Mezua is not enhanced.

------------------------------------------------------------------------------------------------------------------------

[2025-03-18 17:06:09 #1 store] 
Database 'C:\Users\ekait\eclipse-workspace\Rides24\src\main\resources\rides.temp' has been recovered (tr. 106-110)

[2025-03-18 17:06:09 #2 store] 
Database 'C:\Users\ekait\eclipse-workspace\Rides24\src\main\resources\rides.temp' is opened by 19056@LAPTOP-1CQB3TB3

[2025-03-18 17:06:09 #3 type] 
Type domain.Profile is not enhanced.

[2025-03-18 17:06:09 #4 type] 
Type domain.Driver is not enhanced.

[2025-03-18 17:06:09 #5 type] 
Type domain.Kotxe is not enhanced.

[2025-03-18 17:06:09 #6 type] 
Type domain.Ride is not enhanced.

[2025-03-18 17:06:09 #7 type] 
Type domain.RideRequest is not enhanced.

[2025-03-18 17:06:09 #8 type] 
Type domain.Traveller is not enhanced.

[2025-03-18 17:06:09 #9 type] 
Type domain.Mezua is not enhanced.

------------------------------------------------------------------------------------------------------------------------

[2025-03-18 17:09:13 #1 store] 
Database 'C:\Users\ekait\eclipse-workspace\Rides24\src\main\resources\rides.temp' has been recovered (tr. 111-118)

[2025-03-18 17:09:13 #2 store] 
Database 'C:\Users\ekait\eclipse-workspace\Rides24\src\main\resources\rides.temp' is opened by 19216@LAPTOP-1CQB3TB3

[2025-03-18 17:09:13 #3 type] 
Type domain.Profile is not enhanced.

[2025-03-18 17:09:13 #4 type] 
Type domain.Driver is not enhanced.

[2025-03-18 17:09:13 #5 type] 
Type domain.Kotxe is not enhanced.

[2025-03-18 17:09:13 #6 type] 
Type domain.Ride is not enhanced.

[2025-03-18 17:09:13 #7 type] 
Type domain.RideRequest is not enhanced.

[2025-03-18 17:09:13 #8 type] 
Type domain.Traveller is not enhanced.

[2025-03-18 17:09:13 #9 type] 
Type domain.Mezua is not enhanced.

------------------------------------------------------------------------------------------------------------------------

[2025-03-18 17:11:20 #1 store] 
Database 'C:\Users\ekait\eclipse-workspace\Rides24\src\main\resources\rides.temp' has been recovered (tr. 119-119)

[2025-03-18 17:11:20 #2 store] 
Database 'C:\Users\ekait\eclipse-workspace\Rides24\src\main\resources\rides.temp' is opened by 3584@LAPTOP-1CQB3TB3

[2025-03-18 17:11:20 #3 type] 
Type domain.Profile is not enhanced.

[2025-03-18 17:11:20 #4 type] 
Type domain.Driver is not enhanced.

[2025-03-18 17:11:20 #5 type] 
Type domain.Kotxe is not enhanced.

[2025-03-18 17:11:20 #6 type] 
Type domain.Ride is not enhanced.

[2025-03-18 17:11:20 #7 type] 
Type domain.RideRequest is not enhanced.

[2025-03-18 17:11:20 #8 type] 
Type domain.Traveller is not enhanced.

[2025-03-18 17:11:20 #9 type] 
Type domain.Mezua is not enhanced.

------------------------------------------------------------------------------------------------------------------------

[2025-03-18 17:35:03 #1 store] 
Database 'C:\Users\ekait\eclipse-workspace\Rides24\src\main\resources\rides.temp' has been recovered (tr. 120-120)

[2025-03-18 17:35:03 #2 store] 
Database 'C:\Users\ekait\eclipse-workspace\Rides24\src\main\resources\rides.temp' is opened by 18964@LAPTOP-1CQB3TB3

[2025-03-18 17:35:04 #3 type] 
Type domain.Profile is not enhanced.

[2025-03-18 17:35:04 #4 type] 
Type domain.Driver is not enhanced.

[2025-03-18 17:35:04 #5 type] 
Type domain.Kotxe is not enhanced.

[2025-03-18 17:35:04 #6 type] 
Type domain.Ride is not enhanced.

[2025-03-18 17:35:04 #7 type] 
Type domain.RideRequest is not enhanced.

[2025-03-18 17:35:04 #8 type] 
Type domain.Traveller is not enhanced.

[2025-03-18 17:35:04 #9 type] 
Type domain.Mezua is not enhanced.

