------------------------------------------------------------------------------------------------------------------------

[2025-04-03 17:22:02 #1 store] 
Database 'C:\Users\ekait\eclipse-workspace\Rides24\src\main\resources\rides.temp' has been recovered (tr. 57-57)

[2025-04-03 17:22:02 #2 store] 
Database 'C:\Users\ekait\eclipse-workspace\Rides24\src\main\resources\rides.temp' is opened by 740@LAPTOP-1CQB3TB3

[2025-04-03 17:22:02 #3 type] 
Type domain.Ride is not enhanced.

[2025-04-03 17:22:02 #4 type] 
Type domain.RideRequest is not enhanced.

[2025-04-03 17:22:02 #5 type] 
Type domain.Profile is not enhanced.

[2025-04-03 17:22:02 #6 type] 
Type domain.Driver is not enhanced.

[2025-04-03 17:22:02 #7 type] 
Type domain.Kotxe is not enhanced.

[2025-04-03 17:22:02 #8 type] 
Type domain.Traveller is not enhanced.

[2025-04-03 17:22:02 #9 type] 
Type domain.Mezua is not enhanced.

------------------------------------------------------------------------------------------------------------------------

[2025-04-03 17:22:28 #1 store] 
Database 'C:\Users\ekait\eclipse-workspace\Rides24\src\main\resources\rides.temp' has been recovered (tr. 58-58)

[2025-04-03 17:22:28 #2 store] 
Database 'C:\Users\ekait\eclipse-workspace\Rides24\src\main\resources\rides.temp' is opened by 8068@LAPTOP-1CQB3TB3

[2025-04-03 17:22:28 #3 type] 
Type domain.Ride is not enhanced.

[2025-04-03 17:22:28 #4 type] 
Type domain.RideRequest is not enhanced.

[2025-04-03 17:22:28 #5 type] 
Type domain.Profile is not enhanced.

[2025-04-03 17:22:28 #6 type] 
Type domain.Driver is not enhanced.

[2025-04-03 17:22:28 #7 type] 
Type domain.Kotxe is not enhanced.

[2025-04-03 17:22:28 #8 type] 
Type domain.Traveller is not enhanced.

[2025-04-03 17:22:28 #9 type] 
Type domain.Mezua is not enhanced.

------------------------------------------------------------------------------------------------------------------------

[2025-04-03 17:33:42 #1 store] 
Database 'C:\Users\ekait\eclipse-workspace\Rides24\src\main\resources\rides.temp' has been recovered (tr. 59-63)

[2025-04-03 17:33:42 #2 store] 
Database 'C:\Users\ekait\eclipse-workspace\Rides24\src\main\resources\rides.temp' is opened by 7292@LAPTOP-1CQB3TB3

[2025-04-03 17:33:42 #3 type] 
Type domain.Ride is not enhanced.

[2025-04-03 17:33:42 #4 type] 
Type domain.RideRequest is not enhanced.

[2025-04-03 17:33:42 #5 type] 
Type domain.Profile is not enhanced.

[2025-04-03 17:33:42 #6 type] 
Type domain.Driver is not enhanced.

[2025-04-03 17:33:42 #7 type] 
Type domain.Kotxe is not enhanced.

[2025-04-03 17:33:42 #8 type] 
Type domain.Traveller is not enhanced.

[2025-04-03 17:33:42 #9 type] 
Type domain.Mezua is not enhanced.

------------------------------------------------------------------------------------------------------------------------

[2025-04-03 17:47:34 #1 store] 
Database 'C:\Users\ekait\eclipse-workspace\Rides24\src\main\resources\rides.temp' has been recovered (tr. 64-68)

[2025-04-03 17:47:34 #2 store] 
Database 'C:\Users\ekait\eclipse-workspace\Rides24\src\main\resources\rides.temp' is opened by 20108@LAPTOP-1CQB3TB3

[2025-04-03 17:47:34 #3 type] 
Type domain.Ride is not enhanced.

[2025-04-03 17:47:35 #4 type] 
Type domain.RideRequest is not enhanced.

[2025-04-03 17:47:35 #5 type] 
Type domain.Profile is not enhanced.

[2025-04-03 17:47:35 #6 type] 
Type domain.Driver is not enhanced.

[2025-04-03 17:47:35 #7 type] 
Type domain.Kotxe is not enhanced.

[2025-04-03 17:47:35 #8 type] 
Type domain.Traveller is not enhanced.

[2025-04-03 17:47:35 #9 type] 
Type domain.Mezua is not enhanced.

------------------------------------------------------------------------------------------------------------------------

[2025-04-03 17:48:17 #1 store] 
Database 'C:\Users\ekait\eclipse-workspace\Rides24\src\main\resources\rides.temp' has been recovered (tr. 69-69)

[2025-04-03 17:48:17 #2 store] 
Database 'C:\Users\ekait\eclipse-workspace\Rides24\src\main\resources\rides.temp' is opened by 4212@LAPTOP-1CQB3TB3

[2025-04-03 17:48:17 #3 type] 
Type domain.Ride is not enhanced.

[2025-04-03 17:48:17 #4 type] 
Type domain.RideRequest is not enhanced.

[2025-04-03 17:48:17 #5 type] 
Type domain.Profile is not enhanced.

[2025-04-03 17:48:17 #6 type] 
Type domain.Driver is not enhanced.

[2025-04-03 17:48:17 #7 type] 
Type domain.Kotxe is not enhanced.

[2025-04-03 17:48:17 #8 type] 
Type domain.Traveller is not enhanced.

[2025-04-03 17:48:17 #9 type] 
Type domain.Mezua is not enhanced.

------------------------------------------------------------------------------------------------------------------------

[2025-04-03 17:48:53 #1 store] 
Database 'C:\Users\ekait\eclipse-workspace\Rides24\src\main\resources\rides.temp' has been recovered (tr. 70-70)

[2025-04-03 17:48:53 #2 store] 
Database 'C:\Users\ekait\eclipse-workspace\Rides24\src\main\resources\rides.temp' is opened by 6380@LAPTOP-1CQB3TB3

[2025-04-03 17:48:53 #3 type] 
Type domain.Ride is not enhanced.

[2025-04-03 17:48:53 #4 type] 
Type domain.RideRequest is not enhanced.

[2025-04-03 17:48:53 #5 type] 
Type domain.Profile is not enhanced.

[2025-04-03 17:48:53 #6 type] 
Type domain.Driver is not enhanced.

[2025-04-03 17:48:53 #7 type] 
Type domain.Kotxe is not enhanced.

[2025-04-03 17:48:53 #8 type] 
Type domain.Traveller is not enhanced.

[2025-04-03 17:48:53 #9 type] 
Type domain.Mezua is not enhanced.

------------------------------------------------------------------------------------------------------------------------

[2025-04-03 17:50:36 #1 store] 
Database 'C:\Users\ekait\eclipse-workspace\Rides24\src\main\resources\rides.temp' is opened by 7228@LAPTOP-1CQB3TB3

[2025-04-03 17:50:36 #2 type] 
Type domain.Ride is not enhanced.

[2025-04-03 17:50:36 #3 type] 
Type domain.RideRequest is not enhanced.

[2025-04-03 17:50:36 #4 type] 
Type domain.Profile is not enhanced.

[2025-04-03 17:50:36 #5 type] 
Type domain.Driver is not enhanced.

[2025-04-03 17:50:36 #6 type] 
Type domain.Kotxe is not enhanced.

[2025-04-03 17:50:36 #7 type] 
Type domain.Traveller is not enhanced.

[2025-04-03 17:50:36 #8 type] 
Type domain.Mezua is not enhanced.

------------------------------------------------------------------------------------------------------------------------

[2025-04-03 17:51:28 #1 store] 
Database 'C:\Users\ekait\eclipse-workspace\Rides24\src\main\resources\rides.temp' has been recovered (tr. 71-71)

[2025-04-03 17:51:28 #2 store] 
Database 'C:\Users\ekait\eclipse-workspace\Rides24\src\main\resources\rides.temp' is opened by 19928@LAPTOP-1CQB3TB3

[2025-04-03 17:51:28 #3 type] 
Type domain.Ride is not enhanced.

[2025-04-03 17:51:28 #4 type] 
Type domain.RideRequest is not enhanced.

[2025-04-03 17:51:28 #5 type] 
Type domain.Profile is not enhanced.

[2025-04-03 17:51:28 #6 type] 
Type domain.Driver is not enhanced.

[2025-04-03 17:51:28 #7 type] 
Type domain.Kotxe is not enhanced.

[2025-04-03 17:51:28 #8 type] 
Type domain.Traveller is not enhanced.

[2025-04-03 17:51:28 #9 type] 
Type domain.Mezua is not enhanced.

------------------------------------------------------------------------------------------------------------------------

[2025-04-03 17:55:36 #1 store] 
Database 'C:\Users\ekait\eclipse-workspace\Rides24\src\main\resources\rides.temp' has been recovered (tr. 72-72)

[2025-04-03 17:55:36 #2 store] 
Database 'C:\Users\ekait\eclipse-workspace\Rides24\src\main\resources\rides.temp' is opened by 20472@LAPTOP-1CQB3TB3

[2025-04-03 17:55:36 #3 type] 
Type domain.Ride is not enhanced.

[2025-04-03 17:55:36 #4 type] 
Type domain.RideRequest is not enhanced.

[2025-04-03 17:55:36 #5 type] 
Type domain.Profile is not enhanced.

[2025-04-03 17:55:36 #6 type] 
Type domain.Driver is not enhanced.

[2025-04-03 17:55:36 #7 type] 
Type domain.Kotxe is not enhanced.

[2025-04-03 17:55:36 #8 type] 
Type domain.Traveller is not enhanced.

[2025-04-03 17:55:36 #9 type] 
Type domain.Mezua is not enhanced.

------------------------------------------------------------------------------------------------------------------------

[2025-04-03 18:34:10 #1 store] 
Database 'C:\Users\ekait\eclipse-workspace\Rides24\src\main\resources\rides.temp' is opened by 6372@LAPTOP-1CQB3TB3

[2025-04-03 18:34:10 #2 type] 
Type domain.Ride is not enhanced.

[2025-04-03 18:34:10 #3 type] 
Type domain.RideRequest is not enhanced.

[2025-04-03 18:34:10 #4 type] 
Type domain.Profile is not enhanced.

[2025-04-03 18:34:10 #5 type] 
Type domain.Driver is not enhanced.

[2025-04-03 18:34:10 #6 type] 
Type domain.Kotxe is not enhanced.

[2025-04-03 18:34:10 #7 type] 
Type domain.Traveller is not enhanced.

[2025-04-03 18:34:10 #8 type] 
Type domain.Mezua is not enhanced.

------------------------------------------------------------------------------------------------------------------------

[2025-04-03 18:35:12 #1 store] 
Database 'C:\Users\ekait\eclipse-workspace\Rides24\src\main\resources\rides.temp' has been recovered (tr. 73-73)

[2025-04-03 18:35:12 #2 store] 
Database 'C:\Users\ekait\eclipse-workspace\Rides24\src\main\resources\rides.temp' is opened by 6868@LAPTOP-1CQB3TB3

[2025-04-03 18:35:12 #3 type] 
Type domain.Ride is not enhanced.

[2025-04-03 18:35:12 #4 type] 
Type domain.RideRequest is not enhanced.

[2025-04-03 18:35:12 #5 type] 
Type domain.Profile is not enhanced.

[2025-04-03 18:35:12 #6 type] 
Type domain.Driver is not enhanced.

[2025-04-03 18:35:12 #7 type] 
Type domain.Kotxe is not enhanced.

[2025-04-03 18:35:12 #8 type] 
Type domain.Traveller is not enhanced.

[2025-04-03 18:35:12 #9 type] 
Type domain.Mezua is not enhanced.

------------------------------------------------------------------------------------------------------------------------

[2025-04-03 18:36:44 #1 store] 
Database 'C:\Users\ekait\eclipse-workspace\Rides24\src\main\resources\rides.temp' is opened by 19568@LAPTOP-1CQB3TB3

[2025-04-03 18:36:45 #2 type] 
Type domain.Ride is not enhanced.

[2025-04-03 18:36:45 #3 type] 
Type domain.RideRequest is not enhanced.

[2025-04-03 18:36:45 #4 type] 
Type domain.Profile is not enhanced.

[2025-04-03 18:36:45 #5 type] 
Type domain.Driver is not enhanced.

[2025-04-03 18:36:45 #6 type] 
Type domain.Kotxe is not enhanced.

[2025-04-03 18:36:45 #7 type] 
Type domain.Traveller is not enhanced.

[2025-04-03 18:36:45 #8 type] 
Type domain.Mezua is not enhanced.

------------------------------------------------------------------------------------------------------------------------

[2025-04-03 18:37:47 #1 store] 
Database 'C:\Users\ekait\eclipse-workspace\Rides24\src\main\resources\rides.temp' is opened by 12200@LAPTOP-1CQB3TB3

[2025-04-03 18:37:47 #2 type] 
Type domain.Ride is not enhanced.

[2025-04-03 18:37:47 #3 type] 
Type domain.RideRequest is not enhanced.

[2025-04-03 18:37:47 #4 type] 
Type domain.Profile is not enhanced.

[2025-04-03 18:37:47 #5 type] 
Type domain.Driver is not enhanced.

[2025-04-03 18:37:47 #6 type] 
Type domain.Kotxe is not enhanced.

[2025-04-03 18:37:47 #7 type] 
Type domain.Traveller is not enhanced.

[2025-04-03 18:37:47 #8 type] 
Type domain.Mezua is not enhanced.

[2025-04-03 18:37:52 #9 type.registry] 
New type java.util.Vector<domain.Mezua>

------------------------------------------------------------------------------------------------------------------------

[2025-04-03 18:40:51 #1 store] 
Database 'C:\Users\ekait\eclipse-workspace\Rides24\src\main\resources\rides.temp' has been recovered (tr. 148-150)

[2025-04-03 18:40:51 #2 store] 
Database 'C:\Users\ekait\eclipse-workspace\Rides24\src\main\resources\rides.temp' is opened by 5136@LAPTOP-1CQB3TB3

[2025-04-03 18:40:52 #3 type] 
Type domain.Ride is not enhanced.

[2025-04-03 18:40:52 #4 type] 
Type domain.RideRequest is not enhanced.

[2025-04-03 18:40:52 #5 type] 
Type domain.Profile is not enhanced.

[2025-04-03 18:40:52 #6 type] 
Type domain.Driver is not enhanced.

[2025-04-03 18:40:52 #7 type] 
Type domain.Kotxe is not enhanced.

[2025-04-03 18:40:52 #8 type] 
Type domain.Traveller is not enhanced.

[2025-04-03 18:40:52 #9 type] 
Type domain.Mezua is not enhanced.

