------------------------------------------------------------------------------------------------------------------------

[2025-05-16 09:47:26 #1 store] 
Database 'C:\Users\Usuario-Pc\OneDrive\Escritorio\Urtzi Universidad\workspace\SI\Rides24Geltokiekin\src\main\resources\rides.temp' is opened by 16452@DESKTOP-EH9B0CP

[2025-05-16 09:47:26 #2 type] 
Type domain.Profile is not enhanced.

[2025-05-16 09:47:26 #3 type] 
Type domain.Erreklamazioa is not enhanced.

[2025-05-16 09:47:26 #4 type] 
Type domain.Mezua is not enhanced.

[2025-05-16 09:47:26 #5 type] 
Type domain.Ride is not enhanced.

[2025-05-16 09:47:26 #6 type] 
Type domain.RideRequest is not enhanced.

[2025-05-16 09:47:26 #7 type] 
Type domain.Alerta is not enhanced.

[2025-05-16 09:47:26 #8 type] 
Type domain.Driver is not enhanced.

[2025-05-16 09:47:26 #9 type] 
Type domain.Kotxe is not enhanced.

[2025-05-16 09:47:26 #10 type] 
Type domain.Geltoki is not enhanced.

[2025-05-16 09:47:26 #11 type] 
Type domain.Traveller is not enhanced.

[2025-05-16 09:48:10 #12 type.registry] 
New type domain.Admin

[2025-05-16 09:48:10 #13 type] 
Type domain.Admin is not enhanced.

------------------------------------------------------------------------------------------------------------------------

[2025-05-16 09:54:04 #1 store] 
Database 'C:\Users\Usuario-Pc\OneDrive\Escritorio\Urtzi Universidad\workspace\SI\Rides24Geltokiekin\src\main\resources\rides.temp' has been recovered (tr. 124-126)

[2025-05-16 09:54:05 #2 store] 
Database 'C:\Users\Usuario-Pc\OneDrive\Escritorio\Urtzi Universidad\workspace\SI\Rides24Geltokiekin\src\main\resources\rides.temp' is opened by 14844@DESKTOP-EH9B0CP

[2025-05-16 09:54:05 #3 type] 
Type domain.Profile is not enhanced.

[2025-05-16 09:54:05 #4 type] 
Type domain.Erreklamazioa is not enhanced.

[2025-05-16 09:54:05 #5 type] 
Type domain.Mezua is not enhanced.

[2025-05-16 09:54:05 #6 type] 
Type domain.Ride is not enhanced.

[2025-05-16 09:54:05 #7 type] 
Type domain.RideRequest is not enhanced.

[2025-05-16 09:54:05 #8 type] 
Type domain.Alerta is not enhanced.

[2025-05-16 09:54:05 #9 type] 
Type domain.Driver is not enhanced.

[2025-05-16 09:54:05 #10 type] 
Type domain.Kotxe is not enhanced.

[2025-05-16 09:54:05 #11 type] 
Type domain.Geltoki is not enhanced.

[2025-05-16 09:54:05 #12 type] 
Type domain.Traveller is not enhanced.

[2025-05-16 09:54:05 #13 type] 
Type domain.Admin is not enhanced.

------------------------------------------------------------------------------------------------------------------------

[2025-05-16 10:01:16 #1 store] 
Database 'C:\Users\Usuario-Pc\OneDrive\Escritorio\Urtzi Universidad\workspace\SI\Rides24Geltokiekin\src\main\resources\rides.temp' is opened by 15256@DESKTOP-EH9B0CP

[2025-05-16 10:01:17 #2 type] 
Type domain.Profile is not enhanced.

[2025-05-16 10:01:17 #3 type] 
Type domain.Erreklamazioa is not enhanced.

[2025-05-16 10:01:17 #4 type] 
Type domain.Mezua is not enhanced.

[2025-05-16 10:01:17 #5 type] 
Type domain.Ride is not enhanced.

[2025-05-16 10:01:17 #6 type] 
Type domain.RideRequest is not enhanced.

[2025-05-16 10:01:17 #7 type] 
Type domain.Alerta is not enhanced.

[2025-05-16 10:01:17 #8 type] 
Type domain.Driver is not enhanced.

[2025-05-16 10:01:17 #9 type] 
Type domain.Kotxe is not enhanced.

[2025-05-16 10:01:17 #10 type] 
Type domain.Geltoki is not enhanced.

[2025-05-16 10:01:17 #11 type] 
Type domain.Traveller is not enhanced.

[2025-05-16 10:01:17 #12 type] 
Type domain.Admin is not enhanced.

------------------------------------------------------------------------------------------------------------------------

[2025-05-16 10:03:49 #1 store] 
Database 'C:\Users\Usuario-Pc\OneDrive\Escritorio\Urtzi Universidad\workspace\SI\Rides24Geltokiekin\src\main\resources\rides.temp' is opened by 8572@DESKTOP-EH9B0CP

[2025-05-16 10:03:49 #2 type.registry] 
New type domain.Ride

[2025-05-16 10:03:49 #3 type] 
Type domain.Ride is not enhanced.

[2025-05-16 10:03:49 #4 type.registry] 
New type domain.RideRequest

[2025-05-16 10:03:49 #5 type.registry] 
New type domain.Profile

[2025-05-16 10:03:49 #6 type.registry] 
New type domain.Driver

[2025-05-16 10:03:49 #7 type.registry] 
New type domain.EgoeraRide

[2025-05-16 10:03:49 #8 type.registry] 
New type domain.Kotxe

[2025-05-16 10:03:49 #9 type.registry] 
New type domain.Geltoki

[2025-05-16 10:03:49 #10 type] 
Type domain.RideRequest is not enhanced.

[2025-05-16 10:03:49 #11 type.registry] 
New type domain.Traveller

[2025-05-16 10:03:49 #12 type.registry] 
New type domain.EgoeraRideRequest

[2025-05-16 10:03:49 #13 type] 
Type domain.Profile is not enhanced.

[2025-05-16 10:03:49 #14 type.registry] 
New type domain.Erreklamazioa

[2025-05-16 10:03:49 #15 type.registry] 
New type domain.Mezua

[2025-05-16 10:03:49 #16 type] 
Type domain.Driver is not enhanced.

[2025-05-16 10:03:49 #17 type] 
Type domain.Kotxe is not enhanced.

[2025-05-16 10:03:49 #18 type] 
Type domain.Geltoki is not enhanced.

[2025-05-16 10:03:49 #19 type] 
Type domain.Traveller is not enhanced.

[2025-05-16 10:03:49 #20 type.registry] 
New type domain.Alerta

[2025-05-16 10:03:49 #21 type] 
Type domain.Erreklamazioa is not enhanced.

[2025-05-16 10:03:49 #22 type.registry] 
New type domain.EgoeraErreklamazioa

[2025-05-16 10:03:49 #23 type] 
Type domain.Mezua is not enhanced.

[2025-05-16 10:03:49 #24 type] 
Type domain.Alerta is not enhanced.

[2025-05-16 10:04:03 #25 type.registry] 
New type java.util.ArrayList<java.lang.Object>

[2025-05-16 10:04:03 #26 type.registry] 
New type java.util.Vector<java.lang.Object>

[2025-05-16 10:04:03 #27 type.registry] 
New type java.util.LinkedList<java.lang.Object>

[2025-05-16 10:04:03 #28 type.registry] 
New type java.util.ArrayList<java.lang.Integer>

[2025-05-16 10:04:03 #29 type.registry] 
New type java.util.ArrayList<domain.Mezua>

[2025-05-16 10:04:03 #30 type.registry] 
New type java.util.Vector<domain.Erreklamazioa>

[2025-05-16 10:04:03 #31 type.registry] 
New type java.util.ArrayList<domain.RideRequest>

[2025-05-16 10:04:03 #32 type.registry] 
New type java.util.LinkedList<domain.Alerta>

[2025-05-16 10:04:21 #33 type.registry] 
New type java.util.Vector<domain.Ride>

[2025-05-16 10:04:21 #34 type.registry] 
New type java.util.Vector<domain.Kotxe>

------------------------------------------------------------------------------------------------------------------------

[2025-05-16 10:04:46 #1 store] 
Database 'C:\Users\Usuario-Pc\OneDrive\Escritorio\Urtzi Universidad\workspace\SI\Rides24Geltokiekin\src\main\resources\rides.temp' has been recovered (tr. 1-15)

[2025-05-16 10:04:46 #2 store] 
Database 'C:\Users\Usuario-Pc\OneDrive\Escritorio\Urtzi Universidad\workspace\SI\Rides24Geltokiekin\src\main\resources\rides.temp' is opened by 7964@DESKTOP-EH9B0CP

[2025-05-16 10:04:47 #3 type] 
Type domain.Ride is not enhanced.

[2025-05-16 10:04:47 #4 type] 
Type domain.RideRequest is not enhanced.

[2025-05-16 10:04:47 #5 type] 
Type domain.Profile is not enhanced.

[2025-05-16 10:04:47 #6 type] 
Type domain.Driver is not enhanced.

[2025-05-16 10:04:47 #7 type] 
Type domain.Kotxe is not enhanced.

[2025-05-16 10:04:47 #8 type] 
Type domain.Geltoki is not enhanced.

[2025-05-16 10:04:47 #9 type] 
Type domain.Traveller is not enhanced.

[2025-05-16 10:04:47 #10 type] 
Type domain.Erreklamazioa is not enhanced.

[2025-05-16 10:04:47 #11 type] 
Type domain.Mezua is not enhanced.

[2025-05-16 10:04:47 #12 type] 
Type domain.Alerta is not enhanced.

[2025-05-16 10:05:01 #13 type.registry] 
New type domain.Admin

[2025-05-16 10:05:01 #14 type] 
Type domain.Admin is not enhanced.

------------------------------------------------------------------------------------------------------------------------

[2025-05-16 10:05:18 #1 store] 
Database 'C:\Users\Usuario-Pc\OneDrive\Escritorio\Urtzi Universidad\workspace\SI\Rides24Geltokiekin\src\main\resources\rides.temp' has been recovered (tr. 16-17)

[2025-05-16 10:05:18 #2 store] 
Database 'C:\Users\Usuario-Pc\OneDrive\Escritorio\Urtzi Universidad\workspace\SI\Rides24Geltokiekin\src\main\resources\rides.temp' is opened by 18300@DESKTOP-EH9B0CP

[2025-05-16 10:05:19 #3 type] 
Type domain.Ride is not enhanced.

[2025-05-16 10:05:19 #4 type] 
Type domain.RideRequest is not enhanced.

[2025-05-16 10:05:19 #5 type] 
Type domain.Profile is not enhanced.

[2025-05-16 10:05:19 #6 type] 
Type domain.Driver is not enhanced.

[2025-05-16 10:05:19 #7 type] 
Type domain.Kotxe is not enhanced.

[2025-05-16 10:05:19 #8 type] 
Type domain.Geltoki is not enhanced.

[2025-05-16 10:05:19 #9 type] 
Type domain.Traveller is not enhanced.

[2025-05-16 10:05:19 #10 type] 
Type domain.Erreklamazioa is not enhanced.

[2025-05-16 10:05:19 #11 type] 
Type domain.Mezua is not enhanced.

[2025-05-16 10:05:19 #12 type] 
Type domain.Alerta is not enhanced.

[2025-05-16 10:05:19 #13 type] 
Type domain.Admin is not enhanced.

[2025-05-16 10:05:59 #14 type.registry] 
New type java.util.LinkedList<domain.Geltoki>

------------------------------------------------------------------------------------------------------------------------

[2025-05-16 10:07:01 #1 store] 
Database 'C:\Users\Usuario-Pc\OneDrive\Escritorio\Urtzi Universidad\workspace\SI\Rides24Geltokiekin\src\main\resources\rides.temp' has been recovered (tr. 18-32)

[2025-05-16 10:07:02 #2 store] 
Database 'C:\Users\Usuario-Pc\OneDrive\Escritorio\Urtzi Universidad\workspace\SI\Rides24Geltokiekin\src\main\resources\rides.temp' is opened by 19592@DESKTOP-EH9B0CP

[2025-05-16 10:07:02 #3 type] 
Type domain.Ride is not enhanced.

[2025-05-16 10:07:02 #4 type] 
Type domain.RideRequest is not enhanced.

[2025-05-16 10:07:02 #5 type] 
Type domain.Profile is not enhanced.

[2025-05-16 10:07:02 #6 type] 
Type domain.Driver is not enhanced.

[2025-05-16 10:07:02 #7 type] 
Type domain.Kotxe is not enhanced.

[2025-05-16 10:07:02 #8 type] 
Type domain.Geltoki is not enhanced.

[2025-05-16 10:07:02 #9 type] 
Type domain.Traveller is not enhanced.

[2025-05-16 10:07:02 #10 type] 
Type domain.Erreklamazioa is not enhanced.

[2025-05-16 10:07:02 #11 type] 
Type domain.Mezua is not enhanced.

[2025-05-16 10:07:02 #12 type] 
Type domain.Alerta is not enhanced.

[2025-05-16 10:07:02 #13 type] 
Type domain.Admin is not enhanced.

------------------------------------------------------------------------------------------------------------------------

[2025-05-16 10:12:27 #1 store] 
Database 'C:\Users\Usuario-Pc\OneDrive\Escritorio\Urtzi Universidad\workspace\SI\Rides24Geltokiekin\src\main\resources\rides.temp' is opened by 9036@DESKTOP-EH9B0CP

[2025-05-16 10:12:27 #2 type] 
Type domain.Ride is not enhanced.

[2025-05-16 10:12:27 #3 type] 
Type domain.RideRequest is not enhanced.

[2025-05-16 10:12:27 #4 type] 
Type domain.Profile is not enhanced.

[2025-05-16 10:12:27 #5 type] 
Type domain.Driver is not enhanced.

[2025-05-16 10:12:27 #6 type] 
Type domain.Kotxe is not enhanced.

[2025-05-16 10:12:27 #7 type] 
Type domain.Geltoki is not enhanced.

[2025-05-16 10:12:27 #8 type] 
Type domain.Traveller is not enhanced.

[2025-05-16 10:12:27 #9 type] 
Type domain.Erreklamazioa is not enhanced.

[2025-05-16 10:12:27 #10 type] 
Type domain.Mezua is not enhanced.

[2025-05-16 10:12:27 #11 type] 
Type domain.Alerta is not enhanced.

[2025-05-16 10:12:27 #12 type] 
Type domain.Admin is not enhanced.

------------------------------------------------------------------------------------------------------------------------

[2025-05-16 10:13:03 #1 store] 
Database 'C:\Users\Usuario-Pc\OneDrive\Escritorio\Urtzi Universidad\workspace\SI\Rides24Geltokiekin\src\main\resources\rides.temp' has been recovered (tr. 46-46)

[2025-05-16 10:13:03 #2 store] 
Database 'C:\Users\Usuario-Pc\OneDrive\Escritorio\Urtzi Universidad\workspace\SI\Rides24Geltokiekin\src\main\resources\rides.temp' is opened by 18148@DESKTOP-EH9B0CP

[2025-05-16 10:13:03 #3 type] 
Type domain.Ride is not enhanced.

[2025-05-16 10:13:03 #4 type] 
Type domain.RideRequest is not enhanced.

[2025-05-16 10:13:03 #5 type] 
Type domain.Profile is not enhanced.

[2025-05-16 10:13:03 #6 type] 
Type domain.Driver is not enhanced.

[2025-05-16 10:13:03 #7 type] 
Type domain.Kotxe is not enhanced.

[2025-05-16 10:13:03 #8 type] 
Type domain.Geltoki is not enhanced.

[2025-05-16 10:13:03 #9 type] 
Type domain.Traveller is not enhanced.

[2025-05-16 10:13:03 #10 type] 
Type domain.Erreklamazioa is not enhanced.

[2025-05-16 10:13:03 #11 type] 
Type domain.Mezua is not enhanced.

[2025-05-16 10:13:03 #12 type] 
Type domain.Alerta is not enhanced.

[2025-05-16 10:13:03 #13 type] 
Type domain.Admin is not enhanced.

------------------------------------------------------------------------------------------------------------------------

[2025-05-16 10:14:48 #1 store] 
Database 'C:\Users\Usuario-Pc\OneDrive\Escritorio\Urtzi Universidad\workspace\SI\Rides24Geltokiekin\src\main\resources\rides.temp' is opened by 5400@DESKTOP-EH9B0CP

[2025-05-16 10:14:49 #2 type] 
Type domain.Ride is not enhanced.

[2025-05-16 10:14:49 #3 type] 
Type domain.RideRequest is not enhanced.

[2025-05-16 10:14:49 #4 type] 
Type domain.Profile is not enhanced.

[2025-05-16 10:14:49 #5 type] 
Type domain.Driver is not enhanced.

[2025-05-16 10:14:49 #6 type] 
Type domain.Kotxe is not enhanced.

[2025-05-16 10:14:49 #7 type] 
Type domain.Geltoki is not enhanced.

[2025-05-16 10:14:49 #8 type] 
Type domain.Traveller is not enhanced.

[2025-05-16 10:14:49 #9 type] 
Type domain.Erreklamazioa is not enhanced.

[2025-05-16 10:14:49 #10 type] 
Type domain.Mezua is not enhanced.

[2025-05-16 10:14:49 #11 type] 
Type domain.Alerta is not enhanced.

[2025-05-16 10:14:49 #12 type] 
Type domain.Admin is not enhanced.

------------------------------------------------------------------------------------------------------------------------

[2025-05-16 10:15:45 #1 store] 
Database 'C:\Users\Usuario-Pc\OneDrive\Escritorio\Urtzi Universidad\workspace\SI\Rides24Geltokiekin\src\main\resources\rides.temp' is opened by 7616@DESKTOP-EH9B0CP

[2025-05-16 10:15:45 #2 type] 
Type domain.Ride is not enhanced.

[2025-05-16 10:15:45 #3 type] 
Type domain.RideRequest is not enhanced.

[2025-05-16 10:15:45 #4 type] 
Type domain.Profile is not enhanced.

[2025-05-16 10:15:45 #5 type] 
Type domain.Driver is not enhanced.

[2025-05-16 10:15:45 #6 type] 
Type domain.Kotxe is not enhanced.

[2025-05-16 10:15:45 #7 type] 
Type domain.Geltoki is not enhanced.

[2025-05-16 10:15:45 #8 type] 
Type domain.Traveller is not enhanced.

[2025-05-16 10:15:45 #9 type] 
Type domain.Erreklamazioa is not enhanced.

[2025-05-16 10:15:45 #10 type] 
Type domain.Mezua is not enhanced.

[2025-05-16 10:15:45 #11 type] 
Type domain.Alerta is not enhanced.

[2025-05-16 10:15:45 #12 type] 
Type domain.Admin is not enhanced.

------------------------------------------------------------------------------------------------------------------------

[2025-05-16 10:16:46 #1 store] 
Database 'C:\Users\Usuario-Pc\OneDrive\Escritorio\Urtzi Universidad\workspace\SI\Rides24Geltokiekin\src\main\resources\rides.temp' is opened by 15384@DESKTOP-EH9B0CP

[2025-05-16 10:16:47 #2 type] 
Type domain.Ride is not enhanced.

[2025-05-16 10:16:47 #3 type] 
Type domain.RideRequest is not enhanced.

[2025-05-16 10:16:47 #4 type] 
Type domain.Profile is not enhanced.

[2025-05-16 10:16:47 #5 type] 
Type domain.Driver is not enhanced.

[2025-05-16 10:16:47 #6 type] 
Type domain.Kotxe is not enhanced.

[2025-05-16 10:16:47 #7 type] 
Type domain.Geltoki is not enhanced.

[2025-05-16 10:16:47 #8 type] 
Type domain.Traveller is not enhanced.

[2025-05-16 10:16:47 #9 type] 
Type domain.Erreklamazioa is not enhanced.

[2025-05-16 10:16:47 #10 type] 
Type domain.Mezua is not enhanced.

[2025-05-16 10:16:47 #11 type] 
Type domain.Alerta is not enhanced.

[2025-05-16 10:16:47 #12 type] 
Type domain.Admin is not enhanced.

------------------------------------------------------------------------------------------------------------------------

[2025-05-16 10:19:12 #1 store] 
Database 'C:\Users\Usuario-Pc\OneDrive\Escritorio\Urtzi Universidad\workspace\SI\Rides24Geltokiekin\src\main\resources\rides.temp' is opened by 10692@DESKTOP-EH9B0CP

[2025-05-16 10:19:12 #2 type] 
Type domain.Ride is not enhanced.

[2025-05-16 10:19:12 #3 type] 
Type domain.RideRequest is not enhanced.

[2025-05-16 10:19:12 #4 type] 
Type domain.Profile is not enhanced.

[2025-05-16 10:19:12 #5 type] 
Type domain.Driver is not enhanced.

[2025-05-16 10:19:12 #6 type] 
Type domain.Kotxe is not enhanced.

[2025-05-16 10:19:12 #7 type] 
Type domain.Geltoki is not enhanced.

[2025-05-16 10:19:12 #8 type] 
Type domain.Traveller is not enhanced.

[2025-05-16 10:19:12 #9 type] 
Type domain.Erreklamazioa is not enhanced.

[2025-05-16 10:19:12 #10 type] 
Type domain.Mezua is not enhanced.

[2025-05-16 10:19:12 #11 type] 
Type domain.Alerta is not enhanced.

[2025-05-16 10:19:12 #12 type] 
Type domain.Admin is not enhanced.

------------------------------------------------------------------------------------------------------------------------

[2025-05-16 10:22:06 #1 store] 
Database 'C:\Users\Usuario-Pc\OneDrive\Escritorio\Urtzi Universidad\workspace\SI\Rides24Geltokiekin\src\main\resources\rides.temp' is opened by 10272@DESKTOP-EH9B0CP

[2025-05-16 10:22:06 #2 type] 
Type domain.Ride is not enhanced.

[2025-05-16 10:22:06 #3 type] 
Type domain.RideRequest is not enhanced.

[2025-05-16 10:22:06 #4 type] 
Type domain.Profile is not enhanced.

[2025-05-16 10:22:06 #5 type] 
Type domain.Driver is not enhanced.

[2025-05-16 10:22:06 #6 type] 
Type domain.Kotxe is not enhanced.

[2025-05-16 10:22:06 #7 type] 
Type domain.Geltoki is not enhanced.

[2025-05-16 10:22:06 #8 type] 
Type domain.Traveller is not enhanced.

[2025-05-16 10:22:06 #9 type] 
Type domain.Erreklamazioa is not enhanced.

[2025-05-16 10:22:06 #10 type] 
Type domain.Mezua is not enhanced.

[2025-05-16 10:22:06 #11 type] 
Type domain.Alerta is not enhanced.

[2025-05-16 10:22:06 #12 type] 
Type domain.Admin is not enhanced.

------------------------------------------------------------------------------------------------------------------------

[2025-05-16 10:23:32 #1 store] 
Database 'C:\Users\Usuario-Pc\OneDrive\Escritorio\Urtzi Universidad\workspace\SI\Rides24Geltokiekin\src\main\resources\rides.temp' has been recovered (tr. 47-47)

[2025-05-16 10:23:32 #2 store] 
Database 'C:\Users\Usuario-Pc\OneDrive\Escritorio\Urtzi Universidad\workspace\SI\Rides24Geltokiekin\src\main\resources\rides.temp' is opened by 10376@DESKTOP-EH9B0CP

[2025-05-16 10:23:33 #3 type] 
Type domain.Ride is not enhanced.

[2025-05-16 10:23:33 #4 type] 
Type domain.RideRequest is not enhanced.

[2025-05-16 10:23:33 #5 type] 
Type domain.Profile is not enhanced.

[2025-05-16 10:23:33 #6 type] 
Type domain.Driver is not enhanced.

[2025-05-16 10:23:33 #7 type] 
Type domain.Kotxe is not enhanced.

[2025-05-16 10:23:33 #8 type] 
Type domain.Geltoki is not enhanced.

[2025-05-16 10:23:33 #9 type] 
Type domain.Traveller is not enhanced.

[2025-05-16 10:23:33 #10 type] 
Type domain.Erreklamazioa is not enhanced.

[2025-05-16 10:23:33 #11 type] 
Type domain.Mezua is not enhanced.

[2025-05-16 10:23:33 #12 type] 
Type domain.Alerta is not enhanced.

[2025-05-16 10:23:33 #13 type] 
Type domain.Admin is not enhanced.

------------------------------------------------------------------------------------------------------------------------

[2025-05-16 10:25:47 #1 store] 
Database 'C:\Users\Usuario-Pc\OneDrive\Escritorio\Urtzi Universidad\workspace\SI\Rides24Geltokiekin\src\main\resources\rides.temp' has been recovered (tr. 49-49)

[2025-05-16 10:25:47 #2 store] 
Database 'C:\Users\Usuario-Pc\OneDrive\Escritorio\Urtzi Universidad\workspace\SI\Rides24Geltokiekin\src\main\resources\rides.temp' is opened by 18372@DESKTOP-EH9B0CP

[2025-05-16 10:25:47 #3 type] 
Type domain.Ride is not enhanced.

[2025-05-16 10:25:47 #4 type] 
Type domain.RideRequest is not enhanced.

[2025-05-16 10:25:47 #5 type] 
Type domain.Profile is not enhanced.

[2025-05-16 10:25:47 #6 type] 
Type domain.Driver is not enhanced.

[2025-05-16 10:25:47 #7 type] 
Type domain.Kotxe is not enhanced.

[2025-05-16 10:25:47 #8 type] 
Type domain.Geltoki is not enhanced.

[2025-05-16 10:25:47 #9 type] 
Type domain.Traveller is not enhanced.

[2025-05-16 10:25:47 #10 type] 
Type domain.Erreklamazioa is not enhanced.

[2025-05-16 10:25:47 #11 type] 
Type domain.Mezua is not enhanced.

[2025-05-16 10:25:47 #12 type] 
Type domain.Alerta is not enhanced.

[2025-05-16 10:25:47 #13 type] 
Type domain.Admin is not enhanced.

------------------------------------------------------------------------------------------------------------------------

[2025-05-16 10:26:25 #1 store] 
Database 'C:\Users\Usuario-Pc\OneDrive\Escritorio\Urtzi Universidad\workspace\SI\Rides24Geltokiekin\src\main\resources\rides.temp' is opened by 15848@DESKTOP-EH9B0CP

[2025-05-16 10:26:25 #2 type] 
Type domain.Ride is not enhanced.

[2025-05-16 10:26:25 #3 type] 
Type domain.RideRequest is not enhanced.

[2025-05-16 10:26:25 #4 type] 
Type domain.Profile is not enhanced.

[2025-05-16 10:26:25 #5 type] 
Type domain.Driver is not enhanced.

[2025-05-16 10:26:25 #6 type] 
Type domain.Kotxe is not enhanced.

[2025-05-16 10:26:25 #7 type] 
Type domain.Geltoki is not enhanced.

[2025-05-16 10:26:25 #8 type] 
Type domain.Traveller is not enhanced.

[2025-05-16 10:26:25 #9 type] 
Type domain.Erreklamazioa is not enhanced.

[2025-05-16 10:26:25 #10 type] 
Type domain.Mezua is not enhanced.

[2025-05-16 10:26:25 #11 type] 
Type domain.Alerta is not enhanced.

[2025-05-16 10:26:25 #12 type] 
Type domain.Admin is not enhanced.

------------------------------------------------------------------------------------------------------------------------

[2025-05-16 10:30:06 #1 store] 
Database 'C:\Users\Usuario-Pc\OneDrive\Escritorio\Urtzi Universidad\workspace\SI\Rides24Geltokiekin\src\main\resources\rides.temp' is opened by 5464@DESKTOP-EH9B0CP

[2025-05-16 10:30:07 #2 type] 
Type domain.Ride is not enhanced.

[2025-05-16 10:30:07 #3 type] 
Type domain.RideRequest is not enhanced.

[2025-05-16 10:30:07 #4 type] 
Type domain.Profile is not enhanced.

[2025-05-16 10:30:07 #5 type] 
Type domain.Driver is not enhanced.

[2025-05-16 10:30:07 #6 type] 
Type domain.Kotxe is not enhanced.

[2025-05-16 10:30:07 #7 type] 
Type domain.Geltoki is not enhanced.

[2025-05-16 10:30:07 #8 type] 
Type domain.Traveller is not enhanced.

[2025-05-16 10:30:07 #9 type] 
Type domain.Erreklamazioa is not enhanced.

[2025-05-16 10:30:07 #10 type] 
Type domain.Mezua is not enhanced.

[2025-05-16 10:30:07 #11 type] 
Type domain.Alerta is not enhanced.

[2025-05-16 10:30:07 #12 type] 
Type domain.Admin is not enhanced.

------------------------------------------------------------------------------------------------------------------------

[2025-05-16 10:31:15 #1 store] 
Database 'C:\Users\Usuario-Pc\OneDrive\Escritorio\Urtzi Universidad\workspace\SI\Rides24Geltokiekin\src\main\resources\rides.temp' has been recovered (tr. 50-50)

[2025-05-16 10:31:15 #2 store] 
Database 'C:\Users\Usuario-Pc\OneDrive\Escritorio\Urtzi Universidad\workspace\SI\Rides24Geltokiekin\src\main\resources\rides.temp' is opened by 20176@DESKTOP-EH9B0CP

[2025-05-16 10:31:15 #3 type] 
Type domain.Ride is not enhanced.

[2025-05-16 10:31:15 #4 type] 
Type domain.RideRequest is not enhanced.

[2025-05-16 10:31:15 #5 type] 
Type domain.Profile is not enhanced.

[2025-05-16 10:31:15 #6 type] 
Type domain.Driver is not enhanced.

[2025-05-16 10:31:15 #7 type] 
Type domain.Kotxe is not enhanced.

[2025-05-16 10:31:15 #8 type] 
Type domain.Geltoki is not enhanced.

[2025-05-16 10:31:15 #9 type] 
Type domain.Traveller is not enhanced.

[2025-05-16 10:31:15 #10 type] 
Type domain.Erreklamazioa is not enhanced.

[2025-05-16 10:31:15 #11 type] 
Type domain.Mezua is not enhanced.

[2025-05-16 10:31:15 #12 type] 
Type domain.Alerta is not enhanced.

[2025-05-16 10:31:15 #13 type] 
Type domain.Admin is not enhanced.

------------------------------------------------------------------------------------------------------------------------

[2025-05-16 10:33:05 #1 store] 
Database 'C:\Users\Usuario-Pc\OneDrive\Escritorio\Urtzi Universidad\workspace\SI\Rides24Geltokiekin\src\main\resources\rides.temp' is opened by 11876@DESKTOP-EH9B0CP

[2025-05-16 10:33:05 #2 type.registry] 
New type domain.Ride

[2025-05-16 10:33:05 #3 type] 
Type domain.Ride is not enhanced.

[2025-05-16 10:33:05 #4 type.registry] 
New type domain.RideRequest

[2025-05-16 10:33:05 #5 type.registry] 
New type domain.Profile

[2025-05-16 10:33:05 #6 type.registry] 
New type domain.Driver

[2025-05-16 10:33:05 #7 type.registry] 
New type domain.EgoeraRide

[2025-05-16 10:33:05 #8 type.registry] 
New type domain.Kotxe

[2025-05-16 10:33:05 #9 type.registry] 
New type domain.Geltoki

[2025-05-16 10:33:05 #10 type] 
Type domain.RideRequest is not enhanced.

[2025-05-16 10:33:05 #11 type.registry] 
New type domain.Traveller

[2025-05-16 10:33:05 #12 type.registry] 
New type domain.EgoeraRideRequest

[2025-05-16 10:33:05 #13 type] 
Type domain.Profile is not enhanced.

[2025-05-16 10:33:05 #14 type.registry] 
New type domain.Erreklamazioa

[2025-05-16 10:33:05 #15 type.registry] 
New type domain.Mezua

[2025-05-16 10:33:05 #16 type] 
Type domain.Driver is not enhanced.

[2025-05-16 10:33:05 #17 type] 
Type domain.Kotxe is not enhanced.

[2025-05-16 10:33:05 #18 type] 
Type domain.Geltoki is not enhanced.

[2025-05-16 10:33:05 #19 type] 
Type domain.Traveller is not enhanced.

[2025-05-16 10:33:05 #20 type.registry] 
New type domain.Alerta

[2025-05-16 10:33:05 #21 type] 
Type domain.Erreklamazioa is not enhanced.

[2025-05-16 10:33:05 #22 type.registry] 
New type domain.EgoeraErreklamazioa

[2025-05-16 10:33:05 #23 type] 
Type domain.Mezua is not enhanced.

[2025-05-16 10:33:05 #24 type] 
Type domain.Alerta is not enhanced.

[2025-05-16 10:33:37 #25 type.registry] 
New type java.util.ArrayList<java.lang.Object>

[2025-05-16 10:33:37 #26 type.registry] 
New type java.util.Vector<java.lang.Object>

[2025-05-16 10:33:37 #27 type.registry] 
New type java.util.ArrayList<java.lang.Integer>

[2025-05-16 10:33:37 #28 type.registry] 
New type java.util.ArrayList<domain.Mezua>

[2025-05-16 10:33:37 #29 type.registry] 
New type java.util.Vector<domain.Erreklamazioa>

[2025-05-16 10:33:37 #30 type.registry] 
New type java.util.Vector<domain.Ride>

[2025-05-16 10:33:37 #31 type.registry] 
New type java.util.Vector<domain.Kotxe>

[2025-05-16 10:34:18 #32 type.registry] 
New type domain.Admin

[2025-05-16 10:34:18 #33 type] 
Type domain.Admin is not enhanced.

------------------------------------------------------------------------------------------------------------------------

[2025-05-16 10:34:48 #1 store] 
Database 'C:\Users\Usuario-Pc\OneDrive\Escritorio\Urtzi Universidad\workspace\SI\Rides24Geltokiekin\src\main\resources\rides.temp' has been recovered (tr. 1-14)

[2025-05-16 10:34:48 #2 store] 
Database 'C:\Users\Usuario-Pc\OneDrive\Escritorio\Urtzi Universidad\workspace\SI\Rides24Geltokiekin\src\main\resources\rides.temp' is opened by 13068@DESKTOP-EH9B0CP

[2025-05-16 10:34:48 #3 type] 
Type domain.Ride is not enhanced.

[2025-05-16 10:34:48 #4 type] 
Type domain.RideRequest is not enhanced.

[2025-05-16 10:34:48 #5 type] 
Type domain.Profile is not enhanced.

[2025-05-16 10:34:48 #6 type] 
Type domain.Driver is not enhanced.

[2025-05-16 10:34:48 #7 type] 
Type domain.Kotxe is not enhanced.

[2025-05-16 10:34:48 #8 type] 
Type domain.Geltoki is not enhanced.

[2025-05-16 10:34:48 #9 type] 
Type domain.Traveller is not enhanced.

[2025-05-16 10:34:48 #10 type] 
Type domain.Erreklamazioa is not enhanced.

[2025-05-16 10:34:48 #11 type] 
Type domain.Mezua is not enhanced.

[2025-05-16 10:34:48 #12 type] 
Type domain.Alerta is not enhanced.

[2025-05-16 10:34:48 #13 type] 
Type domain.Admin is not enhanced.

------------------------------------------------------------------------------------------------------------------------

[2025-05-16 10:35:00 #1 store] 
Database 'C:\Users\Usuario-Pc\OneDrive\Escritorio\Urtzi Universidad\workspace\SI\Rides24Geltokiekin\src\main\resources\rides.temp' is opened by 200@DESKTOP-EH9B0CP

[2025-05-16 10:35:00 #2 type] 
Type domain.Ride is not enhanced.

[2025-05-16 10:35:00 #3 type] 
Type domain.RideRequest is not enhanced.

[2025-05-16 10:35:00 #4 type] 
Type domain.Profile is not enhanced.

[2025-05-16 10:35:00 #5 type] 
Type domain.Driver is not enhanced.

[2025-05-16 10:35:00 #6 type] 
Type domain.Kotxe is not enhanced.

[2025-05-16 10:35:00 #7 type] 
Type domain.Geltoki is not enhanced.

[2025-05-16 10:35:00 #8 type] 
Type domain.Traveller is not enhanced.

[2025-05-16 10:35:00 #9 type] 
Type domain.Erreklamazioa is not enhanced.

[2025-05-16 10:35:00 #10 type] 
Type domain.Mezua is not enhanced.

[2025-05-16 10:35:00 #11 type] 
Type domain.Alerta is not enhanced.

[2025-05-16 10:35:00 #12 type] 
Type domain.Admin is not enhanced.

[2025-05-16 10:35:19 #13 type.registry] 
New type java.util.LinkedList<java.lang.Object>

[2025-05-16 10:35:19 #14 type.registry] 
New type java.util.LinkedList<domain.Geltoki>

[2025-05-16 10:35:19 #15 type.registry] 
New type java.util.ArrayList<domain.RideRequest>

[2025-05-16 10:35:46 #16 type.registry] 
New type java.util.LinkedList<domain.Alerta>

------------------------------------------------------------------------------------------------------------------------

[2025-05-16 10:36:29 #1 store] 
Database 'C:\Users\Usuario-Pc\OneDrive\Escritorio\Urtzi Universidad\workspace\SI\Rides24Geltokiekin\src\main\resources\rides.temp' has been recovered (tr. 15-33)

[2025-05-16 10:36:29 #2 store] 
Database 'C:\Users\Usuario-Pc\OneDrive\Escritorio\Urtzi Universidad\workspace\SI\Rides24Geltokiekin\src\main\resources\rides.temp' is opened by 21884@DESKTOP-EH9B0CP

[2025-05-16 10:36:29 #3 type] 
Type domain.Ride is not enhanced.

[2025-05-16 10:36:29 #4 type] 
Type domain.RideRequest is not enhanced.

[2025-05-16 10:36:29 #5 type] 
Type domain.Profile is not enhanced.

[2025-05-16 10:36:29 #6 type] 
Type domain.Driver is not enhanced.

[2025-05-16 10:36:29 #7 type] 
Type domain.Kotxe is not enhanced.

[2025-05-16 10:36:29 #8 type] 
Type domain.Geltoki is not enhanced.

[2025-05-16 10:36:29 #9 type] 
Type domain.Traveller is not enhanced.

[2025-05-16 10:36:29 #10 type] 
Type domain.Erreklamazioa is not enhanced.

[2025-05-16 10:36:29 #11 type] 
Type domain.Mezua is not enhanced.

[2025-05-16 10:36:29 #12 type] 
Type domain.Alerta is not enhanced.

[2025-05-16 10:36:29 #13 type] 
Type domain.Admin is not enhanced.

------------------------------------------------------------------------------------------------------------------------

[2025-05-16 10:38:34 #1 store] 
Database 'C:\Users\Usuario-Pc\OneDrive\Escritorio\Urtzi Universidad\workspace\SI\Rides24Geltokiekin\src\main\resources\rides.temp' has been recovered (tr. 34-47)

[2025-05-16 10:38:34 #2 store] 
Database 'C:\Users\Usuario-Pc\OneDrive\Escritorio\Urtzi Universidad\workspace\SI\Rides24Geltokiekin\src\main\resources\rides.temp' is opened by 17684@DESKTOP-EH9B0CP

[2025-05-16 10:38:34 #3 type] 
Type domain.Ride is not enhanced.

[2025-05-16 10:38:34 #4 type] 
Type domain.RideRequest is not enhanced.

[2025-05-16 10:38:34 #5 type] 
Type domain.Profile is not enhanced.

[2025-05-16 10:38:34 #6 type] 
Type domain.Driver is not enhanced.

[2025-05-16 10:38:34 #7 type] 
Type domain.Kotxe is not enhanced.

[2025-05-16 10:38:34 #8 type] 
Type domain.Geltoki is not enhanced.

[2025-05-16 10:38:34 #9 type] 
Type domain.Traveller is not enhanced.

[2025-05-16 10:38:34 #10 type] 
Type domain.Erreklamazioa is not enhanced.

[2025-05-16 10:38:34 #11 type] 
Type domain.Mezua is not enhanced.

[2025-05-16 10:38:34 #12 type] 
Type domain.Alerta is not enhanced.

[2025-05-16 10:38:34 #13 type] 
Type domain.Admin is not enhanced.

------------------------------------------------------------------------------------------------------------------------

[2025-05-16 10:43:16 #1 store] 
Database 'C:\Users\Usuario-Pc\OneDrive\Escritorio\Urtzi Universidad\workspace\SI\Rides24Geltokiekin\src\main\resources\rides.temp' is opened by 12128@DESKTOP-EH9B0CP

[2025-05-16 10:43:31 #2 type.registry] 
New type domain.Profile

[2025-05-16 10:43:31 #3 type] 
Type domain.Profile is not enhanced.

[2025-05-16 10:43:31 #4 type.registry] 
New type domain.Erreklamazioa

[2025-05-16 10:43:32 #5 type.registry] 
New type domain.Mezua

[2025-05-16 10:43:32 #6 type] 
Type domain.Erreklamazioa is not enhanced.

[2025-05-16 10:43:32 #7 type.registry] 
New type domain.Ride

[2025-05-16 10:43:32 #8 type.registry] 
New type domain.RideRequest

[2025-05-16 10:43:32 #9 type.registry] 
New type domain.EgoeraErreklamazioa

[2025-05-16 10:43:32 #10 type] 
Type domain.Mezua is not enhanced.

[2025-05-16 10:43:32 #11 type.registry] 
New type domain.Alerta

[2025-05-16 10:43:32 #12 type] 
Type domain.Ride is not enhanced.

[2025-05-16 10:43:32 #13 type.registry] 
New type domain.Driver

[2025-05-16 10:43:32 #14 type.registry] 
New type domain.EgoeraRide

[2025-05-16 10:43:32 #15 type.registry] 
New type domain.Kotxe

[2025-05-16 10:43:32 #16 type.registry] 
New type domain.Geltoki

[2025-05-16 10:43:32 #17 type] 
Type domain.RideRequest is not enhanced.

[2025-05-16 10:43:32 #18 type.registry] 
New type domain.Traveller

[2025-05-16 10:43:32 #19 type.registry] 
New type domain.EgoeraRideRequest

[2025-05-16 10:43:32 #20 type] 
Type domain.Alerta is not enhanced.

[2025-05-16 10:43:32 #21 type] 
Type domain.Driver is not enhanced.

[2025-05-16 10:43:32 #22 type] 
Type domain.Kotxe is not enhanced.

[2025-05-16 10:43:32 #23 type] 
Type domain.Geltoki is not enhanced.

[2025-05-16 10:43:32 #24 type] 
Type domain.Traveller is not enhanced.

[2025-05-16 10:43:32 #25 type.registry] 
New type java.util.ArrayList<java.lang.Object>

[2025-05-16 10:43:32 #26 type.registry] 
New type java.util.Vector<java.lang.Object>

[2025-05-16 10:43:32 #27 type.registry] 
New type java.util.LinkedList<java.lang.Object>

[2025-05-16 10:43:32 #28 type.registry] 
New type java.util.ArrayList<java.lang.Integer>

[2025-05-16 10:43:32 #29 type.registry] 
New type java.util.ArrayList<domain.Mezua>

[2025-05-16 10:43:32 #30 type.registry] 
New type java.util.Vector<domain.Erreklamazioa>

[2025-05-16 10:43:32 #31 type.registry] 
New type java.util.ArrayList<domain.RideRequest>

[2025-05-16 10:43:32 #32 type.registry] 
New type java.util.LinkedList<domain.Alerta>

[2025-05-16 10:43:55 #33 type.registry] 
New type java.util.Vector<domain.Ride>

[2025-05-16 10:43:55 #34 type.registry] 
New type java.util.Vector<domain.Kotxe>

[2025-05-16 10:44:18 #35 type.registry] 
New type java.util.LinkedList<domain.Geltoki>

------------------------------------------------------------------------------------------------------------------------

[2025-05-16 10:45:01 #1 store] 
Database 'C:\Users\Usuario-Pc\OneDrive\Escritorio\Urtzi Universidad\workspace\SI\Rides24Geltokiekin\src\main\resources\rides.temp' has been recovered (tr. 1-27)

[2025-05-16 10:45:01 #2 store] 
Database 'C:\Users\Usuario-Pc\OneDrive\Escritorio\Urtzi Universidad\workspace\SI\Rides24Geltokiekin\src\main\resources\rides.temp' is opened by 3172@DESKTOP-EH9B0CP

[2025-05-16 10:45:01 #3 type] 
Type domain.Profile is not enhanced.

[2025-05-16 10:45:01 #4 type] 
Type domain.Erreklamazioa is not enhanced.

[2025-05-16 10:45:01 #5 type] 
Type domain.Mezua is not enhanced.

[2025-05-16 10:45:01 #6 type] 
Type domain.Ride is not enhanced.

[2025-05-16 10:45:01 #7 type] 
Type domain.RideRequest is not enhanced.

[2025-05-16 10:45:01 #8 type] 
Type domain.Alerta is not enhanced.

[2025-05-16 10:45:01 #9 type] 
Type domain.Driver is not enhanced.

[2025-05-16 10:45:01 #10 type] 
Type domain.Kotxe is not enhanced.

[2025-05-16 10:45:01 #11 type] 
Type domain.Geltoki is not enhanced.

[2025-05-16 10:45:01 #12 type] 
Type domain.Traveller is not enhanced.

------------------------------------------------------------------------------------------------------------------------

[2025-05-16 10:45:15 #1 store] 
Database 'C:\Users\Usuario-Pc\OneDrive\Escritorio\Urtzi Universidad\workspace\SI\Rides24Geltokiekin\src\main\resources\rides.temp' has been recovered (tr. 28-28)

[2025-05-16 10:45:15 #2 store] 
Database 'C:\Users\Usuario-Pc\OneDrive\Escritorio\Urtzi Universidad\workspace\SI\Rides24Geltokiekin\src\main\resources\rides.temp' is opened by 4548@DESKTOP-EH9B0CP

[2025-05-16 10:45:15 #3 type] 
Type domain.Profile is not enhanced.

[2025-05-16 10:45:15 #4 type] 
Type domain.Erreklamazioa is not enhanced.

[2025-05-16 10:45:15 #5 type] 
Type domain.Mezua is not enhanced.

[2025-05-16 10:45:15 #6 type] 
Type domain.Ride is not enhanced.

[2025-05-16 10:45:15 #7 type] 
Type domain.RideRequest is not enhanced.

[2025-05-16 10:45:15 #8 type] 
Type domain.Alerta is not enhanced.

[2025-05-16 10:45:15 #9 type] 
Type domain.Driver is not enhanced.

[2025-05-16 10:45:15 #10 type] 
Type domain.Kotxe is not enhanced.

[2025-05-16 10:45:15 #11 type] 
Type domain.Geltoki is not enhanced.

[2025-05-16 10:45:15 #12 type] 
Type domain.Traveller is not enhanced.

[2025-05-16 10:45:24 #13 type.registry] 
New type domain.Admin

[2025-05-16 10:45:24 #14 type] 
Type domain.Admin is not enhanced.

------------------------------------------------------------------------------------------------------------------------

[2025-05-16 10:47:47 #1 store] 
Database 'C:\Users\Usuario-Pc\OneDrive\Escritorio\Urtzi Universidad\workspace\SI\Rides24Geltokiekin\src\main\resources\rides.temp' has been recovered (tr. 29-37)

[2025-05-16 10:47:47 #2 store] 
Database 'C:\Users\Usuario-Pc\OneDrive\Escritorio\Urtzi Universidad\workspace\SI\Rides24Geltokiekin\src\main\resources\rides.temp' is opened by 19120@DESKTOP-EH9B0CP

[2025-05-16 10:47:47 #3 type] 
Type domain.Profile is not enhanced.

[2025-05-16 10:47:47 #4 type] 
Type domain.Erreklamazioa is not enhanced.

[2025-05-16 10:47:47 #5 type] 
Type domain.Mezua is not enhanced.

[2025-05-16 10:47:47 #6 type] 
Type domain.Ride is not enhanced.

[2025-05-16 10:47:47 #7 type] 
Type domain.RideRequest is not enhanced.

[2025-05-16 10:47:47 #8 type] 
Type domain.Alerta is not enhanced.

[2025-05-16 10:47:47 #9 type] 
Type domain.Driver is not enhanced.

[2025-05-16 10:47:47 #10 type] 
Type domain.Kotxe is not enhanced.

[2025-05-16 10:47:47 #11 type] 
Type domain.Geltoki is not enhanced.

[2025-05-16 10:47:47 #12 type] 
Type domain.Traveller is not enhanced.

[2025-05-16 10:47:47 #13 type] 
Type domain.Admin is not enhanced.

------------------------------------------------------------------------------------------------------------------------

[2025-05-16 10:59:47 #1 store] 
Database 'C:\Users\Usuario-Pc\OneDrive\Escritorio\Urtzi Universidad\workspace\SI\Rides24Geltokiekin\src\main\resources\rides.temp' has been recovered (tr. 38-41)

[2025-05-16 10:59:48 #2 store] 
Database 'C:\Users\Usuario-Pc\OneDrive\Escritorio\Urtzi Universidad\workspace\SI\Rides24Geltokiekin\src\main\resources\rides.temp' is opened by 18244@DESKTOP-EH9B0CP

[2025-05-16 10:59:48 #3 type] 
Type domain.Profile is not enhanced.

[2025-05-16 10:59:48 #4 type] 
Type domain.Erreklamazioa is not enhanced.

[2025-05-16 10:59:48 #5 type] 
Type domain.Mezua is not enhanced.

[2025-05-16 10:59:48 #6 type] 
Type domain.Ride is not enhanced.

[2025-05-16 10:59:48 #7 type] 
Type domain.RideRequest is not enhanced.

[2025-05-16 10:59:48 #8 type] 
Type domain.Alerta is not enhanced.

[2025-05-16 10:59:48 #9 type] 
Type domain.Driver is not enhanced.

[2025-05-16 10:59:48 #10 type] 
Type domain.Kotxe is not enhanced.

[2025-05-16 10:59:48 #11 type] 
Type domain.Geltoki is not enhanced.

[2025-05-16 10:59:48 #12 type] 
Type domain.Traveller is not enhanced.

[2025-05-16 10:59:48 #13 type] 
Type domain.Admin is not enhanced.

------------------------------------------------------------------------------------------------------------------------

[2025-05-16 11:00:24 #1 store] 
Database 'C:\Users\Usuario-Pc\OneDrive\Escritorio\Urtzi Universidad\workspace\SI\Rides24Geltokiekin\src\main\resources\rides.temp' is opened by 808@DESKTOP-EH9B0CP

[2025-05-16 11:00:24 #2 type] 
Type domain.Profile is not enhanced.

[2025-05-16 11:00:24 #3 type] 
Type domain.Erreklamazioa is not enhanced.

[2025-05-16 11:00:24 #4 type] 
Type domain.Mezua is not enhanced.

[2025-05-16 11:00:24 #5 type] 
Type domain.Ride is not enhanced.

[2025-05-16 11:00:24 #6 type] 
Type domain.RideRequest is not enhanced.

[2025-05-16 11:00:24 #7 type] 
Type domain.Alerta is not enhanced.

[2025-05-16 11:00:24 #8 type] 
Type domain.Driver is not enhanced.

[2025-05-16 11:00:24 #9 type] 
Type domain.Kotxe is not enhanced.

[2025-05-16 11:00:24 #10 type] 
Type domain.Geltoki is not enhanced.

[2025-05-16 11:00:24 #11 type] 
Type domain.Traveller is not enhanced.

[2025-05-16 11:00:24 #12 type] 
Type domain.Admin is not enhanced.

------------------------------------------------------------------------------------------------------------------------

[2025-05-16 11:02:25 #1 store] 
Database 'C:\Users\Usuario-Pc\OneDrive\Escritorio\Urtzi Universidad\workspace\SI\Rides24Geltokiekin\src\main\resources\rides.temp' is opened by 13548@DESKTOP-EH9B0CP

[2025-05-16 11:02:25 #2 type] 
Type domain.Profile is not enhanced.

[2025-05-16 11:02:25 #3 type] 
Type domain.Erreklamazioa is not enhanced.

[2025-05-16 11:02:25 #4 type] 
Type domain.Mezua is not enhanced.

[2025-05-16 11:02:25 #5 type] 
Type domain.Ride is not enhanced.

[2025-05-16 11:02:25 #6 type] 
Type domain.RideRequest is not enhanced.

[2025-05-16 11:02:25 #7 type] 
Type domain.Alerta is not enhanced.

[2025-05-16 11:02:25 #8 type] 
Type domain.Driver is not enhanced.

[2025-05-16 11:02:25 #9 type] 
Type domain.Kotxe is not enhanced.

[2025-05-16 11:02:25 #10 type] 
Type domain.Geltoki is not enhanced.

[2025-05-16 11:02:25 #11 type] 
Type domain.Traveller is not enhanced.

[2025-05-16 11:02:25 #12 type] 
Type domain.Admin is not enhanced.

------------------------------------------------------------------------------------------------------------------------

[2025-05-16 11:18:12 #1 store] 
Database 'C:\Users\Usuario-Pc\OneDrive\Escritorio\Urtzi Universidad\workspace\SI\Rides24Geltokiekin\src\main\resources\rides.temp' has been recovered (tr. 42-43)

[2025-05-16 11:18:12 #2 store] 
Database 'C:\Users\Usuario-Pc\OneDrive\Escritorio\Urtzi Universidad\workspace\SI\Rides24Geltokiekin\src\main\resources\rides.temp' is opened by 5644@DESKTOP-EH9B0CP

[2025-05-16 11:18:12 #3 type] 
Type domain.Profile is not enhanced.

[2025-05-16 11:18:12 #4 type] 
Type domain.Erreklamazioa is not enhanced.

[2025-05-16 11:18:12 #5 type] 
Type domain.Mezua is not enhanced.

[2025-05-16 11:18:12 #6 type] 
Type domain.Ride is not enhanced.

[2025-05-16 11:18:12 #7 type] 
Type domain.RideRequest is not enhanced.

[2025-05-16 11:18:12 #8 type] 
Type domain.Alerta is not enhanced.

[2025-05-16 11:18:12 #9 type] 
Type domain.Driver is not enhanced.

[2025-05-16 11:18:12 #10 type] 
Type domain.Kotxe is not enhanced.

[2025-05-16 11:18:12 #11 type] 
Type domain.Geltoki is not enhanced.

[2025-05-16 11:18:12 #12 type] 
Type domain.Traveller is not enhanced.

[2025-05-16 11:18:12 #13 type] 
Type domain.Admin is not enhanced.

------------------------------------------------------------------------------------------------------------------------

[2025-05-16 11:28:35 #1 store] 
Database 'C:\Users\Usuario-Pc\OneDrive\Escritorio\Urtzi Universidad\workspace\SI\Rides24Geltokiekin\src\main\resources\rides.temp' is opened by 10988@DESKTOP-EH9B0CP

[2025-05-16 11:28:36 #2 type] 
Type domain.Profile is not enhanced.

[2025-05-16 11:28:36 #3 type] 
Type domain.Erreklamazioa is not enhanced.

[2025-05-16 11:28:36 #4 type] 
Type domain.Mezua is not enhanced.

[2025-05-16 11:28:36 #5 type] 
Type domain.Ride is not enhanced.

[2025-05-16 11:28:36 #6 type] 
Type domain.RideRequest is not enhanced.

[2025-05-16 11:28:36 #7 type] 
Type domain.Alerta is not enhanced.

[2025-05-16 11:28:36 #8 type] 
Type domain.Driver is not enhanced.

[2025-05-16 11:28:36 #9 type] 
Type domain.Kotxe is not enhanced.

[2025-05-16 11:28:36 #10 type] 
Type domain.Geltoki is not enhanced.

[2025-05-16 11:28:36 #11 type] 
Type domain.Traveller is not enhanced.

[2025-05-16 11:28:36 #12 type] 
Type domain.Admin is not enhanced.

