------------------------------------------------------------------------------------------------------------------------

[2025-02-22 15:18:27 #1 store] 
Database 'C:\Users\Eka\eclipse-workspace\Rides24\src\main\resources\rides.temp' has been recovered (tr. 35-38)

[2025-02-22 15:18:27 #2 store] 
Database 'C:\Users\Eka\eclipse-workspace\Rides24\src\main\resources\rides.temp' is opened by 13836@WIN-A9PA3U5LOA9

[2025-02-22 15:18:27 #3 type] 
Type domain.Profile is not enhanced.

[2025-02-22 15:18:27 #4 type] 
Type domain.Driver is not enhanced.

[2025-02-22 15:18:27 #5 type] 
Type domain.Ride is not enhanced.

[2025-02-22 15:18:27 #6 type] 
Type domain.RideRequest is not enhanced.

[2025-02-22 15:18:27 #7 type] 
Type domain.Traveller is not enhanced.

------------------------------------------------------------------------------------------------------------------------

[2025-02-22 15:21:20 #1 store] 
Database 'C:\Users\Eka\eclipse-workspace\Rides24\src\main\resources\rides.temp' is opened by 14092@WIN-A9PA3U5LOA9

[2025-02-22 15:21:20 #2 type] 
Type domain.Profile is not enhanced.

[2025-02-22 15:21:20 #3 type] 
Type domain.Driver is not enhanced.

[2025-02-22 15:21:20 #4 type] 
Type domain.Ride is not enhanced.

[2025-02-22 15:21:20 #5 type] 
Type domain.RideRequest is not enhanced.

[2025-02-22 15:21:20 #6 type] 
Type domain.Traveller is not enhanced.

------------------------------------------------------------------------------------------------------------------------

[2025-02-22 15:24:38 #1 store] 
Database 'C:\Users\Eka\eclipse-workspace\Rides24\src\main\resources\rides.temp' is opened by 13248@WIN-A9PA3U5LOA9

[2025-02-22 15:24:38 #2 type] 
Type domain.Profile is not enhanced.

[2025-02-22 15:24:38 #3 type] 
Type domain.Driver is not enhanced.

[2025-02-22 15:24:38 #4 type] 
Type domain.Ride is not enhanced.

[2025-02-22 15:24:38 #5 type] 
Type domain.RideRequest is not enhanced.

[2025-02-22 15:24:38 #6 type] 
Type domain.Traveller is not enhanced.

------------------------------------------------------------------------------------------------------------------------

[2025-02-22 15:27:20 #1 store] 
Database 'C:\Users\Eka\eclipse-workspace\Rides24\src\main\resources\rides.temp' is opened by 13420@WIN-A9PA3U5LOA9

[2025-02-22 15:27:21 #2 type] 
Type domain.Profile is not enhanced.

[2025-02-22 15:27:21 #3 type] 
Type domain.Driver is not enhanced.

[2025-02-22 15:27:21 #4 type] 
Type domain.Ride is not enhanced.

[2025-02-22 15:27:21 #5 type] 
Type domain.RideRequest is not enhanced.

[2025-02-22 15:27:23 #6 type] 
Type domain.Traveller is not enhanced.

------------------------------------------------------------------------------------------------------------------------

[2025-02-22 15:29:06 #1 store] 
Database 'C:\Users\Eka\eclipse-workspace\Rides24\src\main\resources\rides.temp' is opened by 10296@WIN-A9PA3U5LOA9

[2025-02-22 15:29:06 #2 type] 
Type domain.Profile is not enhanced.

[2025-02-22 15:29:06 #3 type] 
Type domain.Driver is not enhanced.

[2025-02-22 15:29:06 #4 type] 
Type domain.Ride is not enhanced.

[2025-02-22 15:29:06 #5 type] 
Type domain.RideRequest is not enhanced.

[2025-02-22 15:29:06 #6 type] 
Type domain.Traveller is not enhanced.

------------------------------------------------------------------------------------------------------------------------

[2025-02-22 15:36:40 #1 store] 
Database 'C:\Users\Eka\eclipse-workspace\Rides24\src\main\resources\rides.temp' is opened by 10172@WIN-A9PA3U5LOA9

[2025-02-22 15:36:41 #2 type] 
Type domain.Profile is not enhanced.

[2025-02-22 15:36:41 #3 type] 
Type domain.Driver is not enhanced.

[2025-02-22 15:36:41 #4 type] 
Type domain.Ride is not enhanced.

[2025-02-22 15:36:41 #5 type] 
Type domain.RideRequest is not enhanced.

[2025-02-22 15:36:41 #6 type] 
Type domain.Traveller is not enhanced.

------------------------------------------------------------------------------------------------------------------------

[2025-02-22 15:38:15 #1 store] 
Database 'C:\Users\Eka\eclipse-workspace\Rides24\src\main\resources\rides.temp' is opened by 10328@WIN-A9PA3U5LOA9

[2025-02-22 15:38:15 #2 type] 
Type domain.Profile is not enhanced.

[2025-02-22 15:38:15 #3 type] 
Type domain.Driver is not enhanced.

[2025-02-22 15:38:15 #4 type] 
Type domain.Ride is not enhanced.

[2025-02-22 15:38:15 #5 type] 
Type domain.RideRequest is not enhanced.

[2025-02-22 15:38:15 #6 type] 
Type domain.Traveller is not enhanced.

------------------------------------------------------------------------------------------------------------------------

[2025-02-22 15:48:02 #1 store] 
Database 'C:\Users\Eka\eclipse-workspace\Rides24\src\main\resources\rides.temp' is opened by 12608@WIN-A9PA3U5LOA9

[2025-02-22 15:48:02 #2 type] 
Type domain.Profile is not enhanced.

[2025-02-22 15:48:02 #3 type] 
Type domain.Driver is not enhanced.

[2025-02-22 15:48:02 #4 type] 
Type domain.Ride is not enhanced.

[2025-02-22 15:48:02 #5 type] 
Type domain.RideRequest is not enhanced.

[2025-02-22 15:48:02 #6 type] 
Type domain.Traveller is not enhanced.

------------------------------------------------------------------------------------------------------------------------

[2025-02-22 16:08:23 #1 store] 
Database 'C:\Users\Eka\eclipse-workspace\Rides24\src\main\resources\rides.temp' is opened by 9712@WIN-A9PA3U5LOA9

[2025-02-22 16:08:23 #2 type] 
Type domain.Profile is not enhanced.

[2025-02-22 16:08:23 #3 type] 
Type domain.Driver is not enhanced.

[2025-02-22 16:08:23 #4 type] 
Type domain.Ride is not enhanced.

[2025-02-22 16:08:23 #5 type] 
Type domain.RideRequest is not enhanced.

[2025-02-22 16:08:23 #6 type] 
Type domain.Traveller is not enhanced.

