------------------------------------------------------------------------------------------------------------------------

[2025-03-14 11:00:31 #1 store] 
Database 'C:\Users\Usuario-Pc\OneDrive\Escritorio\Urtzi Universidad\workspace\SI\Rides24\src\main\resources\rides.temp' is opened by 17696@DESKTOP-EH9B0CP

[2025-03-14 11:00:31 #2 type] 
Type domain.Profile is not enhanced.

[2025-03-14 11:00:31 #3 type] 
Type domain.Driver is not enhanced.

[2025-03-14 11:00:31 #4 type] 
Type domain.Kotxe is not enhanced.

[2025-03-14 11:00:31 #5 type] 
Type domain.Ride is not enhanced.

[2025-03-14 11:00:31 #6 type] 
Type domain.RideRequest is not enhanced.

[2025-03-14 11:00:31 #7 type] 
Type domain.Traveller is not enhanced.

------------------------------------------------------------------------------------------------------------------------

[2025-03-14 11:03:12 #1 store] 
Database 'C:\Users\Usuario-Pc\OneDrive\Escritorio\Urtzi Universidad\workspace\SI\Rides24\src\main\resources\rides.temp' has been recovered (tr. 11-11)

[2025-03-14 11:03:12 #2 store] 
Database 'C:\Users\Usuario-Pc\OneDrive\Escritorio\Urtzi Universidad\workspace\SI\Rides24\src\main\resources\rides.temp' is opened by 15024@DESKTOP-EH9B0CP

[2025-03-14 11:03:12 #3 type] 
Type domain.Profile is not enhanced.

[2025-03-14 11:03:12 #4 type] 
Type domain.Driver is not enhanced.

[2025-03-14 11:03:12 #5 type] 
Type domain.Kotxe is not enhanced.

[2025-03-14 11:03:12 #6 type] 
Type domain.Ride is not enhanced.

[2025-03-14 11:03:12 #7 type] 
Type domain.RideRequest is not enhanced.

[2025-03-14 11:03:12 #8 type] 
Type domain.Traveller is not enhanced.

------------------------------------------------------------------------------------------------------------------------

[2025-03-14 11:04:04 #1 store] 
Database 'C:\Users\Usuario-Pc\OneDrive\Escritorio\Urtzi Universidad\workspace\SI\Rides24\src\main\resources\rides.temp' is opened by 19624@DESKTOP-EH9B0CP

[2025-03-14 11:04:04 #2 type] 
Type domain.Profile is not enhanced.

[2025-03-14 11:04:04 #3 type] 
Type domain.Driver is not enhanced.

[2025-03-14 11:04:04 #4 type] 
Type domain.Kotxe is not enhanced.

[2025-03-14 11:04:04 #5 type] 
Type domain.Ride is not enhanced.

[2025-03-14 11:04:04 #6 type] 
Type domain.RideRequest is not enhanced.

[2025-03-14 11:04:04 #7 type] 
Type domain.Traveller is not enhanced.

------------------------------------------------------------------------------------------------------------------------

[2025-03-14 11:06:02 #1 store] 
Database 'C:\Users\Usuario-Pc\OneDrive\Escritorio\Urtzi Universidad\workspace\SI\Rides24\src\main\resources\rides.temp' is opened by 8400@DESKTOP-EH9B0CP

[2025-03-14 11:06:03 #2 type] 
Type domain.Profile is not enhanced.

[2025-03-14 11:06:03 #3 type] 
Type domain.Driver is not enhanced.

[2025-03-14 11:06:03 #4 type] 
Type domain.Kotxe is not enhanced.

[2025-03-14 11:06:03 #5 type] 
Type domain.Ride is not enhanced.

[2025-03-14 11:06:03 #6 type] 
Type domain.RideRequest is not enhanced.

[2025-03-14 11:06:03 #7 type] 
Type domain.Traveller is not enhanced.

[2025-03-14 11:06:51 #8 type.registry] 
New type java.util.ArrayList<java.lang.Object>

[2025-03-14 11:06:51 #9 type.registry] 
New type java.util.ArrayList<domain.RideRequest>

------------------------------------------------------------------------------------------------------------------------

[2025-03-14 11:22:59 #1 store] 
Database 'C:\Users\Usuario-Pc\OneDrive\Escritorio\Urtzi Universidad\workspace\SI\Rides24\src\main\resources\rides.temp' has been recovered (tr. 12-16)

[2025-03-14 11:22:59 #2 store] 
Database 'C:\Users\Usuario-Pc\OneDrive\Escritorio\Urtzi Universidad\workspace\SI\Rides24\src\main\resources\rides.temp' is opened by 14900@DESKTOP-EH9B0CP

[2025-03-14 11:22:59 #3 type] 
Type domain.Profile is not enhanced.

[2025-03-14 11:23:00 #4 type] 
Type domain.Driver is not enhanced.

[2025-03-14 11:23:00 #5 type] 
Type domain.Kotxe is not enhanced.

[2025-03-14 11:23:00 #6 type] 
Type domain.Ride is not enhanced.

[2025-03-14 11:23:00 #7 type] 
Type domain.RideRequest is not enhanced.

[2025-03-14 11:23:00 #8 type] 
Type domain.Traveller is not enhanced.

------------------------------------------------------------------------------------------------------------------------

[2025-03-14 11:24:10 #1 store] 
Database 'C:\Users\Usuario-Pc\OneDrive\Escritorio\Urtzi Universidad\workspace\SI\Rides24\src\main\resources\rides.temp' is opened by 17176@DESKTOP-EH9B0CP

[2025-03-14 11:24:10 #2 type] 
Type domain.Profile is not enhanced.

[2025-03-14 11:24:10 #3 type] 
Type domain.Driver is not enhanced.

[2025-03-14 11:24:10 #4 type] 
Type domain.Kotxe is not enhanced.

[2025-03-14 11:24:10 #5 type] 
Type domain.Ride is not enhanced.

[2025-03-14 11:24:10 #6 type] 
Type domain.RideRequest is not enhanced.

[2025-03-14 11:24:10 #7 type] 
Type domain.Traveller is not enhanced.

------------------------------------------------------------------------------------------------------------------------

[2025-03-14 11:24:22 #1 store] 
Database 'C:\Users\Usuario-Pc\OneDrive\Escritorio\Urtzi Universidad\workspace\SI\Rides24\src\main\resources\rides.temp' is opened by 14300@DESKTOP-EH9B0CP

[2025-03-14 11:24:22 #2 type] 
Type domain.Profile is not enhanced.

[2025-03-14 11:24:22 #3 type] 
Type domain.Driver is not enhanced.

[2025-03-14 11:24:22 #4 type] 
Type domain.Kotxe is not enhanced.

[2025-03-14 11:24:22 #5 type] 
Type domain.Ride is not enhanced.

[2025-03-14 11:24:22 #6 type] 
Type domain.RideRequest is not enhanced.

[2025-03-14 11:24:22 #7 type] 
Type domain.Traveller is not enhanced.

------------------------------------------------------------------------------------------------------------------------

[2025-03-14 11:25:46 #1 store] 
Database 'C:\Users\Usuario-Pc\OneDrive\Escritorio\Urtzi Universidad\workspace\SI\Rides24\src\main\resources\rides.temp' is opened by 9748@DESKTOP-EH9B0CP

[2025-03-14 11:25:46 #2 type] 
Type domain.Profile is not enhanced.

[2025-03-14 11:25:46 #3 type] 
Type domain.Driver is not enhanced.

[2025-03-14 11:25:46 #4 type] 
Type domain.Kotxe is not enhanced.

[2025-03-14 11:25:46 #5 type] 
Type domain.Ride is not enhanced.

[2025-03-14 11:25:46 #6 type] 
Type domain.RideRequest is not enhanced.

[2025-03-14 11:25:46 #7 type] 
Type domain.Traveller is not enhanced.

------------------------------------------------------------------------------------------------------------------------

[2025-03-14 11:26:25 #1 store] 
Database 'C:\Users\Usuario-Pc\OneDrive\Escritorio\Urtzi Universidad\workspace\SI\Rides24\src\main\resources\rides.temp' is opened by 11704@DESKTOP-EH9B0CP

[2025-03-14 11:26:25 #2 type] 
Type domain.Profile is not enhanced.

[2025-03-14 11:26:25 #3 type] 
Type domain.Driver is not enhanced.

[2025-03-14 11:26:25 #4 type] 
Type domain.Kotxe is not enhanced.

[2025-03-14 11:26:25 #5 type] 
Type domain.Ride is not enhanced.

[2025-03-14 11:26:25 #6 type] 
Type domain.RideRequest is not enhanced.

[2025-03-14 11:26:25 #7 type] 
Type domain.Traveller is not enhanced.

------------------------------------------------------------------------------------------------------------------------

[2025-03-14 11:34:00 #1 store] 
Database 'C:\Users\Usuario-Pc\OneDrive\Escritorio\Urtzi Universidad\workspace\SI\Rides24\src\main\resources\rides.temp' is opened by 11900@DESKTOP-EH9B0CP

[2025-03-14 11:34:00 #2 type] 
Type domain.Profile is not enhanced.

[2025-03-14 11:34:00 #3 type] 
Type domain.Driver is not enhanced.

[2025-03-14 11:34:00 #4 type] 
Type domain.Kotxe is not enhanced.

[2025-03-14 11:34:00 #5 type] 
Type domain.Ride is not enhanced.

[2025-03-14 11:34:00 #6 type] 
Type domain.RideRequest is not enhanced.

[2025-03-14 11:34:00 #7 type] 
Type domain.Traveller is not enhanced.

------------------------------------------------------------------------------------------------------------------------

[2025-03-14 11:34:42 #1 store] 
Database 'C:\Users\Usuario-Pc\OneDrive\Escritorio\Urtzi Universidad\workspace\SI\Rides24\src\main\resources\rides.temp' has been recovered (tr. 17-19)

[2025-03-14 11:34:42 #2 store] 
Database 'C:\Users\Usuario-Pc\OneDrive\Escritorio\Urtzi Universidad\workspace\SI\Rides24\src\main\resources\rides.temp' is opened by 15892@DESKTOP-EH9B0CP

[2025-03-14 11:34:43 #3 type] 
Type domain.Profile is not enhanced.

[2025-03-14 11:34:43 #4 type] 
Type domain.Driver is not enhanced.

[2025-03-14 11:34:43 #5 type] 
Type domain.Kotxe is not enhanced.

[2025-03-14 11:34:43 #6 type] 
Type domain.Ride is not enhanced.

[2025-03-14 11:34:43 #7 type] 
Type domain.RideRequest is not enhanced.

[2025-03-14 11:34:43 #8 type] 
Type domain.Traveller is not enhanced.

------------------------------------------------------------------------------------------------------------------------

[2025-03-14 11:36:45 #1 store] 
Database 'C:\Users\Usuario-Pc\OneDrive\Escritorio\Urtzi Universidad\workspace\SI\Rides24\src\main\resources\rides.temp' is opened by 15408@DESKTOP-EH9B0CP

[2025-03-14 11:36:45 #2 type] 
Type domain.Profile is not enhanced.

[2025-03-14 11:36:45 #3 type] 
Type domain.Driver is not enhanced.

[2025-03-14 11:36:45 #4 type] 
Type domain.Kotxe is not enhanced.

[2025-03-14 11:36:45 #5 type] 
Type domain.Ride is not enhanced.

[2025-03-14 11:36:45 #6 type] 
Type domain.RideRequest is not enhanced.

[2025-03-14 11:36:45 #7 type] 
Type domain.Traveller is not enhanced.

------------------------------------------------------------------------------------------------------------------------

[2025-03-14 11:38:07 #1 store] 
Database 'C:\Users\Usuario-Pc\OneDrive\Escritorio\Urtzi Universidad\workspace\SI\Rides24\src\main\resources\rides.temp' is opened by 9812@DESKTOP-EH9B0CP

[2025-03-14 11:38:07 #2 type] 
Type domain.Profile is not enhanced.

[2025-03-14 11:38:07 #3 type] 
Type domain.Driver is not enhanced.

[2025-03-14 11:38:07 #4 type] 
Type domain.Kotxe is not enhanced.

[2025-03-14 11:38:07 #5 type] 
Type domain.Ride is not enhanced.

[2025-03-14 11:38:07 #6 type] 
Type domain.RideRequest is not enhanced.

[2025-03-14 11:38:07 #7 type] 
Type domain.Traveller is not enhanced.

------------------------------------------------------------------------------------------------------------------------

[2025-03-14 11:40:14 #1 store] 
Database 'C:\Users\Usuario-Pc\OneDrive\Escritorio\Urtzi Universidad\workspace\SI\Rides24\src\main\resources\rides.temp' is opened by 8788@DESKTOP-EH9B0CP

[2025-03-14 11:40:14 #2 type] 
Type domain.Profile is not enhanced.

[2025-03-14 11:40:15 #3 type] 
Type domain.Driver is not enhanced.

[2025-03-14 11:40:15 #4 type] 
Type domain.Kotxe is not enhanced.

[2025-03-14 11:40:15 #5 type] 
Type domain.Ride is not enhanced.

[2025-03-14 11:40:15 #6 type] 
Type domain.RideRequest is not enhanced.

[2025-03-14 11:40:15 #7 type] 
Type domain.Traveller is not enhanced.

------------------------------------------------------------------------------------------------------------------------

[2025-03-14 11:41:26 #1 store] 
Database 'C:\Users\Usuario-Pc\OneDrive\Escritorio\Urtzi Universidad\workspace\SI\Rides24\src\main\resources\rides.temp' is opened by 13456@DESKTOP-EH9B0CP

[2025-03-14 11:41:26 #2 type] 
Type domain.Profile is not enhanced.

[2025-03-14 11:41:26 #3 type] 
Type domain.Driver is not enhanced.

[2025-03-14 11:41:26 #4 type] 
Type domain.Kotxe is not enhanced.

[2025-03-14 11:41:26 #5 type] 
Type domain.Ride is not enhanced.

[2025-03-14 11:41:26 #6 type] 
Type domain.RideRequest is not enhanced.

[2025-03-14 11:41:26 #7 type] 
Type domain.Traveller is not enhanced.

