------------------------------------------------------------------------------------------------------------------------

[2025-03-27 18:00:23 #1 store] 
Database 'C:\Users\ekait\eclipse-workspace\Rides24\src\main\resources\rides.temp' has been recovered (tr. 154-154)

[2025-03-27 18:00:24 #2 store] 
Database 'C:\Users\ekait\eclipse-workspace\Rides24\src\main\resources\rides.temp' is opened by 14272@LAPTOP-1CQB3TB3

[2025-03-27 18:00:24 #3 type] 
Type domain.Profile is not enhanced.

[2025-03-27 18:00:24 #4 type] 
Type domain.Driver is not enhanced.

[2025-03-27 18:00:24 #5 type] 
Type domain.Kotxe is not enhanced.

[2025-03-27 18:00:24 #6 type] 
Type domain.Ride is not enhanced.

[2025-03-27 18:00:24 #7 type] 
Type domain.RideRequest is not enhanced.

[2025-03-27 18:00:24 #8 type] 
Type domain.Traveller is not enhanced.

[2025-03-27 18:00:24 #9 type] 
Type domain.Mezua is not enhanced.

------------------------------------------------------------------------------------------------------------------------

[2025-03-27 18:04:34 #1 store] 
Database 'C:\Users\ekait\eclipse-workspace\Rides24\src\main\resources\rides.temp' has been recovered (tr. 155-182)

[2025-03-27 18:04:34 #2 store] 
Database 'C:\Users\ekait\eclipse-workspace\Rides24\src\main\resources\rides.temp' is opened by 7424@LAPTOP-1CQB3TB3

[2025-03-27 18:04:34 #3 type] 
Type domain.Profile is not enhanced.

[2025-03-27 18:04:34 #4 type] 
Type domain.Driver is not enhanced.

[2025-03-27 18:04:34 #5 type] 
Type domain.Kotxe is not enhanced.

[2025-03-27 18:04:34 #6 type] 
Type domain.Ride is not enhanced.

[2025-03-27 18:04:34 #7 type] 
Type domain.RideRequest is not enhanced.

[2025-03-27 18:04:34 #8 type] 
Type domain.Traveller is not enhanced.

[2025-03-27 18:04:34 #9 type] 
Type domain.Mezua is not enhanced.

------------------------------------------------------------------------------------------------------------------------

[2025-03-27 18:08:42 #1 store] 
Database 'C:\Users\ekait\eclipse-workspace\Rides24\src\main\resources\rides.temp' has been recovered (tr. 183-183)

[2025-03-27 18:08:42 #2 store] 
Database 'C:\Users\ekait\eclipse-workspace\Rides24\src\main\resources\rides.temp' is opened by 14416@LAPTOP-1CQB3TB3

[2025-03-27 18:08:42 #3 type] 
Type domain.Profile is not enhanced.

[2025-03-27 18:08:42 #4 type] 
Type domain.Driver is not enhanced.

[2025-03-27 18:08:42 #5 type] 
Type domain.Kotxe is not enhanced.

[2025-03-27 18:08:42 #6 type] 
Type domain.Ride is not enhanced.

[2025-03-27 18:08:42 #7 type] 
Type domain.RideRequest is not enhanced.

[2025-03-27 18:08:42 #8 type] 
Type domain.Traveller is not enhanced.

[2025-03-27 18:08:42 #9 type] 
Type domain.Mezua is not enhanced.

------------------------------------------------------------------------------------------------------------------------

[2025-03-27 18:09:56 #1 store] 
Database 'C:\Users\ekait\eclipse-workspace\Rides24\src\main\resources\rides.temp' has been recovered (tr. 184-184)

[2025-03-27 18:09:56 #2 store] 
Database 'C:\Users\ekait\eclipse-workspace\Rides24\src\main\resources\rides.temp' is opened by 2272@LAPTOP-1CQB3TB3

[2025-03-27 18:09:57 #3 type] 
Type domain.Profile is not enhanced.

[2025-03-27 18:09:57 #4 type] 
Type domain.Driver is not enhanced.

[2025-03-27 18:09:57 #5 type] 
Type domain.Kotxe is not enhanced.

[2025-03-27 18:09:57 #6 type] 
Type domain.Ride is not enhanced.

[2025-03-27 18:09:57 #7 type] 
Type domain.RideRequest is not enhanced.

[2025-03-27 18:09:57 #8 type] 
Type domain.Traveller is not enhanced.

[2025-03-27 18:09:57 #9 type] 
Type domain.Mezua is not enhanced.

------------------------------------------------------------------------------------------------------------------------

[2025-03-27 18:15:08 #1 store] 
Database 'C:\Users\ekait\eclipse-workspace\Rides24\src\main\resources\rides.temp' has been recovered (tr. 185-185)

[2025-03-27 18:15:08 #2 store] 
Database 'C:\Users\ekait\eclipse-workspace\Rides24\src\main\resources\rides.temp' is opened by 16200@LAPTOP-1CQB3TB3

[2025-03-27 18:15:08 #3 type] 
Type domain.Profile is not enhanced.

[2025-03-27 18:15:08 #4 type] 
Type domain.Driver is not enhanced.

[2025-03-27 18:15:08 #5 type] 
Type domain.Kotxe is not enhanced.

[2025-03-27 18:15:08 #6 type] 
Type domain.Ride is not enhanced.

[2025-03-27 18:15:08 #7 type] 
Type domain.RideRequest is not enhanced.

[2025-03-27 18:15:08 #8 type] 
Type domain.Traveller is not enhanced.

[2025-03-27 18:15:08 #9 type] 
Type domain.Mezua is not enhanced.

------------------------------------------------------------------------------------------------------------------------

[2025-03-27 18:15:44 #1 store] 
Database 'C:\Users\ekait\eclipse-workspace\Rides24\src\main\resources\rides.temp' is opened by 6736@LAPTOP-1CQB3TB3

[2025-03-27 18:15:44 #2 type] 
Type domain.Profile is not enhanced.

[2025-03-27 18:15:44 #3 type] 
Type domain.Driver is not enhanced.

[2025-03-27 18:15:44 #4 type] 
Type domain.Kotxe is not enhanced.

[2025-03-27 18:15:44 #5 type] 
Type domain.Ride is not enhanced.

[2025-03-27 18:15:44 #6 type] 
Type domain.RideRequest is not enhanced.

[2025-03-27 18:15:44 #7 type] 
Type domain.Traveller is not enhanced.

[2025-03-27 18:15:44 #8 type] 
Type domain.Mezua is not enhanced.

------------------------------------------------------------------------------------------------------------------------

[2025-03-27 18:30:37 #1 store] 
Database 'C:\Users\ekait\eclipse-workspace\Rides24\src\main\resources\rides.temp' is opened by 8772@LAPTOP-1CQB3TB3

[2025-03-27 18:30:37 #2 type] 
Type domain.Profile is not enhanced.

[2025-03-27 18:30:37 #3 type] 
Type domain.Driver is not enhanced.

[2025-03-27 18:30:37 #4 type] 
Type domain.Kotxe is not enhanced.

[2025-03-27 18:30:37 #5 type] 
Type domain.Ride is not enhanced.

[2025-03-27 18:30:37 #6 type] 
Type domain.RideRequest is not enhanced.

[2025-03-27 18:30:37 #7 type] 
Type domain.Traveller is not enhanced.

[2025-03-27 18:30:37 #8 type] 
Type domain.Mezua is not enhanced.

------------------------------------------------------------------------------------------------------------------------

[2025-03-27 18:31:30 #1 store] 
Database 'C:\Users\ekait\eclipse-workspace\Rides24\src\main\resources\rides.temp' has been recovered (tr. 186-190)

[2025-03-27 18:31:31 #2 store] 
Database 'C:\Users\ekait\eclipse-workspace\Rides24\src\main\resources\rides.temp' is opened by 11368@LAPTOP-1CQB3TB3

[2025-03-27 18:31:31 #3 type] 
Type domain.Profile is not enhanced.

[2025-03-27 18:31:31 #4 type] 
Type domain.Driver is not enhanced.

[2025-03-27 18:31:31 #5 type] 
Type domain.Kotxe is not enhanced.

[2025-03-27 18:31:31 #6 type] 
Type domain.Ride is not enhanced.

[2025-03-27 18:31:31 #7 type] 
Type domain.RideRequest is not enhanced.

[2025-03-27 18:31:31 #8 type] 
Type domain.Traveller is not enhanced.

[2025-03-27 18:31:31 #9 type] 
Type domain.Mezua is not enhanced.

------------------------------------------------------------------------------------------------------------------------

[2025-03-27 18:32:31 #1 store] 
Database 'C:\Users\ekait\eclipse-workspace\Rides24\src\main\resources\rides.temp' is opened by 14464@LAPTOP-1CQB3TB3

[2025-03-27 18:32:32 #2 type] 
Type domain.Profile is not enhanced.

[2025-03-27 18:32:32 #3 type] 
Type domain.Driver is not enhanced.

[2025-03-27 18:32:32 #4 type] 
Type domain.Kotxe is not enhanced.

[2025-03-27 18:32:32 #5 type] 
Type domain.Ride is not enhanced.

[2025-03-27 18:32:32 #6 type] 
Type domain.RideRequest is not enhanced.

[2025-03-27 18:32:32 #7 type] 
Type domain.Traveller is not enhanced.

[2025-03-27 18:32:32 #8 type] 
Type domain.Mezua is not enhanced.

------------------------------------------------------------------------------------------------------------------------

[2025-03-27 18:50:45 #1 store] 
Database 'C:\Users\ekait\eclipse-workspace\Rides24Mezu\src\main\resources\rides.temp' has been recovered (tr. 191-195)

[2025-03-27 18:50:45 #2 store] 
Database 'C:\Users\ekait\eclipse-workspace\Rides24Mezu\src\main\resources\rides.temp' is opened by 12536@LAPTOP-1CQB3TB3

[2025-03-27 18:50:46 #3 type] 
Type domain.Profile is not enhanced.

[2025-03-27 18:50:46 #4 type] 
Type domain.Driver is not enhanced.

[2025-03-27 18:50:46 #5 type] 
Type domain.Kotxe is not enhanced.

[2025-03-27 18:50:46 #6 type] 
Type domain.Ride is not enhanced.

[2025-03-27 18:50:46 #7 type] 
Type domain.RideRequest is not enhanced.

[2025-03-27 18:50:46 #8 type] 
Type domain.Traveller is not enhanced.

[2025-03-27 18:50:46 #9 type] 
Type domain.Mezua is not enhanced.

------------------------------------------------------------------------------------------------------------------------

[2025-03-27 19:27:50 #1 store] 
Database 'C:\Users\ekait\eclipse-workspace\Rides24Mezu\src\main\resources\rides.temp' is opened by 6504@LAPTOP-1CQB3TB3

[2025-03-27 19:27:50 #2 type] 
Type domain.Profile is not enhanced.

[2025-03-27 19:27:51 #3 type] 
Type domain.Driver is not enhanced.

[2025-03-27 19:27:51 #4 type] 
Type domain.Kotxe is not enhanced.

[2025-03-27 19:27:51 #5 type] 
Type domain.Ride is not enhanced.

[2025-03-27 19:27:51 #6 type] 
Type domain.RideRequest is not enhanced.

[2025-03-27 19:27:51 #7 type] 
Type domain.Traveller is not enhanced.

[2025-03-27 19:27:51 #8 type] 
Type domain.Mezua is not enhanced.

------------------------------------------------------------------------------------------------------------------------

[2025-03-27 19:28:40 #1 store] 
Database 'C:\Users\ekait\eclipse-workspace\Rides24Mezu\src\main\resources\rides.temp' is opened by 7320@LAPTOP-1CQB3TB3

[2025-03-27 19:28:40 #2 type] 
Type domain.Profile is not enhanced.

[2025-03-27 19:28:40 #3 type] 
Type domain.Driver is not enhanced.

[2025-03-27 19:28:40 #4 type] 
Type domain.Kotxe is not enhanced.

[2025-03-27 19:28:40 #5 type] 
Type domain.Ride is not enhanced.

[2025-03-27 19:28:40 #6 type] 
Type domain.RideRequest is not enhanced.

[2025-03-27 19:28:40 #7 type] 
Type domain.Traveller is not enhanced.

[2025-03-27 19:28:40 #8 type] 
Type domain.Mezua is not enhanced.

------------------------------------------------------------------------------------------------------------------------

[2025-03-27 19:30:14 #1 store] 
Database 'C:\Users\ekait\eclipse-workspace\Rides24Mezu\src\main\resources\rides.temp' has been recovered (tr. 196-201)

[2025-03-27 19:30:14 #2 store] 
Database 'C:\Users\ekait\eclipse-workspace\Rides24Mezu\src\main\resources\rides.temp' is opened by 9128@LAPTOP-1CQB3TB3

[2025-03-27 19:30:14 #3 type] 
Type domain.Profile is not enhanced.

[2025-03-27 19:30:14 #4 type] 
Type domain.Driver is not enhanced.

[2025-03-27 19:30:14 #5 type] 
Type domain.Kotxe is not enhanced.

[2025-03-27 19:30:14 #6 type] 
Type domain.Ride is not enhanced.

[2025-03-27 19:30:14 #7 type] 
Type domain.RideRequest is not enhanced.

[2025-03-27 19:30:14 #8 type] 
Type domain.Traveller is not enhanced.

[2025-03-27 19:30:14 #9 type] 
Type domain.Mezua is not enhanced.

------------------------------------------------------------------------------------------------------------------------

[2025-03-27 19:31:35 #1 store] 
Database 'C:\Users\ekait\eclipse-workspace\Rides24Mezu\src\main\resources\rides.temp' has been recovered (tr. 202-205)

[2025-03-27 19:31:36 #2 store] 
Database 'C:\Users\ekait\eclipse-workspace\Rides24Mezu\src\main\resources\rides.temp' is opened by 4160@LAPTOP-1CQB3TB3

[2025-03-27 19:31:36 #3 type] 
Type domain.Profile is not enhanced.

[2025-03-27 19:31:36 #4 type] 
Type domain.Driver is not enhanced.

[2025-03-27 19:31:36 #5 type] 
Type domain.Kotxe is not enhanced.

[2025-03-27 19:31:36 #6 type] 
Type domain.Ride is not enhanced.

[2025-03-27 19:31:36 #7 type] 
Type domain.RideRequest is not enhanced.

[2025-03-27 19:31:36 #8 type] 
Type domain.Traveller is not enhanced.

[2025-03-27 19:31:36 #9 type] 
Type domain.Mezua is not enhanced.

