------------------------------------------------------------------------------------------------------------------------

[2025-04-02 19:28:48 #1 store] 
Database 'C:\Users\ekait\eclipse-workspace\Rides24\src\main\resources\rides.temp' is opened by 20928@LAPTOP-1CQB3TB3

[2025-04-02 19:28:48 #2 type] 
Type domain.Ride is not enhanced.

[2025-04-02 19:28:48 #3 type] 
Type domain.RideRequest is not enhanced.

[2025-04-02 19:28:48 #4 type] 
Type domain.Profile is not enhanced.

[2025-04-02 19:28:48 #5 type] 
Type domain.Driver is not enhanced.

[2025-04-02 19:28:48 #6 type] 
Type domain.Kotxe is not enhanced.

[2025-04-02 19:28:48 #7 type] 
Type domain.Traveller is not enhanced.

[2025-04-02 19:28:48 #8 type] 
Type domain.Mezua is not enhanced.

------------------------------------------------------------------------------------------------------------------------

[2025-04-02 19:31:28 #1 store] 
Database 'C:\Users\ekait\eclipse-workspace\Rides24\src\main\resources\rides.temp' has been recovered (tr. 40-40)

[2025-04-02 19:31:28 #2 store] 
Database 'C:\Users\ekait\eclipse-workspace\Rides24\src\main\resources\rides.temp' is opened by 20804@LAPTOP-1CQB3TB3

[2025-04-02 19:31:28 #3 type] 
Type domain.Ride is not enhanced.

[2025-04-02 19:31:28 #4 type] 
Type domain.RideRequest is not enhanced.

[2025-04-02 19:31:28 #5 type] 
Type domain.Profile is not enhanced.

[2025-04-02 19:31:28 #6 type] 
Type domain.Driver is not enhanced.

[2025-04-02 19:31:28 #7 type] 
Type domain.Kotxe is not enhanced.

[2025-04-02 19:31:28 #8 type] 
Type domain.Traveller is not enhanced.

[2025-04-02 19:31:28 #9 type] 
Type domain.Mezua is not enhanced.

------------------------------------------------------------------------------------------------------------------------

[2025-04-02 20:09:54 #1 store] 
Database 'C:\Users\ekait\eclipse-workspace\Rides24\src\main\resources\rides.temp' is opened by 4720@LAPTOP-1CQB3TB3

[2025-04-02 20:09:54 #2 type] 
Type domain.Ride is not enhanced.

[2025-04-02 20:09:54 #3 type] 
Type domain.RideRequest is not enhanced.

[2025-04-02 20:09:54 #4 type] 
Type domain.Profile is not enhanced.

[2025-04-02 20:09:54 #5 type] 
Type domain.Driver is not enhanced.

[2025-04-02 20:09:54 #6 type] 
Type domain.Kotxe is not enhanced.

[2025-04-02 20:09:54 #7 type] 
Type domain.Traveller is not enhanced.

[2025-04-02 20:09:54 #8 type] 
Type domain.Mezua is not enhanced.

------------------------------------------------------------------------------------------------------------------------

[2025-04-02 20:13:02 #1 store] 
Database 'C:\Users\ekait\eclipse-workspace\Rides24\src\main\resources\rides.temp' is opened by 2700@LAPTOP-1CQB3TB3

[2025-04-02 20:13:02 #2 type] 
Type domain.Ride is not enhanced.

[2025-04-02 20:13:02 #3 type] 
Type domain.RideRequest is not enhanced.

[2025-04-02 20:13:02 #4 type] 
Type domain.Profile is not enhanced.

[2025-04-02 20:13:02 #5 type] 
Type domain.Driver is not enhanced.

[2025-04-02 20:13:02 #6 type] 
Type domain.Kotxe is not enhanced.

[2025-04-02 20:13:02 #7 type] 
Type domain.Traveller is not enhanced.

[2025-04-02 20:13:02 #8 type] 
Type domain.Mezua is not enhanced.

------------------------------------------------------------------------------------------------------------------------

[2025-04-02 20:13:24 #1 store] 
Database 'C:\Users\ekait\eclipse-workspace\Rides24\src\main\resources\rides.temp' is opened by 21464@LAPTOP-1CQB3TB3

[2025-04-02 20:13:24 #2 type] 
Type domain.Ride is not enhanced.

[2025-04-02 20:13:24 #3 type] 
Type domain.RideRequest is not enhanced.

[2025-04-02 20:13:24 #4 type] 
Type domain.Profile is not enhanced.

[2025-04-02 20:13:24 #5 type] 
Type domain.Driver is not enhanced.

[2025-04-02 20:13:24 #6 type] 
Type domain.Kotxe is not enhanced.

[2025-04-02 20:13:24 #7 type] 
Type domain.Traveller is not enhanced.

[2025-04-02 20:13:24 #8 type] 
Type domain.Mezua is not enhanced.

------------------------------------------------------------------------------------------------------------------------

[2025-04-02 20:14:12 #1 store] 
Database 'C:\Users\ekait\eclipse-workspace\Rides24\src\main\resources\rides.temp' is opened by 15152@LAPTOP-1CQB3TB3

[2025-04-02 20:14:13 #2 type] 
Type domain.Ride is not enhanced.

[2025-04-02 20:14:13 #3 type] 
Type domain.RideRequest is not enhanced.

[2025-04-02 20:14:13 #4 type] 
Type domain.Profile is not enhanced.

[2025-04-02 20:14:13 #5 type] 
Type domain.Driver is not enhanced.

[2025-04-02 20:14:13 #6 type] 
Type domain.Kotxe is not enhanced.

[2025-04-02 20:14:13 #7 type] 
Type domain.Traveller is not enhanced.

[2025-04-02 20:14:13 #8 type] 
Type domain.Mezua is not enhanced.

------------------------------------------------------------------------------------------------------------------------

[2025-04-02 20:18:05 #1 store] 
Database 'C:\Users\ekait\eclipse-workspace\Rides24\src\main\resources\rides.temp' is opened by 11652@LAPTOP-1CQB3TB3

[2025-04-02 20:18:05 #2 type] 
Type domain.Ride is not enhanced.

[2025-04-02 20:18:05 #3 type] 
Type domain.RideRequest is not enhanced.

[2025-04-02 20:18:05 #4 type] 
Type domain.Profile is not enhanced.

[2025-04-02 20:18:05 #5 type] 
Type domain.Driver is not enhanced.

[2025-04-02 20:18:05 #6 type] 
Type domain.Kotxe is not enhanced.

[2025-04-02 20:18:05 #7 type] 
Type domain.Traveller is not enhanced.

[2025-04-02 20:18:05 #8 type] 
Type domain.Mezua is not enhanced.

------------------------------------------------------------------------------------------------------------------------

[2025-04-02 20:18:43 #1 store] 
Database 'C:\Users\ekait\eclipse-workspace\Rides24\src\main\resources\rides.temp' is opened by 7312@LAPTOP-1CQB3TB3

[2025-04-02 20:18:43 #2 type] 
Type domain.Ride is not enhanced.

[2025-04-02 20:18:43 #3 type] 
Type domain.RideRequest is not enhanced.

[2025-04-02 20:18:43 #4 type] 
Type domain.Profile is not enhanced.

[2025-04-02 20:18:43 #5 type] 
Type domain.Driver is not enhanced.

[2025-04-02 20:18:43 #6 type] 
Type domain.Kotxe is not enhanced.

[2025-04-02 20:18:43 #7 type] 
Type domain.Traveller is not enhanced.

[2025-04-02 20:18:43 #8 type] 
Type domain.Mezua is not enhanced.

------------------------------------------------------------------------------------------------------------------------

[2025-04-02 20:19:09 #1 store] 
Database 'C:\Users\ekait\eclipse-workspace\Rides24\src\main\resources\rides.temp' is opened by 2332@LAPTOP-1CQB3TB3

[2025-04-02 20:19:09 #2 type] 
Type domain.Ride is not enhanced.

[2025-04-02 20:19:09 #3 type] 
Type domain.RideRequest is not enhanced.

[2025-04-02 20:19:09 #4 type] 
Type domain.Profile is not enhanced.

[2025-04-02 20:19:09 #5 type] 
Type domain.Driver is not enhanced.

[2025-04-02 20:19:09 #6 type] 
Type domain.Kotxe is not enhanced.

[2025-04-02 20:19:09 #7 type] 
Type domain.Traveller is not enhanced.

[2025-04-02 20:19:09 #8 type] 
Type domain.Mezua is not enhanced.

------------------------------------------------------------------------------------------------------------------------

[2025-04-02 20:20:27 #1 store] 
Database 'C:\Users\ekait\eclipse-workspace\Rides24\src\main\resources\rides.temp' is opened by 19700@LAPTOP-1CQB3TB3

[2025-04-02 20:20:27 #2 type] 
Type domain.Ride is not enhanced.

[2025-04-02 20:20:27 #3 type] 
Type domain.RideRequest is not enhanced.

[2025-04-02 20:20:27 #4 type] 
Type domain.Profile is not enhanced.

[2025-04-02 20:20:27 #5 type] 
Type domain.Driver is not enhanced.

[2025-04-02 20:20:27 #6 type] 
Type domain.Kotxe is not enhanced.

[2025-04-02 20:20:27 #7 type] 
Type domain.Traveller is not enhanced.

[2025-04-02 20:20:27 #8 type] 
Type domain.Mezua is not enhanced.

------------------------------------------------------------------------------------------------------------------------

[2025-04-02 20:21:01 #1 store] 
Database 'C:\Users\ekait\eclipse-workspace\Rides24\src\main\resources\rides.temp' is opened by 20044@LAPTOP-1CQB3TB3

[2025-04-02 20:21:01 #2 type] 
Type domain.Ride is not enhanced.

[2025-04-02 20:21:01 #3 type] 
Type domain.RideRequest is not enhanced.

[2025-04-02 20:21:01 #4 type] 
Type domain.Profile is not enhanced.

[2025-04-02 20:21:01 #5 type] 
Type domain.Driver is not enhanced.

[2025-04-02 20:21:01 #6 type] 
Type domain.Kotxe is not enhanced.

[2025-04-02 20:21:01 #7 type] 
Type domain.Traveller is not enhanced.

[2025-04-02 20:21:01 #8 type] 
Type domain.Mezua is not enhanced.

------------------------------------------------------------------------------------------------------------------------

[2025-04-02 20:21:26 #1 store] 
Database 'C:\Users\ekait\eclipse-workspace\Rides24\src\main\resources\rides.temp' is opened by 9452@LAPTOP-1CQB3TB3

[2025-04-02 20:21:26 #2 type] 
Type domain.Ride is not enhanced.

[2025-04-02 20:21:26 #3 type] 
Type domain.RideRequest is not enhanced.

[2025-04-02 20:21:26 #4 type] 
Type domain.Profile is not enhanced.

[2025-04-02 20:21:26 #5 type] 
Type domain.Driver is not enhanced.

[2025-04-02 20:21:26 #6 type] 
Type domain.Kotxe is not enhanced.

[2025-04-02 20:21:26 #7 type] 
Type domain.Traveller is not enhanced.

[2025-04-02 20:21:26 #8 type] 
Type domain.Mezua is not enhanced.

------------------------------------------------------------------------------------------------------------------------

[2025-04-02 20:21:57 #1 store] 
Database 'C:\Users\ekait\eclipse-workspace\Rides24\src\main\resources\rides.temp' is opened by 11748@LAPTOP-1CQB3TB3

[2025-04-02 20:21:57 #2 type] 
Type domain.Ride is not enhanced.

[2025-04-02 20:21:57 #3 type] 
Type domain.RideRequest is not enhanced.

[2025-04-02 20:21:57 #4 type] 
Type domain.Profile is not enhanced.

[2025-04-02 20:21:57 #5 type] 
Type domain.Driver is not enhanced.

[2025-04-02 20:21:57 #6 type] 
Type domain.Kotxe is not enhanced.

[2025-04-02 20:21:57 #7 type] 
Type domain.Traveller is not enhanced.

[2025-04-02 20:21:57 #8 type] 
Type domain.Mezua is not enhanced.

------------------------------------------------------------------------------------------------------------------------

[2025-04-02 20:22:42 #1 store] 
Database 'C:\Users\ekait\eclipse-workspace\Rides24\src\main\resources\rides.temp' is opened by 20320@LAPTOP-1CQB3TB3

[2025-04-02 20:22:42 #2 type] 
Type domain.Ride is not enhanced.

[2025-04-02 20:22:42 #3 type] 
Type domain.RideRequest is not enhanced.

[2025-04-02 20:22:42 #4 type] 
Type domain.Profile is not enhanced.

[2025-04-02 20:22:42 #5 type] 
Type domain.Driver is not enhanced.

[2025-04-02 20:22:42 #6 type] 
Type domain.Kotxe is not enhanced.

[2025-04-02 20:22:42 #7 type] 
Type domain.Traveller is not enhanced.

[2025-04-02 20:22:42 #8 type] 
Type domain.Mezua is not enhanced.

------------------------------------------------------------------------------------------------------------------------

[2025-04-02 20:24:54 #1 store] 
Database 'C:\Users\ekait\eclipse-workspace\Rides24\src\main\resources\rides.temp' has been recovered (tr. 41-41)

[2025-04-02 20:24:54 #2 store] 
Database 'C:\Users\ekait\eclipse-workspace\Rides24\src\main\resources\rides.temp' is opened by 9656@LAPTOP-1CQB3TB3

[2025-04-02 20:24:54 #3 type] 
Type domain.Ride is not enhanced.

[2025-04-02 20:24:54 #4 type] 
Type domain.RideRequest is not enhanced.

[2025-04-02 20:24:54 #5 type] 
Type domain.Profile is not enhanced.

[2025-04-02 20:24:54 #6 type] 
Type domain.Driver is not enhanced.

[2025-04-02 20:24:54 #7 type] 
Type domain.Kotxe is not enhanced.

[2025-04-02 20:24:54 #8 type] 
Type domain.Traveller is not enhanced.

[2025-04-02 20:24:54 #9 type] 
Type domain.Mezua is not enhanced.

------------------------------------------------------------------------------------------------------------------------

[2025-04-02 20:28:05 #1 store] 
Database 'C:\Users\ekait\eclipse-workspace\Rides24\src\main\resources\rides.temp' has been recovered (tr. 42-48)

[2025-04-02 20:28:05 #2 store] 
Database 'C:\Users\ekait\eclipse-workspace\Rides24\src\main\resources\rides.temp' is opened by 17464@LAPTOP-1CQB3TB3

[2025-04-02 20:28:06 #3 type] 
Type domain.Ride is not enhanced.

[2025-04-02 20:28:06 #4 type] 
Type domain.RideRequest is not enhanced.

[2025-04-02 20:28:06 #5 type] 
Type domain.Profile is not enhanced.

[2025-04-02 20:28:06 #6 type] 
Type domain.Driver is not enhanced.

[2025-04-02 20:28:06 #7 type] 
Type domain.Kotxe is not enhanced.

[2025-04-02 20:28:06 #8 type] 
Type domain.Traveller is not enhanced.

[2025-04-02 20:28:06 #9 type] 
Type domain.Mezua is not enhanced.

------------------------------------------------------------------------------------------------------------------------

[2025-04-02 20:28:42 #1 store] 
Database 'C:\Users\ekait\eclipse-workspace\Rides24\src\main\resources\rides.temp' is opened by 3376@LAPTOP-1CQB3TB3

[2025-04-02 20:28:42 #2 type] 
Type domain.Ride is not enhanced.

[2025-04-02 20:28:42 #3 type] 
Type domain.RideRequest is not enhanced.

[2025-04-02 20:28:42 #4 type] 
Type domain.Profile is not enhanced.

[2025-04-02 20:28:42 #5 type] 
Type domain.Driver is not enhanced.

[2025-04-02 20:28:42 #6 type] 
Type domain.Kotxe is not enhanced.

[2025-04-02 20:28:42 #7 type] 
Type domain.Traveller is not enhanced.

[2025-04-02 20:28:42 #8 type] 
Type domain.Mezua is not enhanced.

------------------------------------------------------------------------------------------------------------------------

[2025-04-02 20:31:09 #1 store] 
Database 'C:\Users\ekait\eclipse-workspace\Rides24\src\main\resources\rides.temp' is opened by 13148@LAPTOP-1CQB3TB3

[2025-04-02 20:31:09 #2 type] 
Type domain.Ride is not enhanced.

[2025-04-02 20:31:09 #3 type] 
Type domain.RideRequest is not enhanced.

[2025-04-02 20:31:09 #4 type] 
Type domain.Profile is not enhanced.

[2025-04-02 20:31:09 #5 type] 
Type domain.Driver is not enhanced.

[2025-04-02 20:31:09 #6 type] 
Type domain.Kotxe is not enhanced.

[2025-04-02 20:31:09 #7 type] 
Type domain.Traveller is not enhanced.

[2025-04-02 20:31:09 #8 type] 
Type domain.Mezua is not enhanced.

------------------------------------------------------------------------------------------------------------------------

[2025-04-02 20:32:53 #1 store] 
Database 'C:\Users\ekait\eclipse-workspace\Rides24\src\main\resources\rides.temp' has been recovered (tr. 49-50)

[2025-04-02 20:32:53 #2 store] 
Database 'C:\Users\ekait\eclipse-workspace\Rides24\src\main\resources\rides.temp' is opened by 22300@LAPTOP-1CQB3TB3

[2025-04-02 20:32:53 #3 type] 
Type domain.Ride is not enhanced.

[2025-04-02 20:32:53 #4 type] 
Type domain.RideRequest is not enhanced.

[2025-04-02 20:32:53 #5 type] 
Type domain.Profile is not enhanced.

[2025-04-02 20:32:53 #6 type] 
Type domain.Driver is not enhanced.

[2025-04-02 20:32:53 #7 type] 
Type domain.Kotxe is not enhanced.

[2025-04-02 20:32:53 #8 type] 
Type domain.Traveller is not enhanced.

[2025-04-02 20:32:53 #9 type] 
Type domain.Mezua is not enhanced.

------------------------------------------------------------------------------------------------------------------------

[2025-04-02 20:36:59 #1 store] 
Database 'C:\Users\ekait\eclipse-workspace\Rides24\src\main\resources\rides.temp' is opened by 21452@LAPTOP-1CQB3TB3

[2025-04-02 20:36:59 #2 type] 
Type domain.Ride is not enhanced.

[2025-04-02 20:36:59 #3 type] 
Type domain.RideRequest is not enhanced.

[2025-04-02 20:36:59 #4 type] 
Type domain.Profile is not enhanced.

[2025-04-02 20:36:59 #5 type] 
Type domain.Driver is not enhanced.

[2025-04-02 20:37:00 #6 type] 
Type domain.Kotxe is not enhanced.

[2025-04-02 20:37:00 #7 type] 
Type domain.Traveller is not enhanced.

[2025-04-02 20:37:00 #8 type] 
Type domain.Mezua is not enhanced.

------------------------------------------------------------------------------------------------------------------------

[2025-04-02 20:40:06 #1 store] 
Database 'C:\Users\ekait\eclipse-workspace\Rides24\src\main\resources\rides.temp' has been recovered (tr. 51-56)

[2025-04-02 20:40:06 #2 store] 
Database 'C:\Users\ekait\eclipse-workspace\Rides24\src\main\resources\rides.temp' is opened by 21496@LAPTOP-1CQB3TB3

[2025-04-02 20:40:07 #3 type] 
Type domain.Ride is not enhanced.

[2025-04-02 20:40:07 #4 type] 
Type domain.RideRequest is not enhanced.

[2025-04-02 20:40:07 #5 type] 
Type domain.Profile is not enhanced.

[2025-04-02 20:40:07 #6 type] 
Type domain.Driver is not enhanced.

[2025-04-02 20:40:07 #7 type] 
Type domain.Kotxe is not enhanced.

[2025-04-02 20:40:07 #8 type] 
Type domain.Traveller is not enhanced.

[2025-04-02 20:40:07 #9 type] 
Type domain.Mezua is not enhanced.

