------------------------------------------------------------------------------------------------------------------------

[2025-10-01 11:32:22 #1 store] 
Database 'C:\Users\Usuario-Pc\git\SI2Proiektua\Rides24Geltokiekin\src\main\resources\rides.temp' has been recovered (tr. 387-392)

[2025-10-01 11:32:22 #2 store] 
Database 'C:\Users\Usuario-Pc\git\SI2Proiektua\Rides24Geltokiekin\src\main\resources\rides.temp' is opened by 19168@DESKTOP-EH9B0CP

[2025-10-01 11:32:22 #3 type] 
Type domain.Profile is not enhanced.

[2025-10-01 11:32:22 #4 type] 
Type domain.Erreklamazioa is not enhanced.

[2025-10-01 11:32:22 #5 type] 
Type domain.Mezua is not enhanced.

[2025-10-01 11:32:22 #6 type] 
Type domain.Ride is not enhanced.

[2025-10-01 11:32:22 #7 type] 
Type domain.RideRequest is not enhanced.

[2025-10-01 11:32:22 #8 type] 
Type domain.Alerta is not enhanced.

[2025-10-01 11:32:22 #9 type] 
Type domain.Driver is not enhanced.

[2025-10-01 11:32:22 #10 type] 
Type domain.Kotxe is not enhanced.

[2025-10-01 11:32:22 #11 type] 
Type domain.Geltoki is not enhanced.

[2025-10-01 11:32:22 #12 type] 
Type domain.Traveller is not enhanced.

[2025-10-01 11:32:22 #13 type] 
Type domain.Admin is not enhanced.

------------------------------------------------------------------------------------------------------------------------

[2025-10-01 11:32:32 #1 store] 
Database 'C:\Users\Usuario-Pc\git\SI2Proiektua\Rides24Geltokiekin\src\main\resources\rides.temp' has been recovered (tr. 393-410)

[2025-10-01 11:32:32 #2 store] 
Database 'C:\Users\Usuario-Pc\git\SI2Proiektua\Rides24Geltokiekin\src\main\resources\rides.temp' is opened by 6436@DESKTOP-EH9B0CP

[2025-10-01 11:32:33 #3 type] 
Type domain.Profile is not enhanced.

[2025-10-01 11:32:33 #4 type] 
Type domain.Erreklamazioa is not enhanced.

[2025-10-01 11:32:33 #5 type] 
Type domain.Mezua is not enhanced.

[2025-10-01 11:32:33 #6 type] 
Type domain.Ride is not enhanced.

[2025-10-01 11:32:33 #7 type] 
Type domain.RideRequest is not enhanced.

[2025-10-01 11:32:33 #8 type] 
Type domain.Alerta is not enhanced.

[2025-10-01 11:32:33 #9 type] 
Type domain.Driver is not enhanced.

[2025-10-01 11:32:33 #10 type] 
Type domain.Kotxe is not enhanced.

[2025-10-01 11:32:33 #11 type] 
Type domain.Geltoki is not enhanced.

[2025-10-01 11:32:33 #12 type] 
Type domain.Traveller is not enhanced.

[2025-10-01 11:32:33 #13 type] 
Type domain.Admin is not enhanced.

------------------------------------------------------------------------------------------------------------------------

[2025-10-01 19:03:49 #1 store] 
Database 'C:\Users\ekait\git\SI2Proiektua\Rides24Geltokiekin\src\main\resources\rides.temp' has been recovered (tr. 411-428)

[2025-10-01 19:03:49 #2 store] 
Database 'C:\Users\ekait\git\SI2Proiektua\Rides24Geltokiekin\src\main\resources\rides.temp' is opened by 12496@LAPTOP-1CQB3TB3

[2025-10-01 19:03:49 #3 type] 
Type domain.Profile is not enhanced.

[2025-10-01 19:03:49 #4 type] 
Type domain.Erreklamazioa is not enhanced.

[2025-10-01 19:03:49 #5 type] 
Type domain.Mezua is not enhanced.

[2025-10-01 19:03:49 #6 type] 
Type domain.Ride is not enhanced.

[2025-10-01 19:03:49 #7 type] 
Type domain.RideRequest is not enhanced.

[2025-10-01 19:03:49 #8 type] 
Type domain.Alerta is not enhanced.

[2025-10-01 19:03:49 #9 type] 
Type domain.Driver is not enhanced.

[2025-10-01 19:03:49 #10 type] 
Type domain.Kotxe is not enhanced.

[2025-10-01 19:03:49 #11 type] 
Type domain.Geltoki is not enhanced.

[2025-10-01 19:03:49 #12 type] 
Type domain.Traveller is not enhanced.

[2025-10-01 19:03:49 #13 type] 
Type domain.Admin is not enhanced.

------------------------------------------------------------------------------------------------------------------------

[2025-10-01 19:05:52 #1 store] 
Database 'C:\Users\ekait\git\SI2Proiektua\Rides24Geltokiekin\src\main\resources\rides.temp' has been recovered (tr. 429-446)

[2025-10-01 19:05:52 #2 store] 
Database 'C:\Users\ekait\git\SI2Proiektua\Rides24Geltokiekin\src\main\resources\rides.temp' is opened by 20908@LAPTOP-1CQB3TB3

[2025-10-01 19:05:52 #3 type] 
Type domain.Profile is not enhanced.

[2025-10-01 19:05:52 #4 type] 
Type domain.Erreklamazioa is not enhanced.

[2025-10-01 19:05:52 #5 type] 
Type domain.Mezua is not enhanced.

[2025-10-01 19:05:52 #6 type] 
Type domain.Ride is not enhanced.

[2025-10-01 19:05:52 #7 type] 
Type domain.RideRequest is not enhanced.

[2025-10-01 19:05:52 #8 type] 
Type domain.Alerta is not enhanced.

[2025-10-01 19:05:52 #9 type] 
Type domain.Driver is not enhanced.

[2025-10-01 19:05:52 #10 type] 
Type domain.Kotxe is not enhanced.

[2025-10-01 19:05:52 #11 type] 
Type domain.Geltoki is not enhanced.

[2025-10-01 19:05:52 #12 type] 
Type domain.Traveller is not enhanced.

[2025-10-01 19:05:52 #13 type] 
Type domain.Admin is not enhanced.

------------------------------------------------------------------------------------------------------------------------

[2025-10-01 19:13:49 #1 store] 
Database 'C:\Users\ekait\git\SI2Proiektua\Rides24Geltokiekin\src\main\resources\rides.temp' has been recovered (tr. 447-460)

[2025-10-01 19:13:49 #2 store] 
Database 'C:\Users\ekait\git\SI2Proiektua\Rides24Geltokiekin\src\main\resources\rides.temp' is opened by 20368@LAPTOP-1CQB3TB3

[2025-10-01 19:13:50 #3 type] 
Type domain.Profile is not enhanced.

[2025-10-01 19:13:50 #4 type] 
Type domain.Erreklamazioa is not enhanced.

[2025-10-01 19:13:50 #5 type] 
Type domain.Mezua is not enhanced.

[2025-10-01 19:13:50 #6 type] 
Type domain.Ride is not enhanced.

[2025-10-01 19:13:50 #7 type] 
Type domain.RideRequest is not enhanced.

[2025-10-01 19:13:50 #8 type] 
Type domain.Alerta is not enhanced.

[2025-10-01 19:13:50 #9 type] 
Type domain.Driver is not enhanced.

[2025-10-01 19:13:50 #10 type] 
Type domain.Kotxe is not enhanced.

[2025-10-01 19:13:50 #11 type] 
Type domain.Geltoki is not enhanced.

[2025-10-01 19:13:50 #12 type] 
Type domain.Traveller is not enhanced.

[2025-10-01 19:13:50 #13 type] 
Type domain.Admin is not enhanced.

------------------------------------------------------------------------------------------------------------------------

[2025-10-01 19:15:14 #1 store] 
Database 'C:\Users\ekait\git\SI2Proiektua\Rides24Geltokiekin\src\main\resources\rides.temp' has been recovered (tr. 461-474)

[2025-10-01 19:15:14 #2 store] 
Database 'C:\Users\ekait\git\SI2Proiektua\Rides24Geltokiekin\src\main\resources\rides.temp' is opened by 18984@LAPTOP-1CQB3TB3

[2025-10-01 19:15:14 #3 type] 
Type domain.Profile is not enhanced.

[2025-10-01 19:15:15 #4 type] 
Type domain.Erreklamazioa is not enhanced.

[2025-10-01 19:15:15 #5 type] 
Type domain.Mezua is not enhanced.

[2025-10-01 19:15:15 #6 type] 
Type domain.Ride is not enhanced.

[2025-10-01 19:15:15 #7 type] 
Type domain.RideRequest is not enhanced.

[2025-10-01 19:15:15 #8 type] 
Type domain.Alerta is not enhanced.

[2025-10-01 19:15:15 #9 type] 
Type domain.Driver is not enhanced.

[2025-10-01 19:15:15 #10 type] 
Type domain.Kotxe is not enhanced.

[2025-10-01 19:15:15 #11 type] 
Type domain.Geltoki is not enhanced.

[2025-10-01 19:15:15 #12 type] 
Type domain.Traveller is not enhanced.

[2025-10-01 19:15:15 #13 type] 
Type domain.Admin is not enhanced.

------------------------------------------------------------------------------------------------------------------------

[2025-10-01 19:16:21 #1 store] 
Database 'C:\Users\ekait\git\SI2Proiektua\Rides24Geltokiekin\src\main\resources\rides.temp' has been recovered (tr. 475-488)

[2025-10-01 19:16:21 #2 store] 
Database 'C:\Users\ekait\git\SI2Proiektua\Rides24Geltokiekin\src\main\resources\rides.temp' is opened by 13224@LAPTOP-1CQB3TB3

[2025-10-01 19:16:22 #3 type] 
Type domain.Profile is not enhanced.

[2025-10-01 19:16:22 #4 type] 
Type domain.Erreklamazioa is not enhanced.

[2025-10-01 19:16:22 #5 type] 
Type domain.Mezua is not enhanced.

[2025-10-01 19:16:22 #6 type] 
Type domain.Ride is not enhanced.

[2025-10-01 19:16:22 #7 type] 
Type domain.RideRequest is not enhanced.

[2025-10-01 19:16:22 #8 type] 
Type domain.Alerta is not enhanced.

[2025-10-01 19:16:22 #9 type] 
Type domain.Driver is not enhanced.

[2025-10-01 19:16:22 #10 type] 
Type domain.Kotxe is not enhanced.

[2025-10-01 19:16:22 #11 type] 
Type domain.Geltoki is not enhanced.

[2025-10-01 19:16:22 #12 type] 
Type domain.Traveller is not enhanced.

[2025-10-01 19:16:22 #13 type] 
Type domain.Admin is not enhanced.

------------------------------------------------------------------------------------------------------------------------

[2025-10-01 19:17:15 #1 store] 
Database 'C:\Users\ekait\git\SI2Proiektua\Rides24Geltokiekin\src\main\resources\rides.temp' has been recovered (tr. 489-502)

[2025-10-01 19:17:15 #2 store] 
Database 'C:\Users\ekait\git\SI2Proiektua\Rides24Geltokiekin\src\main\resources\rides.temp' is opened by 4976@LAPTOP-1CQB3TB3

[2025-10-01 19:17:15 #3 type] 
Type domain.Profile is not enhanced.

[2025-10-01 19:17:15 #4 type] 
Type domain.Erreklamazioa is not enhanced.

[2025-10-01 19:17:15 #5 type] 
Type domain.Mezua is not enhanced.

[2025-10-01 19:17:15 #6 type] 
Type domain.Ride is not enhanced.

[2025-10-01 19:17:15 #7 type] 
Type domain.RideRequest is not enhanced.

[2025-10-01 19:17:15 #8 type] 
Type domain.Alerta is not enhanced.

[2025-10-01 19:17:15 #9 type] 
Type domain.Driver is not enhanced.

[2025-10-01 19:17:15 #10 type] 
Type domain.Kotxe is not enhanced.

[2025-10-01 19:17:15 #11 type] 
Type domain.Geltoki is not enhanced.

[2025-10-01 19:17:15 #12 type] 
Type domain.Traveller is not enhanced.

[2025-10-01 19:17:15 #13 type] 
Type domain.Admin is not enhanced.

------------------------------------------------------------------------------------------------------------------------

[2025-10-01 19:19:36 #1 store] 
Database 'C:\Users\ekait\git\SI2Proiektua\Rides24Geltokiekin\src\main\resources\rides.temp' has been recovered (tr. 503-516)

[2025-10-01 19:19:36 #2 store] 
Database 'C:\Users\ekait\git\SI2Proiektua\Rides24Geltokiekin\src\main\resources\rides.temp' is opened by 6152@LAPTOP-1CQB3TB3

[2025-10-01 19:19:36 #3 type] 
Type domain.Profile is not enhanced.

[2025-10-01 19:19:36 #4 type] 
Type domain.Erreklamazioa is not enhanced.

[2025-10-01 19:19:36 #5 type] 
Type domain.Mezua is not enhanced.

[2025-10-01 19:19:36 #6 type] 
Type domain.Ride is not enhanced.

[2025-10-01 19:19:36 #7 type] 
Type domain.RideRequest is not enhanced.

[2025-10-01 19:19:36 #8 type] 
Type domain.Alerta is not enhanced.

[2025-10-01 19:19:36 #9 type] 
Type domain.Driver is not enhanced.

[2025-10-01 19:19:36 #10 type] 
Type domain.Kotxe is not enhanced.

[2025-10-01 19:19:36 #11 type] 
Type domain.Geltoki is not enhanced.

[2025-10-01 19:19:36 #12 type] 
Type domain.Traveller is not enhanced.

[2025-10-01 19:19:36 #13 type] 
Type domain.Admin is not enhanced.

------------------------------------------------------------------------------------------------------------------------

[2025-10-01 19:21:04 #1 store] 
Database 'C:\Users\ekait\git\SI2Proiektua\Rides24Geltokiekin\src\main\resources\rides.temp' has been recovered (tr. 517-530)

[2025-10-01 19:21:04 #2 store] 
Database 'C:\Users\ekait\git\SI2Proiektua\Rides24Geltokiekin\src\main\resources\rides.temp' is opened by 21780@LAPTOP-1CQB3TB3

[2025-10-01 19:21:04 #3 type] 
Type domain.Profile is not enhanced.

[2025-10-01 19:21:04 #4 type] 
Type domain.Erreklamazioa is not enhanced.

[2025-10-01 19:21:04 #5 type] 
Type domain.Mezua is not enhanced.

[2025-10-01 19:21:04 #6 type] 
Type domain.Ride is not enhanced.

[2025-10-01 19:21:04 #7 type] 
Type domain.RideRequest is not enhanced.

[2025-10-01 19:21:04 #8 type] 
Type domain.Alerta is not enhanced.

[2025-10-01 19:21:04 #9 type] 
Type domain.Driver is not enhanced.

[2025-10-01 19:21:04 #10 type] 
Type domain.Kotxe is not enhanced.

[2025-10-01 19:21:04 #11 type] 
Type domain.Geltoki is not enhanced.

[2025-10-01 19:21:04 #12 type] 
Type domain.Traveller is not enhanced.

[2025-10-01 19:21:04 #13 type] 
Type domain.Admin is not enhanced.

------------------------------------------------------------------------------------------------------------------------

[2025-10-01 19:23:53 #1 store] 
Database 'C:\Users\ekait\git\SI2Proiektua\Rides24Geltokiekin\src\main\resources\rides.temp' has been recovered (tr. 531-544)

[2025-10-01 19:23:54 #2 store] 
Database 'C:\Users\ekait\git\SI2Proiektua\Rides24Geltokiekin\src\main\resources\rides.temp' is opened by 12908@LAPTOP-1CQB3TB3

[2025-10-01 19:23:54 #3 type] 
Type domain.Profile is not enhanced.

[2025-10-01 19:23:54 #4 type] 
Type domain.Erreklamazioa is not enhanced.

[2025-10-01 19:23:54 #5 type] 
Type domain.Mezua is not enhanced.

[2025-10-01 19:23:54 #6 type] 
Type domain.Ride is not enhanced.

[2025-10-01 19:23:54 #7 type] 
Type domain.RideRequest is not enhanced.

[2025-10-01 19:23:54 #8 type] 
Type domain.Alerta is not enhanced.

[2025-10-01 19:23:54 #9 type] 
Type domain.Driver is not enhanced.

[2025-10-01 19:23:54 #10 type] 
Type domain.Kotxe is not enhanced.

[2025-10-01 19:23:54 #11 type] 
Type domain.Geltoki is not enhanced.

[2025-10-01 19:23:54 #12 type] 
Type domain.Traveller is not enhanced.

[2025-10-01 19:23:54 #13 type] 
Type domain.Admin is not enhanced.

------------------------------------------------------------------------------------------------------------------------

[2025-10-01 19:30:10 #1 store] 
Database 'C:\Users\ekait\git\SI2Proiektua\Rides24Geltokiekin\src\main\resources\rides.temp' has been recovered (tr. 545-558)

[2025-10-01 19:30:10 #2 store] 
Database 'C:\Users\ekait\git\SI2Proiektua\Rides24Geltokiekin\src\main\resources\rides.temp' is opened by 21804@LAPTOP-1CQB3TB3

[2025-10-01 19:30:10 #3 type] 
Type domain.Profile is not enhanced.

[2025-10-01 19:30:10 #4 type] 
Type domain.Erreklamazioa is not enhanced.

[2025-10-01 19:30:10 #5 type] 
Type domain.Mezua is not enhanced.

[2025-10-01 19:30:10 #6 type] 
Type domain.Ride is not enhanced.

[2025-10-01 19:30:10 #7 type] 
Type domain.RideRequest is not enhanced.

[2025-10-01 19:30:10 #8 type] 
Type domain.Alerta is not enhanced.

[2025-10-01 19:30:10 #9 type] 
Type domain.Driver is not enhanced.

[2025-10-01 19:30:10 #10 type] 
Type domain.Kotxe is not enhanced.

[2025-10-01 19:30:10 #11 type] 
Type domain.Geltoki is not enhanced.

[2025-10-01 19:30:10 #12 type] 
Type domain.Traveller is not enhanced.

[2025-10-01 19:30:10 #13 type] 
Type domain.Admin is not enhanced.

------------------------------------------------------------------------------------------------------------------------

[2025-10-01 19:30:40 #1 store] 
Database 'C:\Users\ekait\git\SI2Proiektua\Rides24Geltokiekin\src\main\resources\rides.temp' has been recovered (tr. 559-565)

[2025-10-01 19:30:40 #2 store] 
Database 'C:\Users\ekait\git\SI2Proiektua\Rides24Geltokiekin\src\main\resources\rides.temp' is opened by 6212@LAPTOP-1CQB3TB3

[2025-10-01 19:30:40 #3 type] 
Type domain.Profile is not enhanced.

[2025-10-01 19:30:40 #4 type] 
Type domain.Erreklamazioa is not enhanced.

[2025-10-01 19:30:40 #5 type] 
Type domain.Mezua is not enhanced.

[2025-10-01 19:30:40 #6 type] 
Type domain.Ride is not enhanced.

[2025-10-01 19:30:40 #7 type] 
Type domain.RideRequest is not enhanced.

[2025-10-01 19:30:40 #8 type] 
Type domain.Alerta is not enhanced.

[2025-10-01 19:30:40 #9 type] 
Type domain.Driver is not enhanced.

[2025-10-01 19:30:40 #10 type] 
Type domain.Kotxe is not enhanced.

[2025-10-01 19:30:40 #11 type] 
Type domain.Geltoki is not enhanced.

[2025-10-01 19:30:40 #12 type] 
Type domain.Traveller is not enhanced.

[2025-10-01 19:30:40 #13 type] 
Type domain.Admin is not enhanced.

------------------------------------------------------------------------------------------------------------------------

[2025-10-01 19:31:32 #1 store] 
Database 'C:\Users\ekait\git\SI2Proiektua\Rides24Geltokiekin\src\main\resources\rides.temp' is opened by 2036@LAPTOP-1CQB3TB3

[2025-10-01 19:31:32 #2 type] 
Type domain.Profile is not enhanced.

[2025-10-01 19:31:32 #3 type] 
Type domain.Erreklamazioa is not enhanced.

[2025-10-01 19:31:32 #4 type] 
Type domain.Mezua is not enhanced.

[2025-10-01 19:31:32 #5 type] 
Type domain.Ride is not enhanced.

[2025-10-01 19:31:32 #6 type] 
Type domain.RideRequest is not enhanced.

[2025-10-01 19:31:32 #7 type] 
Type domain.Alerta is not enhanced.

[2025-10-01 19:31:32 #8 type] 
Type domain.Driver is not enhanced.

[2025-10-01 19:31:32 #9 type] 
Type domain.Kotxe is not enhanced.

[2025-10-01 19:31:32 #10 type] 
Type domain.Geltoki is not enhanced.

[2025-10-01 19:31:32 #11 type] 
Type domain.Traveller is not enhanced.

[2025-10-01 19:31:32 #12 type] 
Type domain.Admin is not enhanced.

------------------------------------------------------------------------------------------------------------------------

[2025-10-01 19:31:51 #1 store] 
Database 'C:\Users\ekait\git\SI2Proiektua\Rides24Geltokiekin\src\main\resources\rides.temp' has been recovered (tr. 566-572)

[2025-10-01 19:31:51 #2 store] 
Database 'C:\Users\ekait\git\SI2Proiektua\Rides24Geltokiekin\src\main\resources\rides.temp' is opened by 10884@LAPTOP-1CQB3TB3

[2025-10-01 19:31:51 #3 type] 
Type domain.Profile is not enhanced.

[2025-10-01 19:31:51 #4 type] 
Type domain.Erreklamazioa is not enhanced.

[2025-10-01 19:31:51 #5 type] 
Type domain.Mezua is not enhanced.

[2025-10-01 19:31:51 #6 type] 
Type domain.Ride is not enhanced.

[2025-10-01 19:31:51 #7 type] 
Type domain.RideRequest is not enhanced.

[2025-10-01 19:31:51 #8 type] 
Type domain.Alerta is not enhanced.

[2025-10-01 19:31:51 #9 type] 
Type domain.Driver is not enhanced.

[2025-10-01 19:31:51 #10 type] 
Type domain.Kotxe is not enhanced.

[2025-10-01 19:31:51 #11 type] 
Type domain.Geltoki is not enhanced.

[2025-10-01 19:31:51 #12 type] 
Type domain.Traveller is not enhanced.

[2025-10-01 19:31:51 #13 type] 
Type domain.Admin is not enhanced.

------------------------------------------------------------------------------------------------------------------------

[2025-10-01 19:32:16 #1 store] 
Database 'C:\Users\ekait\git\SI2Proiektua\Rides24Geltokiekin\src\main\resources\rides.temp' has been recovered (tr. 573-579)

[2025-10-01 19:32:16 #2 store] 
Database 'C:\Users\ekait\git\SI2Proiektua\Rides24Geltokiekin\src\main\resources\rides.temp' is opened by 24440@LAPTOP-1CQB3TB3

[2025-10-01 19:32:16 #3 type] 
Type domain.Profile is not enhanced.

[2025-10-01 19:32:16 #4 type] 
Type domain.Erreklamazioa is not enhanced.

[2025-10-01 19:32:16 #5 type] 
Type domain.Mezua is not enhanced.

[2025-10-01 19:32:16 #6 type] 
Type domain.Ride is not enhanced.

[2025-10-01 19:32:16 #7 type] 
Type domain.RideRequest is not enhanced.

[2025-10-01 19:32:16 #8 type] 
Type domain.Alerta is not enhanced.

[2025-10-01 19:32:16 #9 type] 
Type domain.Driver is not enhanced.

[2025-10-01 19:32:16 #10 type] 
Type domain.Kotxe is not enhanced.

[2025-10-01 19:32:16 #11 type] 
Type domain.Geltoki is not enhanced.

[2025-10-01 19:32:16 #12 type] 
Type domain.Traveller is not enhanced.

[2025-10-01 19:32:16 #13 type] 
Type domain.Admin is not enhanced.

------------------------------------------------------------------------------------------------------------------------

[2025-10-01 19:32:39 #1 store] 
Database 'C:\Users\ekait\git\SI2Proiektua\Rides24Geltokiekin\src\main\resources\rides.temp' is opened by 11132@LAPTOP-1CQB3TB3

[2025-10-01 19:32:39 #2 type] 
Type domain.Profile is not enhanced.

[2025-10-01 19:32:39 #3 type] 
Type domain.Erreklamazioa is not enhanced.

[2025-10-01 19:32:39 #4 type] 
Type domain.Mezua is not enhanced.

[2025-10-01 19:32:39 #5 type] 
Type domain.Ride is not enhanced.

[2025-10-01 19:32:39 #6 type] 
Type domain.RideRequest is not enhanced.

[2025-10-01 19:32:39 #7 type] 
Type domain.Alerta is not enhanced.

[2025-10-01 19:32:39 #8 type] 
Type domain.Driver is not enhanced.

[2025-10-01 19:32:39 #9 type] 
Type domain.Kotxe is not enhanced.

[2025-10-01 19:32:39 #10 type] 
Type domain.Geltoki is not enhanced.

[2025-10-01 19:32:39 #11 type] 
Type domain.Traveller is not enhanced.

[2025-10-01 19:32:39 #12 type] 
Type domain.Admin is not enhanced.

------------------------------------------------------------------------------------------------------------------------

[2025-10-01 19:32:42 #1 store] 
Database 'C:\Users\ekait\git\SI2Proiektua\Rides24Geltokiekin\src\main\resources\rides.temp' is opened by 17916@LAPTOP-1CQB3TB3

[2025-10-01 19:32:42 #2 type] 
Type domain.Profile is not enhanced.

[2025-10-01 19:32:43 #3 type] 
Type domain.Erreklamazioa is not enhanced.

[2025-10-01 19:32:43 #4 type] 
Type domain.Mezua is not enhanced.

[2025-10-01 19:32:43 #5 type] 
Type domain.Ride is not enhanced.

[2025-10-01 19:32:43 #6 type] 
Type domain.RideRequest is not enhanced.

[2025-10-01 19:32:43 #7 type] 
Type domain.Alerta is not enhanced.

[2025-10-01 19:32:43 #8 type] 
Type domain.Driver is not enhanced.

[2025-10-01 19:32:43 #9 type] 
Type domain.Kotxe is not enhanced.

[2025-10-01 19:32:43 #10 type] 
Type domain.Geltoki is not enhanced.

[2025-10-01 19:32:43 #11 type] 
Type domain.Traveller is not enhanced.

[2025-10-01 19:32:43 #12 type] 
Type domain.Admin is not enhanced.

------------------------------------------------------------------------------------------------------------------------

[2025-10-01 19:33:31 #1 store] 
Database 'C:\Users\ekait\git\SI2Proiektua\Rides24Geltokiekin\src\main\resources\rides.temp' is opened by 10356@LAPTOP-1CQB3TB3

[2025-10-01 19:33:31 #2 type] 
Type domain.Profile is not enhanced.

[2025-10-01 19:33:31 #3 type] 
Type domain.Erreklamazioa is not enhanced.

[2025-10-01 19:33:31 #4 type] 
Type domain.Mezua is not enhanced.

[2025-10-01 19:33:31 #5 type] 
Type domain.Ride is not enhanced.

[2025-10-01 19:33:31 #6 type] 
Type domain.RideRequest is not enhanced.

[2025-10-01 19:33:31 #7 type] 
Type domain.Alerta is not enhanced.

[2025-10-01 19:33:31 #8 type] 
Type domain.Driver is not enhanced.

[2025-10-01 19:33:31 #9 type] 
Type domain.Kotxe is not enhanced.

[2025-10-01 19:33:31 #10 type] 
Type domain.Geltoki is not enhanced.

[2025-10-01 19:33:31 #11 type] 
Type domain.Traveller is not enhanced.

[2025-10-01 19:33:31 #12 type] 
Type domain.Admin is not enhanced.

------------------------------------------------------------------------------------------------------------------------

[2025-10-01 19:33:33 #1 store] 
Database 'C:\Users\ekait\git\SI2Proiektua\Rides24Geltokiekin\src\main\resources\rides.temp' has been recovered (tr. 580-592)

[2025-10-01 19:33:33 #2 store] 
Database 'C:\Users\ekait\git\SI2Proiektua\Rides24Geltokiekin\src\main\resources\rides.temp' is opened by 19624@LAPTOP-1CQB3TB3

[2025-10-01 19:33:33 #3 type] 
Type domain.Profile is not enhanced.

[2025-10-01 19:33:33 #4 type] 
Type domain.Erreklamazioa is not enhanced.

[2025-10-01 19:33:33 #5 type] 
Type domain.Mezua is not enhanced.

[2025-10-01 19:33:33 #6 type] 
Type domain.Ride is not enhanced.

[2025-10-01 19:33:33 #7 type] 
Type domain.RideRequest is not enhanced.

[2025-10-01 19:33:33 #8 type] 
Type domain.Alerta is not enhanced.

[2025-10-01 19:33:33 #9 type] 
Type domain.Driver is not enhanced.

[2025-10-01 19:33:33 #10 type] 
Type domain.Kotxe is not enhanced.

[2025-10-01 19:33:33 #11 type] 
Type domain.Geltoki is not enhanced.

[2025-10-01 19:33:33 #12 type] 
Type domain.Traveller is not enhanced.

[2025-10-01 19:33:33 #13 type] 
Type domain.Admin is not enhanced.

------------------------------------------------------------------------------------------------------------------------

[2025-10-01 19:34:34 #1 store] 
Database 'C:\Users\ekait\git\SI2Proiektua\Rides24Geltokiekin\src\main\resources\rides.temp' has been recovered (tr. 593-608)

[2025-10-01 19:34:34 #2 store] 
Database 'C:\Users\ekait\git\SI2Proiektua\Rides24Geltokiekin\src\main\resources\rides.temp' is opened by 8512@LAPTOP-1CQB3TB3

[2025-10-01 19:34:34 #3 type] 
Type domain.Profile is not enhanced.

[2025-10-01 19:34:34 #4 type] 
Type domain.Erreklamazioa is not enhanced.

[2025-10-01 19:34:34 #5 type] 
Type domain.Mezua is not enhanced.

[2025-10-01 19:34:34 #6 type] 
Type domain.Ride is not enhanced.

[2025-10-01 19:34:34 #7 type] 
Type domain.RideRequest is not enhanced.

[2025-10-01 19:34:34 #8 type] 
Type domain.Alerta is not enhanced.

[2025-10-01 19:34:34 #9 type] 
Type domain.Driver is not enhanced.

[2025-10-01 19:34:34 #10 type] 
Type domain.Kotxe is not enhanced.

[2025-10-01 19:34:34 #11 type] 
Type domain.Geltoki is not enhanced.

[2025-10-01 19:34:34 #12 type] 
Type domain.Traveller is not enhanced.

[2025-10-01 19:34:34 #13 type] 
Type domain.Admin is not enhanced.

------------------------------------------------------------------------------------------------------------------------

[2025-10-01 19:34:44 #1 store] 
Database 'C:\Users\ekait\git\SI2Proiektua\Rides24Geltokiekin\src\main\resources\rides.temp' has been recovered (tr. 609-624)

[2025-10-01 19:34:44 #2 store] 
Database 'C:\Users\ekait\git\SI2Proiektua\Rides24Geltokiekin\src\main\resources\rides.temp' is opened by 1144@LAPTOP-1CQB3TB3

[2025-10-01 19:34:44 #3 type] 
Type domain.Profile is not enhanced.

[2025-10-01 19:34:44 #4 type] 
Type domain.Erreklamazioa is not enhanced.

[2025-10-01 19:34:44 #5 type] 
Type domain.Mezua is not enhanced.

[2025-10-01 19:34:44 #6 type] 
Type domain.Ride is not enhanced.

[2025-10-01 19:34:44 #7 type] 
Type domain.RideRequest is not enhanced.

[2025-10-01 19:34:44 #8 type] 
Type domain.Alerta is not enhanced.

[2025-10-01 19:34:44 #9 type] 
Type domain.Driver is not enhanced.

[2025-10-01 19:34:44 #10 type] 
Type domain.Kotxe is not enhanced.

[2025-10-01 19:34:44 #11 type] 
Type domain.Geltoki is not enhanced.

[2025-10-01 19:34:44 #12 type] 
Type domain.Traveller is not enhanced.

[2025-10-01 19:34:44 #13 type] 
Type domain.Admin is not enhanced.

------------------------------------------------------------------------------------------------------------------------

[2025-10-01 19:36:09 #1 store] 
Database 'C:\Users\ekait\git\SI2Proiektua\Rides24Geltokiekin\src\main\resources\rides.temp' has been recovered (tr. 625-640)

[2025-10-01 19:36:09 #2 store] 
Database 'C:\Users\ekait\git\SI2Proiektua\Rides24Geltokiekin\src\main\resources\rides.temp' is opened by 20204@LAPTOP-1CQB3TB3

[2025-10-01 19:36:09 #3 type] 
Type domain.Profile is not enhanced.

[2025-10-01 19:36:09 #4 type] 
Type domain.Erreklamazioa is not enhanced.

[2025-10-01 19:36:09 #5 type] 
Type domain.Mezua is not enhanced.

[2025-10-01 19:36:09 #6 type] 
Type domain.Ride is not enhanced.

[2025-10-01 19:36:09 #7 type] 
Type domain.RideRequest is not enhanced.

[2025-10-01 19:36:09 #8 type] 
Type domain.Alerta is not enhanced.

[2025-10-01 19:36:09 #9 type] 
Type domain.Driver is not enhanced.

[2025-10-01 19:36:09 #10 type] 
Type domain.Kotxe is not enhanced.

[2025-10-01 19:36:09 #11 type] 
Type domain.Geltoki is not enhanced.

[2025-10-01 19:36:09 #12 type] 
Type domain.Traveller is not enhanced.

[2025-10-01 19:36:09 #13 type] 
Type domain.Admin is not enhanced.

------------------------------------------------------------------------------------------------------------------------

[2025-10-01 19:36:11 #1 store] 
Database 'C:\Users\ekait\git\SI2Proiektua\Rides24Geltokiekin\src\main\resources\rides.temp' has been recovered (tr. 641-656)

[2025-10-01 19:36:11 #2 store] 
Database 'C:\Users\ekait\git\SI2Proiektua\Rides24Geltokiekin\src\main\resources\rides.temp' is opened by 1940@LAPTOP-1CQB3TB3

[2025-10-01 19:36:12 #3 type] 
Type domain.Profile is not enhanced.

[2025-10-01 19:36:12 #4 type] 
Type domain.Erreklamazioa is not enhanced.

[2025-10-01 19:36:12 #5 type] 
Type domain.Mezua is not enhanced.

[2025-10-01 19:36:12 #6 type] 
Type domain.Ride is not enhanced.

[2025-10-01 19:36:12 #7 type] 
Type domain.RideRequest is not enhanced.

[2025-10-01 19:36:12 #8 type] 
Type domain.Alerta is not enhanced.

[2025-10-01 19:36:12 #9 type] 
Type domain.Driver is not enhanced.

[2025-10-01 19:36:12 #10 type] 
Type domain.Kotxe is not enhanced.

[2025-10-01 19:36:12 #11 type] 
Type domain.Geltoki is not enhanced.

[2025-10-01 19:36:12 #12 type] 
Type domain.Traveller is not enhanced.

[2025-10-01 19:36:12 #13 type] 
Type domain.Admin is not enhanced.

------------------------------------------------------------------------------------------------------------------------

[2025-10-01 19:37:16 #1 store] 
Database 'C:\Users\ekait\git\SI2Proiektua\Rides24Geltokiekin\src\main\resources\rides.temp' has been recovered (tr. 657-672)

[2025-10-01 19:37:16 #2 store] 
Database 'C:\Users\ekait\git\SI2Proiektua\Rides24Geltokiekin\src\main\resources\rides.temp' is opened by 9520@LAPTOP-1CQB3TB3

[2025-10-01 19:37:16 #3 type] 
Type domain.Profile is not enhanced.

[2025-10-01 19:37:16 #4 type] 
Type domain.Erreklamazioa is not enhanced.

[2025-10-01 19:37:16 #5 type] 
Type domain.Mezua is not enhanced.

[2025-10-01 19:37:16 #6 type] 
Type domain.Ride is not enhanced.

[2025-10-01 19:37:16 #7 type] 
Type domain.RideRequest is not enhanced.

[2025-10-01 19:37:16 #8 type] 
Type domain.Alerta is not enhanced.

[2025-10-01 19:37:16 #9 type] 
Type domain.Driver is not enhanced.

[2025-10-01 19:37:16 #10 type] 
Type domain.Kotxe is not enhanced.

[2025-10-01 19:37:16 #11 type] 
Type domain.Geltoki is not enhanced.

[2025-10-01 19:37:16 #12 type] 
Type domain.Traveller is not enhanced.

[2025-10-01 19:37:16 #13 type] 
Type domain.Admin is not enhanced.

------------------------------------------------------------------------------------------------------------------------

[2025-10-01 19:37:25 #1 store] 
Database 'C:\Users\ekait\git\SI2Proiektua\Rides24Geltokiekin\src\main\resources\rides.temp' has been recovered (tr. 673-688)

[2025-10-01 19:37:25 #2 store] 
Database 'C:\Users\ekait\git\SI2Proiektua\Rides24Geltokiekin\src\main\resources\rides.temp' is opened by 21688@LAPTOP-1CQB3TB3

[2025-10-01 19:37:25 #3 type] 
Type domain.Profile is not enhanced.

[2025-10-01 19:37:25 #4 type] 
Type domain.Erreklamazioa is not enhanced.

[2025-10-01 19:37:25 #5 type] 
Type domain.Mezua is not enhanced.

[2025-10-01 19:37:25 #6 type] 
Type domain.Ride is not enhanced.

[2025-10-01 19:37:25 #7 type] 
Type domain.RideRequest is not enhanced.

[2025-10-01 19:37:25 #8 type] 
Type domain.Alerta is not enhanced.

[2025-10-01 19:37:25 #9 type] 
Type domain.Driver is not enhanced.

[2025-10-01 19:37:25 #10 type] 
Type domain.Kotxe is not enhanced.

[2025-10-01 19:37:25 #11 type] 
Type domain.Geltoki is not enhanced.

[2025-10-01 19:37:25 #12 type] 
Type domain.Traveller is not enhanced.

[2025-10-01 19:37:25 #13 type] 
Type domain.Admin is not enhanced.

------------------------------------------------------------------------------------------------------------------------

[2025-10-01 19:37:44 #1 store] 
Database 'C:\Users\ekait\git\SI2Proiektua\Rides24Geltokiekin\src\main\resources\rides.temp' has been recovered (tr. 689-706)

[2025-10-01 19:37:44 #2 store] 
Database 'C:\Users\ekait\git\SI2Proiektua\Rides24Geltokiekin\src\main\resources\rides.temp' is opened by 21664@LAPTOP-1CQB3TB3

[2025-10-01 19:37:44 #3 type] 
Type domain.Profile is not enhanced.

[2025-10-01 19:37:44 #4 type] 
Type domain.Erreklamazioa is not enhanced.

[2025-10-01 19:37:44 #5 type] 
Type domain.Mezua is not enhanced.

[2025-10-01 19:37:44 #6 type] 
Type domain.Ride is not enhanced.

[2025-10-01 19:37:44 #7 type] 
Type domain.RideRequest is not enhanced.

[2025-10-01 19:37:44 #8 type] 
Type domain.Alerta is not enhanced.

[2025-10-01 19:37:44 #9 type] 
Type domain.Driver is not enhanced.

[2025-10-01 19:37:44 #10 type] 
Type domain.Kotxe is not enhanced.

[2025-10-01 19:37:44 #11 type] 
Type domain.Geltoki is not enhanced.

[2025-10-01 19:37:44 #12 type] 
Type domain.Traveller is not enhanced.

[2025-10-01 19:37:44 #13 type] 
Type domain.Admin is not enhanced.

------------------------------------------------------------------------------------------------------------------------

[2025-10-01 19:38:14 #1 store] 
Database 'C:\Users\ekait\git\SI2Proiektua\Rides24Geltokiekin\src\main\resources\rides.temp' has been recovered (tr. 707-732)

[2025-10-01 19:38:14 #2 store] 
Database 'C:\Users\ekait\git\SI2Proiektua\Rides24Geltokiekin\src\main\resources\rides.temp' is opened by 15040@LAPTOP-1CQB3TB3

[2025-10-01 19:38:15 #3 type] 
Type domain.Profile is not enhanced.

[2025-10-01 19:38:15 #4 type] 
Type domain.Erreklamazioa is not enhanced.

[2025-10-01 19:38:15 #5 type] 
Type domain.Mezua is not enhanced.

[2025-10-01 19:38:15 #6 type] 
Type domain.Ride is not enhanced.

[2025-10-01 19:38:15 #7 type] 
Type domain.RideRequest is not enhanced.

[2025-10-01 19:38:15 #8 type] 
Type domain.Alerta is not enhanced.

[2025-10-01 19:38:15 #9 type] 
Type domain.Driver is not enhanced.

[2025-10-01 19:38:15 #10 type] 
Type domain.Kotxe is not enhanced.

[2025-10-01 19:38:15 #11 type] 
Type domain.Geltoki is not enhanced.

[2025-10-01 19:38:15 #12 type] 
Type domain.Traveller is not enhanced.

[2025-10-01 19:38:15 #13 type] 
Type domain.Admin is not enhanced.

------------------------------------------------------------------------------------------------------------------------

[2025-10-01 19:39:13 #1 store] 
Database 'C:\Users\ekait\git\SI2Proiektua\Rides24Geltokiekin\src\main\resources\rides.temp' has been recovered (tr. 733-748)

[2025-10-01 19:39:13 #2 store] 
Database 'C:\Users\ekait\git\SI2Proiektua\Rides24Geltokiekin\src\main\resources\rides.temp' is opened by 13760@LAPTOP-1CQB3TB3

[2025-10-01 19:39:13 #3 type] 
Type domain.Profile is not enhanced.

[2025-10-01 19:39:13 #4 type] 
Type domain.Erreklamazioa is not enhanced.

[2025-10-01 19:39:13 #5 type] 
Type domain.Mezua is not enhanced.

[2025-10-01 19:39:13 #6 type] 
Type domain.Ride is not enhanced.

[2025-10-01 19:39:13 #7 type] 
Type domain.RideRequest is not enhanced.

[2025-10-01 19:39:13 #8 type] 
Type domain.Alerta is not enhanced.

[2025-10-01 19:39:13 #9 type] 
Type domain.Driver is not enhanced.

[2025-10-01 19:39:13 #10 type] 
Type domain.Kotxe is not enhanced.

[2025-10-01 19:39:13 #11 type] 
Type domain.Geltoki is not enhanced.

[2025-10-01 19:39:13 #12 type] 
Type domain.Traveller is not enhanced.

[2025-10-01 19:39:13 #13 type] 
Type domain.Admin is not enhanced.

------------------------------------------------------------------------------------------------------------------------

[2025-10-01 19:39:38 #1 store] 
Database 'C:\Users\ekait\git\SI2Proiektua\Rides24Geltokiekin\src\main\resources\rides.temp' has been recovered (tr. 749-764)

[2025-10-01 19:39:38 #2 store] 
Database 'C:\Users\ekait\git\SI2Proiektua\Rides24Geltokiekin\src\main\resources\rides.temp' is opened by 23980@LAPTOP-1CQB3TB3

[2025-10-01 19:39:39 #3 type] 
Type domain.Profile is not enhanced.

[2025-10-01 19:39:39 #4 type] 
Type domain.Erreklamazioa is not enhanced.

[2025-10-01 19:39:39 #5 type] 
Type domain.Mezua is not enhanced.

[2025-10-01 19:39:39 #6 type] 
Type domain.Ride is not enhanced.

[2025-10-01 19:39:39 #7 type] 
Type domain.RideRequest is not enhanced.

[2025-10-01 19:39:39 #8 type] 
Type domain.Alerta is not enhanced.

[2025-10-01 19:39:39 #9 type] 
Type domain.Driver is not enhanced.

[2025-10-01 19:39:39 #10 type] 
Type domain.Kotxe is not enhanced.

[2025-10-01 19:39:39 #11 type] 
Type domain.Geltoki is not enhanced.

[2025-10-01 19:39:39 #12 type] 
Type domain.Traveller is not enhanced.

[2025-10-01 19:39:39 #13 type] 
Type domain.Admin is not enhanced.

