------------------------------------------------------------------------------------------------------------------------

[2025-02-28 11:06:28 #1 store] 
Database 'C:\Users\Usuario-Pc\OneDrive\Escritorio\Urtzi Universidad\workspace\SI\Rides24\src\main\resources\rides.temp' is opened by 2488@DESKTOP-EH9B0CP

[2025-02-28 11:06:28 #2 type] 
Type domain.Profile is not enhanced.

[2025-02-28 11:06:28 #3 type] 
Type domain.Driver is not enhanced.

[2025-02-28 11:06:28 #4 type] 
Type domain.Ride is not enhanced.

------------------------------------------------------------------------------------------------------------------------

[2025-02-28 11:06:37 #1 store] 
Database 'C:\Users\Usuario-Pc\OneDrive\Escritorio\Urtzi Universidad\workspace\SI\Rides24\src\main\resources\rides.temp' is opened by 15396@DESKTOP-EH9B0CP

[2025-02-28 11:06:37 #2 type] 
Type domain.Profile is not enhanced.

[2025-02-28 11:06:37 #3 type] 
Type domain.Driver is not enhanced.

[2025-02-28 11:06:37 #4 type] 
Type domain.Ride is not enhanced.

------------------------------------------------------------------------------------------------------------------------

[2025-02-28 11:20:35 #1 store] 
Database 'C:\Users\Usuario-Pc\OneDrive\Escritorio\Urtzi Universidad\workspace\SI\Rides24\src\main\resources\rides.temp' is opened by 12024@DESKTOP-EH9B0CP

[2025-02-28 11:20:51 #2 type.registry] 
New type domain.Profile

[2025-02-28 11:20:51 #3 type] 
Type domain.Profile is not enhanced.

[2025-02-28 11:20:52 #4 type.registry] 
New type domain.Driver

[2025-02-28 11:20:52 #5 type] 
Type domain.Driver is not enhanced.

[2025-02-28 11:20:52 #6 type.registry] 
New type domain.Ride

[2025-02-28 11:20:52 #7 type] 
Type domain.Ride is not enhanced.

[2025-02-28 11:20:52 #8 type.registry] 
New type java.util.Vector<java.lang.Object>

[2025-02-28 11:20:52 #9 type.registry] 
New type java.util.Vector<domain.Ride>

------------------------------------------------------------------------------------------------------------------------

[2025-02-28 11:24:00 #1 store] 
Database 'C:\Users\Usuario-Pc\OneDrive\Escritorio\Urtzi Universidad\workspace\SI\Rides24\src\main\resources\rides.temp' has been recovered (tr. 1-7)

[2025-02-28 11:24:00 #2 store] 
Database 'C:\Users\Usuario-Pc\OneDrive\Escritorio\Urtzi Universidad\workspace\SI\Rides24\src\main\resources\rides.temp' is opened by 8032@DESKTOP-EH9B0CP

[2025-02-28 11:24:01 #3 type] 
Type domain.Profile is not enhanced.

[2025-02-28 11:24:01 #4 type] 
Type domain.Driver is not enhanced.

[2025-02-28 11:24:01 #5 type] 
Type domain.Ride is not enhanced.

[2025-02-28 11:24:24 #6 type.registry] 
New type java.util.ArrayList<java.lang.Object>

[2025-02-28 11:24:45 #7 type.registry] 
New type domain.Traveller

[2025-02-28 11:24:45 #8 type] 
Type domain.Traveller is not enhanced.

------------------------------------------------------------------------------------------------------------------------

[2025-02-28 11:27:40 #1 store] 
Database 'C:\Users\Usuario-Pc\OneDrive\Escritorio\Urtzi Universidad\workspace\SI\Rides24\src\main\resources\rides.temp' has been recovered (tr. 8-12)

[2025-02-28 11:27:40 #2 store] 
Database 'C:\Users\Usuario-Pc\OneDrive\Escritorio\Urtzi Universidad\workspace\SI\Rides24\src\main\resources\rides.temp' is opened by 5380@DESKTOP-EH9B0CP

[2025-02-28 11:27:40 #3 type] 
Type domain.Profile is not enhanced.

[2025-02-28 11:27:40 #4 type] 
Type domain.Driver is not enhanced.

[2025-02-28 11:27:40 #5 type] 
Type domain.Ride is not enhanced.

[2025-02-28 11:27:40 #6 type] 
Type domain.Traveller is not enhanced.

------------------------------------------------------------------------------------------------------------------------

[2025-02-28 11:28:59 #1 store] 
Database 'C:\Users\Usuario-Pc\OneDrive\Escritorio\Urtzi Universidad\workspace\SI\Rides24\src\main\resources\rides.temp' has been recovered (tr. 13-13)

[2025-02-28 11:28:59 #2 store] 
Database 'C:\Users\Usuario-Pc\OneDrive\Escritorio\Urtzi Universidad\workspace\SI\Rides24\src\main\resources\rides.temp' is opened by 16544@DESKTOP-EH9B0CP

[2025-02-28 11:28:59 #3 type] 
Type domain.Profile is not enhanced.

[2025-02-28 11:28:59 #4 type] 
Type domain.Driver is not enhanced.

[2025-02-28 11:28:59 #5 type] 
Type domain.Ride is not enhanced.

[2025-02-28 11:28:59 #6 type] 
Type domain.Traveller is not enhanced.

------------------------------------------------------------------------------------------------------------------------

[2025-02-28 11:32:43 #1 store] 
Database 'C:\Users\Usuario-Pc\OneDrive\Escritorio\Urtzi Universidad\workspace\SI\Rides24\src\main\resources\rides.temp' is opened by 5312@DESKTOP-EH9B0CP

[2025-02-28 11:32:43 #2 type] 
Type domain.Profile is not enhanced.

[2025-02-28 11:32:43 #3 type] 
Type domain.Driver is not enhanced.

[2025-02-28 11:32:43 #4 type] 
Type domain.Ride is not enhanced.

[2025-02-28 11:32:43 #5 type] 
Type domain.Traveller is not enhanced.

------------------------------------------------------------------------------------------------------------------------

[2025-02-28 11:34:53 #1 store] 
Database 'C:\Users\Usuario-Pc\OneDrive\Escritorio\Urtzi Universidad\workspace\SI\Rides24\src\main\resources\rides.temp' is opened by 2604@DESKTOP-EH9B0CP

[2025-02-28 11:34:53 #2 type] 
Type domain.Profile is not enhanced.

[2025-02-28 11:34:53 #3 type] 
Type domain.Driver is not enhanced.

[2025-02-28 11:34:53 #4 type] 
Type domain.Ride is not enhanced.

[2025-02-28 11:34:53 #5 type] 
Type domain.Traveller is not enhanced.

------------------------------------------------------------------------------------------------------------------------

[2025-02-28 11:38:45 #1 store] 
Database 'C:\Users\Usuario-Pc\OneDrive\Escritorio\Urtzi Universidad\workspace\SI\Rides24\src\main\resources\rides.temp' is opened by 15580@DESKTOP-EH9B0CP

[2025-02-28 11:38:45 #2 type] 
Type domain.Profile is not enhanced.

[2025-02-28 11:38:45 #3 type] 
Type domain.Driver is not enhanced.

[2025-02-28 11:38:45 #4 type] 
Type domain.Ride is not enhanced.

[2025-02-28 11:38:45 #5 type.registry] 
New type domain.RideRequest

[2025-02-28 11:38:45 #6 type] 
Type domain.Traveller is not enhanced.

[2025-02-28 11:38:45 #7 type] 
Type domain.RideRequest is not enhanced.

[2025-02-28 11:38:49 #8 type.registry] 
New type java.util.ArrayList<domain.RideRequest>

------------------------------------------------------------------------------------------------------------------------

[2025-02-28 11:41:45 #1 store] 
Database 'C:\Users\Usuario-Pc\OneDrive\Escritorio\Urtzi Universidad\workspace\SI\Rides24\src\main\resources\rides.temp' has been recovered (tr. 14-17)

[2025-02-28 11:41:45 #2 store] 
Database 'C:\Users\Usuario-Pc\OneDrive\Escritorio\Urtzi Universidad\workspace\SI\Rides24\src\main\resources\rides.temp' is opened by 6008@DESKTOP-EH9B0CP

[2025-02-28 11:41:46 #3 type] 
Type domain.Profile is not enhanced.

[2025-02-28 11:41:46 #4 type] 
Type domain.Driver is not enhanced.

[2025-02-28 11:41:46 #5 type] 
Type domain.Ride is not enhanced.

[2025-02-28 11:41:46 #6 type] 
Type domain.Traveller is not enhanced.

[2025-02-28 11:41:46 #7 type] 
Type domain.RideRequest is not enhanced.

------------------------------------------------------------------------------------------------------------------------

[2025-02-28 17:08:32 #1 store] 
Database 'C:\Users\Usuario-Pc\OneDrive\Escritorio\Urtzi Universidad\workspace\SI\Rides24\src\main\resources\rides.temp' has been recovered (tr. 18-31)

[2025-02-28 17:08:32 #2 store] 
Database 'C:\Users\Usuario-Pc\OneDrive\Escritorio\Urtzi Universidad\workspace\SI\Rides24\src\main\resources\rides.temp' is opened by 2592@DESKTOP-EH9B0CP

[2025-02-28 17:08:32 #3 type] 
Type domain.Profile is not enhanced.

[2025-02-28 17:08:32 #4 type] 
Type domain.Driver is not enhanced.

[2025-02-28 17:08:32 #5 type] 
Type domain.Ride is not enhanced.

[2025-02-28 17:08:32 #6 type] 
Type domain.Traveller is not enhanced.

[2025-02-28 17:08:32 #7 type] 
Type domain.RideRequest is not enhanced.

------------------------------------------------------------------------------------------------------------------------

[2025-02-28 17:10:36 #1 store] 
Database 'C:\Users\Usuario-Pc\OneDrive\Escritorio\Urtzi Universidad\workspace\SI\Rides24\src\main\resources\rides.temp' has been recovered (tr. 32-33)

[2025-02-28 17:10:36 #2 store] 
Database 'C:\Users\Usuario-Pc\OneDrive\Escritorio\Urtzi Universidad\workspace\SI\Rides24\src\main\resources\rides.temp' is opened by 6424@DESKTOP-EH9B0CP

[2025-02-28 17:10:36 #3 type] 
Type domain.Profile is not enhanced.

[2025-02-28 17:10:36 #4 type] 
Type domain.Driver is not enhanced.

[2025-02-28 17:10:36 #5 type] 
Type domain.Ride is not enhanced.

[2025-02-28 17:10:36 #6 type] 
Type domain.Traveller is not enhanced.

[2025-02-28 17:10:36 #7 type] 
Type domain.RideRequest is not enhanced.

------------------------------------------------------------------------------------------------------------------------

[2025-02-28 17:11:27 #1 store] 
Database 'C:\Users\Usuario-Pc\OneDrive\Escritorio\Urtzi Universidad\workspace\SI\Rides24\src\main\resources\rides.temp' is opened by 16896@DESKTOP-EH9B0CP

[2025-02-28 17:11:27 #2 type] 
Type domain.Profile is not enhanced.

[2025-02-28 17:11:27 #3 type] 
Type domain.Driver is not enhanced.

[2025-02-28 17:11:27 #4 type] 
Type domain.Ride is not enhanced.

[2025-02-28 17:11:27 #5 type] 
Type domain.Traveller is not enhanced.

[2025-02-28 17:11:27 #6 type] 
Type domain.RideRequest is not enhanced.

------------------------------------------------------------------------------------------------------------------------

[2025-02-28 17:12:15 #1 store] 
Database 'C:\Users\Usuario-Pc\OneDrive\Escritorio\Urtzi Universidad\workspace\SI\Rides24\src\main\resources\rides.temp' is opened by 6680@DESKTOP-EH9B0CP

[2025-02-28 17:12:15 #2 type] 
Type domain.Profile is not enhanced.

[2025-02-28 17:12:15 #3 type] 
Type domain.Driver is not enhanced.

[2025-02-28 17:12:15 #4 type] 
Type domain.Ride is not enhanced.

[2025-02-28 17:12:15 #5 type] 
Type domain.Traveller is not enhanced.

[2025-02-28 17:12:15 #6 type] 
Type domain.RideRequest is not enhanced.

------------------------------------------------------------------------------------------------------------------------

[2025-02-28 17:14:11 #1 store] 
Database 'C:\Users\Usuario-Pc\OneDrive\Escritorio\Urtzi Universidad\workspace\SI\Rides24\src\main\resources\rides.temp' is opened by 544@DESKTOP-EH9B0CP

[2025-02-28 17:14:11 #2 type] 
Type domain.Profile is not enhanced.

[2025-02-28 17:14:11 #3 type] 
Type domain.Driver is not enhanced.

[2025-02-28 17:14:11 #4 type] 
Type domain.Ride is not enhanced.

[2025-02-28 17:14:11 #5 type] 
Type domain.Traveller is not enhanced.

[2025-02-28 17:14:11 #6 type] 
Type domain.RideRequest is not enhanced.

------------------------------------------------------------------------------------------------------------------------

[2025-02-28 17:20:27 #1 store] 
Database 'C:\Users\Usuario-Pc\OneDrive\Escritorio\Urtzi Universidad\workspace\SI\Rides24\src\main\resources\rides.temp' is opened by 5936@DESKTOP-EH9B0CP

[2025-02-28 17:20:43 #2 type.registry] 
New type domain.Profile

[2025-02-28 17:20:43 #3 type] 
Type domain.Profile is not enhanced.

[2025-02-28 17:20:43 #4 type.registry] 
New type domain.Traveller

[2025-02-28 17:20:43 #5 type] 
Type domain.Traveller is not enhanced.

[2025-02-28 17:20:43 #6 type.registry] 
New type domain.RideRequest

[2025-02-28 17:20:43 #7 type] 
Type domain.RideRequest is not enhanced.

[2025-02-28 17:20:43 #8 type.registry] 
New type domain.Ride

[2025-02-28 17:20:43 #9 type] 
Type domain.Ride is not enhanced.

[2025-02-28 17:20:43 #10 type.registry] 
New type domain.Driver

[2025-02-28 17:20:43 #11 type] 
Type domain.Driver is not enhanced.

[2025-02-28 17:20:43 #12 type.registry] 
New type java.util.ArrayList<java.lang.Object>

[2025-02-28 17:20:43 #13 type.registry] 
New type java.util.ArrayList<domain.RideRequest>

[2025-02-28 17:21:16 #14 type.registry] 
New type java.util.Vector<java.lang.Object>

[2025-02-28 17:21:16 #15 type.registry] 
New type java.util.Vector<domain.Ride>

------------------------------------------------------------------------------------------------------------------------

[2025-02-28 17:26:45 #1 store] 
Database 'C:\Users\Usuario-Pc\OneDrive\Escritorio\Urtzi Universidad\workspace\SI\Rides24\src\main\resources\rides.temp' has been recovered (tr. 1-36)

[2025-02-28 17:26:46 #2 store] 
Database 'C:\Users\Usuario-Pc\OneDrive\Escritorio\Urtzi Universidad\workspace\SI\Rides24\src\main\resources\rides.temp' is opened by 16748@DESKTOP-EH9B0CP

[2025-02-28 17:26:46 #3 type] 
Type domain.Profile is not enhanced.

[2025-02-28 17:26:46 #4 type] 
Type domain.Traveller is not enhanced.

[2025-02-28 17:26:46 #5 type] 
Type domain.RideRequest is not enhanced.

[2025-02-28 17:26:46 #6 type] 
Type domain.Ride is not enhanced.

[2025-02-28 17:26:46 #7 type] 
Type domain.Driver is not enhanced.

------------------------------------------------------------------------------------------------------------------------

[2025-02-28 17:35:48 #1 store] 
Database 'C:\Users\Usuario-Pc\OneDrive\Escritorio\Urtzi Universidad\workspace\SI\Rides24\src\main\resources\rides.temp' is opened by 15304@DESKTOP-EH9B0CP

[2025-02-28 17:35:48 #2 type] 
Type domain.Profile is not enhanced.

[2025-02-28 17:35:48 #3 type] 
Type domain.Traveller is not enhanced.

[2025-02-28 17:35:48 #4 type] 
Type domain.RideRequest is not enhanced.

[2025-02-28 17:35:48 #5 type] 
Type domain.Ride is not enhanced.

[2025-02-28 17:35:48 #6 type] 
Type domain.Driver is not enhanced.

------------------------------------------------------------------------------------------------------------------------

[2025-02-28 17:46:53 #1 store] 
Database 'C:\Users\Usuario-Pc\OneDrive\Escritorio\Urtzi Universidad\workspace\SI\Rides24\src\main\resources\rides.temp' has been recovered (tr. 37-37)

[2025-02-28 17:46:53 #2 store] 
Database 'C:\Users\Usuario-Pc\OneDrive\Escritorio\Urtzi Universidad\workspace\SI\Rides24\src\main\resources\rides.temp' is opened by 6080@DESKTOP-EH9B0CP

[2025-02-28 17:46:53 #3 type] 
Type domain.Profile is not enhanced.

[2025-02-28 17:46:53 #4 type] 
Type domain.Traveller is not enhanced.

[2025-02-28 17:46:53 #5 type] 
Type domain.RideRequest is not enhanced.

[2025-02-28 17:46:53 #6 type] 
Type domain.Ride is not enhanced.

[2025-02-28 17:46:53 #7 type] 
Type domain.Driver is not enhanced.

------------------------------------------------------------------------------------------------------------------------

[2025-02-28 17:48:05 #1 store] 
Database 'C:\Users\Usuario-Pc\OneDrive\Escritorio\Urtzi Universidad\workspace\SI\Rides24\src\main\resources\rides.temp' is opened by 18508@DESKTOP-EH9B0CP

[2025-02-28 17:48:05 #2 type] 
Type domain.Profile is not enhanced.

[2025-02-28 17:48:05 #3 type] 
Type domain.Traveller is not enhanced.

[2025-02-28 17:48:05 #4 type] 
Type domain.RideRequest is not enhanced.

[2025-02-28 17:48:05 #5 type] 
Type domain.Ride is not enhanced.

[2025-02-28 17:48:05 #6 type] 
Type domain.Driver is not enhanced.

------------------------------------------------------------------------------------------------------------------------

[2025-02-28 17:49:53 #1 store] 
Database 'C:\Users\Usuario-Pc\OneDrive\Escritorio\Urtzi Universidad\workspace\SI\Rides24\src\main\resources\rides.temp' is opened by 15936@DESKTOP-EH9B0CP

[2025-02-28 17:49:54 #2 type] 
Type domain.Profile is not enhanced.

[2025-02-28 17:49:54 #3 type] 
Type domain.Traveller is not enhanced.

[2025-02-28 17:49:54 #4 type] 
Type domain.RideRequest is not enhanced.

[2025-02-28 17:49:54 #5 type] 
Type domain.Ride is not enhanced.

[2025-02-28 17:49:54 #6 type] 
Type domain.Driver is not enhanced.

------------------------------------------------------------------------------------------------------------------------

[2025-02-28 17:51:26 #1 store] 
Database 'C:\Users\Usuario-Pc\OneDrive\Escritorio\Urtzi Universidad\workspace\SI\Rides24\src\main\resources\rides.temp' has been recovered (tr. 38-39)

[2025-02-28 17:51:26 #2 store] 
Database 'C:\Users\Usuario-Pc\OneDrive\Escritorio\Urtzi Universidad\workspace\SI\Rides24\src\main\resources\rides.temp' is opened by 16612@DESKTOP-EH9B0CP

[2025-02-28 17:51:26 #3 type] 
Type domain.Profile is not enhanced.

[2025-02-28 17:51:27 #4 type] 
Type domain.Traveller is not enhanced.

[2025-02-28 17:51:27 #5 type] 
Type domain.RideRequest is not enhanced.

[2025-02-28 17:51:27 #6 type] 
Type domain.Ride is not enhanced.

[2025-02-28 17:51:27 #7 type] 
Type domain.Driver is not enhanced.

------------------------------------------------------------------------------------------------------------------------

[2025-02-28 17:51:55 #1 store] 
Database 'C:\Users\Usuario-Pc\OneDrive\Escritorio\Urtzi Universidad\workspace\SI\Rides24\src\main\resources\rides.temp' is opened by 7352@DESKTOP-EH9B0CP

[2025-02-28 17:51:56 #2 type] 
Type domain.Profile is not enhanced.

[2025-02-28 17:51:56 #3 type] 
Type domain.Traveller is not enhanced.

[2025-02-28 17:51:56 #4 type] 
Type domain.RideRequest is not enhanced.

[2025-02-28 17:51:56 #5 type] 
Type domain.Ride is not enhanced.

[2025-02-28 17:51:56 #6 type] 
Type domain.Driver is not enhanced.

------------------------------------------------------------------------------------------------------------------------

[2025-02-28 18:00:25 #1 store] 
Database 'C:\Users\Usuario-Pc\OneDrive\Escritorio\Urtzi Universidad\workspace\SI\Rides24\src\main\resources\rides.temp' is opened by 5512@DESKTOP-EH9B0CP

[2025-02-28 18:00:45 #2 type.registry] 
New type domain.Profile

[2025-02-28 18:00:45 #3 type] 
Type domain.Profile is not enhanced.

[2025-02-28 18:00:45 #4 type.registry] 
New type domain.Driver

[2025-02-28 18:00:45 #5 type] 
Type domain.Driver is not enhanced.

[2025-02-28 18:00:45 #6 type.registry] 
New type domain.Ride

[2025-02-28 18:00:45 #7 type] 
Type domain.Ride is not enhanced.

[2025-02-28 18:00:45 #8 type.registry] 
New type domain.RideRequest

[2025-02-28 18:00:45 #9 type] 
Type domain.RideRequest is not enhanced.

[2025-02-28 18:00:45 #10 type.registry] 
New type domain.Traveller

[2025-02-28 18:00:45 #11 type] 
Type domain.Traveller is not enhanced.

[2025-02-28 18:00:45 #12 type.registry] 
New type java.util.Vector<java.lang.Object>

[2025-02-28 18:00:45 #13 type.registry] 
New type java.util.Vector<domain.Ride>

[2025-02-28 18:01:05 #14 type.registry] 
New type java.util.ArrayList<java.lang.Object>

[2025-02-28 18:01:05 #15 type.registry] 
New type java.util.ArrayList<domain.RideRequest>

------------------------------------------------------------------------------------------------------------------------

[2025-02-28 18:03:45 #1 store] 
Database 'C:\Users\Usuario-Pc\OneDrive\Escritorio\Urtzi Universidad\workspace\SI\Rides24\src\main\resources\rides.temp' has been recovered (tr. 1-20)

[2025-02-28 18:03:45 #2 store] 
Database 'C:\Users\Usuario-Pc\OneDrive\Escritorio\Urtzi Universidad\workspace\SI\Rides24\src\main\resources\rides.temp' is opened by 10292@DESKTOP-EH9B0CP

[2025-02-28 18:03:45 #3 type] 
Type domain.Profile is not enhanced.

[2025-02-28 18:03:45 #4 type] 
Type domain.Driver is not enhanced.

[2025-02-28 18:03:45 #5 type] 
Type domain.Ride is not enhanced.

[2025-02-28 18:03:45 #6 type] 
Type domain.RideRequest is not enhanced.

[2025-02-28 18:03:45 #7 type] 
Type domain.Traveller is not enhanced.

------------------------------------------------------------------------------------------------------------------------

[2025-02-28 18:11:41 #1 store] 
Database 'C:\Users\Usuario-Pc\OneDrive\Escritorio\Urtzi Universidad\workspace\SI\Rides24\src\main\resources\rides.temp' is opened by 17484@DESKTOP-EH9B0CP

[2025-02-28 18:11:41 #2 type] 
Type domain.Profile is not enhanced.

[2025-02-28 18:11:41 #3 type] 
Type domain.Driver is not enhanced.

[2025-02-28 18:11:41 #4 type] 
Type domain.Ride is not enhanced.

[2025-02-28 18:11:41 #5 type] 
Type domain.RideRequest is not enhanced.

[2025-02-28 18:11:41 #6 type] 
Type domain.Traveller is not enhanced.

------------------------------------------------------------------------------------------------------------------------

[2025-02-28 18:14:24 #1 store] 
Database 'C:\Users\Usuario-Pc\OneDrive\Escritorio\Urtzi Universidad\workspace\SI\Rides24\src\main\resources\rides.temp' has been recovered (tr. 33-36)

[2025-02-28 18:14:24 #2 store] 
Database 'C:\Users\Usuario-Pc\OneDrive\Escritorio\Urtzi Universidad\workspace\SI\Rides24\src\main\resources\rides.temp' is opened by 7736@DESKTOP-EH9B0CP

[2025-02-28 18:14:24 #3 type] 
Type domain.Profile is not enhanced.

[2025-02-28 18:14:24 #4 type] 
Type domain.Driver is not enhanced.

[2025-02-28 18:14:24 #5 type] 
Type domain.Ride is not enhanced.

[2025-02-28 18:14:24 #6 type] 
Type domain.RideRequest is not enhanced.

[2025-02-28 18:14:24 #7 type] 
Type domain.Traveller is not enhanced.

------------------------------------------------------------------------------------------------------------------------

[2025-02-28 18:22:02 #1 store] 
Database 'C:\Users\Usuario-Pc\OneDrive\Escritorio\Urtzi Universidad\workspace\SI\Rides24\src\main\resources\rides.temp' is opened by 1824@DESKTOP-EH9B0CP

[2025-02-28 18:22:02 #2 type] 
Type domain.Profile is not enhanced.

[2025-02-28 18:22:02 #3 type] 
Type domain.Driver is not enhanced.

[2025-02-28 18:22:02 #4 type] 
Type domain.Ride is not enhanced.

[2025-02-28 18:22:02 #5 type] 
Type domain.RideRequest is not enhanced.

[2025-02-28 18:22:02 #6 type] 
Type domain.Traveller is not enhanced.

------------------------------------------------------------------------------------------------------------------------

[2025-02-28 18:31:21 #1 store] 
Database 'C:\Users\Usuario-Pc\OneDrive\Escritorio\Urtzi Universidad\workspace\SI\Rides24\src\main\resources\rides.temp' is opened by 9528@DESKTOP-EH9B0CP

[2025-02-28 18:31:21 #2 type] 
Type domain.Profile is not enhanced.

[2025-02-28 18:31:21 #3 type] 
Type domain.Driver is not enhanced.

[2025-02-28 18:31:21 #4 type] 
Type domain.Ride is not enhanced.

[2025-02-28 18:31:21 #5 type] 
Type domain.RideRequest is not enhanced.

[2025-02-28 18:31:21 #6 type] 
Type domain.Traveller is not enhanced.

------------------------------------------------------------------------------------------------------------------------

[2025-02-28 18:35:50 #1 store] 
Database 'C:\Users\Usuario-Pc\OneDrive\Escritorio\Urtzi Universidad\workspace\SI\Rides24\src\main\resources\rides.temp' has been recovered (tr. 42-42)

[2025-02-28 18:35:50 #2 store] 
Database 'C:\Users\Usuario-Pc\OneDrive\Escritorio\Urtzi Universidad\workspace\SI\Rides24\src\main\resources\rides.temp' is opened by 7928@DESKTOP-EH9B0CP

[2025-02-28 18:35:50 #3 type] 
Type domain.Profile is not enhanced.

[2025-02-28 18:35:50 #4 type] 
Type domain.Driver is not enhanced.

[2025-02-28 18:35:50 #5 type] 
Type domain.Ride is not enhanced.

[2025-02-28 18:35:50 #6 type] 
Type domain.RideRequest is not enhanced.

[2025-02-28 18:35:50 #7 type] 
Type domain.Traveller is not enhanced.

------------------------------------------------------------------------------------------------------------------------

[2025-02-28 18:39:47 #1 store] 
Database 'C:\Users\Usuario-Pc\OneDrive\Escritorio\Urtzi Universidad\workspace\SI\Rides24\src\main\resources\rides.temp' has been recovered (tr. 43-44)

[2025-02-28 18:39:47 #2 store] 
Database 'C:\Users\Usuario-Pc\OneDrive\Escritorio\Urtzi Universidad\workspace\SI\Rides24\src\main\resources\rides.temp' is opened by 14688@DESKTOP-EH9B0CP

[2025-02-28 18:39:47 #3 type] 
Type domain.Profile is not enhanced.

[2025-02-28 18:39:47 #4 type] 
Type domain.Driver is not enhanced.

[2025-02-28 18:39:47 #5 type] 
Type domain.Ride is not enhanced.

[2025-02-28 18:39:47 #6 type] 
Type domain.RideRequest is not enhanced.

[2025-02-28 18:39:47 #7 type] 
Type domain.Traveller is not enhanced.

------------------------------------------------------------------------------------------------------------------------

[2025-02-28 18:43:59 #1 store] 
Database 'C:\Users\Usuario-Pc\OneDrive\Escritorio\Urtzi Universidad\workspace\SI\Rides24\src\main\resources\rides.temp' has been recovered (tr. 45-54)

[2025-02-28 18:44:00 #2 store] 
Database 'C:\Users\Usuario-Pc\OneDrive\Escritorio\Urtzi Universidad\workspace\SI\Rides24\src\main\resources\rides.temp' is opened by 3132@DESKTOP-EH9B0CP

[2025-02-28 18:44:00 #3 type] 
Type domain.Profile is not enhanced.

[2025-02-28 18:44:00 #4 type] 
Type domain.Driver is not enhanced.

[2025-02-28 18:44:00 #5 type] 
Type domain.Ride is not enhanced.

[2025-02-28 18:44:00 #6 type] 
Type domain.RideRequest is not enhanced.

[2025-02-28 18:44:00 #7 type] 
Type domain.Traveller is not enhanced.

------------------------------------------------------------------------------------------------------------------------

[2025-02-28 18:49:09 #1 store] 
Database 'C:\Users\Usuario-Pc\OneDrive\Escritorio\Urtzi Universidad\workspace\SI\Rides24\src\main\resources\rides.temp' has been recovered (tr. 55-56)

[2025-02-28 18:49:09 #2 store] 
Database 'C:\Users\Usuario-Pc\OneDrive\Escritorio\Urtzi Universidad\workspace\SI\Rides24\src\main\resources\rides.temp' is opened by 13604@DESKTOP-EH9B0CP

[2025-02-28 18:49:09 #3 type] 
Type domain.Profile is not enhanced.

[2025-02-28 18:49:09 #4 type] 
Type domain.Driver is not enhanced.

[2025-02-28 18:49:09 #5 type] 
Type domain.Ride is not enhanced.

[2025-02-28 18:49:09 #6 type] 
Type domain.RideRequest is not enhanced.

[2025-02-28 18:49:09 #7 type] 
Type domain.Traveller is not enhanced.

------------------------------------------------------------------------------------------------------------------------

[2025-02-28 18:53:51 #1 store] 
Database 'C:\Users\Usuario-Pc\OneDrive\Escritorio\Urtzi Universidad\workspace\SI\Rides24\src\main\resources\rides.temp' has been recovered (tr. 57-70)

[2025-02-28 18:53:51 #2 store] 
Database 'C:\Users\Usuario-Pc\OneDrive\Escritorio\Urtzi Universidad\workspace\SI\Rides24\src\main\resources\rides.temp' is opened by 16616@DESKTOP-EH9B0CP

[2025-02-28 18:53:51 #3 type] 
Type domain.Profile is not enhanced.

[2025-02-28 18:53:52 #4 type] 
Type domain.Driver is not enhanced.

[2025-02-28 18:53:52 #5 type] 
Type domain.Ride is not enhanced.

[2025-02-28 18:53:52 #6 type] 
Type domain.RideRequest is not enhanced.

[2025-02-28 18:53:52 #7 type] 
Type domain.Traveller is not enhanced.

------------------------------------------------------------------------------------------------------------------------

[2025-02-28 18:57:38 #1 store] 
Database 'C:\Users\Usuario-Pc\OneDrive\Escritorio\Urtzi Universidad\workspace\SI\Rides24\src\main\resources\rides.temp' is opened by 16560@DESKTOP-EH9B0CP

[2025-02-28 18:57:51 #2 type.registry] 
New type domain.Profile

[2025-02-28 18:57:51 #3 type] 
Type domain.Profile is not enhanced.

[2025-02-28 18:57:51 #4 type.registry] 
New type domain.Driver

[2025-02-28 18:57:51 #5 type] 
Type domain.Driver is not enhanced.

[2025-02-28 18:57:51 #6 type.registry] 
New type domain.Ride

[2025-02-28 18:57:51 #7 type] 
Type domain.Ride is not enhanced.

[2025-02-28 18:57:51 #8 type.registry] 
New type domain.RideRequest

[2025-02-28 18:57:51 #9 type] 
Type domain.RideRequest is not enhanced.

[2025-02-28 18:57:51 #10 type.registry] 
New type domain.Traveller

[2025-02-28 18:57:51 #11 type] 
Type domain.Traveller is not enhanced.

[2025-02-28 18:57:51 #12 type.registry] 
New type java.util.Vector<java.lang.Object>

[2025-02-28 18:57:51 #13 type.registry] 
New type java.util.Vector<domain.Ride>

[2025-02-28 18:58:05 #14 type.registry] 
New type java.util.ArrayList<java.lang.Object>

[2025-02-28 18:58:05 #15 type.registry] 
New type java.util.ArrayList<domain.RideRequest>

------------------------------------------------------------------------------------------------------------------------

[2025-02-28 18:59:44 #1 store] 
Database 'C:\Users\Usuario-Pc\OneDrive\Escritorio\Urtzi Universidad\workspace\SI\Rides24\src\main\resources\rides.temp' has been recovered (tr. 1-22)

[2025-02-28 18:59:44 #2 store] 
Database 'C:\Users\Usuario-Pc\OneDrive\Escritorio\Urtzi Universidad\workspace\SI\Rides24\src\main\resources\rides.temp' is opened by 11292@DESKTOP-EH9B0CP

[2025-02-28 18:59:44 #3 type] 
Type domain.Profile is not enhanced.

[2025-02-28 18:59:44 #4 type] 
Type domain.Driver is not enhanced.

[2025-02-28 18:59:44 #5 type] 
Type domain.Ride is not enhanced.

[2025-02-28 18:59:44 #6 type] 
Type domain.RideRequest is not enhanced.

[2025-02-28 18:59:44 #7 type] 
Type domain.Traveller is not enhanced.

------------------------------------------------------------------------------------------------------------------------

[2025-02-28 19:00:39 #1 store] 
Database 'C:\Users\Usuario-Pc\OneDrive\Escritorio\Urtzi Universidad\workspace\SI\Rides24\src\main\resources\rides.temp' is opened by 17880@DESKTOP-EH9B0CP

[2025-02-28 19:00:39 #2 type] 
Type domain.Profile is not enhanced.

[2025-02-28 19:00:39 #3 type] 
Type domain.Driver is not enhanced.

[2025-02-28 19:00:39 #4 type] 
Type domain.Ride is not enhanced.

[2025-02-28 19:00:39 #5 type] 
Type domain.RideRequest is not enhanced.

[2025-02-28 19:00:39 #6 type] 
Type domain.Traveller is not enhanced.

------------------------------------------------------------------------------------------------------------------------

[2025-02-28 19:11:03 #1 store] 
Database 'C:\Users\Usuario-Pc\OneDrive\Escritorio\Urtzi Universidad\workspace\SI\Rides24\src\main\resources\rides.temp' has been recovered (tr. 23-29)

[2025-02-28 19:11:03 #2 store] 
Database 'C:\Users\Usuario-Pc\OneDrive\Escritorio\Urtzi Universidad\workspace\SI\Rides24\src\main\resources\rides.temp' is opened by 13748@DESKTOP-EH9B0CP

[2025-02-28 19:11:03 #3 type] 
Type domain.Profile is not enhanced.

[2025-02-28 19:11:03 #4 type] 
Type domain.Driver is not enhanced.

[2025-02-28 19:11:03 #5 type] 
Type domain.Ride is not enhanced.

[2025-02-28 19:11:03 #6 type] 
Type domain.RideRequest is not enhanced.

[2025-02-28 19:11:03 #7 type] 
Type domain.Traveller is not enhanced.

------------------------------------------------------------------------------------------------------------------------

[2025-02-28 19:15:10 #1 store] 
Database 'C:\Users\Usuario-Pc\OneDrive\Escritorio\Urtzi Universidad\workspace\SI\Rides24\src\main\resources\rides.temp' is opened by 17532@DESKTOP-EH9B0CP

[2025-02-28 19:15:10 #2 type] 
Type domain.Profile is not enhanced.

[2025-02-28 19:15:10 #3 type] 
Type domain.Driver is not enhanced.

[2025-02-28 19:15:10 #4 type] 
Type domain.Ride is not enhanced.

[2025-02-28 19:15:10 #5 type] 
Type domain.RideRequest is not enhanced.

[2025-02-28 19:15:10 #6 type] 
Type domain.Traveller is not enhanced.

------------------------------------------------------------------------------------------------------------------------

[2025-02-28 19:16:10 #1 store] 
Database 'C:\Users\Usuario-Pc\OneDrive\Escritorio\Urtzi Universidad\workspace\SI\Rides24\src\main\resources\rides.temp' is opened by 5564@DESKTOP-EH9B0CP

[2025-02-28 19:16:11 #2 type] 
Type domain.Profile is not enhanced.

[2025-02-28 19:16:11 #3 type] 
Type domain.Driver is not enhanced.

[2025-02-28 19:16:11 #4 type] 
Type domain.Ride is not enhanced.

[2025-02-28 19:16:11 #5 type] 
Type domain.RideRequest is not enhanced.

[2025-02-28 19:16:11 #6 type] 
Type domain.Traveller is not enhanced.

------------------------------------------------------------------------------------------------------------------------

[2025-02-28 19:18:10 #1 store] 
Database 'C:\Users\Usuario-Pc\OneDrive\Escritorio\Urtzi Universidad\workspace\SI\Rides24\src\main\resources\rides.temp' has been recovered (tr. 30-37)

[2025-02-28 19:18:10 #2 store] 
Database 'C:\Users\Usuario-Pc\OneDrive\Escritorio\Urtzi Universidad\workspace\SI\Rides24\src\main\resources\rides.temp' is opened by 15084@DESKTOP-EH9B0CP

[2025-02-28 19:18:11 #3 type] 
Type domain.Profile is not enhanced.

[2025-02-28 19:18:11 #4 type] 
Type domain.Driver is not enhanced.

[2025-02-28 19:18:11 #5 type] 
Type domain.Ride is not enhanced.

[2025-02-28 19:18:11 #6 type] 
Type domain.RideRequest is not enhanced.

[2025-02-28 19:18:11 #7 type] 
Type domain.Traveller is not enhanced.

------------------------------------------------------------------------------------------------------------------------

[2025-02-28 19:21:47 #1 store] 
Database 'C:\Users\Usuario-Pc\OneDrive\Escritorio\Urtzi Universidad\workspace\SI\Rides24\src\main\resources\rides.temp' has been recovered (tr. 38-45)

[2025-02-28 19:21:47 #2 store] 
Database 'C:\Users\Usuario-Pc\OneDrive\Escritorio\Urtzi Universidad\workspace\SI\Rides24\src\main\resources\rides.temp' is opened by 18344@DESKTOP-EH9B0CP

[2025-02-28 19:21:47 #3 type] 
Type domain.Profile is not enhanced.

[2025-02-28 19:21:47 #4 type] 
Type domain.Driver is not enhanced.

[2025-02-28 19:21:47 #5 type] 
Type domain.Ride is not enhanced.

[2025-02-28 19:21:47 #6 type] 
Type domain.RideRequest is not enhanced.

[2025-02-28 19:21:47 #7 type] 
Type domain.Traveller is not enhanced.

------------------------------------------------------------------------------------------------------------------------

[2025-02-28 19:26:10 #1 store] 
Database 'C:\Users\Usuario-Pc\OneDrive\Escritorio\Urtzi Universidad\workspace\SI\Rides24\src\main\resources\rides.temp' has been recovered (tr. 46-57)

[2025-02-28 19:26:10 #2 store] 
Database 'C:\Users\Usuario-Pc\OneDrive\Escritorio\Urtzi Universidad\workspace\SI\Rides24\src\main\resources\rides.temp' is opened by 8752@DESKTOP-EH9B0CP

[2025-02-28 19:26:11 #3 type] 
Type domain.Profile is not enhanced.

[2025-02-28 19:26:11 #4 type] 
Type domain.Driver is not enhanced.

[2025-02-28 19:26:11 #5 type] 
Type domain.Ride is not enhanced.

[2025-02-28 19:26:11 #6 type] 
Type domain.RideRequest is not enhanced.

[2025-02-28 19:26:11 #7 type] 
Type domain.Traveller is not enhanced.

------------------------------------------------------------------------------------------------------------------------

[2025-02-28 19:28:40 #1 store] 
Database 'C:\Users\Usuario-Pc\OneDrive\Escritorio\Urtzi Universidad\workspace\SI\Rides24\src\main\resources\rides.temp' has been recovered (tr. 58-58)

[2025-02-28 19:28:40 #2 store] 
Database 'C:\Users\Usuario-Pc\OneDrive\Escritorio\Urtzi Universidad\workspace\SI\Rides24\src\main\resources\rides.temp' is opened by 2312@DESKTOP-EH9B0CP

[2025-02-28 19:28:40 #3 type] 
Type domain.Profile is not enhanced.

[2025-02-28 19:28:40 #4 type] 
Type domain.Driver is not enhanced.

[2025-02-28 19:28:40 #5 type] 
Type domain.Ride is not enhanced.

[2025-02-28 19:28:40 #6 type] 
Type domain.RideRequest is not enhanced.

[2025-02-28 19:28:40 #7 type] 
Type domain.Traveller is not enhanced.

------------------------------------------------------------------------------------------------------------------------

[2025-02-28 19:33:03 #1 store] 
Database 'C:\Users\Usuario-Pc\OneDrive\Escritorio\Urtzi Universidad\workspace\SI\Rides24\src\main\resources\rides.temp' is opened by 824@DESKTOP-EH9B0CP

[2025-02-28 19:33:03 #2 type] 
Type domain.Profile is not enhanced.

[2025-02-28 19:33:03 #3 type] 
Type domain.Driver is not enhanced.

[2025-02-28 19:33:03 #4 type] 
Type domain.Ride is not enhanced.

[2025-02-28 19:33:03 #5 type] 
Type domain.RideRequest is not enhanced.

[2025-02-28 19:33:03 #6 type] 
Type domain.Traveller is not enhanced.

------------------------------------------------------------------------------------------------------------------------

[2025-02-28 19:34:25 #1 store] 
Database 'C:\Users\Usuario-Pc\OneDrive\Escritorio\Urtzi Universidad\workspace\SI\Rides24\src\main\resources\rides.temp' has been recovered (tr. 59-63)

[2025-02-28 19:34:25 #2 store] 
Database 'C:\Users\Usuario-Pc\OneDrive\Escritorio\Urtzi Universidad\workspace\SI\Rides24\src\main\resources\rides.temp' is opened by 15460@DESKTOP-EH9B0CP

[2025-02-28 19:34:25 #3 type] 
Type domain.Profile is not enhanced.

[2025-02-28 19:34:25 #4 type] 
Type domain.Driver is not enhanced.

[2025-02-28 19:34:25 #5 type] 
Type domain.Ride is not enhanced.

[2025-02-28 19:34:25 #6 type] 
Type domain.RideRequest is not enhanced.

[2025-02-28 19:34:25 #7 type] 
Type domain.Traveller is not enhanced.

------------------------------------------------------------------------------------------------------------------------

[2025-02-28 19:38:00 #1 store] 
Database 'C:\Users\Usuario-Pc\OneDrive\Escritorio\Urtzi Universidad\workspace\SI\Rides24\src\main\resources\rides.temp' has been recovered (tr. 64-65)

[2025-02-28 19:38:00 #2 store] 
Database 'C:\Users\Usuario-Pc\OneDrive\Escritorio\Urtzi Universidad\workspace\SI\Rides24\src\main\resources\rides.temp' is opened by 4860@DESKTOP-EH9B0CP

[2025-02-28 19:38:00 #3 type] 
Type domain.Profile is not enhanced.

[2025-02-28 19:38:00 #4 type] 
Type domain.Driver is not enhanced.

[2025-02-28 19:38:00 #5 type] 
Type domain.Ride is not enhanced.

[2025-02-28 19:38:00 #6 type] 
Type domain.RideRequest is not enhanced.

[2025-02-28 19:38:00 #7 type] 
Type domain.Traveller is not enhanced.

------------------------------------------------------------------------------------------------------------------------

[2025-02-28 19:40:23 #1 store] 
Database 'C:\Users\Usuario-Pc\OneDrive\Escritorio\Urtzi Universidad\workspace\SI\Rides24\src\main\resources\rides.temp' has been recovered (tr. 66-78)

[2025-02-28 19:40:23 #2 store] 
Database 'C:\Users\Usuario-Pc\OneDrive\Escritorio\Urtzi Universidad\workspace\SI\Rides24\src\main\resources\rides.temp' is opened by 19128@DESKTOP-EH9B0CP

[2025-02-28 19:40:23 #3 type] 
Type domain.Profile is not enhanced.

[2025-02-28 19:40:23 #4 type] 
Type domain.Driver is not enhanced.

[2025-02-28 19:40:23 #5 type] 
Type domain.Ride is not enhanced.

[2025-02-28 19:40:23 #6 type] 
Type domain.RideRequest is not enhanced.

[2025-02-28 19:40:23 #7 type] 
Type domain.Traveller is not enhanced.

------------------------------------------------------------------------------------------------------------------------

[2025-02-28 19:53:52 #1 store] 
Database 'C:\Users\Usuario-Pc\OneDrive\Escritorio\Urtzi Universidad\workspace\SI\Rides24\src\main\resources\rides.temp' is opened by 12508@DESKTOP-EH9B0CP

[2025-02-28 19:53:52 #2 type] 
Type domain.Profile is not enhanced.

[2025-02-28 19:53:52 #3 type] 
Type domain.Driver is not enhanced.

[2025-02-28 19:53:52 #4 type] 
Type domain.Ride is not enhanced.

[2025-02-28 19:53:52 #5 type] 
Type domain.RideRequest is not enhanced.

[2025-02-28 19:53:52 #6 type] 
Type domain.Traveller is not enhanced.

