------------------------------------------------------------------------------------------------------------------------

[2025-03-17 16:45:09 #1 store] 
Database 'C:\Users\ekait\eclipse-workspace\Rides24\src\main\resources\rides.temp' has been recovered (tr. 20-51)

[2025-03-17 16:45:09 #2 store] 
Database 'C:\Users\ekait\eclipse-workspace\Rides24\src\main\resources\rides.temp' is opened by 12144@LAPTOP-1CQB3TB3

[2025-03-17 16:45:09 #3 type] 
Type domain.Profile is not enhanced.

[2025-03-17 16:45:09 #4 type.registry] 
New type domain.Mezua

[2025-03-17 16:45:09 #5 type] 
Type domain.Driver is not enhanced.

[2025-03-17 16:45:09 #6 type] 
Type domain.Kotxe is not enhanced.

[2025-03-17 16:45:09 #7 type] 
Type domain.Ride is not enhanced.

[2025-03-17 16:45:09 #8 type] 
Type domain.RideRequest is not enhanced.

[2025-03-17 16:45:09 #9 type] 
Type domain.Traveller is not enhanced.

------------------------------------------------------------------------------------------------------------------------

[2025-03-17 16:46:28 #1 store] 
Database 'C:\Users\ekait\eclipse-workspace\Rides24\src\main\resources\rides.temp' has been recovered (tr. 52-52)

[2025-03-17 16:46:28 #2 store] 
Database 'C:\Users\ekait\eclipse-workspace\Rides24\src\main\resources\rides.temp' is opened by 14440@LAPTOP-1CQB3TB3

[2025-03-17 16:46:28 #3 type] 
Type domain.Profile is not enhanced.

[2025-03-17 16:46:28 #4 type] 
Type domain.Driver is not enhanced.

[2025-03-17 16:46:28 #5 type] 
Type domain.Kotxe is not enhanced.

[2025-03-17 16:46:28 #6 type] 
Type domain.Ride is not enhanced.

[2025-03-17 16:46:28 #7 type] 
Type domain.RideRequest is not enhanced.

[2025-03-17 16:46:28 #8 type] 
Type domain.Traveller is not enhanced.

------------------------------------------------------------------------------------------------------------------------

[2025-03-17 16:48:02 #1 store] 
Database 'C:\Users\ekait\eclipse-workspace\Rides24\src\main\resources\rides.temp' is opened by 8164@LAPTOP-1CQB3TB3

[2025-03-17 16:48:02 #2 type] 
Type domain.Profile is not enhanced.

[2025-03-17 16:48:02 #3 type] 
Type domain.Driver is not enhanced.

[2025-03-17 16:48:02 #4 type] 
Type domain.Kotxe is not enhanced.

[2025-03-17 16:48:02 #5 type] 
Type domain.Ride is not enhanced.

[2025-03-17 16:48:02 #6 type] 
Type domain.RideRequest is not enhanced.

[2025-03-17 16:48:02 #7 type] 
Type domain.Traveller is not enhanced.

------------------------------------------------------------------------------------------------------------------------

[2025-03-17 16:48:59 #1 store] 
Database 'C:\Users\ekait\eclipse-workspace\Rides24\src\main\resources\rides.temp' is opened by 4552@LAPTOP-1CQB3TB3

[2025-03-17 16:48:59 #2 type] 
Type domain.Profile is not enhanced.

[2025-03-17 16:48:59 #3 type] 
Type domain.Driver is not enhanced.

[2025-03-17 16:48:59 #4 type] 
Type domain.Kotxe is not enhanced.

[2025-03-17 16:48:59 #5 type] 
Type domain.Ride is not enhanced.

[2025-03-17 16:48:59 #6 type] 
Type domain.RideRequest is not enhanced.

[2025-03-17 16:48:59 #7 type] 
Type domain.Traveller is not enhanced.

------------------------------------------------------------------------------------------------------------------------

[2025-03-17 16:53:00 #1 store] 
Database 'C:\Users\ekait\eclipse-workspace\Rides24\src\main\resources\rides.temp' is opened by 8788@LAPTOP-1CQB3TB3

[2025-03-17 16:53:00 #2 type] 
Type domain.Profile is not enhanced.

[2025-03-17 16:53:00 #3 type] 
Type domain.Driver is not enhanced.

[2025-03-17 16:53:00 #4 type] 
Type domain.Kotxe is not enhanced.

[2025-03-17 16:53:00 #5 type] 
Type domain.Ride is not enhanced.

[2025-03-17 16:53:00 #6 type] 
Type domain.RideRequest is not enhanced.

[2025-03-17 16:53:00 #7 type] 
Type domain.Traveller is not enhanced.

------------------------------------------------------------------------------------------------------------------------

[2025-03-17 16:53:21 #1 store] 
Database 'C:\Users\ekait\eclipse-workspace\Rides24\src\main\resources\rides.temp' is opened by 3920@LAPTOP-1CQB3TB3

[2025-03-17 16:53:21 #2 type] 
Type domain.Profile is not enhanced.

[2025-03-17 16:53:21 #3 type] 
Type domain.Driver is not enhanced.

[2025-03-17 16:53:21 #4 type] 
Type domain.Kotxe is not enhanced.

[2025-03-17 16:53:21 #5 type] 
Type domain.Ride is not enhanced.

[2025-03-17 16:53:21 #6 type] 
Type domain.RideRequest is not enhanced.

[2025-03-17 16:53:21 #7 type] 
Type domain.Traveller is not enhanced.

------------------------------------------------------------------------------------------------------------------------

[2025-03-17 16:54:55 #1 store] 
Database 'C:\Users\ekait\eclipse-workspace\Rides24\src\main\resources\rides.temp' has been recovered (tr. 53-53)

[2025-03-17 16:54:55 #2 store] 
Database 'C:\Users\ekait\eclipse-workspace\Rides24\src\main\resources\rides.temp' is opened by 2744@LAPTOP-1CQB3TB3

[2025-03-17 16:54:56 #3 type] 
Type domain.Profile is not enhanced.

[2025-03-17 16:54:56 #4 type] 
Type domain.Driver is not enhanced.

[2025-03-17 16:54:56 #5 type] 
Type domain.Kotxe is not enhanced.

[2025-03-17 16:54:56 #6 type] 
Type domain.Ride is not enhanced.

[2025-03-17 16:54:56 #7 type] 
Type domain.RideRequest is not enhanced.

[2025-03-17 16:54:56 #8 type] 
Type domain.Traveller is not enhanced.

------------------------------------------------------------------------------------------------------------------------

[2025-03-17 16:56:30 #1 store] 
Database 'C:\Users\ekait\eclipse-workspace\Rides24\src\main\resources\rides.temp' has been recovered (tr. 54-54)

[2025-03-17 16:56:30 #2 store] 
Database 'C:\Users\ekait\eclipse-workspace\Rides24\src\main\resources\rides.temp' is opened by 18328@LAPTOP-1CQB3TB3

[2025-03-17 16:56:30 #3 type] 
Type domain.Profile is not enhanced.

[2025-03-17 16:56:30 #4 type] 
Type domain.Driver is not enhanced.

[2025-03-17 16:56:30 #5 type] 
Type domain.Kotxe is not enhanced.

[2025-03-17 16:56:30 #6 type] 
Type domain.Ride is not enhanced.

[2025-03-17 16:56:30 #7 type] 
Type domain.RideRequest is not enhanced.

[2025-03-17 16:56:30 #8 type] 
Type domain.Traveller is not enhanced.

------------------------------------------------------------------------------------------------------------------------

[2025-03-17 17:01:17 #1 store] 
Database 'C:\Users\ekait\eclipse-workspace\Rides24\src\main\resources\rides.temp' has been recovered (tr. 55-55)

[2025-03-17 17:01:17 #2 store] 
Database 'C:\Users\ekait\eclipse-workspace\Rides24\src\main\resources\rides.temp' is opened by 6064@LAPTOP-1CQB3TB3

[2025-03-17 17:01:17 #3 type] 
Type domain.Profile is not enhanced.

[2025-03-17 17:01:17 #4 type] 
Type domain.Driver is not enhanced.

[2025-03-17 17:01:17 #5 type] 
Type domain.Kotxe is not enhanced.

[2025-03-17 17:01:17 #6 type] 
Type domain.Ride is not enhanced.

[2025-03-17 17:01:17 #7 type] 
Type domain.RideRequest is not enhanced.

[2025-03-17 17:01:17 #8 type] 
Type domain.Traveller is not enhanced.

------------------------------------------------------------------------------------------------------------------------

[2025-03-17 17:04:39 #1 store] 
Database 'C:\Users\ekait\eclipse-workspace\Rides24\src\main\resources\rides.temp' has been recovered (tr. 56-56)

[2025-03-17 17:04:39 #2 store] 
Database 'C:\Users\ekait\eclipse-workspace\Rides24\src\main\resources\rides.temp' is opened by 12712@LAPTOP-1CQB3TB3

[2025-03-17 17:04:39 #3 type] 
Type domain.Profile is not enhanced.

[2025-03-17 17:04:39 #4 type] 
Type domain.Driver is not enhanced.

[2025-03-17 17:04:39 #5 type] 
Type domain.Kotxe is not enhanced.

[2025-03-17 17:04:39 #6 type] 
Type domain.Ride is not enhanced.

[2025-03-17 17:04:39 #7 type] 
Type domain.RideRequest is not enhanced.

[2025-03-17 17:04:39 #8 type] 
Type domain.Traveller is not enhanced.

------------------------------------------------------------------------------------------------------------------------

[2025-03-17 17:06:36 #1 store] 
Database 'C:\Users\ekait\eclipse-workspace\Rides24\src\main\resources\rides.temp' has been recovered (tr. 57-57)

[2025-03-17 17:06:36 #2 store] 
Database 'C:\Users\ekait\eclipse-workspace\Rides24\src\main\resources\rides.temp' is opened by 2332@LAPTOP-1CQB3TB3

[2025-03-17 17:06:36 #3 type] 
Type domain.Profile is not enhanced.

[2025-03-17 17:06:36 #4 type] 
Type domain.Driver is not enhanced.

[2025-03-17 17:06:36 #5 type] 
Type domain.Kotxe is not enhanced.

[2025-03-17 17:06:36 #6 type] 
Type domain.Ride is not enhanced.

[2025-03-17 17:06:36 #7 type] 
Type domain.RideRequest is not enhanced.

[2025-03-17 17:06:36 #8 type] 
Type domain.Traveller is not enhanced.

------------------------------------------------------------------------------------------------------------------------

[2025-03-17 17:07:44 #1 store] 
Database 'C:\Users\ekait\eclipse-workspace\Rides24\src\main\resources\rides.temp' has been recovered (tr. 58-58)

[2025-03-17 17:07:44 #2 store] 
Database 'C:\Users\ekait\eclipse-workspace\Rides24\src\main\resources\rides.temp' is opened by 6868@LAPTOP-1CQB3TB3

[2025-03-17 17:07:44 #3 type] 
Type domain.Profile is not enhanced.

[2025-03-17 17:07:44 #4 type] 
Type domain.Driver is not enhanced.

[2025-03-17 17:07:44 #5 type] 
Type domain.Kotxe is not enhanced.

[2025-03-17 17:07:44 #6 type] 
Type domain.Ride is not enhanced.

[2025-03-17 17:07:44 #7 type] 
Type domain.RideRequest is not enhanced.

[2025-03-17 17:07:44 #8 type] 
Type domain.Traveller is not enhanced.

------------------------------------------------------------------------------------------------------------------------

[2025-03-17 17:08:20 #1 store] 
Database 'C:\Users\ekait\eclipse-workspace\Rides24\src\main\resources\rides.temp' has been recovered (tr. 59-59)

[2025-03-17 17:08:20 #2 store] 
Database 'C:\Users\ekait\eclipse-workspace\Rides24\src\main\resources\rides.temp' is opened by 11112@LAPTOP-1CQB3TB3

[2025-03-17 17:08:20 #3 type] 
Type domain.Profile is not enhanced.

[2025-03-17 17:08:20 #4 type] 
Type domain.Driver is not enhanced.

[2025-03-17 17:08:20 #5 type] 
Type domain.Kotxe is not enhanced.

[2025-03-17 17:08:20 #6 type] 
Type domain.Ride is not enhanced.

[2025-03-17 17:08:20 #7 type] 
Type domain.RideRequest is not enhanced.

[2025-03-17 17:08:20 #8 type] 
Type domain.Traveller is not enhanced.

------------------------------------------------------------------------------------------------------------------------

[2025-03-17 17:09:27 #1 store] 
Database 'C:\Users\ekait\eclipse-workspace\Rides24\src\main\resources\rides.temp' is opened by 9172@LAPTOP-1CQB3TB3

[2025-03-17 17:09:27 #2 type] 
Type domain.Profile is not enhanced.

[2025-03-17 17:09:27 #3 type] 
Type domain.Driver is not enhanced.

[2025-03-17 17:09:27 #4 type] 
Type domain.Kotxe is not enhanced.

[2025-03-17 17:09:27 #5 type] 
Type domain.Ride is not enhanced.

[2025-03-17 17:09:27 #6 type] 
Type domain.RideRequest is not enhanced.

[2025-03-17 17:09:27 #7 type] 
Type domain.Traveller is not enhanced.

------------------------------------------------------------------------------------------------------------------------

[2025-03-17 17:10:16 #1 store] 
Database 'C:\Users\ekait\eclipse-workspace\Rides24\src\main\resources\rides.temp' is opened by 11016@LAPTOP-1CQB3TB3

[2025-03-17 17:10:17 #2 type] 
Type domain.Profile is not enhanced.

[2025-03-17 17:10:17 #3 type] 
Type domain.Driver is not enhanced.

[2025-03-17 17:10:17 #4 type] 
Type domain.Kotxe is not enhanced.

[2025-03-17 17:10:17 #5 type] 
Type domain.Ride is not enhanced.

[2025-03-17 17:10:17 #6 type] 
Type domain.RideRequest is not enhanced.

[2025-03-17 17:10:17 #7 type] 
Type domain.Traveller is not enhanced.

------------------------------------------------------------------------------------------------------------------------

[2025-03-17 17:10:29 #1 store] 
Database 'C:\Users\ekait\eclipse-workspace\Rides24\src\main\resources\rides.temp' is opened by 8292@LAPTOP-1CQB3TB3

[2025-03-17 17:10:30 #2 type] 
Type domain.Profile is not enhanced.

[2025-03-17 17:10:30 #3 type] 
Type domain.Driver is not enhanced.

[2025-03-17 17:10:30 #4 type] 
Type domain.Kotxe is not enhanced.

[2025-03-17 17:10:30 #5 type] 
Type domain.Ride is not enhanced.

[2025-03-17 17:10:30 #6 type] 
Type domain.RideRequest is not enhanced.

[2025-03-17 17:10:30 #7 type] 
Type domain.Traveller is not enhanced.

------------------------------------------------------------------------------------------------------------------------

[2025-03-17 17:16:31 #1 store] 
Database 'C:\Users\ekait\eclipse-workspace\Rides24\src\main\resources\rides.temp' has been recovered (tr. 60-60)

[2025-03-17 17:16:31 #2 store] 
Database 'C:\Users\ekait\eclipse-workspace\Rides24\src\main\resources\rides.temp' is opened by 2756@LAPTOP-1CQB3TB3

[2025-03-17 17:16:31 #3 type] 
Type domain.Profile is not enhanced.

[2025-03-17 17:16:31 #4 type] 
Type domain.Driver is not enhanced.

[2025-03-17 17:16:31 #5 type] 
Type domain.Kotxe is not enhanced.

[2025-03-17 17:16:31 #6 type] 
Type domain.Ride is not enhanced.

[2025-03-17 17:16:31 #7 type] 
Type domain.RideRequest is not enhanced.

[2025-03-17 17:16:31 #8 type] 
Type domain.Traveller is not enhanced.

[2025-03-17 17:16:31 #9 type] 
Type domain.Mezua is not enhanced.

------------------------------------------------------------------------------------------------------------------------

[2025-03-17 17:17:09 #1 store] 
Database 'C:\Users\ekait\eclipse-workspace\Rides24\src\main\resources\rides.temp' has been recovered (tr. 61-62)

[2025-03-17 17:17:09 #2 store] 
Database 'C:\Users\ekait\eclipse-workspace\Rides24\src\main\resources\rides.temp' is opened by 16084@LAPTOP-1CQB3TB3

[2025-03-17 17:17:09 #3 type] 
Type domain.Profile is not enhanced.

[2025-03-17 17:17:09 #4 type] 
Type domain.Driver is not enhanced.

[2025-03-17 17:17:09 #5 type] 
Type domain.Kotxe is not enhanced.

[2025-03-17 17:17:09 #6 type] 
Type domain.Ride is not enhanced.

[2025-03-17 17:17:09 #7 type] 
Type domain.RideRequest is not enhanced.

[2025-03-17 17:17:09 #8 type] 
Type domain.Traveller is not enhanced.

[2025-03-17 17:17:09 #9 type] 
Type domain.Mezua is not enhanced.

------------------------------------------------------------------------------------------------------------------------

[2025-03-17 17:18:10 #1 store] 
Database 'C:\Users\ekait\eclipse-workspace\Rides24\src\main\resources\rides.temp' has been recovered (tr. 63-63)

[2025-03-17 17:18:10 #2 store] 
Database 'C:\Users\ekait\eclipse-workspace\Rides24\src\main\resources\rides.temp' is opened by 952@LAPTOP-1CQB3TB3

[2025-03-17 17:18:10 #3 type] 
Type domain.Profile is not enhanced.

[2025-03-17 17:18:10 #4 type] 
Type domain.Driver is not enhanced.

[2025-03-17 17:18:10 #5 type] 
Type domain.Kotxe is not enhanced.

[2025-03-17 17:18:10 #6 type] 
Type domain.Ride is not enhanced.

[2025-03-17 17:18:10 #7 type] 
Type domain.RideRequest is not enhanced.

[2025-03-17 17:18:10 #8 type] 
Type domain.Traveller is not enhanced.

[2025-03-17 17:18:10 #9 type] 
Type domain.Mezua is not enhanced.

------------------------------------------------------------------------------------------------------------------------

[2025-03-17 17:18:29 #1 store] 
Database 'C:\Users\ekait\eclipse-workspace\Rides24\src\main\resources\rides.temp' is opened by 1892@LAPTOP-1CQB3TB3

[2025-03-17 17:18:30 #2 type] 
Type domain.Profile is not enhanced.

[2025-03-17 17:18:30 #3 type] 
Type domain.Driver is not enhanced.

[2025-03-17 17:18:30 #4 type] 
Type domain.Kotxe is not enhanced.

[2025-03-17 17:18:30 #5 type] 
Type domain.Ride is not enhanced.

[2025-03-17 17:18:30 #6 type] 
Type domain.RideRequest is not enhanced.

[2025-03-17 17:18:30 #7 type] 
Type domain.Traveller is not enhanced.

[2025-03-17 17:18:30 #8 type] 
Type domain.Mezua is not enhanced.

------------------------------------------------------------------------------------------------------------------------

[2025-03-17 17:51:57 #1 store] 
Database 'C:\Users\ekait\eclipse-workspace\Rides24\src\main\resources\rides.temp' has been recovered (tr. 64-64)

[2025-03-17 17:51:58 #2 store] 
Database 'C:\Users\ekait\eclipse-workspace\Rides24\src\main\resources\rides.temp' is opened by 19316@LAPTOP-1CQB3TB3

[2025-03-17 17:51:58 #3 type] 
Type domain.Profile is not enhanced.

[2025-03-17 17:51:58 #4 type] 
Type domain.Driver is not enhanced.

[2025-03-17 17:51:58 #5 type] 
Type domain.Kotxe is not enhanced.

[2025-03-17 17:51:58 #6 type] 
Type domain.Ride is not enhanced.

[2025-03-17 17:51:58 #7 type] 
Type domain.RideRequest is not enhanced.

[2025-03-17 17:51:58 #8 type] 
Type domain.Traveller is not enhanced.

[2025-03-17 17:51:58 #9 type] 
Type domain.Mezua is not enhanced.

------------------------------------------------------------------------------------------------------------------------

[2025-03-17 17:54:19 #1 store] 
Database 'C:\Users\ekait\eclipse-workspace\Rides24\src\main\resources\rides.temp' has been recovered (tr. 65-81)

[2025-03-17 17:54:19 #2 store] 
Database 'C:\Users\ekait\eclipse-workspace\Rides24\src\main\resources\rides.temp' is opened by 12788@LAPTOP-1CQB3TB3

[2025-03-17 17:54:19 #3 type] 
Type domain.Profile is not enhanced.

[2025-03-17 17:54:19 #4 type] 
Type domain.Driver is not enhanced.

[2025-03-17 17:54:19 #5 type] 
Type domain.Kotxe is not enhanced.

[2025-03-17 17:54:19 #6 type] 
Type domain.Ride is not enhanced.

[2025-03-17 17:54:19 #7 type] 
Type domain.RideRequest is not enhanced.

[2025-03-17 17:54:19 #8 type] 
Type domain.Traveller is not enhanced.

[2025-03-17 17:54:19 #9 type] 
Type domain.Mezua is not enhanced.

