------------------------------------------------------------------------------------------------------------------------

[2025-04-18 12:50:45 #1 store] 
Database 'C:\Users\Usuario-Pc\OneDrive\Escritorio\Urtzi Universidad\workspace\SI\Rides24\src\main\resources\rides.temp' is opened by 20156@DESKTOP-EH9B0CP

[2025-04-18 12:50:46 #2 type.registry] 
New type domain.Ride

[2025-04-18 12:50:46 #3 type] 
Type domain.Ride is not enhanced.

[2025-04-18 12:50:46 #4 type.registry] 
New type domain.RideRequest

[2025-04-18 12:50:46 #5 type.registry] 
New type domain.Profile

[2025-04-18 12:50:46 #6 type.registry] 
New type domain.Driver

[2025-04-18 12:50:46 #7 type.registry] 
New type domain.Kotxe

[2025-04-18 12:50:46 #8 type.registry] 
New type domain.GrafoZuzendu

[2025-04-18 12:50:46 #9 type] 
Type domain.RideRequest is not enhanced.

[2025-04-18 12:50:46 #10 type.registry] 
New type domain.Traveller

[2025-04-18 12:50:46 #11 type] 
Type domain.Profile is not enhanced.

[2025-04-18 12:50:46 #12 type.registry] 
New type domain.Mezua

[2025-04-18 12:50:46 #13 type] 
Type domain.Driver is not enhanced.

[2025-04-18 12:50:46 #14 type] 
Type domain.Kotxe is not enhanced.

[2025-04-18 12:50:46 #15 type] 
Type domain.Traveller is not enhanced.

[2025-04-18 12:50:46 #16 type] 
Type domain.Mezua is not enhanced.

[2025-04-18 12:51:04 #17 type.registry] 
New type java.util.ArrayList<java.lang.Object>

[2025-04-18 12:51:04 #18 type.registry] 
New type java.util.Vector<java.lang.Object>

[2025-04-18 12:51:04 #19 type.registry] 
New type java.util.ArrayList<domain.Mezua>

[2025-04-18 12:51:04 #20 type.registry] 
New type java.util.Vector<domain.Ride>

[2025-04-18 12:51:04 #21 type.registry] 
New type java.util.Vector<domain.Kotxe>

------------------------------------------------------------------------------------------------------------------------

[2025-04-18 12:52:01 #1 store] 
Database 'C:\Users\Usuario-Pc\OneDrive\Escritorio\Urtzi Universidad\workspace\SI\Rides24\src\main\resources\rides.temp' has been recovered (tr. 1-9)

[2025-04-18 12:52:01 #2 store] 
Database 'C:\Users\Usuario-Pc\OneDrive\Escritorio\Urtzi Universidad\workspace\SI\Rides24\src\main\resources\rides.temp' is opened by 19968@DESKTOP-EH9B0CP

[2025-04-18 12:52:01 #3 type] 
Type domain.Ride is not enhanced.

[2025-04-18 12:52:01 #4 type] 
Type domain.RideRequest is not enhanced.

[2025-04-18 12:52:01 #5 type] 
Type domain.Profile is not enhanced.

[2025-04-18 12:52:01 #6 type] 
Type domain.Driver is not enhanced.

[2025-04-18 12:52:01 #7 type] 
Type domain.Kotxe is not enhanced.

[2025-04-18 12:52:01 #8 type] 
Type domain.Traveller is not enhanced.

[2025-04-18 12:52:01 #9 type] 
Type domain.Mezua is not enhanced.

[2025-04-18 12:53:13 #10 type.registry] 
New type java.util.ArrayList<domain.RideRequest>

------------------------------------------------------------------------------------------------------------------------

[2025-04-18 13:04:30 #1 store] 
Database 'C:\Users\Usuario-Pc\OneDrive\Escritorio\Urtzi Universidad\workspace\SI\Rides24\src\main\resources\rides.temp' is opened by 4328@DESKTOP-EH9B0CP

[2025-04-18 13:04:30 #2 type.registry] 
New type domain.Ride

[2025-04-18 13:04:30 #3 type] 
Type domain.Ride is not enhanced.

[2025-04-18 13:04:30 #4 type.registry] 
New type domain.RideRequest

[2025-04-18 13:04:31 #5 type.registry] 
New type domain.Profile

[2025-04-18 13:04:31 #6 type.registry] 
New type domain.Driver

[2025-04-18 13:04:31 #7 type.registry] 
New type domain.Kotxe

[2025-04-18 13:04:31 #8 type.registry] 
New type domain.GrafoZuzendu

[2025-04-18 13:04:31 #9 type] 
Type domain.RideRequest is not enhanced.

[2025-04-18 13:04:31 #10 type.registry] 
New type domain.Traveller

[2025-04-18 13:04:31 #11 type] 
Type domain.Profile is not enhanced.

[2025-04-18 13:04:31 #12 type.registry] 
New type domain.Mezua

[2025-04-18 13:04:31 #13 type] 
Type domain.Driver is not enhanced.

[2025-04-18 13:04:31 #14 type] 
Type domain.Kotxe is not enhanced.

[2025-04-18 13:04:31 #15 type] 
Type domain.GrafoZuzendu is not enhanced.

[2025-04-18 13:04:31 #16 type.registry] 
New type domain.Erpina

[2025-04-18 13:04:31 #17 type.registry] 
New type domain.Erpina[]

[2025-04-18 13:04:31 #18 type.registry] 
New type java.util.LinkedList<java.lang.Object>

[2025-04-18 13:04:31 #19 type.registry] 
New type java.util.LinkedList<java.lang.Object>[]

[2025-04-18 13:04:31 #20 type] 
Type domain.Traveller is not enhanced.

[2025-04-18 13:04:31 #21 type] 
Type domain.Mezua is not enhanced.

[2025-04-18 13:04:45 #22 type.registry] 
New type java.util.ArrayList<java.lang.Object>

[2025-04-18 13:04:45 #23 type.registry] 
New type java.util.Vector<java.lang.Object>

[2025-04-18 13:04:45 #24 type.registry] 
New type java.util.ArrayList<domain.Mezua>

[2025-04-18 13:04:45 #25 type.registry] 
New type java.util.Vector<domain.Ride>

[2025-04-18 13:04:45 #26 type.registry] 
New type java.util.Vector<domain.Kotxe>

[2025-04-18 13:05:57 #27 type.registry] 
New type java.util.ArrayList<domain.RideRequest>

------------------------------------------------------------------------------------------------------------------------

[2025-04-18 13:08:12 #1 store] 
Database 'C:\Users\Usuario-Pc\OneDrive\Escritorio\Urtzi Universidad\workspace\SI\Rides24\src\main\resources\rides.temp' is opened by 19488@DESKTOP-EH9B0CP

[2025-04-18 13:08:12 #2 type.registry] 
New type domain.Ride

[2025-04-18 13:08:12 #3 type] 
Type domain.Ride is not enhanced.

[2025-04-18 13:08:12 #4 type.registry] 
New type domain.RideRequest

[2025-04-18 13:08:12 #5 type.registry] 
New type domain.Profile

[2025-04-18 13:08:12 #6 type.registry] 
New type domain.Driver

[2025-04-18 13:08:12 #7 type.registry] 
New type domain.Kotxe

[2025-04-18 13:08:12 #8 type.registry] 
New type domain.GrafoZuzendu

[2025-04-18 13:08:12 #9 type] 
Type domain.RideRequest is not enhanced.

[2025-04-18 13:08:12 #10 type.registry] 
New type domain.Traveller

[2025-04-18 13:08:12 #11 type] 
Type domain.Profile is not enhanced.

[2025-04-18 13:08:12 #12 type.registry] 
New type domain.Mezua

[2025-04-18 13:08:12 #13 type] 
Type domain.Driver is not enhanced.

[2025-04-18 13:08:12 #14 type] 
Type domain.Kotxe is not enhanced.

[2025-04-18 13:08:12 #15 type] 
Type domain.GrafoZuzendu is not enhanced.

[2025-04-18 13:08:12 #16 type.registry] 
New type domain.Erpina

[2025-04-18 13:08:12 #17 type.registry] 
New type domain.Erpina[]

[2025-04-18 13:08:12 #18 type.registry] 
New type java.util.LinkedList<java.lang.Object>

[2025-04-18 13:08:12 #19 type.registry] 
New type java.util.LinkedList<java.lang.Object>[]

[2025-04-18 13:08:12 #20 type] 
Type domain.Traveller is not enhanced.

[2025-04-18 13:08:12 #21 type] 
Type domain.Mezua is not enhanced.

[2025-04-18 13:08:33 #22 type.registry] 
New type java.util.ArrayList<java.lang.Object>

[2025-04-18 13:08:33 #23 type.registry] 
New type java.util.Vector<java.lang.Object>

[2025-04-18 13:08:33 #24 type.registry] 
New type java.util.ArrayList<domain.Mezua>

[2025-04-18 13:08:33 #25 type.registry] 
New type java.util.Vector<domain.Ride>

[2025-04-18 13:08:33 #26 type.registry] 
New type java.util.Vector<domain.Kotxe>

[2025-04-18 13:09:08 #27 type.registry] 
New type java.util.ArrayList<domain.RideRequest>

------------------------------------------------------------------------------------------------------------------------

[2025-04-18 13:12:25 #1 store] 
Database 'C:\Users\Usuario-Pc\OneDrive\Escritorio\Urtzi Universidad\workspace\SI\Rides24\src\main\resources\rides.temp' has been recovered (tr. 1-11)

[2025-04-18 13:12:25 #2 store] 
Database 'C:\Users\Usuario-Pc\OneDrive\Escritorio\Urtzi Universidad\workspace\SI\Rides24\src\main\resources\rides.temp' is opened by 16676@DESKTOP-EH9B0CP

[2025-04-18 13:12:26 #3 type] 
Type domain.Ride is not enhanced.

[2025-04-18 13:12:26 #4 type] 
Type domain.RideRequest is not enhanced.

[2025-04-18 13:12:26 #5 type] 
Type domain.Profile is not enhanced.

[2025-04-18 13:12:26 #6 type] 
Type domain.Driver is not enhanced.

[2025-04-18 13:12:26 #7 type] 
Type domain.Kotxe is not enhanced.

[2025-04-18 13:12:26 #8 type] 
Type domain.GrafoZuzendu is not enhanced.

[2025-04-18 13:12:26 #9 type] 
Type domain.Traveller is not enhanced.

[2025-04-18 13:12:26 #10 type] 
Type domain.Mezua is not enhanced.

[2025-04-18 13:12:26 #11 type] 
Type domain.Erpina is not enhanced.

------------------------------------------------------------------------------------------------------------------------

[2025-04-18 13:16:42 #1 store] 
Database 'C:\Users\Usuario-Pc\OneDrive\Escritorio\Urtzi Universidad\workspace\SI\Rides24\src\main\resources\rides.temp' is opened by 19780@DESKTOP-EH9B0CP

[2025-04-18 13:16:43 #2 type.registry] 
New type domain.Ride

[2025-04-18 13:16:43 #3 type] 
Type domain.Ride is not enhanced.

[2025-04-18 13:16:43 #4 type.registry] 
New type domain.RideRequest

[2025-04-18 13:16:43 #5 type.registry] 
New type domain.Profile

[2025-04-18 13:16:43 #6 type.registry] 
New type domain.Driver

[2025-04-18 13:16:43 #7 type.registry] 
New type domain.Kotxe

[2025-04-18 13:16:43 #8 type.registry] 
New type java.util.LinkedList<java.lang.String>

[2025-04-18 13:16:43 #9 type] 
Type domain.RideRequest is not enhanced.

[2025-04-18 13:16:43 #10 type.registry] 
New type domain.Traveller

[2025-04-18 13:16:43 #11 type] 
Type domain.Profile is not enhanced.

[2025-04-18 13:16:43 #12 type.registry] 
New type domain.Mezua

[2025-04-18 13:16:43 #13 type] 
Type domain.Driver is not enhanced.

[2025-04-18 13:16:43 #14 type] 
Type domain.Kotxe is not enhanced.

[2025-04-18 13:16:43 #15 type] 
Type domain.Traveller is not enhanced.

[2025-04-18 13:16:43 #16 type] 
Type domain.Mezua is not enhanced.

[2025-04-18 13:16:55 #17 type.registry] 
New type java.util.ArrayList<java.lang.Object>

[2025-04-18 13:16:55 #18 type.registry] 
New type java.util.Vector<java.lang.Object>

[2025-04-18 13:16:55 #19 type.registry] 
New type java.util.ArrayList<domain.Mezua>

[2025-04-18 13:16:55 #20 type.registry] 
New type java.util.Vector<domain.Ride>

[2025-04-18 13:16:55 #21 type.registry] 
New type java.util.Vector<domain.Kotxe>

[2025-04-18 13:17:43 #22 type.registry] 
New type java.util.ArrayList<domain.RideRequest>

[2025-04-18 13:17:43 #23 type.registry] 
New type java.util.LinkedList<java.lang.Object>

------------------------------------------------------------------------------------------------------------------------

[2025-04-18 14:54:04 #1 store] 
Database 'C:\Users\Usuario-Pc\OneDrive\Escritorio\Urtzi Universidad\workspace\SI\Rides24\src\main\resources\rides.temp' is opened by 3996@DESKTOP-EH9B0CP

[2025-04-18 14:54:05 #2 type.registry] 
New type domain.Ride

[2025-04-18 14:54:05 #3 type] 
Type domain.Ride is not enhanced.

[2025-04-18 14:54:05 #4 type.registry] 
New type domain.RideRequest

[2025-04-18 14:54:05 #5 type.registry] 
New type domain.Profile

[2025-04-18 14:54:05 #6 type.registry] 
New type domain.Driver

[2025-04-18 14:54:05 #7 type.registry] 
New type domain.Kotxe

[2025-04-18 14:54:05 #8 type.registry] 
New type java.util.LinkedList<java.lang.String>

[2025-04-18 14:54:05 #9 type] 
Type domain.RideRequest is not enhanced.

[2025-04-18 14:54:05 #10 type.registry] 
New type domain.Traveller

[2025-04-18 14:54:05 #11 type] 
Type domain.Profile is not enhanced.

[2025-04-18 14:54:05 #12 type.registry] 
New type domain.Mezua

[2025-04-18 14:54:05 #13 type] 
Type domain.Driver is not enhanced.

[2025-04-18 14:54:05 #14 type] 
Type domain.Kotxe is not enhanced.

[2025-04-18 14:54:05 #15 type] 
Type domain.Traveller is not enhanced.

[2025-04-18 14:54:05 #16 type] 
Type domain.Mezua is not enhanced.

[2025-04-18 14:54:18 #17 type.registry] 
New type java.util.ArrayList<java.lang.Object>

[2025-04-18 14:54:18 #18 type.registry] 
New type java.util.Vector<java.lang.Object>

[2025-04-18 14:54:18 #19 type.registry] 
New type java.util.ArrayList<domain.Mezua>

[2025-04-18 14:54:18 #20 type.registry] 
New type java.util.Vector<domain.Ride>

[2025-04-18 14:54:18 #21 type.registry] 
New type java.util.Vector<domain.Kotxe>

[2025-04-18 14:54:55 #22 type.registry] 
New type java.util.ArrayList<domain.RideRequest>

[2025-04-18 14:54:55 #23 type.registry] 
New type java.util.LinkedList<java.lang.Object>

------------------------------------------------------------------------------------------------------------------------

[2025-04-18 15:15:46 #1 store] 
Database 'C:\Users\Usuario-Pc\OneDrive\Escritorio\Urtzi Universidad\workspace\SI\Rides24\src\main\resources\rides.temp' has been recovered (tr. 1-18)

[2025-04-18 15:15:46 #2 store] 
Database 'C:\Users\Usuario-Pc\OneDrive\Escritorio\Urtzi Universidad\workspace\SI\Rides24\src\main\resources\rides.temp' is opened by 13508@DESKTOP-EH9B0CP

[2025-04-18 15:15:46 #3 type] 
Type domain.Ride is not enhanced.

[2025-04-18 15:15:46 #4 type] 
Type domain.RideRequest is not enhanced.

[2025-04-18 15:15:46 #5 type] 
Type domain.Profile is not enhanced.

[2025-04-18 15:15:46 #6 type] 
Type domain.Driver is not enhanced.

[2025-04-18 15:15:46 #7 type] 
Type domain.Kotxe is not enhanced.

[2025-04-18 15:15:46 #8 type] 
Type domain.Traveller is not enhanced.

[2025-04-18 15:15:46 #9 type] 
Type domain.Mezua is not enhanced.

------------------------------------------------------------------------------------------------------------------------

[2025-04-18 15:17:37 #1 store] 
Database 'C:\Users\Usuario-Pc\OneDrive\Escritorio\Urtzi Universidad\workspace\SI\Rides24\src\main\resources\rides.temp' is opened by 21324@DESKTOP-EH9B0CP

[2025-04-18 15:17:38 #2 type] 
Type domain.Ride is not enhanced.

[2025-04-18 15:17:38 #3 type] 
Type domain.RideRequest is not enhanced.

[2025-04-18 15:17:38 #4 type] 
Type domain.Profile is not enhanced.

[2025-04-18 15:17:38 #5 type] 
Type domain.Driver is not enhanced.

[2025-04-18 15:17:38 #6 type] 
Type domain.Kotxe is not enhanced.

[2025-04-18 15:17:38 #7 type] 
Type domain.Traveller is not enhanced.

[2025-04-18 15:17:38 #8 type] 
Type domain.Mezua is not enhanced.

------------------------------------------------------------------------------------------------------------------------

[2025-04-18 15:18:14 #1 store] 
Database 'C:\Users\Usuario-Pc\OneDrive\Escritorio\Urtzi Universidad\workspace\SI\Rides24\src\main\resources\rides.temp' is opened by 21372@DESKTOP-EH9B0CP

[2025-04-18 15:18:14 #2 type] 
Type domain.Ride is not enhanced.

[2025-04-18 15:18:14 #3 type] 
Type domain.RideRequest is not enhanced.

[2025-04-18 15:18:14 #4 type] 
Type domain.Profile is not enhanced.

[2025-04-18 15:18:14 #5 type] 
Type domain.Driver is not enhanced.

[2025-04-18 15:18:14 #6 type] 
Type domain.Kotxe is not enhanced.

[2025-04-18 15:18:14 #7 type] 
Type domain.Traveller is not enhanced.

[2025-04-18 15:18:14 #8 type] 
Type domain.Mezua is not enhanced.

------------------------------------------------------------------------------------------------------------------------

[2025-04-18 15:23:26 #1 store] 
Database 'C:\Users\Usuario-Pc\OneDrive\Escritorio\Urtzi Universidad\workspace\SI\Rides24\src\main\resources\rides.temp' is opened by 16968@DESKTOP-EH9B0CP

[2025-04-18 15:23:26 #2 type] 
Type domain.Ride is not enhanced.

[2025-04-18 15:23:26 #3 type] 
Type domain.RideRequest is not enhanced.

[2025-04-18 15:23:26 #4 type] 
Type domain.Profile is not enhanced.

[2025-04-18 15:23:26 #5 type] 
Type domain.Driver is not enhanced.

[2025-04-18 15:23:26 #6 type] 
Type domain.Kotxe is not enhanced.

[2025-04-18 15:23:26 #7 type] 
Type domain.Traveller is not enhanced.

[2025-04-18 15:23:26 #8 type] 
Type domain.Mezua is not enhanced.

------------------------------------------------------------------------------------------------------------------------

[2025-04-18 15:23:48 #1 store] 
Database 'C:\Users\Usuario-Pc\OneDrive\Escritorio\Urtzi Universidad\workspace\SI\Rides24\src\main\resources\rides.temp' is opened by 17168@DESKTOP-EH9B0CP

[2025-04-18 15:23:48 #2 type] 
Type domain.Ride is not enhanced.

[2025-04-18 15:23:48 #3 type] 
Type domain.RideRequest is not enhanced.

[2025-04-18 15:23:48 #4 type] 
Type domain.Profile is not enhanced.

[2025-04-18 15:23:48 #5 type] 
Type domain.Driver is not enhanced.

[2025-04-18 15:23:48 #6 type] 
Type domain.Kotxe is not enhanced.

[2025-04-18 15:23:48 #7 type] 
Type domain.Traveller is not enhanced.

[2025-04-18 15:23:48 #8 type] 
Type domain.Mezua is not enhanced.

------------------------------------------------------------------------------------------------------------------------

[2025-04-18 15:28:43 #1 store] 
Database 'C:\Users\Usuario-Pc\OneDrive\Escritorio\Urtzi Universidad\workspace\SI\Rides24\src\main\resources\rides.temp' is opened by 19108@DESKTOP-EH9B0CP

[2025-04-18 15:28:44 #2 type] 
Type domain.Ride is not enhanced.

[2025-04-18 15:28:44 #3 type] 
Type domain.RideRequest is not enhanced.

[2025-04-18 15:28:44 #4 type] 
Type domain.Profile is not enhanced.

[2025-04-18 15:28:44 #5 type] 
Type domain.Driver is not enhanced.

[2025-04-18 15:28:44 #6 type] 
Type domain.Kotxe is not enhanced.

[2025-04-18 15:28:44 #7 type] 
Type domain.Traveller is not enhanced.

[2025-04-18 15:28:44 #8 type] 
Type domain.Mezua is not enhanced.

------------------------------------------------------------------------------------------------------------------------

[2025-04-18 15:35:54 #1 store] 
Database 'C:\Users\Usuario-Pc\OneDrive\Escritorio\Urtzi Universidad\workspace\SI\Rides24\src\main\resources\rides.temp' has been recovered (tr. 19-22)

[2025-04-18 15:35:54 #2 store] 
Database 'C:\Users\Usuario-Pc\OneDrive\Escritorio\Urtzi Universidad\workspace\SI\Rides24\src\main\resources\rides.temp' is opened by 13196@DESKTOP-EH9B0CP

[2025-04-18 15:35:54 #3 type] 
Type domain.Ride is not enhanced.

[2025-04-18 15:35:54 #4 type] 
Type domain.RideRequest is not enhanced.

[2025-04-18 15:35:54 #5 type] 
Type domain.Profile is not enhanced.

[2025-04-18 15:35:54 #6 type] 
Type domain.Driver is not enhanced.

[2025-04-18 15:35:54 #7 type] 
Type domain.Kotxe is not enhanced.

[2025-04-18 15:35:54 #8 type] 
Type domain.Traveller is not enhanced.

[2025-04-18 15:35:54 #9 type] 
Type domain.Mezua is not enhanced.

------------------------------------------------------------------------------------------------------------------------

[2025-04-18 15:38:29 #1 store] 
Database 'C:\Users\Usuario-Pc\OneDrive\Escritorio\Urtzi Universidad\workspace\SI\Rides24\src\main\resources\rides.temp' is opened by 5624@DESKTOP-EH9B0CP

[2025-04-18 15:38:29 #2 type] 
Type domain.Ride is not enhanced.

[2025-04-18 15:38:29 #3 type] 
Type domain.RideRequest is not enhanced.

[2025-04-18 15:38:29 #4 type] 
Type domain.Profile is not enhanced.

[2025-04-18 15:38:29 #5 type] 
Type domain.Driver is not enhanced.

[2025-04-18 15:38:29 #6 type] 
Type domain.Kotxe is not enhanced.

[2025-04-18 15:38:29 #7 type] 
Type domain.Traveller is not enhanced.

[2025-04-18 15:38:29 #8 type] 
Type domain.Mezua is not enhanced.

------------------------------------------------------------------------------------------------------------------------

[2025-04-18 15:40:47 #1 store] 
Database 'C:\Users\Usuario-Pc\OneDrive\Escritorio\Urtzi Universidad\workspace\SI\Rides24\src\main\resources\rides.temp' has been recovered (tr. 23-23)

[2025-04-18 15:40:47 #2 store] 
Database 'C:\Users\Usuario-Pc\OneDrive\Escritorio\Urtzi Universidad\workspace\SI\Rides24\src\main\resources\rides.temp' is opened by 8432@DESKTOP-EH9B0CP

[2025-04-18 15:40:47 #3 type] 
Type domain.Ride is not enhanced.

[2025-04-18 15:40:47 #4 type] 
Type domain.RideRequest is not enhanced.

[2025-04-18 15:40:47 #5 type] 
Type domain.Profile is not enhanced.

[2025-04-18 15:40:47 #6 type] 
Type domain.Driver is not enhanced.

[2025-04-18 15:40:47 #7 type] 
Type domain.Kotxe is not enhanced.

[2025-04-18 15:40:47 #8 type] 
Type domain.Traveller is not enhanced.

[2025-04-18 15:40:47 #9 type] 
Type domain.Mezua is not enhanced.

------------------------------------------------------------------------------------------------------------------------

[2025-04-18 15:57:19 #1 store] 
Database 'C:\Users\Usuario-Pc\OneDrive\Escritorio\Urtzi Universidad\workspace\SI\Rides24\src\main\resources\rides.temp' has been recovered (tr. 24-28)

[2025-04-18 15:57:20 #2 store] 
Database 'C:\Users\Usuario-Pc\OneDrive\Escritorio\Urtzi Universidad\workspace\SI\Rides24\src\main\resources\rides.temp' is opened by 15328@DESKTOP-EH9B0CP

[2025-04-18 15:57:20 #3 type] 
Type domain.Ride is not enhanced.

[2025-04-18 15:57:20 #4 type] 
Type domain.RideRequest is not enhanced.

[2025-04-18 15:57:20 #5 type] 
Type domain.Profile is not enhanced.

[2025-04-18 15:57:20 #6 type] 
Type domain.Driver is not enhanced.

[2025-04-18 15:57:20 #7 type] 
Type domain.Kotxe is not enhanced.

[2025-04-18 15:57:20 #8 type] 
Type domain.Traveller is not enhanced.

[2025-04-18 15:57:20 #9 type] 
Type domain.Mezua is not enhanced.

------------------------------------------------------------------------------------------------------------------------

[2025-04-18 15:58:41 #1 store] 
Database 'C:\Users\Usuario-Pc\OneDrive\Escritorio\Urtzi Universidad\workspace\SI\Rides24\src\main\resources\rides.temp' has been recovered (tr. 29-29)

[2025-04-18 15:58:41 #2 store] 
Database 'C:\Users\Usuario-Pc\OneDrive\Escritorio\Urtzi Universidad\workspace\SI\Rides24\src\main\resources\rides.temp' is opened by 20824@DESKTOP-EH9B0CP

[2025-04-18 15:58:41 #3 type] 
Type domain.Ride is not enhanced.

[2025-04-18 15:58:41 #4 type] 
Type domain.RideRequest is not enhanced.

[2025-04-18 15:58:41 #5 type] 
Type domain.Profile is not enhanced.

[2025-04-18 15:58:41 #6 type] 
Type domain.Driver is not enhanced.

[2025-04-18 15:58:41 #7 type] 
Type domain.Kotxe is not enhanced.

[2025-04-18 15:58:41 #8 type] 
Type domain.Traveller is not enhanced.

[2025-04-18 15:58:41 #9 type] 
Type domain.Mezua is not enhanced.

------------------------------------------------------------------------------------------------------------------------

[2025-04-18 16:03:49 #1 store] 
Database 'C:\Users\Usuario-Pc\OneDrive\Escritorio\Urtzi Universidad\workspace\SI\Rides24\src\main\resources\rides.temp' is opened by 13184@DESKTOP-EH9B0CP

[2025-04-18 16:03:50 #2 type] 
Type domain.Ride is not enhanced.

[2025-04-18 16:03:50 #3 type] 
Type domain.RideRequest is not enhanced.

[2025-04-18 16:03:50 #4 type] 
Type domain.Profile is not enhanced.

[2025-04-18 16:03:50 #5 type] 
Type domain.Driver is not enhanced.

[2025-04-18 16:03:50 #6 type] 
Type domain.Kotxe is not enhanced.

[2025-04-18 16:03:50 #7 type] 
Type domain.Traveller is not enhanced.

[2025-04-18 16:03:50 #8 type] 
Type domain.Mezua is not enhanced.

------------------------------------------------------------------------------------------------------------------------

[2025-04-18 16:04:48 #1 store] 
Database 'C:\Users\Usuario-Pc\OneDrive\Escritorio\Urtzi Universidad\workspace\SI\Rides24\src\main\resources\rides.temp' has been recovered (tr. 30-31)

[2025-04-18 16:04:48 #2 store] 
Database 'C:\Users\Usuario-Pc\OneDrive\Escritorio\Urtzi Universidad\workspace\SI\Rides24\src\main\resources\rides.temp' is opened by 9676@DESKTOP-EH9B0CP

[2025-04-18 16:04:49 #3 type] 
Type domain.Ride is not enhanced.

[2025-04-18 16:04:49 #4 type] 
Type domain.RideRequest is not enhanced.

[2025-04-18 16:04:49 #5 type] 
Type domain.Profile is not enhanced.

[2025-04-18 16:04:49 #6 type] 
Type domain.Driver is not enhanced.

[2025-04-18 16:04:49 #7 type] 
Type domain.Kotxe is not enhanced.

[2025-04-18 16:04:49 #8 type] 
Type domain.Traveller is not enhanced.

[2025-04-18 16:04:49 #9 type] 
Type domain.Mezua is not enhanced.

------------------------------------------------------------------------------------------------------------------------

[2025-04-18 16:07:46 #1 store] 
Database 'C:\Users\Usuario-Pc\OneDrive\Escritorio\Urtzi Universidad\workspace\SI\Rides24\src\main\resources\rides.temp' has been recovered (tr. 32-32)

[2025-04-18 16:07:46 #2 store] 
Database 'C:\Users\Usuario-Pc\OneDrive\Escritorio\Urtzi Universidad\workspace\SI\Rides24\src\main\resources\rides.temp' is opened by 13004@DESKTOP-EH9B0CP

[2025-04-18 16:07:46 #3 type] 
Type domain.Ride is not enhanced.

[2025-04-18 16:07:46 #4 type] 
Type domain.RideRequest is not enhanced.

[2025-04-18 16:07:46 #5 type] 
Type domain.Profile is not enhanced.

[2025-04-18 16:07:46 #6 type] 
Type domain.Driver is not enhanced.

[2025-04-18 16:07:46 #7 type] 
Type domain.Kotxe is not enhanced.

[2025-04-18 16:07:46 #8 type] 
Type domain.Traveller is not enhanced.

[2025-04-18 16:07:46 #9 type] 
Type domain.Mezua is not enhanced.

