------------------------------------------------------------------------------------------------------------------------

[2025-04-07 10:38:35 #1 store] 
Database 'C:\Users\Usuario-Pc\OneDrive\Escritorio\Urtzi Universidad\workspace\SI\Rides24\src\main\resources\rides.temp' has been recovered (tr. 60-73)

[2025-04-07 10:38:35 #2 store] 
Database 'C:\Users\Usuario-Pc\OneDrive\Escritorio\Urtzi Universidad\workspace\SI\Rides24\src\main\resources\rides.temp' is opened by 18012@DESKTOP-EH9B0CP

[2025-04-07 10:38:35 #3 type] 
Type domain.Ride is not enhanced.

[2025-04-07 10:38:35 #4 type] 
Type domain.RideRequest is not enhanced.

[2025-04-07 10:38:35 #5 type] 
Type domain.Profile is not enhanced.

[2025-04-07 10:38:35 #6 type] 
Type domain.Driver is not enhanced.

[2025-04-07 10:38:35 #7 type] 
Type domain.Kotxe is not enhanced.

[2025-04-07 10:38:35 #8 type] 
Type domain.Traveller is not enhanced.

[2025-04-07 10:38:35 #9 type] 
Type domain.Mezua is not enhanced.

------------------------------------------------------------------------------------------------------------------------

[2025-04-07 11:18:03 #1 store] 
Database 'C:\Users\Usuario-Pc\OneDrive\Escritorio\Urtzi Universidad\workspace\SI\Rides24\src\main\resources\rides.temp' is opened by 17160@DESKTOP-EH9B0CP

[2025-04-07 11:18:03 #2 type] 
Type domain.Ride is not enhanced.

[2025-04-07 11:18:03 #3 type] 
Type domain.RideRequest is not enhanced.

[2025-04-07 11:18:03 #4 type] 
Type domain.Profile is not enhanced.

[2025-04-07 11:18:03 #5 type] 
Type domain.Driver is not enhanced.

[2025-04-07 11:18:03 #6 type] 
Type domain.Kotxe is not enhanced.

[2025-04-07 11:18:03 #7 type] 
Type domain.Traveller is not enhanced.

[2025-04-07 11:18:03 #8 type] 
Type domain.Mezua is not enhanced.

------------------------------------------------------------------------------------------------------------------------

[2025-04-07 16:41:10 #1 store] 
Database 'C:\Users\Usuario-Pc\OneDrive\Escritorio\Urtzi Universidad\workspace\SI\Rides24\src\main\resources\rides.temp' is opened by 21172@DESKTOP-EH9B0CP

[2025-04-07 16:41:10 #2 type.registry] 
New type domain.Ride

[2025-04-07 16:41:10 #3 type] 
Type domain.Ride is not enhanced.

[2025-04-07 16:41:10 #4 type.registry] 
New type domain.RideRequest

[2025-04-07 16:41:10 #5 type.registry] 
New type domain.Profile

[2025-04-07 16:41:10 #6 type.registry] 
New type domain.Driver

[2025-04-07 16:41:10 #7 type.registry] 
New type domain.Kotxe

[2025-04-07 16:41:10 #8 type] 
Type domain.RideRequest is not enhanced.

[2025-04-07 16:41:10 #9 type.registry] 
New type domain.Traveller

[2025-04-07 16:41:10 #10 type] 
Type domain.Profile is not enhanced.

[2025-04-07 16:41:10 #11 type.registry] 
New type domain.Mezua

[2025-04-07 16:41:10 #12 type] 
Type domain.Driver is not enhanced.

[2025-04-07 16:41:10 #13 type] 
Type domain.Kotxe is not enhanced.

[2025-04-07 16:41:10 #14 type] 
Type domain.Traveller is not enhanced.

[2025-04-07 16:41:10 #15 type] 
Type domain.Mezua is not enhanced.

[2025-04-07 16:42:26 #16 type.registry] 
New type java.util.ArrayList<java.lang.Object>

[2025-04-07 16:42:26 #17 type.registry] 
New type java.util.ArrayList<domain.Mezua>

[2025-04-07 16:42:26 #18 type.registry] 
New type java.util.ArrayList<domain.RideRequest>

[2025-04-07 16:42:41 #19 type.registry] 
New type java.util.Vector<java.lang.Object>

[2025-04-07 16:42:41 #20 type.registry] 
New type java.util.Vector<domain.Ride>

[2025-04-07 16:42:41 #21 type.registry] 
New type java.util.Vector<domain.Kotxe>

------------------------------------------------------------------------------------------------------------------------

[2025-04-07 16:49:29 #1 store] 
Database 'C:\Users\Usuario-Pc\OneDrive\Escritorio\Urtzi Universidad\workspace\SI\Rides24\src\main\resources\rides.temp' has been recovered (tr. 1-36)

[2025-04-07 16:49:29 #2 store] 
Database 'C:\Users\Usuario-Pc\OneDrive\Escritorio\Urtzi Universidad\workspace\SI\Rides24\src\main\resources\rides.temp' is opened by 19148@DESKTOP-EH9B0CP

[2025-04-07 16:49:29 #3 type] 
Type domain.Ride is not enhanced.

[2025-04-07 16:49:29 #4 type] 
Type domain.RideRequest is not enhanced.

[2025-04-07 16:49:29 #5 type] 
Type domain.Profile is not enhanced.

[2025-04-07 16:49:29 #6 type] 
Type domain.Driver is not enhanced.

[2025-04-07 16:49:30 #7 type] 
Type domain.Kotxe is not enhanced.

[2025-04-07 16:49:30 #8 type] 
Type domain.Traveller is not enhanced.

[2025-04-07 16:49:30 #9 type] 
Type domain.Mezua is not enhanced.

------------------------------------------------------------------------------------------------------------------------

[2025-04-07 16:50:40 #1 store] 
Database 'C:\Users\Usuario-Pc\OneDrive\Escritorio\Urtzi Universidad\workspace\SI\Rides24\src\main\resources\rides.temp' has been recovered (tr. 37-38)

[2025-04-07 16:50:41 #2 store] 
Database 'C:\Users\Usuario-Pc\OneDrive\Escritorio\Urtzi Universidad\workspace\SI\Rides24\src\main\resources\rides.temp' is opened by 16248@DESKTOP-EH9B0CP

[2025-04-07 16:50:41 #3 type] 
Type domain.Ride is not enhanced.

[2025-04-07 16:50:41 #4 type] 
Type domain.RideRequest is not enhanced.

[2025-04-07 16:50:41 #5 type] 
Type domain.Profile is not enhanced.

[2025-04-07 16:50:41 #6 type] 
Type domain.Driver is not enhanced.

[2025-04-07 16:50:41 #7 type] 
Type domain.Kotxe is not enhanced.

[2025-04-07 16:50:41 #8 type] 
Type domain.Traveller is not enhanced.

[2025-04-07 16:50:41 #9 type] 
Type domain.Mezua is not enhanced.

------------------------------------------------------------------------------------------------------------------------

[2025-04-07 17:11:41 #1 store] 
Database 'C:\Users\Usuario-Pc\OneDrive\Escritorio\Urtzi Universidad\workspace\SI\Rides24\src\main\resources\rides.temp' has been recovered (tr. 39-48)

[2025-04-07 17:11:41 #2 store] 
Database 'C:\Users\Usuario-Pc\OneDrive\Escritorio\Urtzi Universidad\workspace\SI\Rides24\src\main\resources\rides.temp' is opened by 9300@DESKTOP-EH9B0CP

[2025-04-07 17:11:41 #3 type] 
Type domain.Ride is not enhanced.

[2025-04-07 17:11:41 #4 type] 
Type domain.RideRequest is not enhanced.

[2025-04-07 17:11:41 #5 type] 
Type domain.Profile is not enhanced.

[2025-04-07 17:11:41 #6 type] 
Type domain.Driver is not enhanced.

[2025-04-07 17:11:41 #7 type] 
Type domain.Kotxe is not enhanced.

[2025-04-07 17:11:41 #8 type] 
Type domain.Traveller is not enhanced.

[2025-04-07 17:11:41 #9 type] 
Type domain.Mezua is not enhanced.

------------------------------------------------------------------------------------------------------------------------

[2025-04-07 17:19:04 #1 store] 
Database 'C:\Users\Usuario-Pc\OneDrive\Escritorio\Urtzi Universidad\workspace\SI\Rides24\src\main\resources\rides.temp' has been recovered (tr. 49-57)

[2025-04-07 17:19:04 #2 store] 
Database 'C:\Users\Usuario-Pc\OneDrive\Escritorio\Urtzi Universidad\workspace\SI\Rides24\src\main\resources\rides.temp' is opened by 1916@DESKTOP-EH9B0CP

[2025-04-07 17:19:05 #3 type] 
Type domain.Ride is not enhanced.

[2025-04-07 17:19:05 #4 type] 
Type domain.RideRequest is not enhanced.

[2025-04-07 17:19:05 #5 type] 
Type domain.Profile is not enhanced.

[2025-04-07 17:19:05 #6 type] 
Type domain.Driver is not enhanced.

[2025-04-07 17:19:05 #7 type] 
Type domain.Kotxe is not enhanced.

[2025-04-07 17:19:05 #8 type] 
Type domain.Traveller is not enhanced.

[2025-04-07 17:19:05 #9 type] 
Type domain.Mezua is not enhanced.

------------------------------------------------------------------------------------------------------------------------

[2025-04-07 17:23:17 #1 store] 
Database 'C:\Users\Usuario-Pc\OneDrive\Escritorio\Urtzi Universidad\workspace\SI\Rides24\src\main\resources\rides.temp' has been recovered (tr. 58-69)

[2025-04-07 17:23:17 #2 store] 
Database 'C:\Users\Usuario-Pc\OneDrive\Escritorio\Urtzi Universidad\workspace\SI\Rides24\src\main\resources\rides.temp' is opened by 9140@DESKTOP-EH9B0CP

[2025-04-07 17:23:18 #3 type] 
Type domain.Ride is not enhanced.

[2025-04-07 17:23:18 #4 type] 
Type domain.RideRequest is not enhanced.

[2025-04-07 17:23:18 #5 type] 
Type domain.Profile is not enhanced.

[2025-04-07 17:23:18 #6 type] 
Type domain.Driver is not enhanced.

[2025-04-07 17:23:18 #7 type] 
Type domain.Kotxe is not enhanced.

[2025-04-07 17:23:18 #8 type] 
Type domain.Traveller is not enhanced.

[2025-04-07 17:23:18 #9 type] 
Type domain.Mezua is not enhanced.

------------------------------------------------------------------------------------------------------------------------

[2025-04-07 17:25:41 #1 store] 
Database 'C:\Users\Usuario-Pc\OneDrive\Escritorio\Urtzi Universidad\workspace\SI\Rides24\src\main\resources\rides.temp' is opened by 18252@DESKTOP-EH9B0CP

[2025-04-07 17:25:42 #2 type] 
Type domain.Ride is not enhanced.

[2025-04-07 17:25:42 #3 type] 
Type domain.RideRequest is not enhanced.

[2025-04-07 17:25:42 #4 type] 
Type domain.Profile is not enhanced.

[2025-04-07 17:25:42 #5 type] 
Type domain.Driver is not enhanced.

[2025-04-07 17:25:42 #6 type] 
Type domain.Kotxe is not enhanced.

[2025-04-07 17:25:42 #7 type] 
Type domain.Traveller is not enhanced.

[2025-04-07 17:25:42 #8 type] 
Type domain.Mezua is not enhanced.

------------------------------------------------------------------------------------------------------------------------

[2025-04-07 17:27:07 #1 store] 
Database 'C:\Users\Usuario-Pc\OneDrive\Escritorio\Urtzi Universidad\workspace\SI\Rides24\src\main\resources\rides.temp' has been recovered (tr. 70-70)

[2025-04-07 17:27:08 #2 store] 
Database 'C:\Users\Usuario-Pc\OneDrive\Escritorio\Urtzi Universidad\workspace\SI\Rides24\src\main\resources\rides.temp' is opened by 5668@DESKTOP-EH9B0CP

[2025-04-07 17:27:08 #3 type] 
Type domain.Ride is not enhanced.

[2025-04-07 17:27:08 #4 type] 
Type domain.RideRequest is not enhanced.

[2025-04-07 17:27:08 #5 type] 
Type domain.Profile is not enhanced.

[2025-04-07 17:27:08 #6 type] 
Type domain.Driver is not enhanced.

[2025-04-07 17:27:08 #7 type] 
Type domain.Kotxe is not enhanced.

[2025-04-07 17:27:08 #8 type] 
Type domain.Traveller is not enhanced.

[2025-04-07 17:27:08 #9 type] 
Type domain.Mezua is not enhanced.

------------------------------------------------------------------------------------------------------------------------

[2025-04-07 17:31:14 #1 store] 
Database 'C:\Users\Usuario-Pc\OneDrive\Escritorio\Urtzi Universidad\workspace\SI\Rides24\src\main\resources\rides.temp' has been recovered (tr. 71-86)

[2025-04-07 17:31:14 #2 store] 
Database 'C:\Users\Usuario-Pc\OneDrive\Escritorio\Urtzi Universidad\workspace\SI\Rides24\src\main\resources\rides.temp' is opened by 4172@DESKTOP-EH9B0CP

[2025-04-07 17:31:14 #3 type] 
Type domain.Ride is not enhanced.

[2025-04-07 17:31:14 #4 type] 
Type domain.RideRequest is not enhanced.

[2025-04-07 17:31:14 #5 type] 
Type domain.Profile is not enhanced.

[2025-04-07 17:31:14 #6 type] 
Type domain.Driver is not enhanced.

[2025-04-07 17:31:14 #7 type] 
Type domain.Kotxe is not enhanced.

[2025-04-07 17:31:14 #8 type] 
Type domain.Traveller is not enhanced.

[2025-04-07 17:31:14 #9 type] 
Type domain.Mezua is not enhanced.

