------------------------------------------------------------------------------------------------------------------------

[2025-10-01 11:32:22 #1 store] 
Database 'C:\Users\Usuario-Pc\git\SI2Proiektua\Rides24Geltokiekin\src\main\resources\rides.temp' has been recovered (tr. 387-392)

[2025-10-01 11:32:22 #2 store] 
Database 'C:\Users\Usuario-Pc\git\SI2Proiektua\Rides24Geltokiekin\src\main\resources\rides.temp' is opened by 19168@DESKTOP-EH9B0CP

[2025-10-01 11:32:22 #3 type] 
Type domain.Profile is not enhanced.

[2025-10-01 11:32:22 #4 type] 
Type domain.Erreklamazioa is not enhanced.

[2025-10-01 11:32:22 #5 type] 
Type domain.Mezua is not enhanced.

[2025-10-01 11:32:22 #6 type] 
Type domain.Ride is not enhanced.

[2025-10-01 11:32:22 #7 type] 
Type domain.RideRequest is not enhanced.

[2025-10-01 11:32:22 #8 type] 
Type domain.Alerta is not enhanced.

[2025-10-01 11:32:22 #9 type] 
Type domain.Driver is not enhanced.

[2025-10-01 11:32:22 #10 type] 
Type domain.Kotxe is not enhanced.

[2025-10-01 11:32:22 #11 type] 
Type domain.Geltoki is not enhanced.

[2025-10-01 11:32:22 #12 type] 
Type domain.Traveller is not enhanced.

[2025-10-01 11:32:22 #13 type] 
Type domain.Admin is not enhanced.

------------------------------------------------------------------------------------------------------------------------

[2025-10-01 11:32:32 #1 store] 
Database 'C:\Users\Usuario-Pc\git\SI2Proiektua\Rides24Geltokiekin\src\main\resources\rides.temp' has been recovered (tr. 393-410)

[2025-10-01 11:32:32 #2 store] 
Database 'C:\Users\Usuario-Pc\git\SI2Proiektua\Rides24Geltokiekin\src\main\resources\rides.temp' is opened by 6436@DESKTOP-EH9B0CP

[2025-10-01 11:32:33 #3 type] 
Type domain.Profile is not enhanced.

[2025-10-01 11:32:33 #4 type] 
Type domain.Erreklamazioa is not enhanced.

[2025-10-01 11:32:33 #5 type] 
Type domain.Mezua is not enhanced.

[2025-10-01 11:32:33 #6 type] 
Type domain.Ride is not enhanced.

[2025-10-01 11:32:33 #7 type] 
Type domain.RideRequest is not enhanced.

[2025-10-01 11:32:33 #8 type] 
Type domain.Alerta is not enhanced.

[2025-10-01 11:32:33 #9 type] 
Type domain.Driver is not enhanced.

[2025-10-01 11:32:33 #10 type] 
Type domain.Kotxe is not enhanced.

[2025-10-01 11:32:33 #11 type] 
Type domain.Geltoki is not enhanced.

[2025-10-01 11:32:33 #12 type] 
Type domain.Traveller is not enhanced.

[2025-10-01 11:32:33 #13 type] 
Type domain.Admin is not enhanced.

------------------------------------------------------------------------------------------------------------------------

[2025-10-01 11:52:59 #1 store] 
Database 'C:\Users\Usuario-Pc\git\SI2Proiektua\Rides24Geltokiekin\src\main\resources\rides.temp' has been recovered (tr. 411-428)

[2025-10-01 11:53:00 #2 store] 
Database 'C:\Users\Usuario-Pc\git\SI2Proiektua\Rides24Geltokiekin\src\main\resources\rides.temp' is opened by 3552@DESKTOP-EH9B0CP

[2025-10-01 11:53:00 #3 type] 
Type domain.Profile is not enhanced.

[2025-10-01 11:53:00 #4 type] 
Type domain.Erreklamazioa is not enhanced.

[2025-10-01 11:53:00 #5 type] 
Type domain.Mezua is not enhanced.

[2025-10-01 11:53:00 #6 type] 
Type domain.Ride is not enhanced.

[2025-10-01 11:53:00 #7 type] 
Type domain.RideRequest is not enhanced.

[2025-10-01 11:53:00 #8 type] 
Type domain.Alerta is not enhanced.

[2025-10-01 11:53:00 #9 type] 
Type domain.Driver is not enhanced.

[2025-10-01 11:53:00 #10 type] 
Type domain.Kotxe is not enhanced.

[2025-10-01 11:53:00 #11 type] 
Type domain.Geltoki is not enhanced.

[2025-10-01 11:53:00 #12 type] 
Type domain.Traveller is not enhanced.

[2025-10-01 11:53:00 #13 type] 
Type domain.Admin is not enhanced.

------------------------------------------------------------------------------------------------------------------------

[2025-10-01 16:48:05 #1 store] 
Database 'C:\Users\Usuario-Pc\git\SI2Proiektua\Rides24Geltokiekin\src\main\resources\rides.temp' has been recovered (tr. 429-446)

[2025-10-01 16:48:05 #2 store] 
Database 'C:\Users\Usuario-Pc\git\SI2Proiektua\Rides24Geltokiekin\src\main\resources\rides.temp' is opened by 8096@DESKTOP-EH9B0CP

[2025-10-01 16:48:05 #3 type] 
Type domain.Profile is not enhanced.

[2025-10-01 16:48:05 #4 type] 
Type domain.Erreklamazioa is not enhanced.

[2025-10-01 16:48:05 #5 type] 
Type domain.Mezua is not enhanced.

[2025-10-01 16:48:05 #6 type] 
Type domain.Ride is not enhanced.

[2025-10-01 16:48:05 #7 type] 
Type domain.RideRequest is not enhanced.

[2025-10-01 16:48:05 #8 type] 
Type domain.Alerta is not enhanced.

[2025-10-01 16:48:05 #9 type] 
Type domain.Driver is not enhanced.

[2025-10-01 16:48:05 #10 type] 
Type domain.Kotxe is not enhanced.

[2025-10-01 16:48:05 #11 type] 
Type domain.Geltoki is not enhanced.

[2025-10-01 16:48:05 #12 type] 
Type domain.Traveller is not enhanced.

[2025-10-01 16:48:05 #13 type] 
Type domain.Admin is not enhanced.

------------------------------------------------------------------------------------------------------------------------

[2025-10-01 17:01:48 #1 store] 
Database 'C:\Users\Usuario-Pc\git\SI2Proiektua\Rides24Geltokiekin\src\main\resources\rides.temp' has been recovered (tr. 447-464)

[2025-10-01 17:01:48 #2 store] 
Database 'C:\Users\Usuario-Pc\git\SI2Proiektua\Rides24Geltokiekin\src\main\resources\rides.temp' is opened by 1576@DESKTOP-EH9B0CP

[2025-10-01 17:01:48 #3 type] 
Type domain.Profile is not enhanced.

[2025-10-01 17:01:48 #4 type] 
Type domain.Erreklamazioa is not enhanced.

[2025-10-01 17:01:48 #5 type] 
Type domain.Mezua is not enhanced.

[2025-10-01 17:01:48 #6 type] 
Type domain.Ride is not enhanced.

[2025-10-01 17:01:48 #7 type] 
Type domain.RideRequest is not enhanced.

[2025-10-01 17:01:48 #8 type] 
Type domain.Alerta is not enhanced.

[2025-10-01 17:01:48 #9 type] 
Type domain.Driver is not enhanced.

[2025-10-01 17:01:48 #10 type] 
Type domain.Kotxe is not enhanced.

[2025-10-01 17:01:48 #11 type] 
Type domain.Geltoki is not enhanced.

[2025-10-01 17:01:48 #12 type] 
Type domain.Traveller is not enhanced.

[2025-10-01 17:01:48 #13 type] 
Type domain.Admin is not enhanced.

------------------------------------------------------------------------------------------------------------------------

[2025-10-01 17:03:18 #1 store] 
Database 'C:\Users\Usuario-Pc\git\SI2Proiektua\Rides24Geltokiekin\src\main\resources\rides.temp' has been recovered (tr. 465-476)

[2025-10-01 17:03:18 #2 store] 
Database 'C:\Users\Usuario-Pc\git\SI2Proiektua\Rides24Geltokiekin\src\main\resources\rides.temp' is opened by 5860@DESKTOP-EH9B0CP

[2025-10-01 17:03:18 #3 type] 
Type domain.Profile is not enhanced.

[2025-10-01 17:03:18 #4 type] 
Type domain.Erreklamazioa is not enhanced.

[2025-10-01 17:03:18 #5 type] 
Type domain.Mezua is not enhanced.

[2025-10-01 17:03:18 #6 type] 
Type domain.Ride is not enhanced.

[2025-10-01 17:03:18 #7 type] 
Type domain.RideRequest is not enhanced.

[2025-10-01 17:03:18 #8 type] 
Type domain.Alerta is not enhanced.

[2025-10-01 17:03:18 #9 type] 
Type domain.Driver is not enhanced.

[2025-10-01 17:03:18 #10 type] 
Type domain.Kotxe is not enhanced.

[2025-10-01 17:03:18 #11 type] 
Type domain.Geltoki is not enhanced.

[2025-10-01 17:03:18 #12 type] 
Type domain.Traveller is not enhanced.

[2025-10-01 17:03:18 #13 type] 
Type domain.Admin is not enhanced.

------------------------------------------------------------------------------------------------------------------------

[2025-10-01 17:04:02 #1 store] 
Database 'C:\Users\Usuario-Pc\git\SI2Proiektua\Rides24Geltokiekin\src\main\resources\rides.temp' has been recovered (tr. 477-488)

[2025-10-01 17:04:02 #2 store] 
Database 'C:\Users\Usuario-Pc\git\SI2Proiektua\Rides24Geltokiekin\src\main\resources\rides.temp' is opened by 14816@DESKTOP-EH9B0CP

[2025-10-01 17:04:02 #3 type] 
Type domain.Profile is not enhanced.

[2025-10-01 17:04:02 #4 type] 
Type domain.Erreklamazioa is not enhanced.

[2025-10-01 17:04:02 #5 type] 
Type domain.Mezua is not enhanced.

[2025-10-01 17:04:02 #6 type] 
Type domain.Ride is not enhanced.

[2025-10-01 17:04:02 #7 type] 
Type domain.RideRequest is not enhanced.

[2025-10-01 17:04:02 #8 type] 
Type domain.Alerta is not enhanced.

[2025-10-01 17:04:02 #9 type] 
Type domain.Driver is not enhanced.

[2025-10-01 17:04:02 #10 type] 
Type domain.Kotxe is not enhanced.

[2025-10-01 17:04:02 #11 type] 
Type domain.Geltoki is not enhanced.

[2025-10-01 17:04:02 #12 type] 
Type domain.Traveller is not enhanced.

[2025-10-01 17:04:02 #13 type] 
Type domain.Admin is not enhanced.

------------------------------------------------------------------------------------------------------------------------

[2025-10-01 17:05:08 #1 store] 
Database 'C:\Users\Usuario-Pc\git\SI2Proiektua\Rides24Geltokiekin\src\main\resources\rides.temp' has been recovered (tr. 489-501)

[2025-10-01 17:05:08 #2 store] 
Database 'C:\Users\Usuario-Pc\git\SI2Proiektua\Rides24Geltokiekin\src\main\resources\rides.temp' is opened by 9172@DESKTOP-EH9B0CP

[2025-10-01 17:05:09 #3 type] 
Type domain.Profile is not enhanced.

[2025-10-01 17:05:09 #4 type] 
Type domain.Erreklamazioa is not enhanced.

[2025-10-01 17:05:09 #5 type] 
Type domain.Mezua is not enhanced.

[2025-10-01 17:05:09 #6 type] 
Type domain.Ride is not enhanced.

[2025-10-01 17:05:09 #7 type] 
Type domain.RideRequest is not enhanced.

[2025-10-01 17:05:09 #8 type] 
Type domain.Alerta is not enhanced.

[2025-10-01 17:05:09 #9 type] 
Type domain.Driver is not enhanced.

[2025-10-01 17:05:09 #10 type] 
Type domain.Kotxe is not enhanced.

[2025-10-01 17:05:09 #11 type] 
Type domain.Geltoki is not enhanced.

[2025-10-01 17:05:09 #12 type] 
Type domain.Traveller is not enhanced.

[2025-10-01 17:05:09 #13 type] 
Type domain.Admin is not enhanced.

------------------------------------------------------------------------------------------------------------------------

[2025-10-01 18:32:31 #1 store] 
Database 'C:\Users\Usuario-Pc\git\SI2Proiektua\Rides24Geltokiekin\src\main\resources\rides.temp' has been recovered (tr. 502-514)

[2025-10-01 18:32:31 #2 store] 
Database 'C:\Users\Usuario-Pc\git\SI2Proiektua\Rides24Geltokiekin\src\main\resources\rides.temp' is opened by 23304@DESKTOP-EH9B0CP

[2025-10-01 18:32:31 #3 type] 
Type domain.Profile is not enhanced.

[2025-10-01 18:32:31 #4 type] 
Type domain.Erreklamazioa is not enhanced.

[2025-10-01 18:32:31 #5 type] 
Type domain.Mezua is not enhanced.

[2025-10-01 18:32:31 #6 type] 
Type domain.Ride is not enhanced.

[2025-10-01 18:32:31 #7 type] 
Type domain.RideRequest is not enhanced.

[2025-10-01 18:32:31 #8 type] 
Type domain.Alerta is not enhanced.

[2025-10-01 18:32:31 #9 type] 
Type domain.Driver is not enhanced.

[2025-10-01 18:32:31 #10 type] 
Type domain.Kotxe is not enhanced.

[2025-10-01 18:32:31 #11 type] 
Type domain.Geltoki is not enhanced.

[2025-10-01 18:32:31 #12 type] 
Type domain.Traveller is not enhanced.

[2025-10-01 18:32:31 #13 type] 
Type domain.Admin is not enhanced.

------------------------------------------------------------------------------------------------------------------------

[2025-10-01 18:33:12 #1 store] 
Database 'C:\Users\Usuario-Pc\git\SI2Proiektua\Rides24Geltokiekin\src\main\resources\rides.temp' has been recovered (tr. 515-533)

[2025-10-01 18:33:12 #2 store] 
Database 'C:\Users\Usuario-Pc\git\SI2Proiektua\Rides24Geltokiekin\src\main\resources\rides.temp' is opened by 15168@DESKTOP-EH9B0CP

[2025-10-01 18:33:12 #3 type] 
Type domain.Profile is not enhanced.

[2025-10-01 18:33:12 #4 type] 
Type domain.Erreklamazioa is not enhanced.

[2025-10-01 18:33:12 #5 type] 
Type domain.Mezua is not enhanced.

[2025-10-01 18:33:12 #6 type] 
Type domain.Ride is not enhanced.

[2025-10-01 18:33:12 #7 type] 
Type domain.RideRequest is not enhanced.

[2025-10-01 18:33:12 #8 type] 
Type domain.Alerta is not enhanced.

[2025-10-01 18:33:12 #9 type] 
Type domain.Driver is not enhanced.

[2025-10-01 18:33:12 #10 type] 
Type domain.Kotxe is not enhanced.

[2025-10-01 18:33:12 #11 type] 
Type domain.Geltoki is not enhanced.

[2025-10-01 18:33:12 #12 type] 
Type domain.Traveller is not enhanced.

[2025-10-01 18:33:12 #13 type] 
Type domain.Admin is not enhanced.

------------------------------------------------------------------------------------------------------------------------

[2025-10-01 18:33:46 #1 store] 
Database 'C:\Users\Usuario-Pc\git\SI2Proiektua\Rides24Geltokiekin\src\main\resources\rides.temp' has been recovered (tr. 534-552)

[2025-10-01 18:33:46 #2 store] 
Database 'C:\Users\Usuario-Pc\git\SI2Proiektua\Rides24Geltokiekin\src\main\resources\rides.temp' is opened by 20896@DESKTOP-EH9B0CP

[2025-10-01 18:33:46 #3 type] 
Type domain.Profile is not enhanced.

[2025-10-01 18:33:46 #4 type] 
Type domain.Erreklamazioa is not enhanced.

[2025-10-01 18:33:46 #5 type] 
Type domain.Mezua is not enhanced.

[2025-10-01 18:33:46 #6 type] 
Type domain.Ride is not enhanced.

[2025-10-01 18:33:46 #7 type] 
Type domain.RideRequest is not enhanced.

[2025-10-01 18:33:46 #8 type] 
Type domain.Alerta is not enhanced.

[2025-10-01 18:33:46 #9 type] 
Type domain.Driver is not enhanced.

[2025-10-01 18:33:46 #10 type] 
Type domain.Kotxe is not enhanced.

[2025-10-01 18:33:46 #11 type] 
Type domain.Geltoki is not enhanced.

[2025-10-01 18:33:46 #12 type] 
Type domain.Traveller is not enhanced.

[2025-10-01 18:33:46 #13 type] 
Type domain.Admin is not enhanced.

------------------------------------------------------------------------------------------------------------------------

[2025-10-01 18:35:10 #1 store] 
Database 'C:\Users\Usuario-Pc\git\SI2Proiektua\Rides24Geltokiekin\src\main\resources\rides.temp' has been recovered (tr. 553-571)

[2025-10-01 18:35:10 #2 store] 
Database 'C:\Users\Usuario-Pc\git\SI2Proiektua\Rides24Geltokiekin\src\main\resources\rides.temp' is opened by 15576@DESKTOP-EH9B0CP

[2025-10-01 18:35:11 #3 type] 
Type domain.Profile is not enhanced.

[2025-10-01 18:35:11 #4 type] 
Type domain.Erreklamazioa is not enhanced.

[2025-10-01 18:35:11 #5 type] 
Type domain.Mezua is not enhanced.

[2025-10-01 18:35:11 #6 type] 
Type domain.Ride is not enhanced.

[2025-10-01 18:35:11 #7 type] 
Type domain.RideRequest is not enhanced.

[2025-10-01 18:35:11 #8 type] 
Type domain.Alerta is not enhanced.

[2025-10-01 18:35:11 #9 type] 
Type domain.Driver is not enhanced.

[2025-10-01 18:35:11 #10 type] 
Type domain.Kotxe is not enhanced.

[2025-10-01 18:35:11 #11 type] 
Type domain.Geltoki is not enhanced.

[2025-10-01 18:35:11 #12 type] 
Type domain.Traveller is not enhanced.

[2025-10-01 18:35:11 #13 type] 
Type domain.Admin is not enhanced.

------------------------------------------------------------------------------------------------------------------------

[2025-10-01 18:36:20 #1 store] 
Database 'C:\Users\Usuario-Pc\git\SI2Proiektua\Rides24Geltokiekin\src\main\resources\rides.temp' has been recovered (tr. 572-590)

[2025-10-01 18:36:21 #2 store] 
Database 'C:\Users\Usuario-Pc\git\SI2Proiektua\Rides24Geltokiekin\src\main\resources\rides.temp' is opened by 12272@DESKTOP-EH9B0CP

[2025-10-01 18:36:21 #3 type] 
Type domain.Profile is not enhanced.

[2025-10-01 18:36:21 #4 type] 
Type domain.Erreklamazioa is not enhanced.

[2025-10-01 18:36:21 #5 type] 
Type domain.Mezua is not enhanced.

[2025-10-01 18:36:21 #6 type] 
Type domain.Ride is not enhanced.

[2025-10-01 18:36:21 #7 type] 
Type domain.RideRequest is not enhanced.

[2025-10-01 18:36:21 #8 type] 
Type domain.Alerta is not enhanced.

[2025-10-01 18:36:21 #9 type] 
Type domain.Driver is not enhanced.

[2025-10-01 18:36:21 #10 type] 
Type domain.Kotxe is not enhanced.

[2025-10-01 18:36:21 #11 type] 
Type domain.Geltoki is not enhanced.

[2025-10-01 18:36:21 #12 type] 
Type domain.Traveller is not enhanced.

[2025-10-01 18:36:21 #13 type] 
Type domain.Admin is not enhanced.

------------------------------------------------------------------------------------------------------------------------

[2025-10-01 18:37:08 #1 store] 
Database 'C:\Users\Usuario-Pc\git\SI2Proiektua\Rides24Geltokiekin\src\main\resources\rides.temp' has been recovered (tr. 591-615)

[2025-10-01 18:37:08 #2 store] 
Database 'C:\Users\Usuario-Pc\git\SI2Proiektua\Rides24Geltokiekin\src\main\resources\rides.temp' is opened by 20436@DESKTOP-EH9B0CP

[2025-10-01 18:37:08 #3 type] 
Type domain.Profile is not enhanced.

[2025-10-01 18:37:08 #4 type] 
Type domain.Erreklamazioa is not enhanced.

[2025-10-01 18:37:08 #5 type] 
Type domain.Mezua is not enhanced.

[2025-10-01 18:37:08 #6 type] 
Type domain.Ride is not enhanced.

[2025-10-01 18:37:08 #7 type] 
Type domain.RideRequest is not enhanced.

[2025-10-01 18:37:08 #8 type] 
Type domain.Alerta is not enhanced.

[2025-10-01 18:37:08 #9 type] 
Type domain.Driver is not enhanced.

[2025-10-01 18:37:08 #10 type] 
Type domain.Kotxe is not enhanced.

[2025-10-01 18:37:08 #11 type] 
Type domain.Geltoki is not enhanced.

[2025-10-01 18:37:08 #12 type] 
Type domain.Traveller is not enhanced.

[2025-10-01 18:37:08 #13 type] 
Type domain.Admin is not enhanced.

------------------------------------------------------------------------------------------------------------------------

[2025-10-01 18:37:28 #1 store] 
Database 'C:\Users\Usuario-Pc\git\SI2Proiektua\Rides24Geltokiekin\src\main\resources\rides.temp' has been recovered (tr. 616-646)

[2025-10-01 18:37:28 #2 store] 
Database 'C:\Users\Usuario-Pc\git\SI2Proiektua\Rides24Geltokiekin\src\main\resources\rides.temp' is opened by 21784@DESKTOP-EH9B0CP

[2025-10-01 18:37:29 #3 type] 
Type domain.Profile is not enhanced.

[2025-10-01 18:37:29 #4 type] 
Type domain.Erreklamazioa is not enhanced.

[2025-10-01 18:37:29 #5 type] 
Type domain.Mezua is not enhanced.

[2025-10-01 18:37:29 #6 type] 
Type domain.Ride is not enhanced.

[2025-10-01 18:37:29 #7 type] 
Type domain.RideRequest is not enhanced.

[2025-10-01 18:37:29 #8 type] 
Type domain.Alerta is not enhanced.

[2025-10-01 18:37:29 #9 type] 
Type domain.Driver is not enhanced.

[2025-10-01 18:37:29 #10 type] 
Type domain.Kotxe is not enhanced.

[2025-10-01 18:37:29 #11 type] 
Type domain.Geltoki is not enhanced.

[2025-10-01 18:37:29 #12 type] 
Type domain.Traveller is not enhanced.

[2025-10-01 18:37:29 #13 type] 
Type domain.Admin is not enhanced.

------------------------------------------------------------------------------------------------------------------------

[2025-10-01 18:40:40 #1 store] 
Database 'C:\Users\Usuario-Pc\git\SI2Proiektua\Rides24Geltokiekin\src\main\resources\rides.temp' has been recovered (tr. 647-677)

[2025-10-01 18:40:40 #2 store] 
Database 'C:\Users\Usuario-Pc\git\SI2Proiektua\Rides24Geltokiekin\src\main\resources\rides.temp' is opened by 4960@DESKTOP-EH9B0CP

[2025-10-01 18:40:40 #3 type] 
Type domain.Profile is not enhanced.

[2025-10-01 18:40:40 #4 type] 
Type domain.Erreklamazioa is not enhanced.

[2025-10-01 18:40:40 #5 type] 
Type domain.Mezua is not enhanced.

[2025-10-01 18:40:40 #6 type] 
Type domain.Ride is not enhanced.

[2025-10-01 18:40:40 #7 type] 
Type domain.RideRequest is not enhanced.

[2025-10-01 18:40:40 #8 type] 
Type domain.Alerta is not enhanced.

[2025-10-01 18:40:40 #9 type] 
Type domain.Driver is not enhanced.

[2025-10-01 18:40:40 #10 type] 
Type domain.Kotxe is not enhanced.

[2025-10-01 18:40:40 #11 type] 
Type domain.Geltoki is not enhanced.

[2025-10-01 18:40:40 #12 type] 
Type domain.Traveller is not enhanced.

[2025-10-01 18:40:40 #13 type] 
Type domain.Admin is not enhanced.

------------------------------------------------------------------------------------------------------------------------

[2025-10-01 18:41:27 #1 store] 
Database 'C:\Users\Usuario-Pc\git\SI2Proiektua\Rides24Geltokiekin\src\main\resources\rides.temp' has been recovered (tr. 678-714)

[2025-10-01 18:41:27 #2 store] 
Database 'C:\Users\Usuario-Pc\git\SI2Proiektua\Rides24Geltokiekin\src\main\resources\rides.temp' is opened by 10484@DESKTOP-EH9B0CP

[2025-10-01 18:41:28 #3 type] 
Type domain.Profile is not enhanced.

[2025-10-01 18:41:28 #4 type] 
Type domain.Erreklamazioa is not enhanced.

[2025-10-01 18:41:28 #5 type] 
Type domain.Mezua is not enhanced.

[2025-10-01 18:41:28 #6 type] 
Type domain.Ride is not enhanced.

[2025-10-01 18:41:28 #7 type] 
Type domain.RideRequest is not enhanced.

[2025-10-01 18:41:28 #8 type] 
Type domain.Alerta is not enhanced.

[2025-10-01 18:41:28 #9 type] 
Type domain.Driver is not enhanced.

[2025-10-01 18:41:28 #10 type] 
Type domain.Kotxe is not enhanced.

[2025-10-01 18:41:28 #11 type] 
Type domain.Geltoki is not enhanced.

[2025-10-01 18:41:28 #12 type] 
Type domain.Traveller is not enhanced.

[2025-10-01 18:41:28 #13 type] 
Type domain.Admin is not enhanced.

------------------------------------------------------------------------------------------------------------------------

[2025-10-01 18:42:53 #1 store] 
Database 'C:\Users\Usuario-Pc\git\SI2Proiektua\Rides24Geltokiekin\src\main\resources\rides.temp' has been recovered (tr. 715-751)

[2025-10-01 18:42:53 #2 store] 
Database 'C:\Users\Usuario-Pc\git\SI2Proiektua\Rides24Geltokiekin\src\main\resources\rides.temp' is opened by 11300@DESKTOP-EH9B0CP

[2025-10-01 18:42:53 #3 type] 
Type domain.Profile is not enhanced.

[2025-10-01 18:42:53 #4 type] 
Type domain.Erreklamazioa is not enhanced.

[2025-10-01 18:42:53 #5 type] 
Type domain.Mezua is not enhanced.

[2025-10-01 18:42:53 #6 type] 
Type domain.Ride is not enhanced.

[2025-10-01 18:42:53 #7 type] 
Type domain.RideRequest is not enhanced.

[2025-10-01 18:42:53 #8 type] 
Type domain.Alerta is not enhanced.

[2025-10-01 18:42:53 #9 type] 
Type domain.Driver is not enhanced.

[2025-10-01 18:42:53 #10 type] 
Type domain.Kotxe is not enhanced.

[2025-10-01 18:42:53 #11 type] 
Type domain.Geltoki is not enhanced.

[2025-10-01 18:42:53 #12 type] 
Type domain.Traveller is not enhanced.

[2025-10-01 18:42:53 #13 type] 
Type domain.Admin is not enhanced.

------------------------------------------------------------------------------------------------------------------------

[2025-10-01 18:47:25 #1 store] 
Database 'C:\Users\Usuario-Pc\git\SI2Proiektua\Rides24Geltokiekin\src\main\resources\rides.temp' has been recovered (tr. 752-788)

[2025-10-01 18:47:25 #2 store] 
Database 'C:\Users\Usuario-Pc\git\SI2Proiektua\Rides24Geltokiekin\src\main\resources\rides.temp' is opened by 7348@DESKTOP-EH9B0CP

[2025-10-01 18:47:25 #3 type] 
Type domain.Profile is not enhanced.

[2025-10-01 18:47:25 #4 type] 
Type domain.Erreklamazioa is not enhanced.

[2025-10-01 18:47:25 #5 type] 
Type domain.Mezua is not enhanced.

[2025-10-01 18:47:25 #6 type] 
Type domain.Ride is not enhanced.

[2025-10-01 18:47:25 #7 type] 
Type domain.RideRequest is not enhanced.

[2025-10-01 18:47:25 #8 type] 
Type domain.Alerta is not enhanced.

[2025-10-01 18:47:25 #9 type] 
Type domain.Driver is not enhanced.

[2025-10-01 18:47:25 #10 type] 
Type domain.Kotxe is not enhanced.

[2025-10-01 18:47:25 #11 type] 
Type domain.Geltoki is not enhanced.

[2025-10-01 18:47:25 #12 type] 
Type domain.Traveller is not enhanced.

[2025-10-01 18:47:25 #13 type] 
Type domain.Admin is not enhanced.

------------------------------------------------------------------------------------------------------------------------

[2025-10-01 18:47:37 #1 store] 
Database 'C:\Users\Usuario-Pc\git\SI2Proiektua\Rides24Geltokiekin\src\main\resources\rides.temp' has been recovered (tr. 789-825)

[2025-10-01 18:47:37 #2 store] 
Database 'C:\Users\Usuario-Pc\git\SI2Proiektua\Rides24Geltokiekin\src\main\resources\rides.temp' is opened by 18504@DESKTOP-EH9B0CP

[2025-10-01 18:47:37 #3 type] 
Type domain.Profile is not enhanced.

[2025-10-01 18:47:37 #4 type] 
Type domain.Erreklamazioa is not enhanced.

[2025-10-01 18:47:37 #5 type] 
Type domain.Mezua is not enhanced.

[2025-10-01 18:47:37 #6 type] 
Type domain.Ride is not enhanced.

[2025-10-01 18:47:37 #7 type] 
Type domain.RideRequest is not enhanced.

[2025-10-01 18:47:37 #8 type] 
Type domain.Alerta is not enhanced.

[2025-10-01 18:47:37 #9 type] 
Type domain.Driver is not enhanced.

[2025-10-01 18:47:37 #10 type] 
Type domain.Kotxe is not enhanced.

[2025-10-01 18:47:37 #11 type] 
Type domain.Geltoki is not enhanced.

[2025-10-01 18:47:37 #12 type] 
Type domain.Traveller is not enhanced.

[2025-10-01 18:47:37 #13 type] 
Type domain.Admin is not enhanced.

------------------------------------------------------------------------------------------------------------------------

[2025-10-01 18:50:07 #1 store] 
Database 'C:\Users\Usuario-Pc\git\SI2Proiektua\Rides24Geltokiekin\src\main\resources\rides.temp' has been recovered (tr. 826-868)

[2025-10-01 18:50:07 #2 store] 
Database 'C:\Users\Usuario-Pc\git\SI2Proiektua\Rides24Geltokiekin\src\main\resources\rides.temp' is opened by 22624@DESKTOP-EH9B0CP

[2025-10-01 18:50:07 #3 type] 
Type domain.Profile is not enhanced.

[2025-10-01 18:50:07 #4 type] 
Type domain.Erreklamazioa is not enhanced.

[2025-10-01 18:50:07 #5 type] 
Type domain.Mezua is not enhanced.

[2025-10-01 18:50:07 #6 type] 
Type domain.Ride is not enhanced.

[2025-10-01 18:50:07 #7 type] 
Type domain.RideRequest is not enhanced.

[2025-10-01 18:50:07 #8 type] 
Type domain.Alerta is not enhanced.

[2025-10-01 18:50:07 #9 type] 
Type domain.Driver is not enhanced.

[2025-10-01 18:50:07 #10 type] 
Type domain.Kotxe is not enhanced.

[2025-10-01 18:50:07 #11 type] 
Type domain.Geltoki is not enhanced.

[2025-10-01 18:50:07 #12 type] 
Type domain.Traveller is not enhanced.

[2025-10-01 18:50:07 #13 type] 
Type domain.Admin is not enhanced.

------------------------------------------------------------------------------------------------------------------------

[2025-10-01 18:57:57 #1 store] 
Database 'C:\Users\Usuario-Pc\git\SI2Proiektua\Rides24Geltokiekin\src\main\resources\rides.temp' has been recovered (tr. 869-923)

[2025-10-01 18:57:57 #2 store] 
Database 'C:\Users\Usuario-Pc\git\SI2Proiektua\Rides24Geltokiekin\src\main\resources\rides.temp' is opened by 13044@DESKTOP-EH9B0CP

[2025-10-01 18:57:57 #3 type] 
Type domain.Profile is not enhanced.

[2025-10-01 18:57:57 #4 type] 
Type domain.Erreklamazioa is not enhanced.

[2025-10-01 18:57:57 #5 type] 
Type domain.Mezua is not enhanced.

[2025-10-01 18:57:57 #6 type] 
Type domain.Ride is not enhanced.

[2025-10-01 18:57:57 #7 type] 
Type domain.RideRequest is not enhanced.

[2025-10-01 18:57:57 #8 type] 
Type domain.Alerta is not enhanced.

[2025-10-01 18:57:57 #9 type] 
Type domain.Driver is not enhanced.

[2025-10-01 18:57:57 #10 type] 
Type domain.Kotxe is not enhanced.

[2025-10-01 18:57:57 #11 type] 
Type domain.Geltoki is not enhanced.

[2025-10-01 18:57:57 #12 type] 
Type domain.Traveller is not enhanced.

[2025-10-01 18:57:57 #13 type] 
Type domain.Admin is not enhanced.

------------------------------------------------------------------------------------------------------------------------

[2025-10-01 18:59:08 #1 store] 
Database 'C:\Users\Usuario-Pc\git\SI2Proiektua\Rides24Geltokiekin\src\main\resources\rides.temp' has been recovered (tr. 924-982)

[2025-10-01 18:59:08 #2 store] 
Database 'C:\Users\Usuario-Pc\git\SI2Proiektua\Rides24Geltokiekin\src\main\resources\rides.temp' is opened by 5216@DESKTOP-EH9B0CP

[2025-10-01 18:59:08 #3 type] 
Type domain.Profile is not enhanced.

[2025-10-01 18:59:08 #4 type] 
Type domain.Erreklamazioa is not enhanced.

[2025-10-01 18:59:08 #5 type] 
Type domain.Mezua is not enhanced.

[2025-10-01 18:59:08 #6 type] 
Type domain.Ride is not enhanced.

[2025-10-01 18:59:08 #7 type] 
Type domain.RideRequest is not enhanced.

[2025-10-01 18:59:08 #8 type] 
Type domain.Alerta is not enhanced.

[2025-10-01 18:59:08 #9 type] 
Type domain.Driver is not enhanced.

[2025-10-01 18:59:09 #10 type] 
Type domain.Kotxe is not enhanced.

[2025-10-01 18:59:09 #11 type] 
Type domain.Geltoki is not enhanced.

[2025-10-01 18:59:09 #12 type] 
Type domain.Traveller is not enhanced.

[2025-10-01 18:59:09 #13 type] 
Type domain.Admin is not enhanced.

------------------------------------------------------------------------------------------------------------------------

[2025-10-01 19:02:40 #1 store] 
Database 'C:\Users\Usuario-Pc\git\SI2Proiektua\Rides24Geltokiekin\src\main\resources\rides.temp' has been recovered (tr. 983-1044)

[2025-10-01 19:02:40 #2 store] 
Database 'C:\Users\Usuario-Pc\git\SI2Proiektua\Rides24Geltokiekin\src\main\resources\rides.temp' is opened by 21388@DESKTOP-EH9B0CP

[2025-10-01 19:02:40 #3 type] 
Type domain.Profile is not enhanced.

[2025-10-01 19:02:40 #4 type] 
Type domain.Erreklamazioa is not enhanced.

[2025-10-01 19:02:40 #5 type] 
Type domain.Mezua is not enhanced.

[2025-10-01 19:02:40 #6 type] 
Type domain.Ride is not enhanced.

[2025-10-01 19:02:40 #7 type] 
Type domain.RideRequest is not enhanced.

[2025-10-01 19:02:40 #8 type] 
Type domain.Alerta is not enhanced.

[2025-10-01 19:02:40 #9 type] 
Type domain.Driver is not enhanced.

[2025-10-01 19:02:40 #10 type] 
Type domain.Kotxe is not enhanced.

[2025-10-01 19:02:40 #11 type] 
Type domain.Geltoki is not enhanced.

[2025-10-01 19:02:40 #12 type] 
Type domain.Traveller is not enhanced.

[2025-10-01 19:02:40 #13 type] 
Type domain.Admin is not enhanced.

------------------------------------------------------------------------------------------------------------------------

[2025-10-01 19:12:28 #1 store] 
Database 'C:\Users\Usuario-Pc\git\SI2Proiektua\Rides24Geltokiekin\src\main\resources\rides.temp' has been recovered (tr. 1045-1105)

[2025-10-01 19:12:28 #2 store] 
Database 'C:\Users\Usuario-Pc\git\SI2Proiektua\Rides24Geltokiekin\src\main\resources\rides.temp' is opened by 23480@DESKTOP-EH9B0CP

[2025-10-01 19:12:28 #3 type] 
Type domain.Profile is not enhanced.

[2025-10-01 19:12:28 #4 type] 
Type domain.Erreklamazioa is not enhanced.

[2025-10-01 19:12:28 #5 type] 
Type domain.Mezua is not enhanced.

[2025-10-01 19:12:28 #6 type] 
Type domain.Ride is not enhanced.

[2025-10-01 19:12:28 #7 type] 
Type domain.RideRequest is not enhanced.

[2025-10-01 19:12:28 #8 type] 
Type domain.Alerta is not enhanced.

[2025-10-01 19:12:28 #9 type] 
Type domain.Driver is not enhanced.

[2025-10-01 19:12:28 #10 type] 
Type domain.Kotxe is not enhanced.

[2025-10-01 19:12:28 #11 type] 
Type domain.Geltoki is not enhanced.

[2025-10-01 19:12:28 #12 type] 
Type domain.Traveller is not enhanced.

[2025-10-01 19:12:28 #13 type] 
Type domain.Admin is not enhanced.

------------------------------------------------------------------------------------------------------------------------

[2025-10-01 19:18:40 #1 store] 
Database 'C:\Users\Usuario-Pc\git\SI2Proiektua\Rides24Geltokiekin\src\main\resources\rides.temp' has been recovered (tr. 1106-1174)

[2025-10-01 19:18:40 #2 store] 
Database 'C:\Users\Usuario-Pc\git\SI2Proiektua\Rides24Geltokiekin\src\main\resources\rides.temp' is opened by 2480@DESKTOP-EH9B0CP

[2025-10-01 19:18:40 #3 type] 
Type domain.Profile is not enhanced.

[2025-10-01 19:18:41 #4 type] 
Type domain.Erreklamazioa is not enhanced.

[2025-10-01 19:18:41 #5 type] 
Type domain.Mezua is not enhanced.

[2025-10-01 19:18:41 #6 type] 
Type domain.Ride is not enhanced.

[2025-10-01 19:18:41 #7 type] 
Type domain.RideRequest is not enhanced.

[2025-10-01 19:18:41 #8 type] 
Type domain.Alerta is not enhanced.

[2025-10-01 19:18:41 #9 type] 
Type domain.Driver is not enhanced.

[2025-10-01 19:18:41 #10 type] 
Type domain.Kotxe is not enhanced.

[2025-10-01 19:18:41 #11 type] 
Type domain.Geltoki is not enhanced.

[2025-10-01 19:18:41 #12 type] 
Type domain.Traveller is not enhanced.

[2025-10-01 19:18:41 #13 type] 
Type domain.Admin is not enhanced.

------------------------------------------------------------------------------------------------------------------------

[2025-10-01 19:22:44 #1 store] 
Database 'C:\Users\Usuario-Pc\git\SI2Proiektua\Rides24Geltokiekin\src\main\resources\rides.temp' has been recovered (tr. 1175-1243)

[2025-10-01 19:22:44 #2 store] 
Database 'C:\Users\Usuario-Pc\git\SI2Proiektua\Rides24Geltokiekin\src\main\resources\rides.temp' is opened by 4956@DESKTOP-EH9B0CP

[2025-10-01 19:22:44 #3 type] 
Type domain.Profile is not enhanced.

[2025-10-01 19:22:44 #4 type] 
Type domain.Erreklamazioa is not enhanced.

[2025-10-01 19:22:44 #5 type] 
Type domain.Mezua is not enhanced.

[2025-10-01 19:22:44 #6 type] 
Type domain.Ride is not enhanced.

[2025-10-01 19:22:44 #7 type] 
Type domain.RideRequest is not enhanced.

[2025-10-01 19:22:44 #8 type] 
Type domain.Alerta is not enhanced.

[2025-10-01 19:22:44 #9 type] 
Type domain.Driver is not enhanced.

[2025-10-01 19:22:44 #10 type] 
Type domain.Kotxe is not enhanced.

[2025-10-01 19:22:44 #11 type] 
Type domain.Geltoki is not enhanced.

[2025-10-01 19:22:44 #12 type] 
Type domain.Traveller is not enhanced.

[2025-10-01 19:22:44 #13 type] 
Type domain.Admin is not enhanced.

------------------------------------------------------------------------------------------------------------------------

[2025-10-01 19:23:28 #1 store] 
Database 'C:\Users\Usuario-Pc\git\SI2Proiektua\Rides24Geltokiekin\src\main\resources\rides.temp' has been recovered (tr. 1244-1306)

[2025-10-01 19:23:28 #2 store] 
Database 'C:\Users\Usuario-Pc\git\SI2Proiektua\Rides24Geltokiekin\src\main\resources\rides.temp' is opened by 22808@DESKTOP-EH9B0CP

[2025-10-01 19:23:28 #3 type] 
Type domain.Profile is not enhanced.

[2025-10-01 19:23:28 #4 type] 
Type domain.Erreklamazioa is not enhanced.

[2025-10-01 19:23:28 #5 type] 
Type domain.Mezua is not enhanced.

[2025-10-01 19:23:28 #6 type] 
Type domain.Ride is not enhanced.

[2025-10-01 19:23:28 #7 type] 
Type domain.RideRequest is not enhanced.

[2025-10-01 19:23:28 #8 type] 
Type domain.Alerta is not enhanced.

[2025-10-01 19:23:28 #9 type] 
Type domain.Driver is not enhanced.

[2025-10-01 19:23:28 #10 type] 
Type domain.Kotxe is not enhanced.

[2025-10-01 19:23:28 #11 type] 
Type domain.Geltoki is not enhanced.

[2025-10-01 19:23:28 #12 type] 
Type domain.Traveller is not enhanced.

[2025-10-01 19:23:28 #13 type] 
Type domain.Admin is not enhanced.

------------------------------------------------------------------------------------------------------------------------

[2025-10-01 19:28:36 #1 store] 
Database 'C:\Users\Usuario-Pc\git\SI2Proiektua\Rides24Geltokiekin\src\main\resources\rides.temp' has been recovered (tr. 1307-1369)

[2025-10-01 19:28:36 #2 store] 
Database 'C:\Users\Usuario-Pc\git\SI2Proiektua\Rides24Geltokiekin\src\main\resources\rides.temp' is opened by 14852@DESKTOP-EH9B0CP

[2025-10-01 19:28:36 #3 type] 
Type domain.Profile is not enhanced.

[2025-10-01 19:28:36 #4 type] 
Type domain.Erreklamazioa is not enhanced.

[2025-10-01 19:28:36 #5 type] 
Type domain.Mezua is not enhanced.

[2025-10-01 19:28:36 #6 type] 
Type domain.Ride is not enhanced.

[2025-10-01 19:28:36 #7 type] 
Type domain.RideRequest is not enhanced.

[2025-10-01 19:28:36 #8 type] 
Type domain.Alerta is not enhanced.

[2025-10-01 19:28:36 #9 type] 
Type domain.Driver is not enhanced.

[2025-10-01 19:28:36 #10 type] 
Type domain.Kotxe is not enhanced.

[2025-10-01 19:28:36 #11 type] 
Type domain.Geltoki is not enhanced.

[2025-10-01 19:28:36 #12 type] 
Type domain.Traveller is not enhanced.

[2025-10-01 19:28:36 #13 type] 
Type domain.Admin is not enhanced.

------------------------------------------------------------------------------------------------------------------------

[2025-10-01 19:29:16 #1 store] 
Database 'C:\Users\Usuario-Pc\git\SI2Proiektua\Rides24Geltokiekin\src\main\resources\rides.temp' has been recovered (tr. 1370-1438)

[2025-10-01 19:29:16 #2 store] 
Database 'C:\Users\Usuario-Pc\git\SI2Proiektua\Rides24Geltokiekin\src\main\resources\rides.temp' is opened by 5056@DESKTOP-EH9B0CP

[2025-10-01 19:29:16 #3 type] 
Type domain.Profile is not enhanced.

[2025-10-01 19:29:16 #4 type] 
Type domain.Erreklamazioa is not enhanced.

[2025-10-01 19:29:16 #5 type] 
Type domain.Mezua is not enhanced.

[2025-10-01 19:29:16 #6 type] 
Type domain.Ride is not enhanced.

[2025-10-01 19:29:16 #7 type] 
Type domain.RideRequest is not enhanced.

[2025-10-01 19:29:16 #8 type] 
Type domain.Alerta is not enhanced.

[2025-10-01 19:29:16 #9 type] 
Type domain.Driver is not enhanced.

[2025-10-01 19:29:16 #10 type] 
Type domain.Kotxe is not enhanced.

[2025-10-01 19:29:16 #11 type] 
Type domain.Geltoki is not enhanced.

[2025-10-01 19:29:17 #12 type] 
Type domain.Traveller is not enhanced.

[2025-10-01 19:29:17 #13 type] 
Type domain.Admin is not enhanced.

------------------------------------------------------------------------------------------------------------------------

[2025-10-01 19:31:27 #1 store] 
Database 'C:\Users\Usuario-Pc\git\SI2Proiektua\Rides24Geltokiekin\src\main\resources\rides.temp' has been recovered (tr. 1439-1507)

[2025-10-01 19:31:27 #2 store] 
Database 'C:\Users\Usuario-Pc\git\SI2Proiektua\Rides24Geltokiekin\src\main\resources\rides.temp' is opened by 10900@DESKTOP-EH9B0CP

[2025-10-01 19:31:27 #3 type] 
Type domain.Profile is not enhanced.

[2025-10-01 19:31:28 #4 type] 
Type domain.Erreklamazioa is not enhanced.

[2025-10-01 19:31:28 #5 type] 
Type domain.Mezua is not enhanced.

[2025-10-01 19:31:28 #6 type] 
Type domain.Ride is not enhanced.

[2025-10-01 19:31:28 #7 type] 
Type domain.RideRequest is not enhanced.

[2025-10-01 19:31:28 #8 type] 
Type domain.Alerta is not enhanced.

[2025-10-01 19:31:28 #9 type] 
Type domain.Driver is not enhanced.

[2025-10-01 19:31:28 #10 type] 
Type domain.Kotxe is not enhanced.

[2025-10-01 19:31:28 #11 type] 
Type domain.Geltoki is not enhanced.

[2025-10-01 19:31:28 #12 type] 
Type domain.Traveller is not enhanced.

[2025-10-01 19:31:28 #13 type] 
Type domain.Admin is not enhanced.

------------------------------------------------------------------------------------------------------------------------

[2025-10-01 19:31:54 #1 store] 
Database 'C:\Users\Usuario-Pc\git\SI2Proiektua\Rides24Geltokiekin\src\main\resources\rides.temp' has been recovered (tr. 1508-1576)

[2025-10-01 19:31:55 #2 store] 
Database 'C:\Users\Usuario-Pc\git\SI2Proiektua\Rides24Geltokiekin\src\main\resources\rides.temp' is opened by 1564@DESKTOP-EH9B0CP

[2025-10-01 19:31:55 #3 type] 
Type domain.Profile is not enhanced.

[2025-10-01 19:31:55 #4 type] 
Type domain.Erreklamazioa is not enhanced.

[2025-10-01 19:31:55 #5 type] 
Type domain.Mezua is not enhanced.

[2025-10-01 19:31:55 #6 type] 
Type domain.Ride is not enhanced.

[2025-10-01 19:31:55 #7 type] 
Type domain.RideRequest is not enhanced.

[2025-10-01 19:31:55 #8 type] 
Type domain.Alerta is not enhanced.

[2025-10-01 19:31:55 #9 type] 
Type domain.Driver is not enhanced.

[2025-10-01 19:31:55 #10 type] 
Type domain.Kotxe is not enhanced.

[2025-10-01 19:31:55 #11 type] 
Type domain.Geltoki is not enhanced.

[2025-10-01 19:31:55 #12 type] 
Type domain.Traveller is not enhanced.

[2025-10-01 19:31:55 #13 type] 
Type domain.Admin is not enhanced.

------------------------------------------------------------------------------------------------------------------------

[2025-10-01 19:35:00 #1 store] 
Database 'C:\Users\Usuario-Pc\git\SI2Proiektua\Rides24Geltokiekin\src\main\resources\rides.temp' has been recovered (tr. 1577-1645)

[2025-10-01 19:35:00 #2 store] 
Database 'C:\Users\Usuario-Pc\git\SI2Proiektua\Rides24Geltokiekin\src\main\resources\rides.temp' is opened by 20952@DESKTOP-EH9B0CP

[2025-10-01 19:35:00 #3 type] 
Type domain.Profile is not enhanced.

[2025-10-01 19:35:00 #4 type] 
Type domain.Erreklamazioa is not enhanced.

[2025-10-01 19:35:00 #5 type] 
Type domain.Mezua is not enhanced.

[2025-10-01 19:35:00 #6 type] 
Type domain.Ride is not enhanced.

[2025-10-01 19:35:00 #7 type] 
Type domain.RideRequest is not enhanced.

[2025-10-01 19:35:00 #8 type] 
Type domain.Alerta is not enhanced.

[2025-10-01 19:35:00 #9 type] 
Type domain.Driver is not enhanced.

[2025-10-01 19:35:00 #10 type] 
Type domain.Kotxe is not enhanced.

[2025-10-01 19:35:00 #11 type] 
Type domain.Geltoki is not enhanced.

[2025-10-01 19:35:00 #12 type] 
Type domain.Traveller is not enhanced.

[2025-10-01 19:35:00 #13 type] 
Type domain.Admin is not enhanced.

