------------------------------------------------------------------------------------------------------------------------

[2025-03-05 18:12:36 #1 store] 
Database 'C:\Users\Usuario-Pc\OneDrive\Escritorio\Urtzi Universidad\workspace\SI\Rides24\src\main\resources\rides.temp' has been recovered (tr. 109-134)

[2025-03-05 18:12:36 #2 store] 
Database 'C:\Users\Usuario-Pc\OneDrive\Escritorio\Urtzi Universidad\workspace\SI\Rides24\src\main\resources\rides.temp' is opened by 12564@DESKTOP-EH9B0CP

[2025-03-05 18:12:36 #3 type] 
Type domain.Profile is not enhanced.

[2025-03-05 18:12:36 #4 type] 
Type domain.Driver is not enhanced.

[2025-03-05 18:12:36 #5 type] 
Type domain.Ride is not enhanced.

[2025-03-05 18:12:36 #6 type] 
Type domain.RideRequest is not enhanced.

[2025-03-05 18:12:36 #7 type] 
Type domain.Traveller is not enhanced.

------------------------------------------------------------------------------------------------------------------------

[2025-03-05 18:14:18 #1 store] 
Database 'C:\Users\Usuario-Pc\OneDrive\Escritorio\Urtzi Universidad\workspace\SI\Rides24\src\main\resources\rides.temp' has been recovered (tr. 135-135)

[2025-03-05 18:14:18 #2 store] 
Database 'C:\Users\Usuario-Pc\OneDrive\Escritorio\Urtzi Universidad\workspace\SI\Rides24\src\main\resources\rides.temp' is opened by 7244@DESKTOP-EH9B0CP

[2025-03-05 18:14:18 #3 type] 
Type domain.Profile is not enhanced.

[2025-03-05 18:14:18 #4 type] 
Type domain.Driver is not enhanced.

[2025-03-05 18:14:18 #5 type] 
Type domain.Ride is not enhanced.

[2025-03-05 18:14:19 #6 type] 
Type domain.RideRequest is not enhanced.

[2025-03-05 18:14:19 #7 type] 
Type domain.Traveller is not enhanced.

------------------------------------------------------------------------------------------------------------------------

[2025-03-05 18:16:44 #1 store] 
Database 'C:\Users\Usuario-Pc\OneDrive\Escritorio\Urtzi Universidad\workspace\SI\Rides24\src\main\resources\rides.temp' has been recovered (tr. 136-155)

[2025-03-05 18:16:44 #2 store] 
Database 'C:\Users\Usuario-Pc\OneDrive\Escritorio\Urtzi Universidad\workspace\SI\Rides24\src\main\resources\rides.temp' is opened by 20800@DESKTOP-EH9B0CP

[2025-03-05 18:16:44 #3 type] 
Type domain.Profile is not enhanced.

[2025-03-05 18:16:44 #4 type] 
Type domain.Driver is not enhanced.

[2025-03-05 18:16:44 #5 type] 
Type domain.Ride is not enhanced.

[2025-03-05 18:16:44 #6 type] 
Type domain.RideRequest is not enhanced.

[2025-03-05 18:16:44 #7 type] 
Type domain.Traveller is not enhanced.

------------------------------------------------------------------------------------------------------------------------

[2025-03-05 18:24:54 #1 store] 
Database 'C:\Users\Usuario-Pc\OneDrive\Escritorio\Urtzi Universidad\workspace\SI\Rides24\src\main\resources\rides.temp' is opened by 16772@DESKTOP-EH9B0CP

[2025-03-05 18:24:54 #2 type] 
Type domain.Profile is not enhanced.

[2025-03-05 18:24:54 #3 type] 
Type domain.Driver is not enhanced.

[2025-03-05 18:24:54 #4 type] 
Type domain.Ride is not enhanced.

[2025-03-05 18:24:54 #5 type] 
Type domain.RideRequest is not enhanced.

[2025-03-05 18:24:54 #6 type] 
Type domain.Traveller is not enhanced.

------------------------------------------------------------------------------------------------------------------------

[2025-03-05 18:26:44 #1 store] 
Database 'C:\Users\Usuario-Pc\OneDrive\Escritorio\Urtzi Universidad\workspace\SI\Rides24\src\main\resources\rides.temp' has been recovered (tr. 156-163)

[2025-03-05 18:26:44 #2 store] 
Database 'C:\Users\Usuario-Pc\OneDrive\Escritorio\Urtzi Universidad\workspace\SI\Rides24\src\main\resources\rides.temp' is opened by 10072@DESKTOP-EH9B0CP

[2025-03-05 18:26:44 #3 type] 
Type domain.Profile is not enhanced.

[2025-03-05 18:26:44 #4 type] 
Type domain.Driver is not enhanced.

[2025-03-05 18:26:44 #5 type] 
Type domain.Ride is not enhanced.

[2025-03-05 18:26:44 #6 type] 
Type domain.RideRequest is not enhanced.

[2025-03-05 18:26:44 #7 type] 
Type domain.Traveller is not enhanced.

------------------------------------------------------------------------------------------------------------------------

[2025-03-05 18:28:04 #1 store] 
Database 'C:\Users\Usuario-Pc\OneDrive\Escritorio\Urtzi Universidad\workspace\SI\Rides24\src\main\resources\rides.temp' is opened by 20452@DESKTOP-EH9B0CP

[2025-03-05 18:28:18 #2 type.registry] 
New type domain.Profile

[2025-03-05 18:28:18 #3 type] 
Type domain.Profile is not enhanced.

[2025-03-05 18:28:18 #4 type.registry] 
New type domain.Driver

[2025-03-05 18:28:18 #5 type] 
Type domain.Driver is not enhanced.

[2025-03-05 18:28:18 #6 type.registry] 
New type domain.Ride

[2025-03-05 18:28:18 #7 type] 
Type domain.Ride is not enhanced.

[2025-03-05 18:28:18 #8 type.registry] 
New type domain.RideRequest

[2025-03-05 18:28:18 #9 type] 
Type domain.RideRequest is not enhanced.

[2025-03-05 18:28:18 #10 type.registry] 
New type domain.Traveller

[2025-03-05 18:28:18 #11 type] 
Type domain.Traveller is not enhanced.

[2025-03-05 18:28:18 #12 type.registry] 
New type java.util.Vector<java.lang.Object>

[2025-03-05 18:28:18 #13 type.registry] 
New type java.util.Vector<domain.Ride>

[2025-03-05 18:28:30 #14 type.registry] 
New type java.util.ArrayList<java.lang.Object>

[2025-03-05 18:28:30 #15 type.registry] 
New type java.util.ArrayList<domain.RideRequest>

------------------------------------------------------------------------------------------------------------------------

[2025-03-05 18:31:00 #1 store] 
Database 'C:\Users\Usuario-Pc\OneDrive\Escritorio\Urtzi Universidad\workspace\SI\Rides24\src\main\resources\rides.temp' has been recovered (tr. 1-27)

[2025-03-05 18:31:00 #2 store] 
Database 'C:\Users\Usuario-Pc\OneDrive\Escritorio\Urtzi Universidad\workspace\SI\Rides24\src\main\resources\rides.temp' is opened by 19380@DESKTOP-EH9B0CP

[2025-03-05 18:31:00 #3 type] 
Type domain.Profile is not enhanced.

[2025-03-05 18:31:01 #4 type] 
Type domain.Driver is not enhanced.

[2025-03-05 18:31:01 #5 type] 
Type domain.Ride is not enhanced.

[2025-03-05 18:31:01 #6 type] 
Type domain.RideRequest is not enhanced.

[2025-03-05 18:31:01 #7 type] 
Type domain.Traveller is not enhanced.

