------------------------------------------------------------------------------------------------------------------------

[2025-03-12 09:44:08 #1 store] 
Database 'C:\Users\Usuario-Pc\OneDrive\Escritorio\Urtzi Universidad\workspace\SI\Rides24\src\main\resources\rides.temp' is opened by 16536@DESKTOP-EH9B0CP

[2025-03-12 09:44:08 #2 type] 
Type domain.Profile is not enhanced.

[2025-03-12 09:44:08 #3 type] 
Type domain.Driver is not enhanced.

[2025-03-12 09:44:08 #4 type] 
Type domain.Ride is not enhanced.

[2025-03-12 09:44:08 #5 type] 
Type domain.RideRequest is not enhanced.

[2025-03-12 09:44:08 #6 type] 
Type domain.Traveller is not enhanced.

------------------------------------------------------------------------------------------------------------------------

[2025-03-12 09:45:21 #1 store] 
Database 'C:\Users\Usuario-Pc\OneDrive\Escritorio\Urtzi Universidad\workspace\SI\Rides24\src\main\resources\rides.temp' has been recovered (tr. 28-34)

[2025-03-12 09:45:21 #2 store] 
Database 'C:\Users\Usuario-Pc\OneDrive\Escritorio\Urtzi Universidad\workspace\SI\Rides24\src\main\resources\rides.temp' is opened by 18208@DESKTOP-EH9B0CP

[2025-03-12 09:45:21 #3 type] 
Type domain.Profile is not enhanced.

[2025-03-12 09:45:21 #4 type] 
Type domain.Driver is not enhanced.

[2025-03-12 09:45:21 #5 type] 
Type domain.Ride is not enhanced.

[2025-03-12 09:45:21 #6 type] 
Type domain.RideRequest is not enhanced.

[2025-03-12 09:45:21 #7 type] 
Type domain.Traveller is not enhanced.

