------------------------------------------------------------------------------------------------------------------------

[2025-03-13 11:51:45 #1 store] 
Database 'C:\Users\Usuario-Pc\OneDrive\Escritorio\Urtzi Universidad\workspace\SI\Rides24\src\main\resources\rides.temp' is opened by 3528@DESKTOP-EH9B0CP

[2025-03-13 11:51:46 #2 type] 
Type domain.Profile is not enhanced.

[2025-03-13 11:51:46 #3 type] 
Type domain.Driver is not enhanced.

[2025-03-13 11:51:46 #4 type.registry] 
New type domain.Kotxe

[2025-03-13 11:51:46 #5 type] 
Type domain.Ride is not enhanced.

[2025-03-13 11:51:46 #6 type] 
Type domain.RideRequest is not enhanced.

[2025-03-13 11:51:46 #7 type] 
Type domain.Traveller is not enhanced.

[2025-03-13 11:51:46 #8 type] 
Type domain.Kotxe is not enhanced.

------------------------------------------------------------------------------------------------------------------------

[2025-03-13 11:53:59 #1 store] 
Database 'C:\Users\Usuario-Pc\OneDrive\Escritorio\Urtzi Universidad\workspace\SI\Rides24\src\main\resources\rides.temp' is opened by 4628@DESKTOP-EH9B0CP

[2025-03-13 11:54:19 #2 type.registry] 
New type domain.Profile

[2025-03-13 11:54:19 #3 type] 
Type domain.Profile is not enhanced.

[2025-03-13 11:54:19 #4 type.registry] 
New type domain.Driver

[2025-03-13 11:54:19 #5 type] 
Type domain.Driver is not enhanced.

[2025-03-13 11:54:19 #6 type.registry] 
New type domain.Kotxe

[2025-03-13 11:54:19 #7 type.registry] 
New type domain.Ride

[2025-03-13 11:54:19 #8 type] 
Type domain.Kotxe is not enhanced.

[2025-03-13 11:54:19 #9 type] 
Type domain.Ride is not enhanced.

[2025-03-13 11:54:19 #10 type.registry] 
New type domain.RideRequest

[2025-03-13 11:54:19 #11 type] 
Type domain.RideRequest is not enhanced.

[2025-03-13 11:54:19 #12 type.registry] 
New type domain.Traveller

[2025-03-13 11:54:19 #13 type] 
Type domain.Traveller is not enhanced.

[2025-03-13 11:54:19 #14 type.registry] 
New type java.util.Vector<java.lang.Object>

[2025-03-13 11:54:19 #15 type.registry] 
New type java.util.Vector<domain.Ride>

[2025-03-13 11:54:19 #16 type.registry] 
New type java.util.Vector<domain.Kotxe>

------------------------------------------------------------------------------------------------------------------------

[2025-03-13 11:55:13 #1 store] 
Database 'C:\Users\Usuario-Pc\OneDrive\Escritorio\Urtzi Universidad\workspace\SI\Rides24\src\main\resources\rides.temp' has been recovered (tr. 1-8)

[2025-03-13 11:55:13 #2 store] 
Database 'C:\Users\Usuario-Pc\OneDrive\Escritorio\Urtzi Universidad\workspace\SI\Rides24\src\main\resources\rides.temp' is opened by 8268@DESKTOP-EH9B0CP

[2025-03-13 11:55:13 #3 type] 
Type domain.Profile is not enhanced.

[2025-03-13 11:55:13 #4 type] 
Type domain.Driver is not enhanced.

[2025-03-13 11:55:13 #5 type] 
Type domain.Kotxe is not enhanced.

[2025-03-13 11:55:13 #6 type] 
Type domain.Ride is not enhanced.

[2025-03-13 11:55:13 #7 type] 
Type domain.RideRequest is not enhanced.

[2025-03-13 11:55:13 #8 type] 
Type domain.Traveller is not enhanced.

------------------------------------------------------------------------------------------------------------------------

[2025-03-13 13:02:57 #1 store] 
Database 'C:\Users\Usuario-Pc\OneDrive\Escritorio\Urtzi Universidad\workspace\SI\Rides24\src\main\resources\rides.temp' is opened by 18024@DESKTOP-EH9B0CP

[2025-03-13 13:02:57 #2 type] 
Type domain.Profile is not enhanced.

[2025-03-13 13:02:57 #3 type] 
Type domain.Driver is not enhanced.

[2025-03-13 13:02:57 #4 type] 
Type domain.Kotxe is not enhanced.

[2025-03-13 13:02:57 #5 type] 
Type domain.Ride is not enhanced.

[2025-03-13 13:02:57 #6 type] 
Type domain.RideRequest is not enhanced.

[2025-03-13 13:02:57 #7 type] 
Type domain.Traveller is not enhanced.

------------------------------------------------------------------------------------------------------------------------

[2025-03-13 13:03:51 #1 store] 
Database 'C:\Users\Usuario-Pc\OneDrive\Escritorio\Urtzi Universidad\workspace\SI\Rides24\src\main\resources\rides.temp' is opened by 17556@DESKTOP-EH9B0CP

[2025-03-13 13:03:51 #2 type] 
Type domain.Profile is not enhanced.

[2025-03-13 13:03:51 #3 type] 
Type domain.Driver is not enhanced.

[2025-03-13 13:03:51 #4 type] 
Type domain.Kotxe is not enhanced.

[2025-03-13 13:03:51 #5 type] 
Type domain.Ride is not enhanced.

[2025-03-13 13:03:51 #6 type] 
Type domain.RideRequest is not enhanced.

[2025-03-13 13:03:51 #7 type] 
Type domain.Traveller is not enhanced.

------------------------------------------------------------------------------------------------------------------------

[2025-03-13 13:13:12 #1 store] 
Database 'C:\Users\Usuario-Pc\OneDrive\Escritorio\Urtzi Universidad\workspace\SI\Rides24\src\main\resources\rides.temp' has been recovered (tr. 9-9)

[2025-03-13 13:13:12 #2 store] 
Database 'C:\Users\Usuario-Pc\OneDrive\Escritorio\Urtzi Universidad\workspace\SI\Rides24\src\main\resources\rides.temp' is opened by 7916@DESKTOP-EH9B0CP

[2025-03-13 13:13:13 #3 type] 
Type domain.Profile is not enhanced.

[2025-03-13 13:13:13 #4 type] 
Type domain.Driver is not enhanced.

[2025-03-13 13:13:13 #5 type] 
Type domain.Kotxe is not enhanced.

[2025-03-13 13:13:13 #6 type] 
Type domain.Ride is not enhanced.

[2025-03-13 13:13:13 #7 type] 
Type domain.RideRequest is not enhanced.

[2025-03-13 13:13:13 #8 type] 
Type domain.Traveller is not enhanced.

------------------------------------------------------------------------------------------------------------------------

[2025-03-13 13:18:56 #1 store] 
Database 'C:\Users\Usuario-Pc\OneDrive\Escritorio\Urtzi Universidad\workspace\SI\Rides24\src\main\resources\rides.temp' is opened by 6540@DESKTOP-EH9B0CP

[2025-03-13 13:18:56 #2 type] 
Type domain.Profile is not enhanced.

[2025-03-13 13:18:56 #3 type] 
Type domain.Driver is not enhanced.

[2025-03-13 13:18:56 #4 type] 
Type domain.Kotxe is not enhanced.

[2025-03-13 13:18:56 #5 type] 
Type domain.Ride is not enhanced.

[2025-03-13 13:18:56 #6 type] 
Type domain.RideRequest is not enhanced.

[2025-03-13 13:18:56 #7 type] 
Type domain.Traveller is not enhanced.

------------------------------------------------------------------------------------------------------------------------

[2025-03-13 13:20:29 #1 store] 
Database 'C:\Users\Usuario-Pc\OneDrive\Escritorio\Urtzi Universidad\workspace\SI\Rides24\src\main\resources\rides.temp' is opened by 5512@DESKTOP-EH9B0CP

[2025-03-13 13:20:29 #2 type] 
Type domain.Profile is not enhanced.

[2025-03-13 13:20:29 #3 type] 
Type domain.Driver is not enhanced.

[2025-03-13 13:20:29 #4 type] 
Type domain.Kotxe is not enhanced.

[2025-03-13 13:20:29 #5 type] 
Type domain.Ride is not enhanced.

[2025-03-13 13:20:29 #6 type] 
Type domain.RideRequest is not enhanced.

[2025-03-13 13:20:29 #7 type] 
Type domain.Traveller is not enhanced.

------------------------------------------------------------------------------------------------------------------------

[2025-03-13 13:23:14 #1 store] 
Database 'C:\Users\Usuario-Pc\OneDrive\Escritorio\Urtzi Universidad\workspace\SI\Rides24\src\main\resources\rides.temp' has been recovered (tr. 10-10)

[2025-03-13 13:23:14 #2 store] 
Database 'C:\Users\Usuario-Pc\OneDrive\Escritorio\Urtzi Universidad\workspace\SI\Rides24\src\main\resources\rides.temp' is opened by 16276@DESKTOP-EH9B0CP

[2025-03-13 13:23:14 #3 type] 
Type domain.Profile is not enhanced.

[2025-03-13 13:23:14 #4 type] 
Type domain.Driver is not enhanced.

[2025-03-13 13:23:14 #5 type] 
Type domain.Kotxe is not enhanced.

[2025-03-13 13:23:14 #6 type] 
Type domain.Ride is not enhanced.

[2025-03-13 13:23:14 #7 type] 
Type domain.RideRequest is not enhanced.

[2025-03-13 13:23:14 #8 type] 
Type domain.Traveller is not enhanced.

