------------------------------------------------------------------------------------------------------------------------

[2025-05-11 12:14:57 #1 store] 
Database 'C:\Users\Eka\eclipse-workspace\Rides24Geltokiekin\src\main\resources\rides.temp' is opened by 4488@WIN-A9PA3U5LOA9

[2025-05-11 12:14:58 #2 type] 
Type domain.Profile is not enhanced.

[2025-05-11 12:14:58 #3 type] 
Type domain.Erreklamazioa is not enhanced.

[2025-05-11 12:14:58 #4 type] 
Type domain.Mezua is not enhanced.

[2025-05-11 12:14:58 #5 type] 
Type domain.Ride is not enhanced.

[2025-05-11 12:14:58 #6 type] 
Type domain.RideRequest is not enhanced.

[2025-05-11 12:14:58 #7 type] 
Type domain.Alerta is not enhanced.

[2025-05-11 12:14:58 #8 type] 
Type domain.Traveller is not enhanced.

[2025-05-11 12:14:58 #9 type] 
Type domain.Driver is not enhanced.

[2025-05-11 12:14:58 #10 type] 
Type domain.Kotxe is not enhanced.

[2025-05-11 12:14:58 #11 type] 
Type domain.Geltoki is not enhanced.

[2025-05-11 12:15:34 #12 type.registry] 
New type domain.Admin

[2025-05-11 12:15:34 #13 type] 
Type domain.Admin is not enhanced.

------------------------------------------------------------------------------------------------------------------------

[2025-05-11 15:07:46 #1 store] 
Database 'C:\Users\Eka\eclipse-workspace\Rides24Geltokiekin\src\main\resources\rides.temp' has been recovered (tr. 16-17)

[2025-05-11 15:07:47 #2 store] 
Database 'C:\Users\Eka\eclipse-workspace\Rides24Geltokiekin\src\main\resources\rides.temp' is opened by 10108@WIN-A9PA3U5LOA9

[2025-05-11 15:07:47 #3 type] 
Type domain.Profile is not enhanced.

[2025-05-11 15:07:47 #4 type] 
Type domain.Erreklamazioa is not enhanced.

[2025-05-11 15:07:47 #5 type] 
Type domain.Mezua is not enhanced.

[2025-05-11 15:07:47 #6 type] 
Type domain.Ride is not enhanced.

[2025-05-11 15:07:47 #7 type] 
Type domain.RideRequest is not enhanced.

[2025-05-11 15:07:47 #8 type] 
Type domain.Alerta is not enhanced.

[2025-05-11 15:07:47 #9 type] 
Type domain.Traveller is not enhanced.

[2025-05-11 15:07:47 #10 type] 
Type domain.Driver is not enhanced.

[2025-05-11 15:07:47 #11 type] 
Type domain.Kotxe is not enhanced.

[2025-05-11 15:07:47 #12 type] 
Type domain.Geltoki is not enhanced.

[2025-05-11 15:07:47 #13 type] 
Type domain.Admin is not enhanced.

------------------------------------------------------------------------------------------------------------------------

[2025-05-11 15:08:33 #1 store] 
Database 'C:\Users\Eka\eclipse-workspace\Rides24Geltokiekin\src\main\resources\rides.temp' is opened by 12440@WIN-A9PA3U5LOA9

[2025-05-11 15:08:33 #2 type] 
Type domain.Profile is not enhanced.

[2025-05-11 15:08:33 #3 type] 
Type domain.Erreklamazioa is not enhanced.

[2025-05-11 15:08:33 #4 type] 
Type domain.Mezua is not enhanced.

[2025-05-11 15:08:33 #5 type] 
Type domain.Ride is not enhanced.

[2025-05-11 15:08:33 #6 type] 
Type domain.RideRequest is not enhanced.

[2025-05-11 15:08:33 #7 type] 
Type domain.Alerta is not enhanced.

[2025-05-11 15:08:33 #8 type] 
Type domain.Traveller is not enhanced.

[2025-05-11 15:08:33 #9 type] 
Type domain.Driver is not enhanced.

[2025-05-11 15:08:33 #10 type] 
Type domain.Kotxe is not enhanced.

[2025-05-11 15:08:33 #11 type] 
Type domain.Geltoki is not enhanced.

[2025-05-11 15:08:33 #12 type] 
Type domain.Admin is not enhanced.

[2025-05-11 15:09:37 #13 type.registry] 
New type java.util.LinkedList<domain.Geltoki>

[2025-05-11 15:09:37 #14 type.registry] 
New type java.util.ArrayList<domain.Traveller>

------------------------------------------------------------------------------------------------------------------------

[2025-05-11 15:42:23 #1 store] 
Database 'C:\Users\Eka\eclipse-workspace\Rides24Geltokiekin\src\main\resources\rides.temp' has been recovered (tr. 18-71)

[2025-05-11 15:42:23 #2 store] 
Database 'C:\Users\Eka\eclipse-workspace\Rides24Geltokiekin\src\main\resources\rides.temp' is opened by 8480@WIN-A9PA3U5LOA9

[2025-05-11 15:42:23 #3 type] 
Type domain.Profile is not enhanced.

[2025-05-11 15:42:23 #4 type] 
Type domain.Erreklamazioa is not enhanced.

[2025-05-11 15:42:23 #5 type] 
Type domain.Mezua is not enhanced.

[2025-05-11 15:42:23 #6 type] 
Type domain.Ride is not enhanced.

[2025-05-11 15:42:23 #7 type] 
Type domain.RideRequest is not enhanced.

[2025-05-11 15:42:23 #8 type] 
Type domain.Alerta is not enhanced.

[2025-05-11 15:42:23 #9 type] 
Type domain.Traveller is not enhanced.

[2025-05-11 15:42:23 #10 type] 
Type domain.Driver is not enhanced.

[2025-05-11 15:42:23 #11 type] 
Type domain.Kotxe is not enhanced.

[2025-05-11 15:42:23 #12 type] 
Type domain.Geltoki is not enhanced.

[2025-05-11 15:42:23 #13 type] 
Type domain.Admin is not enhanced.

------------------------------------------------------------------------------------------------------------------------

[2025-05-11 15:42:32 #1 store] 
Database 'C:\Users\Eka\eclipse-workspace\Rides24Geltokiekin\src\main\resources\rides.temp' is opened by 4952@WIN-A9PA3U5LOA9

[2025-05-11 15:42:33 #2 type] 
Type domain.Profile is not enhanced.

[2025-05-11 15:42:33 #3 type] 
Type domain.Erreklamazioa is not enhanced.

[2025-05-11 15:42:33 #4 type] 
Type domain.Mezua is not enhanced.

[2025-05-11 15:42:33 #5 type] 
Type domain.Ride is not enhanced.

[2025-05-11 15:42:33 #6 type] 
Type domain.RideRequest is not enhanced.

[2025-05-11 15:42:33 #7 type] 
Type domain.Alerta is not enhanced.

[2025-05-11 15:42:33 #8 type] 
Type domain.Traveller is not enhanced.

[2025-05-11 15:42:33 #9 type] 
Type domain.Driver is not enhanced.

[2025-05-11 15:42:33 #10 type] 
Type domain.Kotxe is not enhanced.

[2025-05-11 15:42:33 #11 type] 
Type domain.Geltoki is not enhanced.

[2025-05-11 15:42:33 #12 type] 
Type domain.Admin is not enhanced.

------------------------------------------------------------------------------------------------------------------------

[2025-05-11 15:45:57 #1 store] 
Database 'C:\Users\Eka\eclipse-workspace\Rides24Geltokiekin\src\main\resources\rides.temp' is opened by 376@WIN-A9PA3U5LOA9

[2025-05-11 15:45:57 #2 type] 
Type domain.Profile is not enhanced.

[2025-05-11 15:45:57 #3 type] 
Type domain.Erreklamazioa is not enhanced.

[2025-05-11 15:45:57 #4 type] 
Type domain.Mezua is not enhanced.

[2025-05-11 15:45:57 #5 type] 
Type domain.Ride is not enhanced.

[2025-05-11 15:45:57 #6 type] 
Type domain.RideRequest is not enhanced.

[2025-05-11 15:45:57 #7 type] 
Type domain.Alerta is not enhanced.

[2025-05-11 15:45:57 #8 type] 
Type domain.Traveller is not enhanced.

[2025-05-11 15:45:57 #9 type] 
Type domain.Driver is not enhanced.

[2025-05-11 15:45:57 #10 type] 
Type domain.Kotxe is not enhanced.

[2025-05-11 15:45:57 #11 type] 
Type domain.Geltoki is not enhanced.

[2025-05-11 15:45:57 #12 type] 
Type domain.Admin is not enhanced.

------------------------------------------------------------------------------------------------------------------------

[2025-05-11 15:50:02 #1 store] 
Database 'C:\Users\Eka\eclipse-workspace\Rides24Geltokiekin\src\main\resources\rides.temp' is opened by 548@WIN-A9PA3U5LOA9

[2025-05-11 15:50:02 #2 type] 
Type domain.Profile is not enhanced.

[2025-05-11 15:50:02 #3 type] 
Type domain.Erreklamazioa is not enhanced.

[2025-05-11 15:50:02 #4 type] 
Type domain.Mezua is not enhanced.

[2025-05-11 15:50:02 #5 type] 
Type domain.Ride is not enhanced.

[2025-05-11 15:50:02 #6 type] 
Type domain.RideRequest is not enhanced.

[2025-05-11 15:50:02 #7 type] 
Type domain.Alerta is not enhanced.

[2025-05-11 15:50:02 #8 type] 
Type domain.Traveller is not enhanced.

[2025-05-11 15:50:02 #9 type] 
Type domain.Driver is not enhanced.

[2025-05-11 15:50:02 #10 type] 
Type domain.Kotxe is not enhanced.

[2025-05-11 15:50:02 #11 type] 
Type domain.Geltoki is not enhanced.

[2025-05-11 15:50:02 #12 type] 
Type domain.Admin is not enhanced.

------------------------------------------------------------------------------------------------------------------------

[2025-05-11 15:50:59 #1 store] 
Database 'C:\Users\Eka\eclipse-workspace\Rides24Geltokiekin\src\main\resources\rides.temp' is opened by 2224@WIN-A9PA3U5LOA9

[2025-05-11 15:51:00 #2 type] 
Type domain.Profile is not enhanced.

[2025-05-11 15:51:00 #3 type] 
Type domain.Erreklamazioa is not enhanced.

[2025-05-11 15:51:00 #4 type] 
Type domain.Mezua is not enhanced.

[2025-05-11 15:51:00 #5 type] 
Type domain.Ride is not enhanced.

[2025-05-11 15:51:00 #6 type] 
Type domain.RideRequest is not enhanced.

[2025-05-11 15:51:00 #7 type] 
Type domain.Alerta is not enhanced.

[2025-05-11 15:51:00 #8 type] 
Type domain.Traveller is not enhanced.

[2025-05-11 15:51:00 #9 type] 
Type domain.Driver is not enhanced.

[2025-05-11 15:51:00 #10 type] 
Type domain.Kotxe is not enhanced.

[2025-05-11 15:51:00 #11 type] 
Type domain.Geltoki is not enhanced.

[2025-05-11 15:51:00 #12 type] 
Type domain.Admin is not enhanced.

------------------------------------------------------------------------------------------------------------------------

[2025-05-11 16:06:51 #1 store] 
Database 'C:\Users\Eka\eclipse-workspace\Rides24Geltokiekin\src\main\resources\rides.temp' has been recovered (tr. 74-75)

[2025-05-11 16:06:51 #2 store] 
Database 'C:\Users\Eka\eclipse-workspace\Rides24Geltokiekin\src\main\resources\rides.temp' is opened by 7976@WIN-A9PA3U5LOA9

[2025-05-11 16:06:51 #3 type] 
Type domain.Profile is not enhanced.

[2025-05-11 16:06:51 #4 type] 
Type domain.Erreklamazioa is not enhanced.

[2025-05-11 16:06:51 #5 type] 
Type domain.Mezua is not enhanced.

[2025-05-11 16:06:51 #6 type] 
Type domain.Ride is not enhanced.

[2025-05-11 16:06:51 #7 type] 
Type domain.RideRequest is not enhanced.

[2025-05-11 16:06:51 #8 type] 
Type domain.Alerta is not enhanced.

[2025-05-11 16:06:51 #9 type] 
Type domain.Traveller is not enhanced.

[2025-05-11 16:06:51 #10 type] 
Type domain.Driver is not enhanced.

[2025-05-11 16:06:51 #11 type] 
Type domain.Kotxe is not enhanced.

[2025-05-11 16:06:51 #12 type] 
Type domain.Geltoki is not enhanced.

[2025-05-11 16:06:51 #13 type] 
Type domain.Admin is not enhanced.

------------------------------------------------------------------------------------------------------------------------

[2025-05-11 16:10:07 #1 store] 
Database 'C:\Users\Eka\eclipse-workspace\Rides24Geltokiekin\src\main\resources\rides.temp' has been recovered (tr. 76-85)

[2025-05-11 16:10:07 #2 store] 
Database 'C:\Users\Eka\eclipse-workspace\Rides24Geltokiekin\src\main\resources\rides.temp' is opened by 5632@WIN-A9PA3U5LOA9

[2025-05-11 16:10:07 #3 type] 
Type domain.Profile is not enhanced.

[2025-05-11 16:10:07 #4 type] 
Type domain.Erreklamazioa is not enhanced.

[2025-05-11 16:10:07 #5 type] 
Type domain.Mezua is not enhanced.

[2025-05-11 16:10:07 #6 type] 
Type domain.Ride is not enhanced.

[2025-05-11 16:10:07 #7 type] 
Type domain.RideRequest is not enhanced.

[2025-05-11 16:10:07 #8 type] 
Type domain.Alerta is not enhanced.

[2025-05-11 16:10:07 #9 type] 
Type domain.Traveller is not enhanced.

[2025-05-11 16:10:07 #10 type] 
Type domain.Driver is not enhanced.

[2025-05-11 16:10:07 #11 type] 
Type domain.Kotxe is not enhanced.

[2025-05-11 16:10:07 #12 type] 
Type domain.Geltoki is not enhanced.

[2025-05-11 16:10:07 #13 type] 
Type domain.Admin is not enhanced.

------------------------------------------------------------------------------------------------------------------------

[2025-05-11 16:10:59 #1 store] 
Database 'C:\Users\Eka\eclipse-workspace\Rides24Geltokiekin\src\main\resources\rides.temp' is opened by 5736@WIN-A9PA3U5LOA9

[2025-05-11 16:10:59 #2 type] 
Type domain.Profile is not enhanced.

[2025-05-11 16:10:59 #3 type] 
Type domain.Erreklamazioa is not enhanced.

[2025-05-11 16:10:59 #4 type] 
Type domain.Mezua is not enhanced.

[2025-05-11 16:10:59 #5 type] 
Type domain.Ride is not enhanced.

[2025-05-11 16:10:59 #6 type] 
Type domain.RideRequest is not enhanced.

[2025-05-11 16:10:59 #7 type] 
Type domain.Alerta is not enhanced.

[2025-05-11 16:10:59 #8 type] 
Type domain.Traveller is not enhanced.

[2025-05-11 16:10:59 #9 type] 
Type domain.Driver is not enhanced.

[2025-05-11 16:10:59 #10 type] 
Type domain.Kotxe is not enhanced.

[2025-05-11 16:10:59 #11 type] 
Type domain.Geltoki is not enhanced.

[2025-05-11 16:10:59 #12 type] 
Type domain.Admin is not enhanced.

------------------------------------------------------------------------------------------------------------------------

[2025-05-11 16:12:20 #1 store] 
Database 'C:\Users\Eka\eclipse-workspace\Rides24Geltokiekin\src\main\resources\rides.temp' is opened by 10100@WIN-A9PA3U5LOA9

[2025-05-11 16:12:20 #2 type] 
Type domain.Profile is not enhanced.

[2025-05-11 16:12:20 #3 type] 
Type domain.Erreklamazioa is not enhanced.

[2025-05-11 16:12:20 #4 type] 
Type domain.Mezua is not enhanced.

[2025-05-11 16:12:20 #5 type] 
Type domain.Ride is not enhanced.

[2025-05-11 16:12:20 #6 type] 
Type domain.RideRequest is not enhanced.

[2025-05-11 16:12:20 #7 type] 
Type domain.Alerta is not enhanced.

[2025-05-11 16:12:20 #8 type] 
Type domain.Traveller is not enhanced.

[2025-05-11 16:12:20 #9 type] 
Type domain.Driver is not enhanced.

[2025-05-11 16:12:20 #10 type] 
Type domain.Kotxe is not enhanced.

[2025-05-11 16:12:20 #11 type] 
Type domain.Geltoki is not enhanced.

[2025-05-11 16:12:20 #12 type] 
Type domain.Admin is not enhanced.

------------------------------------------------------------------------------------------------------------------------

[2025-05-11 16:12:59 #1 store] 
Database 'C:\Users\Eka\eclipse-workspace\Rides24Geltokiekin\src\main\resources\rides.temp' is opened by 4920@WIN-A9PA3U5LOA9

[2025-05-11 16:12:59 #2 type] 
Type domain.Profile is not enhanced.

[2025-05-11 16:12:59 #3 type] 
Type domain.Erreklamazioa is not enhanced.

[2025-05-11 16:12:59 #4 type] 
Type domain.Mezua is not enhanced.

[2025-05-11 16:12:59 #5 type] 
Type domain.Ride is not enhanced.

[2025-05-11 16:12:59 #6 type] 
Type domain.RideRequest is not enhanced.

[2025-05-11 16:12:59 #7 type] 
Type domain.Alerta is not enhanced.

[2025-05-11 16:12:59 #8 type] 
Type domain.Traveller is not enhanced.

[2025-05-11 16:12:59 #9 type] 
Type domain.Driver is not enhanced.

[2025-05-11 16:12:59 #10 type] 
Type domain.Kotxe is not enhanced.

[2025-05-11 16:12:59 #11 type] 
Type domain.Geltoki is not enhanced.

[2025-05-11 16:12:59 #12 type] 
Type domain.Admin is not enhanced.

------------------------------------------------------------------------------------------------------------------------

[2025-05-11 16:15:29 #1 store] 
Database 'C:\Users\Eka\eclipse-workspace\Rides24Geltokiekin\src\main\resources\rides.temp' is opened by 2188@WIN-A9PA3U5LOA9

[2025-05-11 16:15:29 #2 type] 
Type domain.Profile is not enhanced.

[2025-05-11 16:15:29 #3 type] 
Type domain.Erreklamazioa is not enhanced.

[2025-05-11 16:15:29 #4 type] 
Type domain.Mezua is not enhanced.

[2025-05-11 16:15:29 #5 type] 
Type domain.Ride is not enhanced.

[2025-05-11 16:15:29 #6 type] 
Type domain.RideRequest is not enhanced.

[2025-05-11 16:15:29 #7 type] 
Type domain.Alerta is not enhanced.

[2025-05-11 16:15:29 #8 type] 
Type domain.Traveller is not enhanced.

[2025-05-11 16:15:29 #9 type] 
Type domain.Driver is not enhanced.

[2025-05-11 16:15:29 #10 type] 
Type domain.Kotxe is not enhanced.

[2025-05-11 16:15:29 #11 type] 
Type domain.Geltoki is not enhanced.

[2025-05-11 16:15:29 #12 type] 
Type domain.Admin is not enhanced.

------------------------------------------------------------------------------------------------------------------------

[2025-05-11 16:20:10 #1 store] 
Database 'C:\Users\Eka\eclipse-workspace\Rides24Geltokiekin\src\main\resources\rides.temp' has been recovered (tr. 86-90)

[2025-05-11 16:20:10 #2 store] 
Database 'C:\Users\Eka\eclipse-workspace\Rides24Geltokiekin\src\main\resources\rides.temp' is opened by 8004@WIN-A9PA3U5LOA9

[2025-05-11 16:20:10 #3 type] 
Type domain.Profile is not enhanced.

[2025-05-11 16:20:10 #4 type] 
Type domain.Erreklamazioa is not enhanced.

[2025-05-11 16:20:10 #5 type] 
Type domain.Mezua is not enhanced.

[2025-05-11 16:20:10 #6 type] 
Type domain.Ride is not enhanced.

[2025-05-11 16:20:10 #7 type] 
Type domain.RideRequest is not enhanced.

[2025-05-11 16:20:10 #8 type] 
Type domain.Alerta is not enhanced.

[2025-05-11 16:20:10 #9 type] 
Type domain.Traveller is not enhanced.

[2025-05-11 16:20:10 #10 type] 
Type domain.Driver is not enhanced.

[2025-05-11 16:20:10 #11 type] 
Type domain.Kotxe is not enhanced.

[2025-05-11 16:20:10 #12 type] 
Type domain.Geltoki is not enhanced.

[2025-05-11 16:20:10 #13 type] 
Type domain.Admin is not enhanced.

------------------------------------------------------------------------------------------------------------------------

[2025-05-11 16:22:03 #1 store] 
Database 'C:\Users\Eka\eclipse-workspace\Rides24Geltokiekin\src\main\resources\rides.temp' is opened by 5916@WIN-A9PA3U5LOA9

[2025-05-11 16:22:04 #2 type] 
Type domain.Profile is not enhanced.

[2025-05-11 16:22:04 #3 type] 
Type domain.Erreklamazioa is not enhanced.

[2025-05-11 16:22:04 #4 type] 
Type domain.Mezua is not enhanced.

[2025-05-11 16:22:04 #5 type] 
Type domain.Ride is not enhanced.

[2025-05-11 16:22:04 #6 type] 
Type domain.RideRequest is not enhanced.

[2025-05-11 16:22:04 #7 type] 
Type domain.Alerta is not enhanced.

[2025-05-11 16:22:04 #8 type] 
Type domain.Traveller is not enhanced.

[2025-05-11 16:22:04 #9 type] 
Type domain.Driver is not enhanced.

[2025-05-11 16:22:04 #10 type] 
Type domain.Kotxe is not enhanced.

[2025-05-11 16:22:04 #11 type] 
Type domain.Geltoki is not enhanced.

[2025-05-11 16:22:04 #12 type] 
Type domain.Admin is not enhanced.

------------------------------------------------------------------------------------------------------------------------

[2025-05-11 16:23:16 #1 store] 
Database 'C:\Users\Eka\eclipse-workspace\Rides24Geltokiekin\src\main\resources\rides.temp' is opened by 13032@WIN-A9PA3U5LOA9

[2025-05-11 16:23:16 #2 type] 
Type domain.Profile is not enhanced.

[2025-05-11 16:23:16 #3 type] 
Type domain.Erreklamazioa is not enhanced.

[2025-05-11 16:23:16 #4 type] 
Type domain.Mezua is not enhanced.

[2025-05-11 16:23:16 #5 type] 
Type domain.Ride is not enhanced.

[2025-05-11 16:23:16 #6 type] 
Type domain.RideRequest is not enhanced.

[2025-05-11 16:23:16 #7 type] 
Type domain.Alerta is not enhanced.

[2025-05-11 16:23:16 #8 type] 
Type domain.Traveller is not enhanced.

[2025-05-11 16:23:16 #9 type] 
Type domain.Driver is not enhanced.

[2025-05-11 16:23:16 #10 type] 
Type domain.Kotxe is not enhanced.

[2025-05-11 16:23:16 #11 type] 
Type domain.Geltoki is not enhanced.

[2025-05-11 16:23:16 #12 type] 
Type domain.Admin is not enhanced.

------------------------------------------------------------------------------------------------------------------------

[2025-05-11 16:25:15 #1 store] 
Database 'C:\Users\Eka\eclipse-workspace\Rides24Geltokiekin\src\main\resources\rides.temp' is opened by 13008@WIN-A9PA3U5LOA9

[2025-05-11 16:25:15 #2 type] 
Type domain.Profile is not enhanced.

[2025-05-11 16:25:15 #3 type] 
Type domain.Erreklamazioa is not enhanced.

[2025-05-11 16:25:15 #4 type] 
Type domain.Mezua is not enhanced.

[2025-05-11 16:25:15 #5 type] 
Type domain.Ride is not enhanced.

[2025-05-11 16:25:15 #6 type] 
Type domain.RideRequest is not enhanced.

[2025-05-11 16:25:15 #7 type] 
Type domain.Alerta is not enhanced.

[2025-05-11 16:25:15 #8 type] 
Type domain.Traveller is not enhanced.

[2025-05-11 16:25:15 #9 type] 
Type domain.Driver is not enhanced.

[2025-05-11 16:25:15 #10 type] 
Type domain.Kotxe is not enhanced.

[2025-05-11 16:25:15 #11 type] 
Type domain.Geltoki is not enhanced.

[2025-05-11 16:25:15 #12 type] 
Type domain.Admin is not enhanced.

------------------------------------------------------------------------------------------------------------------------

[2025-05-11 16:40:45 #1 store] 
Database 'C:\Users\Eka\eclipse-workspace\Rides24Geltokiekin\src\main\resources\rides.temp' has been recovered (tr. 91-93)

[2025-05-11 16:40:45 #2 store] 
Database 'C:\Users\Eka\eclipse-workspace\Rides24Geltokiekin\src\main\resources\rides.temp' is opened by 12928@WIN-A9PA3U5LOA9

[2025-05-11 16:40:45 #3 type] 
Type domain.Profile is not enhanced.

[2025-05-11 16:40:45 #4 type] 
Type domain.Erreklamazioa is not enhanced.

[2025-05-11 16:40:45 #5 type] 
Type domain.Mezua is not enhanced.

[2025-05-11 16:40:45 #6 type] 
Type domain.Ride is not enhanced.

[2025-05-11 16:40:45 #7 type] 
Type domain.RideRequest is not enhanced.

[2025-05-11 16:40:45 #8 type] 
Type domain.Alerta is not enhanced.

[2025-05-11 16:40:45 #9 type] 
Type domain.Traveller is not enhanced.

[2025-05-11 16:40:45 #10 type] 
Type domain.Driver is not enhanced.

[2025-05-11 16:40:45 #11 type] 
Type domain.Kotxe is not enhanced.

[2025-05-11 16:40:45 #12 type] 
Type domain.Geltoki is not enhanced.

[2025-05-11 16:40:45 #13 type] 
Type domain.Admin is not enhanced.

------------------------------------------------------------------------------------------------------------------------

[2025-05-11 16:49:16 #1 store] 
Database 'C:\Users\Eka\eclipse-workspace\Rides24Geltokiekin\src\main\resources\rides.temp' has been recovered (tr. 94-94)

[2025-05-11 16:49:16 #2 store] 
Database 'C:\Users\Eka\eclipse-workspace\Rides24Geltokiekin\src\main\resources\rides.temp' is opened by 6084@WIN-A9PA3U5LOA9

[2025-05-11 16:49:16 #3 type] 
Type domain.Profile is not enhanced.

[2025-05-11 16:49:16 #4 type] 
Type domain.Erreklamazioa is not enhanced.

[2025-05-11 16:49:16 #5 type] 
Type domain.Mezua is not enhanced.

[2025-05-11 16:49:16 #6 type] 
Type domain.Ride is not enhanced.

[2025-05-11 16:49:16 #7 type] 
Type domain.RideRequest is not enhanced.

[2025-05-11 16:49:16 #8 type] 
Type domain.Alerta is not enhanced.

[2025-05-11 16:49:16 #9 type] 
Type domain.Traveller is not enhanced.

[2025-05-11 16:49:16 #10 type] 
Type domain.Driver is not enhanced.

[2025-05-11 16:49:16 #11 type] 
Type domain.Kotxe is not enhanced.

[2025-05-11 16:49:16 #12 type] 
Type domain.Geltoki is not enhanced.

[2025-05-11 16:49:16 #13 type] 
Type domain.Admin is not enhanced.

------------------------------------------------------------------------------------------------------------------------

[2025-05-11 16:55:13 #1 store] 
Database 'C:\Users\Eka\eclipse-workspace\Rides24Geltokiekin\src\main\resources\rides.temp' is opened by 2480@WIN-A9PA3U5LOA9

[2025-05-11 16:55:13 #2 type] 
Type domain.Profile is not enhanced.

[2025-05-11 16:55:13 #3 type] 
Type domain.Erreklamazioa is not enhanced.

[2025-05-11 16:55:13 #4 type] 
Type domain.Mezua is not enhanced.

[2025-05-11 16:55:13 #5 type] 
Type domain.Ride is not enhanced.

[2025-05-11 16:55:13 #6 type] 
Type domain.RideRequest is not enhanced.

[2025-05-11 16:55:13 #7 type] 
Type domain.Alerta is not enhanced.

[2025-05-11 16:55:13 #8 type] 
Type domain.Traveller is not enhanced.

[2025-05-11 16:55:13 #9 type] 
Type domain.Driver is not enhanced.

[2025-05-11 16:55:13 #10 type] 
Type domain.Kotxe is not enhanced.

[2025-05-11 16:55:13 #11 type] 
Type domain.Geltoki is not enhanced.

[2025-05-11 16:55:13 #12 type] 
Type domain.Admin is not enhanced.

------------------------------------------------------------------------------------------------------------------------

[2025-05-11 16:58:42 #1 store] 
Database 'C:\Users\Eka\eclipse-workspace\Rides24Geltokiekin\src\main\resources\rides.temp' is opened by 6124@WIN-A9PA3U5LOA9

[2025-05-11 16:58:42 #2 type] 
Type domain.Profile is not enhanced.

[2025-05-11 16:58:42 #3 type] 
Type domain.Erreklamazioa is not enhanced.

[2025-05-11 16:58:42 #4 type] 
Type domain.Mezua is not enhanced.

[2025-05-11 16:58:42 #5 type] 
Type domain.Ride is not enhanced.

[2025-05-11 16:58:42 #6 type] 
Type domain.RideRequest is not enhanced.

[2025-05-11 16:58:42 #7 type] 
Type domain.Alerta is not enhanced.

[2025-05-11 16:58:42 #8 type] 
Type domain.Traveller is not enhanced.

[2025-05-11 16:58:42 #9 type] 
Type domain.Driver is not enhanced.

[2025-05-11 16:58:42 #10 type] 
Type domain.Kotxe is not enhanced.

[2025-05-11 16:58:42 #11 type] 
Type domain.Geltoki is not enhanced.

[2025-05-11 16:58:42 #12 type] 
Type domain.Admin is not enhanced.

------------------------------------------------------------------------------------------------------------------------

[2025-05-11 16:59:23 #1 store] 
Database 'C:\Users\Eka\eclipse-workspace\Rides24Geltokiekin\src\main\resources\rides.temp' is opened by 11928@WIN-A9PA3U5LOA9

[2025-05-11 16:59:23 #2 type] 
Type domain.Profile is not enhanced.

[2025-05-11 16:59:23 #3 type] 
Type domain.Erreklamazioa is not enhanced.

[2025-05-11 16:59:23 #4 type] 
Type domain.Mezua is not enhanced.

[2025-05-11 16:59:23 #5 type] 
Type domain.Ride is not enhanced.

[2025-05-11 16:59:23 #6 type] 
Type domain.RideRequest is not enhanced.

[2025-05-11 16:59:23 #7 type] 
Type domain.Alerta is not enhanced.

[2025-05-11 16:59:23 #8 type] 
Type domain.Traveller is not enhanced.

[2025-05-11 16:59:23 #9 type] 
Type domain.Driver is not enhanced.

[2025-05-11 16:59:23 #10 type] 
Type domain.Kotxe is not enhanced.

[2025-05-11 16:59:23 #11 type] 
Type domain.Geltoki is not enhanced.

[2025-05-11 16:59:23 #12 type] 
Type domain.Admin is not enhanced.

------------------------------------------------------------------------------------------------------------------------

[2025-05-11 17:01:00 #1 store] 
Database 'C:\Users\Eka\eclipse-workspace\Rides24Geltokiekin\src\main\resources\rides.temp' is opened by 9788@WIN-A9PA3U5LOA9

[2025-05-11 17:01:00 #2 type] 
Type domain.Profile is not enhanced.

[2025-05-11 17:01:00 #3 type] 
Type domain.Erreklamazioa is not enhanced.

[2025-05-11 17:01:00 #4 type] 
Type domain.Mezua is not enhanced.

[2025-05-11 17:01:00 #5 type] 
Type domain.Ride is not enhanced.

[2025-05-11 17:01:00 #6 type] 
Type domain.RideRequest is not enhanced.

[2025-05-11 17:01:00 #7 type] 
Type domain.Alerta is not enhanced.

[2025-05-11 17:01:00 #8 type] 
Type domain.Traveller is not enhanced.

[2025-05-11 17:01:00 #9 type] 
Type domain.Driver is not enhanced.

[2025-05-11 17:01:00 #10 type] 
Type domain.Kotxe is not enhanced.

[2025-05-11 17:01:00 #11 type] 
Type domain.Geltoki is not enhanced.

[2025-05-11 17:01:00 #12 type] 
Type domain.Admin is not enhanced.

------------------------------------------------------------------------------------------------------------------------

[2025-05-11 17:05:03 #1 store] 
Database 'C:\Users\Eka\eclipse-workspace\Rides24Geltokiekin\src\main\resources\rides.temp' is opened by 3428@WIN-A9PA3U5LOA9

[2025-05-11 17:05:03 #2 type] 
Type domain.Profile is not enhanced.

[2025-05-11 17:05:03 #3 type] 
Type domain.Erreklamazioa is not enhanced.

[2025-05-11 17:05:03 #4 type] 
Type domain.Mezua is not enhanced.

[2025-05-11 17:05:03 #5 type] 
Type domain.Ride is not enhanced.

[2025-05-11 17:05:03 #6 type] 
Type domain.RideRequest is not enhanced.

[2025-05-11 17:05:03 #7 type] 
Type domain.Alerta is not enhanced.

[2025-05-11 17:05:03 #8 type] 
Type domain.Traveller is not enhanced.

[2025-05-11 17:05:03 #9 type] 
Type domain.Driver is not enhanced.

[2025-05-11 17:05:03 #10 type] 
Type domain.Kotxe is not enhanced.

[2025-05-11 17:05:03 #11 type] 
Type domain.Geltoki is not enhanced.

[2025-05-11 17:05:03 #12 type] 
Type domain.Admin is not enhanced.

------------------------------------------------------------------------------------------------------------------------

[2025-05-11 17:06:45 #1 store] 
Database 'C:\Users\Eka\eclipse-workspace\Rides24Geltokiekin\src\main\resources\rides.temp' is opened by 8964@WIN-A9PA3U5LOA9

[2025-05-11 17:06:45 #2 type] 
Type domain.Profile is not enhanced.

[2025-05-11 17:06:45 #3 type] 
Type domain.Erreklamazioa is not enhanced.

[2025-05-11 17:06:45 #4 type] 
Type domain.Mezua is not enhanced.

[2025-05-11 17:06:45 #5 type] 
Type domain.Ride is not enhanced.

[2025-05-11 17:06:45 #6 type] 
Type domain.RideRequest is not enhanced.

[2025-05-11 17:06:45 #7 type] 
Type domain.Alerta is not enhanced.

[2025-05-11 17:06:45 #8 type] 
Type domain.Traveller is not enhanced.

[2025-05-11 17:06:45 #9 type] 
Type domain.Driver is not enhanced.

[2025-05-11 17:06:45 #10 type] 
Type domain.Kotxe is not enhanced.

[2025-05-11 17:06:45 #11 type] 
Type domain.Geltoki is not enhanced.

[2025-05-11 17:06:45 #12 type] 
Type domain.Admin is not enhanced.

------------------------------------------------------------------------------------------------------------------------

[2025-05-11 17:07:50 #1 store] 
Database 'C:\Users\Eka\eclipse-workspace\Rides24Geltokiekin\src\main\resources\rides.temp' is opened by 4976@WIN-A9PA3U5LOA9

[2025-05-11 17:07:50 #2 type] 
Type domain.Profile is not enhanced.

[2025-05-11 17:07:50 #3 type] 
Type domain.Erreklamazioa is not enhanced.

[2025-05-11 17:07:50 #4 type] 
Type domain.Mezua is not enhanced.

[2025-05-11 17:07:50 #5 type] 
Type domain.Ride is not enhanced.

[2025-05-11 17:07:50 #6 type] 
Type domain.RideRequest is not enhanced.

[2025-05-11 17:07:50 #7 type] 
Type domain.Alerta is not enhanced.

[2025-05-11 17:07:50 #8 type] 
Type domain.Traveller is not enhanced.

[2025-05-11 17:07:50 #9 type] 
Type domain.Driver is not enhanced.

[2025-05-11 17:07:50 #10 type] 
Type domain.Kotxe is not enhanced.

[2025-05-11 17:07:50 #11 type] 
Type domain.Geltoki is not enhanced.

[2025-05-11 17:07:50 #12 type] 
Type domain.Admin is not enhanced.

------------------------------------------------------------------------------------------------------------------------

[2025-05-11 17:08:28 #1 store] 
Database 'C:\Users\Eka\eclipse-workspace\Rides24Geltokiekin\src\main\resources\rides.temp' is opened by 3096@WIN-A9PA3U5LOA9

[2025-05-11 17:08:28 #2 type] 
Type domain.Profile is not enhanced.

[2025-05-11 17:08:28 #3 type] 
Type domain.Erreklamazioa is not enhanced.

[2025-05-11 17:08:28 #4 type] 
Type domain.Mezua is not enhanced.

[2025-05-11 17:08:28 #5 type] 
Type domain.Ride is not enhanced.

[2025-05-11 17:08:28 #6 type] 
Type domain.RideRequest is not enhanced.

[2025-05-11 17:08:28 #7 type] 
Type domain.Alerta is not enhanced.

[2025-05-11 17:08:28 #8 type] 
Type domain.Traveller is not enhanced.

[2025-05-11 17:08:28 #9 type] 
Type domain.Driver is not enhanced.

[2025-05-11 17:08:28 #10 type] 
Type domain.Kotxe is not enhanced.

[2025-05-11 17:08:28 #11 type] 
Type domain.Geltoki is not enhanced.

[2025-05-11 17:08:28 #12 type] 
Type domain.Admin is not enhanced.

------------------------------------------------------------------------------------------------------------------------

[2025-05-11 17:09:28 #1 store] 
Database 'C:\Users\Eka\eclipse-workspace\Rides24Geltokiekin\src\main\resources\rides.temp' is opened by 5056@WIN-A9PA3U5LOA9

[2025-05-11 17:09:28 #2 type] 
Type domain.Profile is not enhanced.

[2025-05-11 17:09:28 #3 type] 
Type domain.Erreklamazioa is not enhanced.

[2025-05-11 17:09:28 #4 type] 
Type domain.Mezua is not enhanced.

[2025-05-11 17:09:28 #5 type] 
Type domain.Ride is not enhanced.

[2025-05-11 17:09:28 #6 type] 
Type domain.RideRequest is not enhanced.

[2025-05-11 17:09:28 #7 type] 
Type domain.Alerta is not enhanced.

[2025-05-11 17:09:28 #8 type] 
Type domain.Traveller is not enhanced.

[2025-05-11 17:09:28 #9 type] 
Type domain.Driver is not enhanced.

[2025-05-11 17:09:28 #10 type] 
Type domain.Kotxe is not enhanced.

[2025-05-11 17:09:28 #11 type] 
Type domain.Geltoki is not enhanced.

[2025-05-11 17:09:28 #12 type] 
Type domain.Admin is not enhanced.

------------------------------------------------------------------------------------------------------------------------

[2025-05-11 17:10:12 #1 store] 
Database 'C:\Users\Eka\eclipse-workspace\Rides24Geltokiekin\src\main\resources\rides.temp' is opened by 7140@WIN-A9PA3U5LOA9

[2025-05-11 17:10:12 #2 type] 
Type domain.Profile is not enhanced.

[2025-05-11 17:10:12 #3 type] 
Type domain.Erreklamazioa is not enhanced.

[2025-05-11 17:10:12 #4 type] 
Type domain.Mezua is not enhanced.

[2025-05-11 17:10:12 #5 type] 
Type domain.Ride is not enhanced.

[2025-05-11 17:10:12 #6 type] 
Type domain.RideRequest is not enhanced.

[2025-05-11 17:10:12 #7 type] 
Type domain.Alerta is not enhanced.

[2025-05-11 17:10:12 #8 type] 
Type domain.Traveller is not enhanced.

[2025-05-11 17:10:12 #9 type] 
Type domain.Driver is not enhanced.

[2025-05-11 17:10:12 #10 type] 
Type domain.Kotxe is not enhanced.

[2025-05-11 17:10:12 #11 type] 
Type domain.Geltoki is not enhanced.

[2025-05-11 17:10:12 #12 type] 
Type domain.Admin is not enhanced.

------------------------------------------------------------------------------------------------------------------------

[2025-05-11 17:14:08 #1 store] 
Database 'C:\Users\Eka\eclipse-workspace\Rides24Geltokiekin\src\main\resources\rides.temp' is opened by 12944@WIN-A9PA3U5LOA9

[2025-05-11 17:14:08 #2 type] 
Type domain.Profile is not enhanced.

[2025-05-11 17:14:08 #3 type] 
Type domain.Erreklamazioa is not enhanced.

[2025-05-11 17:14:08 #4 type] 
Type domain.Mezua is not enhanced.

[2025-05-11 17:14:08 #5 type] 
Type domain.Ride is not enhanced.

[2025-05-11 17:14:08 #6 type] 
Type domain.RideRequest is not enhanced.

[2025-05-11 17:14:08 #7 type] 
Type domain.Alerta is not enhanced.

[2025-05-11 17:14:08 #8 type] 
Type domain.Traveller is not enhanced.

[2025-05-11 17:14:08 #9 type] 
Type domain.Driver is not enhanced.

[2025-05-11 17:14:08 #10 type] 
Type domain.Kotxe is not enhanced.

[2025-05-11 17:14:08 #11 type] 
Type domain.Geltoki is not enhanced.

[2025-05-11 17:14:08 #12 type] 
Type domain.Admin is not enhanced.

------------------------------------------------------------------------------------------------------------------------

[2025-05-11 17:14:46 #1 store] 
Database 'C:\Users\Eka\eclipse-workspace\Rides24Geltokiekin\src\main\resources\rides.temp' is opened by 6832@WIN-A9PA3U5LOA9

[2025-05-11 17:14:46 #2 type] 
Type domain.Profile is not enhanced.

[2025-05-11 17:14:46 #3 type] 
Type domain.Erreklamazioa is not enhanced.

[2025-05-11 17:14:46 #4 type] 
Type domain.Mezua is not enhanced.

[2025-05-11 17:14:46 #5 type] 
Type domain.Ride is not enhanced.

[2025-05-11 17:14:46 #6 type] 
Type domain.RideRequest is not enhanced.

[2025-05-11 17:14:46 #7 type] 
Type domain.Alerta is not enhanced.

[2025-05-11 17:14:46 #8 type] 
Type domain.Traveller is not enhanced.

[2025-05-11 17:14:46 #9 type] 
Type domain.Driver is not enhanced.

[2025-05-11 17:14:46 #10 type] 
Type domain.Kotxe is not enhanced.

[2025-05-11 17:14:46 #11 type] 
Type domain.Geltoki is not enhanced.

[2025-05-11 17:14:46 #12 type] 
Type domain.Admin is not enhanced.

------------------------------------------------------------------------------------------------------------------------

[2025-05-11 17:15:18 #1 store] 
Database 'C:\Users\Eka\eclipse-workspace\Rides24Geltokiekin\src\main\resources\rides.temp' is opened by 12540@WIN-A9PA3U5LOA9

[2025-05-11 17:15:18 #2 type] 
Type domain.Profile is not enhanced.

[2025-05-11 17:15:18 #3 type] 
Type domain.Erreklamazioa is not enhanced.

[2025-05-11 17:15:18 #4 type] 
Type domain.Mezua is not enhanced.

[2025-05-11 17:15:18 #5 type] 
Type domain.Ride is not enhanced.

[2025-05-11 17:15:18 #6 type] 
Type domain.RideRequest is not enhanced.

[2025-05-11 17:15:18 #7 type] 
Type domain.Alerta is not enhanced.

[2025-05-11 17:15:18 #8 type] 
Type domain.Traveller is not enhanced.

[2025-05-11 17:15:18 #9 type] 
Type domain.Driver is not enhanced.

[2025-05-11 17:15:18 #10 type] 
Type domain.Kotxe is not enhanced.

[2025-05-11 17:15:18 #11 type] 
Type domain.Geltoki is not enhanced.

[2025-05-11 17:15:18 #12 type] 
Type domain.Admin is not enhanced.

------------------------------------------------------------------------------------------------------------------------

[2025-05-11 17:18:46 #1 store] 
Database 'C:\Users\Eka\eclipse-workspace\Rides24Geltokiekin\src\main\resources\rides.temp' has been recovered (tr. 96-98)

[2025-05-11 17:18:46 #2 store] 
Database 'C:\Users\Eka\eclipse-workspace\Rides24Geltokiekin\src\main\resources\rides.temp' is opened by 2404@WIN-A9PA3U5LOA9

[2025-05-11 17:18:47 #3 type] 
Type domain.Profile is not enhanced.

[2025-05-11 17:18:47 #4 type] 
Type domain.Erreklamazioa is not enhanced.

[2025-05-11 17:18:47 #5 type] 
Type domain.Mezua is not enhanced.

[2025-05-11 17:18:47 #6 type] 
Type domain.Ride is not enhanced.

[2025-05-11 17:18:47 #7 type] 
Type domain.RideRequest is not enhanced.

[2025-05-11 17:18:47 #8 type] 
Type domain.Alerta is not enhanced.

[2025-05-11 17:18:47 #9 type] 
Type domain.Traveller is not enhanced.

[2025-05-11 17:18:47 #10 type] 
Type domain.Driver is not enhanced.

[2025-05-11 17:18:47 #11 type] 
Type domain.Kotxe is not enhanced.

[2025-05-11 17:18:47 #12 type] 
Type domain.Geltoki is not enhanced.

[2025-05-11 17:18:47 #13 type] 
Type domain.Admin is not enhanced.

------------------------------------------------------------------------------------------------------------------------

[2025-05-11 17:21:54 #1 store] 
Database 'C:\Users\Eka\eclipse-workspace\Rides24Geltokiekin\src\main\resources\rides.temp' has been recovered (tr. 99-99)

[2025-05-11 17:21:54 #2 store] 
Database 'C:\Users\Eka\eclipse-workspace\Rides24Geltokiekin\src\main\resources\rides.temp' is opened by 4040@WIN-A9PA3U5LOA9

[2025-05-11 17:21:54 #3 type] 
Type domain.Profile is not enhanced.

[2025-05-11 17:21:54 #4 type] 
Type domain.Erreklamazioa is not enhanced.

[2025-05-11 17:21:54 #5 type] 
Type domain.Mezua is not enhanced.

[2025-05-11 17:21:54 #6 type] 
Type domain.Ride is not enhanced.

[2025-05-11 17:21:54 #7 type] 
Type domain.RideRequest is not enhanced.

[2025-05-11 17:21:54 #8 type] 
Type domain.Alerta is not enhanced.

[2025-05-11 17:21:54 #9 type] 
Type domain.Traveller is not enhanced.

[2025-05-11 17:21:54 #10 type] 
Type domain.Driver is not enhanced.

[2025-05-11 17:21:54 #11 type] 
Type domain.Kotxe is not enhanced.

[2025-05-11 17:21:54 #12 type] 
Type domain.Geltoki is not enhanced.

[2025-05-11 17:21:54 #13 type] 
Type domain.Admin is not enhanced.

------------------------------------------------------------------------------------------------------------------------

[2025-05-11 17:23:46 #1 store] 
Database 'C:\Users\Eka\eclipse-workspace\Rides24Geltokiekin\src\main\resources\rides.temp' has been recovered (tr. 100-100)

[2025-05-11 17:23:46 #2 store] 
Database 'C:\Users\Eka\eclipse-workspace\Rides24Geltokiekin\src\main\resources\rides.temp' is opened by 8144@WIN-A9PA3U5LOA9

[2025-05-11 17:23:46 #3 type] 
Type domain.Profile is not enhanced.

[2025-05-11 17:23:46 #4 type] 
Type domain.Erreklamazioa is not enhanced.

[2025-05-11 17:23:46 #5 type] 
Type domain.Mezua is not enhanced.

[2025-05-11 17:23:46 #6 type] 
Type domain.Ride is not enhanced.

[2025-05-11 17:23:46 #7 type] 
Type domain.RideRequest is not enhanced.

[2025-05-11 17:23:46 #8 type] 
Type domain.Alerta is not enhanced.

[2025-05-11 17:23:46 #9 type] 
Type domain.Traveller is not enhanced.

[2025-05-11 17:23:46 #10 type] 
Type domain.Driver is not enhanced.

[2025-05-11 17:23:46 #11 type] 
Type domain.Kotxe is not enhanced.

[2025-05-11 17:23:46 #12 type] 
Type domain.Geltoki is not enhanced.

[2025-05-11 17:23:47 #13 type] 
Type domain.Admin is not enhanced.

------------------------------------------------------------------------------------------------------------------------

[2025-05-11 17:25:27 #1 store] 
Database 'C:\Users\Eka\eclipse-workspace\Rides24Geltokiekin\src\main\resources\rides.temp' has been recovered (tr. 101-103)

[2025-05-11 17:25:27 #2 store] 
Database 'C:\Users\Eka\eclipse-workspace\Rides24Geltokiekin\src\main\resources\rides.temp' is opened by 3552@WIN-A9PA3U5LOA9

[2025-05-11 17:25:27 #3 type] 
Type domain.Profile is not enhanced.

[2025-05-11 17:25:27 #4 type] 
Type domain.Erreklamazioa is not enhanced.

[2025-05-11 17:25:27 #5 type] 
Type domain.Mezua is not enhanced.

[2025-05-11 17:25:27 #6 type] 
Type domain.Ride is not enhanced.

[2025-05-11 17:25:27 #7 type] 
Type domain.RideRequest is not enhanced.

[2025-05-11 17:25:27 #8 type] 
Type domain.Alerta is not enhanced.

[2025-05-11 17:25:27 #9 type] 
Type domain.Traveller is not enhanced.

[2025-05-11 17:25:27 #10 type] 
Type domain.Driver is not enhanced.

[2025-05-11 17:25:27 #11 type] 
Type domain.Kotxe is not enhanced.

[2025-05-11 17:25:27 #12 type] 
Type domain.Geltoki is not enhanced.

[2025-05-11 17:25:27 #13 type] 
Type domain.Admin is not enhanced.

------------------------------------------------------------------------------------------------------------------------

[2025-05-11 17:27:06 #1 store] 
Database 'C:\Users\Eka\eclipse-workspace\Rides24Geltokiekin\src\main\resources\rides.temp' has been recovered (tr. 104-106)

[2025-05-11 17:27:06 #2 store] 
Database 'C:\Users\Eka\eclipse-workspace\Rides24Geltokiekin\src\main\resources\rides.temp' is opened by 2160@WIN-A9PA3U5LOA9

[2025-05-11 17:27:06 #3 type] 
Type domain.Profile is not enhanced.

[2025-05-11 17:27:06 #4 type] 
Type domain.Erreklamazioa is not enhanced.

[2025-05-11 17:27:06 #5 type] 
Type domain.Mezua is not enhanced.

[2025-05-11 17:27:06 #6 type] 
Type domain.Ride is not enhanced.

[2025-05-11 17:27:06 #7 type] 
Type domain.RideRequest is not enhanced.

[2025-05-11 17:27:06 #8 type] 
Type domain.Alerta is not enhanced.

[2025-05-11 17:27:06 #9 type] 
Type domain.Traveller is not enhanced.

[2025-05-11 17:27:06 #10 type] 
Type domain.Driver is not enhanced.

[2025-05-11 17:27:06 #11 type] 
Type domain.Kotxe is not enhanced.

[2025-05-11 17:27:06 #12 type] 
Type domain.Geltoki is not enhanced.

[2025-05-11 17:27:06 #13 type] 
Type domain.Admin is not enhanced.

------------------------------------------------------------------------------------------------------------------------

[2025-05-11 17:28:46 #1 store] 
Database 'C:\Users\Eka\eclipse-workspace\Rides24Geltokiekin\src\main\resources\rides.temp' has been recovered (tr. 107-109)

[2025-05-11 17:28:46 #2 store] 
Database 'C:\Users\Eka\eclipse-workspace\Rides24Geltokiekin\src\main\resources\rides.temp' is opened by 11436@WIN-A9PA3U5LOA9

[2025-05-11 17:28:46 #3 type] 
Type domain.Profile is not enhanced.

[2025-05-11 17:28:46 #4 type] 
Type domain.Erreklamazioa is not enhanced.

[2025-05-11 17:28:46 #5 type] 
Type domain.Mezua is not enhanced.

[2025-05-11 17:28:46 #6 type] 
Type domain.Ride is not enhanced.

[2025-05-11 17:28:46 #7 type] 
Type domain.RideRequest is not enhanced.

[2025-05-11 17:28:46 #8 type] 
Type domain.Alerta is not enhanced.

[2025-05-11 17:28:46 #9 type] 
Type domain.Traveller is not enhanced.

[2025-05-11 17:28:46 #10 type] 
Type domain.Driver is not enhanced.

[2025-05-11 17:28:46 #11 type] 
Type domain.Kotxe is not enhanced.

[2025-05-11 17:28:46 #12 type] 
Type domain.Geltoki is not enhanced.

[2025-05-11 17:28:46 #13 type] 
Type domain.Admin is not enhanced.

------------------------------------------------------------------------------------------------------------------------

[2025-05-11 17:29:56 #1 store] 
Database 'C:\Users\Eka\eclipse-workspace\Rides24Geltokiekin\src\main\resources\rides.temp' has been recovered (tr. 110-110)

[2025-05-11 17:29:56 #2 store] 
Database 'C:\Users\Eka\eclipse-workspace\Rides24Geltokiekin\src\main\resources\rides.temp' is opened by 5500@WIN-A9PA3U5LOA9

[2025-05-11 17:29:57 #3 type] 
Type domain.Profile is not enhanced.

[2025-05-11 17:29:57 #4 type] 
Type domain.Erreklamazioa is not enhanced.

[2025-05-11 17:29:57 #5 type] 
Type domain.Mezua is not enhanced.

[2025-05-11 17:29:57 #6 type] 
Type domain.Ride is not enhanced.

[2025-05-11 17:29:57 #7 type] 
Type domain.RideRequest is not enhanced.

[2025-05-11 17:29:57 #8 type] 
Type domain.Alerta is not enhanced.

[2025-05-11 17:29:57 #9 type] 
Type domain.Traveller is not enhanced.

[2025-05-11 17:29:57 #10 type] 
Type domain.Driver is not enhanced.

[2025-05-11 17:29:57 #11 type] 
Type domain.Kotxe is not enhanced.

[2025-05-11 17:29:57 #12 type] 
Type domain.Geltoki is not enhanced.

[2025-05-11 17:29:57 #13 type] 
Type domain.Admin is not enhanced.

------------------------------------------------------------------------------------------------------------------------

[2025-05-11 17:30:51 #1 store] 
Database 'C:\Users\Eka\eclipse-workspace\Rides24Geltokiekin\src\main\resources\rides.temp' has been recovered (tr. 111-111)

[2025-05-11 17:30:51 #2 store] 
Database 'C:\Users\Eka\eclipse-workspace\Rides24Geltokiekin\src\main\resources\rides.temp' is opened by 8704@WIN-A9PA3U5LOA9

[2025-05-11 17:30:51 #3 type] 
Type domain.Profile is not enhanced.

[2025-05-11 17:30:52 #4 type] 
Type domain.Erreklamazioa is not enhanced.

[2025-05-11 17:30:52 #5 type] 
Type domain.Mezua is not enhanced.

[2025-05-11 17:30:52 #6 type] 
Type domain.Ride is not enhanced.

[2025-05-11 17:30:52 #7 type] 
Type domain.RideRequest is not enhanced.

[2025-05-11 17:30:52 #8 type] 
Type domain.Alerta is not enhanced.

[2025-05-11 17:30:52 #9 type] 
Type domain.Traveller is not enhanced.

[2025-05-11 17:30:52 #10 type] 
Type domain.Driver is not enhanced.

[2025-05-11 17:30:52 #11 type] 
Type domain.Kotxe is not enhanced.

[2025-05-11 17:30:52 #12 type] 
Type domain.Geltoki is not enhanced.

[2025-05-11 17:30:52 #13 type] 
Type domain.Admin is not enhanced.

------------------------------------------------------------------------------------------------------------------------

[2025-05-11 17:34:52 #1 store] 
Database 'C:\Users\Eka\eclipse-workspace\Rides24Geltokiekin\src\main\resources\rides.temp' has been recovered (tr. 112-112)

[2025-05-11 17:34:52 #2 store] 
Database 'C:\Users\Eka\eclipse-workspace\Rides24Geltokiekin\src\main\resources\rides.temp' is opened by 9900@WIN-A9PA3U5LOA9

[2025-05-11 17:34:52 #3 type] 
Type domain.Profile is not enhanced.

[2025-05-11 17:34:52 #4 type] 
Type domain.Erreklamazioa is not enhanced.

[2025-05-11 17:34:52 #5 type] 
Type domain.Mezua is not enhanced.

[2025-05-11 17:34:52 #6 type] 
Type domain.Ride is not enhanced.

[2025-05-11 17:34:52 #7 type] 
Type domain.RideRequest is not enhanced.

[2025-05-11 17:34:52 #8 type] 
Type domain.Alerta is not enhanced.

[2025-05-11 17:34:52 #9 type] 
Type domain.Traveller is not enhanced.

[2025-05-11 17:34:52 #10 type] 
Type domain.Driver is not enhanced.

[2025-05-11 17:34:52 #11 type] 
Type domain.Kotxe is not enhanced.

[2025-05-11 17:34:52 #12 type] 
Type domain.Geltoki is not enhanced.

[2025-05-11 17:34:52 #13 type] 
Type domain.Admin is not enhanced.

------------------------------------------------------------------------------------------------------------------------

[2025-05-11 17:46:51 #1 store] 
Database 'C:\Users\ekait\eclipse-workspace\Rides24Geltokiekin\src\main\resources\rides.temp' has been recovered (tr. 113-115)

[2025-05-11 17:46:51 #2 store] 
Database 'C:\Users\ekait\eclipse-workspace\Rides24Geltokiekin\src\main\resources\rides.temp' is opened by 12688@LAPTOP-1CQB3TB3

[2025-05-11 17:46:52 #3 type] 
Type domain.Profile is not enhanced.

[2025-05-11 17:46:52 #4 type] 
Type domain.Erreklamazioa is not enhanced.

[2025-05-11 17:46:52 #5 type] 
Type domain.Mezua is not enhanced.

[2025-05-11 17:46:52 #6 type] 
Type domain.Ride is not enhanced.

[2025-05-11 17:46:52 #7 type] 
Type domain.RideRequest is not enhanced.

[2025-05-11 17:46:52 #8 type] 
Type domain.Alerta is not enhanced.

[2025-05-11 17:46:52 #9 type] 
Type domain.Traveller is not enhanced.

[2025-05-11 17:46:52 #10 type] 
Type domain.Driver is not enhanced.

[2025-05-11 17:46:52 #11 type] 
Type domain.Kotxe is not enhanced.

[2025-05-11 17:46:52 #12 type] 
Type domain.Geltoki is not enhanced.

[2025-05-11 17:46:52 #13 type] 
Type domain.Admin is not enhanced.

------------------------------------------------------------------------------------------------------------------------

[2025-05-11 17:57:09 #1 store] 
Database 'C:\Users\ekait\eclipse-workspace\Rides24Geltokiekin\src\main\resources\rides.temp' is opened by 7004@LAPTOP-1CQB3TB3

[2025-05-11 17:57:09 #2 type] 
Type domain.Profile is not enhanced.

[2025-05-11 17:57:09 #3 type] 
Type domain.Erreklamazioa is not enhanced.

[2025-05-11 17:57:09 #4 type] 
Type domain.Mezua is not enhanced.

[2025-05-11 17:57:09 #5 type] 
Type domain.Ride is not enhanced.

[2025-05-11 17:57:09 #6 type] 
Type domain.RideRequest is not enhanced.

[2025-05-11 17:57:09 #7 type] 
Type domain.Alerta is not enhanced.

[2025-05-11 17:57:09 #8 type] 
Type domain.Traveller is not enhanced.

[2025-05-11 17:57:09 #9 type] 
Type domain.Driver is not enhanced.

[2025-05-11 17:57:09 #10 type] 
Type domain.Kotxe is not enhanced.

[2025-05-11 17:57:09 #11 type] 
Type domain.Geltoki is not enhanced.

[2025-05-11 17:57:09 #12 type] 
Type domain.Admin is not enhanced.

------------------------------------------------------------------------------------------------------------------------

[2025-05-11 18:00:20 #1 store] 
Database 'C:\Users\ekait\eclipse-workspace\Rides24Geltokiekin\src\main\resources\rides.temp' is opened by 12488@LAPTOP-1CQB3TB3

[2025-05-11 18:00:20 #2 type] 
Type domain.Profile is not enhanced.

[2025-05-11 18:00:20 #3 type] 
Type domain.Erreklamazioa is not enhanced.

[2025-05-11 18:00:20 #4 type] 
Type domain.Mezua is not enhanced.

[2025-05-11 18:00:21 #5 type] 
Type domain.Ride is not enhanced.

[2025-05-11 18:00:21 #6 type] 
Type domain.RideRequest is not enhanced.

[2025-05-11 18:00:21 #7 type] 
Type domain.Alerta is not enhanced.

[2025-05-11 18:00:21 #8 type] 
Type domain.Traveller is not enhanced.

[2025-05-11 18:00:21 #9 type] 
Type domain.Driver is not enhanced.

[2025-05-11 18:00:21 #10 type] 
Type domain.Kotxe is not enhanced.

[2025-05-11 18:00:21 #11 type] 
Type domain.Geltoki is not enhanced.

[2025-05-11 18:00:21 #12 type] 
Type domain.Admin is not enhanced.

------------------------------------------------------------------------------------------------------------------------

[2025-05-11 18:03:49 #1 store] 
Database 'C:\Users\ekait\eclipse-workspace\Rides24Geltokiekin\src\main\resources\rides.temp' is opened by 15228@LAPTOP-1CQB3TB3

[2025-05-11 18:03:50 #2 type] 
Type domain.Profile is not enhanced.

[2025-05-11 18:03:50 #3 type] 
Type domain.Erreklamazioa is not enhanced.

[2025-05-11 18:03:50 #4 type] 
Type domain.Mezua is not enhanced.

[2025-05-11 18:03:50 #5 type] 
Type domain.Ride is not enhanced.

[2025-05-11 18:03:50 #6 type] 
Type domain.RideRequest is not enhanced.

[2025-05-11 18:03:50 #7 type] 
Type domain.Alerta is not enhanced.

[2025-05-11 18:03:50 #8 type] 
Type domain.Traveller is not enhanced.

[2025-05-11 18:03:50 #9 type] 
Type domain.Driver is not enhanced.

[2025-05-11 18:03:50 #10 type] 
Type domain.Kotxe is not enhanced.

[2025-05-11 18:03:50 #11 type] 
Type domain.Geltoki is not enhanced.

[2025-05-11 18:03:50 #12 type] 
Type domain.Admin is not enhanced.

------------------------------------------------------------------------------------------------------------------------

[2025-05-11 18:16:57 #1 store] 
Database 'C:\Users\ekait\eclipse-workspace\Rides24Geltokiekin\src\main\resources\rides.temp' is opened by 9180@LAPTOP-1CQB3TB3

[2025-05-11 18:16:57 #2 type] 
Type domain.Profile is not enhanced.

[2025-05-11 18:16:57 #3 type] 
Type domain.Erreklamazioa is not enhanced.

[2025-05-11 18:16:57 #4 type] 
Type domain.Mezua is not enhanced.

[2025-05-11 18:16:57 #5 type] 
Type domain.Ride is not enhanced.

[2025-05-11 18:16:57 #6 type] 
Type domain.RideRequest is not enhanced.

[2025-05-11 18:16:57 #7 type] 
Type domain.Alerta is not enhanced.

[2025-05-11 18:16:57 #8 type] 
Type domain.Traveller is not enhanced.

[2025-05-11 18:16:57 #9 type] 
Type domain.Driver is not enhanced.

[2025-05-11 18:16:57 #10 type] 
Type domain.Kotxe is not enhanced.

[2025-05-11 18:16:57 #11 type] 
Type domain.Geltoki is not enhanced.

[2025-05-11 18:16:57 #12 type] 
Type domain.Admin is not enhanced.

------------------------------------------------------------------------------------------------------------------------

[2025-05-11 18:28:36 #1 store] 
Database 'C:\Users\ekait\eclipse-workspace\Rides24Geltokiekin\src\main\resources\rides.temp' has been recovered (tr. 116-126)

[2025-05-11 18:28:37 #2 store] 
Database 'C:\Users\ekait\eclipse-workspace\Rides24Geltokiekin\src\main\resources\rides.temp' is opened by 4224@LAPTOP-1CQB3TB3

[2025-05-11 18:28:37 #3 type] 
Type domain.Profile is not enhanced.

[2025-05-11 18:28:37 #4 type] 
Type domain.Erreklamazioa is not enhanced.

[2025-05-11 18:28:37 #5 type] 
Type domain.Mezua is not enhanced.

[2025-05-11 18:28:37 #6 type] 
Type domain.Ride is not enhanced.

[2025-05-11 18:28:37 #7 type] 
Type domain.RideRequest is not enhanced.

[2025-05-11 18:28:37 #8 type] 
Type domain.Alerta is not enhanced.

[2025-05-11 18:28:37 #9 type] 
Type domain.Traveller is not enhanced.

[2025-05-11 18:28:37 #10 type] 
Type domain.Driver is not enhanced.

[2025-05-11 18:28:37 #11 type] 
Type domain.Kotxe is not enhanced.

[2025-05-11 18:28:37 #12 type] 
Type domain.Geltoki is not enhanced.

[2025-05-11 18:28:37 #13 type] 
Type domain.Admin is not enhanced.

------------------------------------------------------------------------------------------------------------------------

[2025-05-11 18:31:12 #1 store] 
Database 'C:\Users\ekait\eclipse-workspace\Rides24Geltokiekin\src\main\resources\rides.temp' is opened by 2668@LAPTOP-1CQB3TB3

[2025-05-11 18:31:12 #2 type] 
Type domain.Profile is not enhanced.

[2025-05-11 18:31:12 #3 type] 
Type domain.Erreklamazioa is not enhanced.

[2025-05-11 18:31:12 #4 type] 
Type domain.Mezua is not enhanced.

[2025-05-11 18:31:12 #5 type] 
Type domain.Ride is not enhanced.

[2025-05-11 18:31:12 #6 type] 
Type domain.RideRequest is not enhanced.

[2025-05-11 18:31:12 #7 type] 
Type domain.Alerta is not enhanced.

[2025-05-11 18:31:12 #8 type] 
Type domain.Traveller is not enhanced.

[2025-05-11 18:31:12 #9 type] 
Type domain.Driver is not enhanced.

[2025-05-11 18:31:12 #10 type] 
Type domain.Kotxe is not enhanced.

[2025-05-11 18:31:13 #11 type] 
Type domain.Geltoki is not enhanced.

[2025-05-11 18:31:13 #12 type] 
Type domain.Admin is not enhanced.

------------------------------------------------------------------------------------------------------------------------

[2025-05-11 20:49:16 #1 store] 
Database 'C:\Users\Usuario-Pc\OneDrive\Escritorio\Urtzi Universidad\workspace\SI\Rides24Geltokiekin\src\main\resources\rides.temp' is opened by 19016@DESKTOP-EH9B0CP

[2025-05-11 20:49:17 #2 type] 
Type domain.Profile is not enhanced.

[2025-05-11 20:49:17 #3 type] 
Type domain.Erreklamazioa is not enhanced.

[2025-05-11 20:49:17 #4 type] 
Type domain.Mezua is not enhanced.

[2025-05-11 20:49:17 #5 type] 
Type domain.Ride is not enhanced.

[2025-05-11 20:49:17 #6 type] 
Type domain.RideRequest is not enhanced.

[2025-05-11 20:49:17 #7 type] 
Type domain.Alerta is not enhanced.

[2025-05-11 20:49:17 #8 type] 
Type domain.Traveller is not enhanced.

[2025-05-11 20:49:17 #9 type] 
Type domain.Driver is not enhanced.

[2025-05-11 20:49:17 #10 type] 
Type domain.Kotxe is not enhanced.

[2025-05-11 20:49:17 #11 type] 
Type domain.Geltoki is not enhanced.

[2025-05-11 20:49:17 #12 type] 
Type domain.Admin is not enhanced.

------------------------------------------------------------------------------------------------------------------------

[2025-05-11 20:52:42 #1 store] 
Database 'C:\Users\Usuario-Pc\OneDrive\Escritorio\Urtzi Universidad\workspace\SI\Rides24Geltokiekin\src\main\resources\rides.temp' is opened by 14492@DESKTOP-EH9B0CP

[2025-05-11 20:52:42 #2 type] 
Type domain.Profile is not enhanced.

[2025-05-11 20:52:42 #3 type] 
Type domain.Erreklamazioa is not enhanced.

[2025-05-11 20:52:42 #4 type] 
Type domain.Mezua is not enhanced.

[2025-05-11 20:52:42 #5 type] 
Type domain.Ride is not enhanced.

[2025-05-11 20:52:42 #6 type] 
Type domain.RideRequest is not enhanced.

[2025-05-11 20:52:42 #7 type] 
Type domain.Alerta is not enhanced.

[2025-05-11 20:52:42 #8 type] 
Type domain.Traveller is not enhanced.

[2025-05-11 20:52:42 #9 type] 
Type domain.Driver is not enhanced.

[2025-05-11 20:52:42 #10 type] 
Type domain.Kotxe is not enhanced.

[2025-05-11 20:52:42 #11 type] 
Type domain.Geltoki is not enhanced.

[2025-05-11 20:52:42 #12 type] 
Type domain.Admin is not enhanced.

------------------------------------------------------------------------------------------------------------------------

[2025-05-11 20:57:01 #1 store] 
Database 'C:\Users\Usuario-Pc\OneDrive\Escritorio\Urtzi Universidad\workspace\SI\Rides24Geltokiekin\src\main\resources\rides.temp' is opened by 5812@DESKTOP-EH9B0CP

[2025-05-11 20:57:01 #2 type] 
Type domain.Profile is not enhanced.

[2025-05-11 20:57:01 #3 type] 
Type domain.Erreklamazioa is not enhanced.

[2025-05-11 20:57:01 #4 type] 
Type domain.Mezua is not enhanced.

[2025-05-11 20:57:01 #5 type] 
Type domain.Ride is not enhanced.

[2025-05-11 20:57:01 #6 type] 
Type domain.RideRequest is not enhanced.

[2025-05-11 20:57:01 #7 type] 
Type domain.Alerta is not enhanced.

[2025-05-11 20:57:01 #8 type] 
Type domain.Traveller is not enhanced.

[2025-05-11 20:57:01 #9 type] 
Type domain.Driver is not enhanced.

[2025-05-11 20:57:01 #10 type] 
Type domain.Kotxe is not enhanced.

[2025-05-11 20:57:01 #11 type] 
Type domain.Geltoki is not enhanced.

[2025-05-11 20:57:01 #12 type] 
Type domain.Admin is not enhanced.

------------------------------------------------------------------------------------------------------------------------

[2025-05-11 20:59:36 #1 store] 
Database 'C:\Users\Usuario-Pc\OneDrive\Escritorio\Urtzi Universidad\workspace\SI\Rides24Geltokiekin\src\main\resources\rides.temp' is opened by 24248@DESKTOP-EH9B0CP

[2025-05-11 20:59:36 #2 type] 
Type domain.Profile is not enhanced.

[2025-05-11 20:59:36 #3 type] 
Type domain.Erreklamazioa is not enhanced.

[2025-05-11 20:59:36 #4 type] 
Type domain.Mezua is not enhanced.

[2025-05-11 20:59:36 #5 type] 
Type domain.Ride is not enhanced.

[2025-05-11 20:59:36 #6 type] 
Type domain.RideRequest is not enhanced.

[2025-05-11 20:59:36 #7 type] 
Type domain.Alerta is not enhanced.

[2025-05-11 20:59:36 #8 type] 
Type domain.Traveller is not enhanced.

[2025-05-11 20:59:36 #9 type] 
Type domain.Driver is not enhanced.

[2025-05-11 20:59:36 #10 type] 
Type domain.Kotxe is not enhanced.

[2025-05-11 20:59:36 #11 type] 
Type domain.Geltoki is not enhanced.

[2025-05-11 20:59:36 #12 type] 
Type domain.Admin is not enhanced.

------------------------------------------------------------------------------------------------------------------------

[2025-05-11 21:08:39 #1 store] 
Database 'C:\Users\Usuario-Pc\OneDrive\Escritorio\Urtzi Universidad\workspace\SI\Rides24Geltokiekin\src\main\resources\rides.temp' has been recovered (tr. 127-127)

[2025-05-11 21:08:39 #2 store] 
Database 'C:\Users\Usuario-Pc\OneDrive\Escritorio\Urtzi Universidad\workspace\SI\Rides24Geltokiekin\src\main\resources\rides.temp' is opened by 1028@DESKTOP-EH9B0CP

[2025-05-11 21:08:39 #3 type] 
Type domain.Profile is not enhanced.

[2025-05-11 21:08:39 #4 type] 
Type domain.Erreklamazioa is not enhanced.

[2025-05-11 21:08:39 #5 type] 
Type domain.Mezua is not enhanced.

[2025-05-11 21:08:39 #6 type] 
Type domain.Ride is not enhanced.

[2025-05-11 21:08:39 #7 type] 
Type domain.RideRequest is not enhanced.

[2025-05-11 21:08:39 #8 type] 
Type domain.Alerta is not enhanced.

[2025-05-11 21:08:39 #9 type] 
Type domain.Traveller is not enhanced.

[2025-05-11 21:08:39 #10 type] 
Type domain.Driver is not enhanced.

[2025-05-11 21:08:39 #11 type] 
Type domain.Kotxe is not enhanced.

[2025-05-11 21:08:39 #12 type] 
Type domain.Geltoki is not enhanced.

[2025-05-11 21:08:39 #13 type] 
Type domain.Admin is not enhanced.

------------------------------------------------------------------------------------------------------------------------

[2025-05-11 21:19:22 #1 store] 
Database 'C:\Users\Usuario-Pc\OneDrive\Escritorio\Urtzi Universidad\workspace\SI\Rides24Geltokiekin\src\main\resources\rides.temp' is opened by 13420@DESKTOP-EH9B0CP

[2025-05-11 21:19:22 #2 type] 
Type domain.Profile is not enhanced.

[2025-05-11 21:19:22 #3 type] 
Type domain.Erreklamazioa is not enhanced.

[2025-05-11 21:19:22 #4 type] 
Type domain.Mezua is not enhanced.

[2025-05-11 21:19:22 #5 type] 
Type domain.Ride is not enhanced.

[2025-05-11 21:19:22 #6 type] 
Type domain.RideRequest is not enhanced.

[2025-05-11 21:19:22 #7 type] 
Type domain.Alerta is not enhanced.

[2025-05-11 21:19:22 #8 type] 
Type domain.Traveller is not enhanced.

[2025-05-11 21:19:22 #9 type] 
Type domain.Driver is not enhanced.

[2025-05-11 21:19:22 #10 type] 
Type domain.Kotxe is not enhanced.

[2025-05-11 21:19:22 #11 type] 
Type domain.Geltoki is not enhanced.

[2025-05-11 21:19:22 #12 type] 
Type domain.Admin is not enhanced.

------------------------------------------------------------------------------------------------------------------------

[2025-05-11 21:23:24 #1 store] 
Database 'C:\Users\Usuario-Pc\OneDrive\Escritorio\Urtzi Universidad\workspace\SI\Rides24Geltokiekin\src\main\resources\rides.temp' is opened by 5468@DESKTOP-EH9B0CP

[2025-05-11 21:23:24 #2 type] 
Type domain.Profile is not enhanced.

[2025-05-11 21:23:24 #3 type] 
Type domain.Erreklamazioa is not enhanced.

[2025-05-11 21:23:24 #4 type] 
Type domain.Mezua is not enhanced.

[2025-05-11 21:23:24 #5 type] 
Type domain.Ride is not enhanced.

[2025-05-11 21:23:24 #6 type] 
Type domain.RideRequest is not enhanced.

[2025-05-11 21:23:24 #7 type] 
Type domain.Alerta is not enhanced.

[2025-05-11 21:23:24 #8 type] 
Type domain.Traveller is not enhanced.

[2025-05-11 21:23:24 #9 type] 
Type domain.Driver is not enhanced.

[2025-05-11 21:23:24 #10 type] 
Type domain.Kotxe is not enhanced.

[2025-05-11 21:23:24 #11 type] 
Type domain.Geltoki is not enhanced.

[2025-05-11 21:23:24 #12 type] 
Type domain.Admin is not enhanced.

------------------------------------------------------------------------------------------------------------------------

[2025-05-11 21:27:41 #1 store] 
Database 'C:\Users\Usuario-Pc\OneDrive\Escritorio\Urtzi Universidad\workspace\SI\Rides24Geltokiekin\src\main\resources\rides.temp' has been recovered (tr. 128-130)

[2025-05-11 21:27:41 #2 store] 
Database 'C:\Users\Usuario-Pc\OneDrive\Escritorio\Urtzi Universidad\workspace\SI\Rides24Geltokiekin\src\main\resources\rides.temp' is opened by 14332@DESKTOP-EH9B0CP

[2025-05-11 21:27:41 #3 type] 
Type domain.Profile is not enhanced.

[2025-05-11 21:27:41 #4 type] 
Type domain.Erreklamazioa is not enhanced.

[2025-05-11 21:27:41 #5 type] 
Type domain.Mezua is not enhanced.

[2025-05-11 21:27:41 #6 type] 
Type domain.Ride is not enhanced.

[2025-05-11 21:27:41 #7 type] 
Type domain.RideRequest is not enhanced.

[2025-05-11 21:27:41 #8 type] 
Type domain.Alerta is not enhanced.

[2025-05-11 21:27:41 #9 type] 
Type domain.Traveller is not enhanced.

[2025-05-11 21:27:41 #10 type] 
Type domain.Driver is not enhanced.

[2025-05-11 21:27:41 #11 type] 
Type domain.Kotxe is not enhanced.

[2025-05-11 21:27:41 #12 type] 
Type domain.Geltoki is not enhanced.

[2025-05-11 21:27:41 #13 type] 
Type domain.Admin is not enhanced.

------------------------------------------------------------------------------------------------------------------------

[2025-05-11 21:37:43 #1 store] 
Database 'C:\Users\Usuario-Pc\OneDrive\Escritorio\Urtzi Universidad\workspace\SI\Rides24Geltokiekin\src\main\resources\rides.temp' is opened by 4692@DESKTOP-EH9B0CP

[2025-05-11 21:37:43 #2 type] 
Type domain.Profile is not enhanced.

[2025-05-11 21:37:43 #3 type] 
Type domain.Erreklamazioa is not enhanced.

[2025-05-11 21:37:43 #4 type] 
Type domain.Mezua is not enhanced.

[2025-05-11 21:37:43 #5 type] 
Type domain.Ride is not enhanced.

[2025-05-11 21:37:43 #6 type] 
Type domain.RideRequest is not enhanced.

[2025-05-11 21:37:43 #7 type] 
Type domain.Alerta is not enhanced.

[2025-05-11 21:37:43 #8 type] 
Type domain.Traveller is not enhanced.

[2025-05-11 21:37:43 #9 type] 
Type domain.Driver is not enhanced.

[2025-05-11 21:37:43 #10 type] 
Type domain.Kotxe is not enhanced.

[2025-05-11 21:37:43 #11 type] 
Type domain.Geltoki is not enhanced.

[2025-05-11 21:37:43 #12 type] 
Type domain.Admin is not enhanced.

------------------------------------------------------------------------------------------------------------------------

[2025-05-11 21:39:25 #1 store] 
Database 'C:\Users\Usuario-Pc\OneDrive\Escritorio\Urtzi Universidad\workspace\SI\Rides24Geltokiekin\src\main\resources\rides.temp' is opened by 8084@DESKTOP-EH9B0CP

[2025-05-11 21:39:25 #2 type] 
Type domain.Profile is not enhanced.

[2025-05-11 21:39:25 #3 type] 
Type domain.Erreklamazioa is not enhanced.

[2025-05-11 21:39:25 #4 type] 
Type domain.Mezua is not enhanced.

[2025-05-11 21:39:25 #5 type] 
Type domain.Ride is not enhanced.

[2025-05-11 21:39:25 #6 type] 
Type domain.RideRequest is not enhanced.

[2025-05-11 21:39:25 #7 type] 
Type domain.Alerta is not enhanced.

[2025-05-11 21:39:25 #8 type] 
Type domain.Traveller is not enhanced.

[2025-05-11 21:39:25 #9 type] 
Type domain.Driver is not enhanced.

[2025-05-11 21:39:25 #10 type] 
Type domain.Kotxe is not enhanced.

[2025-05-11 21:39:25 #11 type] 
Type domain.Geltoki is not enhanced.

[2025-05-11 21:39:25 #12 type] 
Type domain.Admin is not enhanced.

------------------------------------------------------------------------------------------------------------------------

[2025-05-11 21:42:45 #1 store] 
Database 'C:\Users\Usuario-Pc\OneDrive\Escritorio\Urtzi Universidad\workspace\SI\Rides24Geltokiekin\src\main\resources\rides.temp' has been recovered (tr. 140-145)

[2025-05-11 21:42:45 #2 store] 
Database 'C:\Users\Usuario-Pc\OneDrive\Escritorio\Urtzi Universidad\workspace\SI\Rides24Geltokiekin\src\main\resources\rides.temp' is opened by 7832@DESKTOP-EH9B0CP

[2025-05-11 21:42:46 #3 type] 
Type domain.Profile is not enhanced.

[2025-05-11 21:42:46 #4 type] 
Type domain.Erreklamazioa is not enhanced.

[2025-05-11 21:42:46 #5 type] 
Type domain.Mezua is not enhanced.

[2025-05-11 21:42:46 #6 type] 
Type domain.Ride is not enhanced.

[2025-05-11 21:42:46 #7 type] 
Type domain.RideRequest is not enhanced.

[2025-05-11 21:42:46 #8 type] 
Type domain.Alerta is not enhanced.

[2025-05-11 21:42:46 #9 type] 
Type domain.Traveller is not enhanced.

[2025-05-11 21:42:46 #10 type] 
Type domain.Driver is not enhanced.

[2025-05-11 21:42:46 #11 type] 
Type domain.Kotxe is not enhanced.

[2025-05-11 21:42:46 #12 type] 
Type domain.Geltoki is not enhanced.

[2025-05-11 21:42:46 #13 type] 
Type domain.Admin is not enhanced.

------------------------------------------------------------------------------------------------------------------------

[2025-05-11 21:48:14 #1 store] 
Database 'C:\Users\Usuario-Pc\OneDrive\Escritorio\Urtzi Universidad\workspace\SI\Rides24Geltokiekin\src\main\resources\rides.temp' has been recovered (tr. 146-150)

[2025-05-11 21:48:14 #2 store] 
Database 'C:\Users\Usuario-Pc\OneDrive\Escritorio\Urtzi Universidad\workspace\SI\Rides24Geltokiekin\src\main\resources\rides.temp' is opened by 15884@DESKTOP-EH9B0CP

[2025-05-11 21:48:14 #3 type] 
Type domain.Profile is not enhanced.

[2025-05-11 21:48:14 #4 type] 
Type domain.Erreklamazioa is not enhanced.

[2025-05-11 21:48:14 #5 type] 
Type domain.Mezua is not enhanced.

[2025-05-11 21:48:14 #6 type] 
Type domain.Ride is not enhanced.

[2025-05-11 21:48:14 #7 type] 
Type domain.RideRequest is not enhanced.

[2025-05-11 21:48:14 #8 type] 
Type domain.Alerta is not enhanced.

[2025-05-11 21:48:14 #9 type] 
Type domain.Traveller is not enhanced.

[2025-05-11 21:48:14 #10 type] 
Type domain.Driver is not enhanced.

[2025-05-11 21:48:14 #11 type] 
Type domain.Kotxe is not enhanced.

[2025-05-11 21:48:14 #12 type] 
Type domain.Geltoki is not enhanced.

[2025-05-11 21:48:14 #13 type] 
Type domain.Admin is not enhanced.

------------------------------------------------------------------------------------------------------------------------

[2025-05-11 21:50:17 #1 store] 
Database 'C:\Users\Usuario-Pc\OneDrive\Escritorio\Urtzi Universidad\workspace\SI\Rides24Geltokiekin\src\main\resources\rides.temp' is opened by 14968@DESKTOP-EH9B0CP

[2025-05-11 21:50:18 #2 type] 
Type domain.Profile is not enhanced.

[2025-05-11 21:50:18 #3 type] 
Type domain.Erreklamazioa is not enhanced.

[2025-05-11 21:50:18 #4 type] 
Type domain.Mezua is not enhanced.

[2025-05-11 21:50:18 #5 type] 
Type domain.Ride is not enhanced.

[2025-05-11 21:50:18 #6 type] 
Type domain.RideRequest is not enhanced.

[2025-05-11 21:50:18 #7 type] 
Type domain.Alerta is not enhanced.

[2025-05-11 21:50:18 #8 type] 
Type domain.Traveller is not enhanced.

[2025-05-11 21:50:18 #9 type] 
Type domain.Driver is not enhanced.

[2025-05-11 21:50:18 #10 type] 
Type domain.Kotxe is not enhanced.

[2025-05-11 21:50:18 #11 type] 
Type domain.Geltoki is not enhanced.

[2025-05-11 21:50:18 #12 type] 
Type domain.Admin is not enhanced.

------------------------------------------------------------------------------------------------------------------------

[2025-05-11 23:43:08 #1 store] 
Database 'C:\Users\Usuario-Pc\OneDrive\Escritorio\Urtzi Universidad\workspace\SI\Rides24Geltokiekin\src\main\resources\rides.temp' has been recovered (tr. 151-160)

[2025-05-11 23:43:08 #2 store] 
Database 'C:\Users\Usuario-Pc\OneDrive\Escritorio\Urtzi Universidad\workspace\SI\Rides24Geltokiekin\src\main\resources\rides.temp' is opened by 20684@DESKTOP-EH9B0CP

[2025-05-11 23:43:09 #3 type] 
Type domain.Profile is not enhanced.

[2025-05-11 23:43:09 #4 type] 
Type domain.Erreklamazioa is not enhanced.

[2025-05-11 23:43:09 #5 type] 
Type domain.Mezua is not enhanced.

[2025-05-11 23:43:09 #6 type] 
Type domain.Ride is not enhanced.

[2025-05-11 23:43:09 #7 type] 
Type domain.RideRequest is not enhanced.

[2025-05-11 23:43:09 #8 type] 
Type domain.Alerta is not enhanced.

[2025-05-11 23:43:09 #9 type] 
Type domain.Traveller is not enhanced.

[2025-05-11 23:43:09 #10 type] 
Type domain.Driver is not enhanced.

[2025-05-11 23:43:09 #11 type] 
Type domain.Kotxe is not enhanced.

[2025-05-11 23:43:09 #12 type] 
Type domain.Geltoki is not enhanced.

[2025-05-11 23:43:09 #13 type] 
Type domain.Admin is not enhanced.

------------------------------------------------------------------------------------------------------------------------

[2025-05-11 23:44:14 #1 store] 
Database 'C:\Users\Usuario-Pc\OneDrive\Escritorio\Urtzi Universidad\workspace\SI\Rides24Geltokiekin\src\main\resources\rides.temp' is opened by 21128@DESKTOP-EH9B0CP

[2025-05-11 23:44:15 #2 type] 
Type domain.Profile is not enhanced.

[2025-05-11 23:44:15 #3 type] 
Type domain.Erreklamazioa is not enhanced.

[2025-05-11 23:44:15 #4 type] 
Type domain.Mezua is not enhanced.

[2025-05-11 23:44:15 #5 type] 
Type domain.Ride is not enhanced.

[2025-05-11 23:44:15 #6 type] 
Type domain.RideRequest is not enhanced.

[2025-05-11 23:44:15 #7 type] 
Type domain.Alerta is not enhanced.

[2025-05-11 23:44:15 #8 type] 
Type domain.Traveller is not enhanced.

[2025-05-11 23:44:15 #9 type] 
Type domain.Driver is not enhanced.

[2025-05-11 23:44:15 #10 type] 
Type domain.Kotxe is not enhanced.

[2025-05-11 23:44:15 #11 type] 
Type domain.Geltoki is not enhanced.

[2025-05-11 23:44:15 #12 type] 
Type domain.Admin is not enhanced.

------------------------------------------------------------------------------------------------------------------------

[2025-05-11 23:54:45 #1 store] 
Database 'C:\Users\Usuario-Pc\OneDrive\Escritorio\Urtzi Universidad\workspace\SI\Rides24Geltokiekin\src\main\resources\rides.temp' is opened by 17392@DESKTOP-EH9B0CP

[2025-05-11 23:54:45 #2 type] 
Type domain.Profile is not enhanced.

[2025-05-11 23:54:45 #3 type] 
Type domain.Erreklamazioa is not enhanced.

[2025-05-11 23:54:45 #4 type] 
Type domain.Mezua is not enhanced.

[2025-05-11 23:54:45 #5 type] 
Type domain.Ride is not enhanced.

[2025-05-11 23:54:45 #6 type] 
Type domain.RideRequest is not enhanced.

[2025-05-11 23:54:45 #7 type] 
Type domain.Alerta is not enhanced.

[2025-05-11 23:54:45 #8 type] 
Type domain.Traveller is not enhanced.

[2025-05-11 23:54:45 #9 type] 
Type domain.Driver is not enhanced.

[2025-05-11 23:54:45 #10 type] 
Type domain.Kotxe is not enhanced.

[2025-05-11 23:54:45 #11 type] 
Type domain.Geltoki is not enhanced.

[2025-05-11 23:54:45 #12 type] 
Type domain.Admin is not enhanced.

------------------------------------------------------------------------------------------------------------------------

[2025-05-11 23:58:43 #1 store] 
Database 'C:\Users\Usuario-Pc\OneDrive\Escritorio\Urtzi Universidad\workspace\SI\Rides24Geltokiekin\src\main\resources\rides.temp' is opened by 15668@DESKTOP-EH9B0CP

[2025-05-11 23:58:44 #2 type] 
Type domain.Profile is not enhanced.

[2025-05-11 23:58:44 #3 type] 
Type domain.Erreklamazioa is not enhanced.

[2025-05-11 23:58:44 #4 type] 
Type domain.Mezua is not enhanced.

[2025-05-11 23:58:44 #5 type] 
Type domain.Ride is not enhanced.

[2025-05-11 23:58:44 #6 type] 
Type domain.RideRequest is not enhanced.

[2025-05-11 23:58:44 #7 type] 
Type domain.Alerta is not enhanced.

[2025-05-11 23:58:44 #8 type] 
Type domain.Traveller is not enhanced.

[2025-05-11 23:58:44 #9 type] 
Type domain.Driver is not enhanced.

[2025-05-11 23:58:44 #10 type] 
Type domain.Kotxe is not enhanced.

[2025-05-11 23:58:44 #11 type] 
Type domain.Geltoki is not enhanced.

[2025-05-11 23:58:44 #12 type] 
Type domain.Admin is not enhanced.

