------------------------------------------------------------------------------------------------------------------------

[2025-04-28 11:08:18 #1 store] 
Database 'C:\Users\Usuario-Pc\OneDrive\Escritorio\Urtzi Universidad\workspace\SI\Rides24\src\main\resources\rides.temp' is opened by 3576@DESKTOP-EH9B0CP

[2025-04-28 11:08:19 #2 type] 
Type domain.Profile is not enhanced.

[2025-04-28 11:08:19 #3 type] 
Type domain.Mezua is not enhanced.

[2025-04-28 11:08:19 #4 type] 
Type domain.Ride is not enhanced.

[2025-04-28 11:08:19 #5 type] 
Type domain.RideRequest is not enhanced.

[2025-04-28 11:08:19 #6 type] 
Type domain.Driver is not enhanced.

[2025-04-28 11:08:19 #7 type] 
Type domain.Kotxe is not enhanced.

[2025-04-28 11:08:19 #8 type] 
Type domain.Traveller is not enhanced.

[2025-04-28 11:08:19 #9 type.registry] 
New type domain.Alerta

[2025-04-28 11:08:19 #10 type] 
Type domain.Alerta is not enhanced.

[2025-04-28 11:08:23 #11 type.registry] 
New type java.util.LinkedList<domain.Alerta>

------------------------------------------------------------------------------------------------------------------------

[2025-04-28 11:14:40 #1 store] 
Database 'C:\Users\Usuario-Pc\OneDrive\Escritorio\Urtzi Universidad\workspace\SI\Rides24\src\main\resources\rides.temp' has been recovered (tr. 31-32)

[2025-04-28 11:14:40 #2 store] 
Database 'C:\Users\Usuario-Pc\OneDrive\Escritorio\Urtzi Universidad\workspace\SI\Rides24\src\main\resources\rides.temp' is opened by 7560@DESKTOP-EH9B0CP

[2025-04-28 11:14:40 #3 type] 
Type domain.Profile is not enhanced.

[2025-04-28 11:14:40 #4 type] 
Type domain.Mezua is not enhanced.

[2025-04-28 11:14:40 #5 type] 
Type domain.Ride is not enhanced.

[2025-04-28 11:14:40 #6 type] 
Type domain.RideRequest is not enhanced.

[2025-04-28 11:14:40 #7 type] 
Type domain.Driver is not enhanced.

[2025-04-28 11:14:40 #8 type] 
Type domain.Kotxe is not enhanced.

[2025-04-28 11:14:40 #9 type] 
Type domain.Traveller is not enhanced.

[2025-04-28 11:14:40 #10 type] 
Type domain.Alerta is not enhanced.

------------------------------------------------------------------------------------------------------------------------

[2025-04-28 11:50:04 #1 store] 
Database 'C:\Users\Usuario-Pc\OneDrive\Escritorio\Urtzi Universidad\workspace\SI\Rides24\src\main\resources\rides.temp' is opened by 9496@DESKTOP-EH9B0CP

[2025-04-28 11:50:04 #2 type] 
Type domain.Profile is not enhanced.

[2025-04-28 11:50:04 #3 type] 
Type domain.Mezua is not enhanced.

[2025-04-28 11:50:04 #4 type] 
Type domain.Ride is not enhanced.

[2025-04-28 11:50:04 #5 type] 
Type domain.RideRequest is not enhanced.

[2025-04-28 11:50:04 #6 type] 
Type domain.Driver is not enhanced.

[2025-04-28 11:50:04 #7 type] 
Type domain.Kotxe is not enhanced.

[2025-04-28 11:50:04 #8 type] 
Type domain.Traveller is not enhanced.

[2025-04-28 11:50:04 #9 type] 
Type domain.Alerta is not enhanced.

------------------------------------------------------------------------------------------------------------------------

[2025-04-28 11:50:12 #1 store] 
Database 'C:\Users\Usuario-Pc\OneDrive\Escritorio\Urtzi Universidad\workspace\SI\Rides24\src\main\resources\rides.temp' has been recovered (tr. 33-33)

[2025-04-28 11:50:12 #2 store] 
Database 'C:\Users\Usuario-Pc\OneDrive\Escritorio\Urtzi Universidad\workspace\SI\Rides24\src\main\resources\rides.temp' is opened by 16952@DESKTOP-EH9B0CP

[2025-04-28 11:50:12 #3 type] 
Type domain.Profile is not enhanced.

[2025-04-28 11:50:12 #4 type] 
Type domain.Mezua is not enhanced.

[2025-04-28 11:50:12 #5 type] 
Type domain.Ride is not enhanced.

[2025-04-28 11:50:12 #6 type] 
Type domain.RideRequest is not enhanced.

[2025-04-28 11:50:12 #7 type] 
Type domain.Driver is not enhanced.

[2025-04-28 11:50:12 #8 type] 
Type domain.Kotxe is not enhanced.

[2025-04-28 11:50:12 #9 type] 
Type domain.Traveller is not enhanced.

[2025-04-28 11:50:12 #10 type] 
Type domain.Alerta is not enhanced.

------------------------------------------------------------------------------------------------------------------------

[2025-04-28 11:51:03 #1 store] 
Database 'C:\Users\Usuario-Pc\OneDrive\Escritorio\Urtzi Universidad\workspace\SI\Rides24\src\main\resources\rides.temp' is opened by 17872@DESKTOP-EH9B0CP

[2025-04-28 11:51:04 #2 type] 
Type domain.Profile is not enhanced.

[2025-04-28 11:51:04 #3 type] 
Type domain.Mezua is not enhanced.

[2025-04-28 11:51:04 #4 type] 
Type domain.Ride is not enhanced.

[2025-04-28 11:51:04 #5 type] 
Type domain.RideRequest is not enhanced.

[2025-04-28 11:51:04 #6 type] 
Type domain.Driver is not enhanced.

[2025-04-28 11:51:04 #7 type] 
Type domain.Kotxe is not enhanced.

[2025-04-28 11:51:04 #8 type] 
Type domain.Traveller is not enhanced.

[2025-04-28 11:51:04 #9 type] 
Type domain.Alerta is not enhanced.

------------------------------------------------------------------------------------------------------------------------

[2025-04-28 18:08:04 #1 store] 
Database 'C:\Users\Usuario-Pc\OneDrive\Escritorio\Urtzi Universidad\workspace\SI\Rides24\src\main\resources\rides.temp' is opened by 18996@DESKTOP-EH9B0CP

[2025-04-28 18:08:27 #2 type.registry] 
New type domain.Profile

[2025-04-28 18:08:27 #3 type] 
Type domain.Profile is not enhanced.

[2025-04-28 18:08:27 #4 type.registry] 
New type domain.Mezua

[2025-04-28 18:08:27 #5 type] 
Type domain.Mezua is not enhanced.

[2025-04-28 18:08:27 #6 type.registry] 
New type domain.Ride

[2025-04-28 18:08:27 #7 type.registry] 
New type domain.RideRequest

[2025-04-28 18:08:27 #8 type] 
Type domain.Ride is not enhanced.

[2025-04-28 18:08:27 #9 type.registry] 
New type domain.Driver

[2025-04-28 18:08:27 #10 type.registry] 
New type domain.Kotxe

[2025-04-28 18:08:27 #11 type.registry] 
New type java.util.LinkedList<java.lang.String>

[2025-04-28 18:08:27 #12 type] 
Type domain.RideRequest is not enhanced.

[2025-04-28 18:08:27 #13 type.registry] 
New type domain.Traveller

[2025-04-28 18:08:27 #14 type] 
Type domain.Driver is not enhanced.

[2025-04-28 18:08:27 #15 type] 
Type domain.Kotxe is not enhanced.

[2025-04-28 18:08:27 #16 type] 
Type domain.Traveller is not enhanced.

[2025-04-28 18:08:27 #17 type.registry] 
New type domain.Alerta

[2025-04-28 18:08:27 #18 type] 
Type domain.Alerta is not enhanced.

[2025-04-28 18:08:27 #19 type.registry] 
New type java.util.ArrayList<java.lang.Object>

[2025-04-28 18:08:27 #20 type.registry] 
New type java.util.LinkedList<java.lang.Object>

[2025-04-28 18:08:27 #21 type.registry] 
New type java.util.ArrayList<java.lang.Integer>

[2025-04-28 18:08:27 #22 type.registry] 
New type java.util.ArrayList<domain.Mezua>

[2025-04-28 18:08:27 #23 type.registry] 
New type java.util.ArrayList<domain.RideRequest>

[2025-04-28 18:08:27 #24 type.registry] 
New type java.util.LinkedList<domain.Alerta>

------------------------------------------------------------------------------------------------------------------------

[2025-04-28 18:08:59 #1 store] 
Database 'C:\Users\Usuario-Pc\OneDrive\Escritorio\Urtzi Universidad\workspace\SI\Rides24\src\main\resources\rides.temp' has been recovered (tr. 1-10)

[2025-04-28 18:08:59 #2 store] 
Database 'C:\Users\Usuario-Pc\OneDrive\Escritorio\Urtzi Universidad\workspace\SI\Rides24\src\main\resources\rides.temp' is opened by 10332@DESKTOP-EH9B0CP

[2025-04-28 18:08:59 #3 type] 
Type domain.Profile is not enhanced.

[2025-04-28 18:09:00 #4 type] 
Type domain.Mezua is not enhanced.

[2025-04-28 18:09:00 #5 type] 
Type domain.Ride is not enhanced.

[2025-04-28 18:09:00 #6 type] 
Type domain.RideRequest is not enhanced.

[2025-04-28 18:09:00 #7 type] 
Type domain.Driver is not enhanced.

[2025-04-28 18:09:00 #8 type] 
Type domain.Kotxe is not enhanced.

[2025-04-28 18:09:00 #9 type] 
Type domain.Traveller is not enhanced.

[2025-04-28 18:09:00 #10 type] 
Type domain.Alerta is not enhanced.

------------------------------------------------------------------------------------------------------------------------

[2025-04-28 18:26:44 #1 store] 
Database 'C:\Users\Usuario-Pc\OneDrive\Escritorio\Urtzi Universidad\workspace\SI\Rides24\src\main\resources\rides.temp' is opened by 10072@DESKTOP-EH9B0CP

[2025-04-28 18:26:45 #2 type] 
Type domain.Profile is not enhanced.

[2025-04-28 18:26:45 #3 type] 
Type domain.Mezua is not enhanced.

[2025-04-28 18:26:45 #4 type] 
Type domain.Ride is not enhanced.

[2025-04-28 18:26:45 #5 type] 
Type domain.RideRequest is not enhanced.

[2025-04-28 18:26:45 #6 type] 
Type domain.Driver is not enhanced.

[2025-04-28 18:26:45 #7 type] 
Type domain.Kotxe is not enhanced.

[2025-04-28 18:26:45 #8 type] 
Type domain.Traveller is not enhanced.

[2025-04-28 18:26:45 #9 type] 
Type domain.Alerta is not enhanced.

------------------------------------------------------------------------------------------------------------------------

[2025-04-28 18:27:00 #1 store] 
Database 'C:\Users\Usuario-Pc\OneDrive\Escritorio\Urtzi Universidad\workspace\SI\Rides24\src\main\resources\rides.temp' is opened by 18964@DESKTOP-EH9B0CP

[2025-04-28 18:27:21 #2 type.registry] 
New type domain.Profile

[2025-04-28 18:27:21 #3 type] 
Type domain.Profile is not enhanced.

[2025-04-28 18:27:21 #4 type.registry] 
New type domain.Mezua

[2025-04-28 18:27:21 #5 type] 
Type domain.Mezua is not enhanced.

[2025-04-28 18:27:21 #6 type.registry] 
New type domain.Ride

[2025-04-28 18:27:21 #7 type.registry] 
New type domain.RideRequest

[2025-04-28 18:27:21 #8 type] 
Type domain.Ride is not enhanced.

[2025-04-28 18:27:21 #9 type.registry] 
New type domain.Driver

[2025-04-28 18:27:21 #10 type.registry] 
New type domain.Kotxe

[2025-04-28 18:27:21 #11 type.registry] 
New type java.util.LinkedList<java.lang.String>

[2025-04-28 18:27:21 #12 type] 
Type domain.RideRequest is not enhanced.

[2025-04-28 18:27:21 #13 type.registry] 
New type domain.Traveller

[2025-04-28 18:27:21 #14 type] 
Type domain.Driver is not enhanced.

[2025-04-28 18:27:21 #15 type] 
Type domain.Kotxe is not enhanced.

[2025-04-28 18:27:21 #16 type] 
Type domain.Traveller is not enhanced.

[2025-04-28 18:27:21 #17 type.registry] 
New type domain.Alerta

[2025-04-28 18:27:21 #18 type] 
Type domain.Alerta is not enhanced.

[2025-04-28 18:27:21 #19 type.registry] 
New type java.util.ArrayList<java.lang.Object>

[2025-04-28 18:27:21 #20 type.registry] 
New type java.util.LinkedList<java.lang.Object>

[2025-04-28 18:27:21 #21 type.registry] 
New type java.util.ArrayList<java.lang.Integer>

[2025-04-28 18:27:21 #22 type.registry] 
New type java.util.ArrayList<domain.Mezua>

[2025-04-28 18:27:21 #23 type.registry] 
New type java.util.ArrayList<domain.RideRequest>

[2025-04-28 18:27:21 #24 type.registry] 
New type java.util.LinkedList<domain.Alerta>

[2025-04-28 18:27:34 #25 type.registry] 
New type java.util.Vector<java.lang.Object>

[2025-04-28 18:27:34 #26 type.registry] 
New type java.util.Vector<domain.Ride>

[2025-04-28 18:27:34 #27 type.registry] 
New type java.util.Vector<domain.Kotxe>

------------------------------------------------------------------------------------------------------------------------

[2025-04-28 18:30:05 #1 store] 
Database 'C:\Users\Usuario-Pc\OneDrive\Escritorio\Urtzi Universidad\workspace\SI\Rides24\src\main\resources\rides.temp' is opened by 19948@DESKTOP-EH9B0CP

[2025-04-28 18:30:05 #2 type] 
Type domain.Profile is not enhanced.

[2025-04-28 18:30:05 #3 type] 
Type domain.Mezua is not enhanced.

[2025-04-28 18:30:05 #4 type] 
Type domain.Ride is not enhanced.

[2025-04-28 18:30:05 #5 type] 
Type domain.RideRequest is not enhanced.

[2025-04-28 18:30:05 #6 type] 
Type domain.Driver is not enhanced.

[2025-04-28 18:30:05 #7 type] 
Type domain.Kotxe is not enhanced.

[2025-04-28 18:30:05 #8 type] 
Type domain.Traveller is not enhanced.

[2025-04-28 18:30:05 #9 type] 
Type domain.Alerta is not enhanced.

