------------------------------------------------------------------------------------------------------------------------

[2025-05-03 15:56:08 #1 store] 
Database 'C:\Users\ekait\eclipse-workspace\Rides24Geltokiekin\src\main\resources\rides.temp' is opened by 21428@LAPTOP-1CQB3TB3

[2025-05-03 15:56:08 #2 type] 
Type domain.Profile is not enhanced.

[2025-05-03 15:56:08 #3 type] 
Type domain.Mezua is not enhanced.

[2025-05-03 15:56:08 #4 type] 
Type domain.Ride is not enhanced.

[2025-05-03 15:56:08 #5 type] 
Type domain.RideRequest is not enhanced.

[2025-05-03 15:56:08 #6 type] 
Type domain.Driver is not enhanced.

[2025-05-03 15:56:08 #7 type] 
Type domain.Kotxe is not enhanced.

[2025-05-03 15:56:08 #8 type] 
Type domain.Geltoki is not enhanced.

[2025-05-03 15:56:08 #9 type] 
Type domain.Traveller is not enhanced.

[2025-05-03 15:56:08 #10 type] 
Type domain.Alerta is not enhanced.

[2025-05-03 15:56:08 #11 type] 
Type domain.Erreklamazioa is not enhanced.

[2025-05-03 15:56:08 #12 type] 
Type domain.Admin is not enhanced.

------------------------------------------------------------------------------------------------------------------------

[2025-05-03 16:24:25 #1 store] 
Database 'C:\Users\ekait\eclipse-workspace\Rides24Geltokiekin\src\main\resources\rides.temp' is opened by 15968@LAPTOP-1CQB3TB3

[2025-05-03 16:24:25 #2 type] 
Type domain.Profile is not enhanced.

[2025-05-03 16:24:25 #3 type] 
Type domain.Mezua is not enhanced.

[2025-05-03 16:24:25 #4 type] 
Type domain.Ride is not enhanced.

[2025-05-03 16:24:25 #5 type] 
Type domain.RideRequest is not enhanced.

[2025-05-03 16:24:25 #6 type] 
Type domain.Driver is not enhanced.

[2025-05-03 16:24:25 #7 type] 
Type domain.Kotxe is not enhanced.

[2025-05-03 16:24:25 #8 type] 
Type domain.Geltoki is not enhanced.

[2025-05-03 16:24:25 #9 type] 
Type domain.Traveller is not enhanced.

[2025-05-03 16:24:25 #10 type] 
Type domain.Alerta is not enhanced.

[2025-05-03 16:24:26 #11 type] 
Type domain.Erreklamazioa is not enhanced.

[2025-05-03 16:24:26 #12 type] 
Type domain.Admin is not enhanced.

------------------------------------------------------------------------------------------------------------------------

[2025-05-03 16:31:00 #1 store] 
Database 'C:\Users\ekait\eclipse-workspace\Rides24Geltokiekin\src\main\resources\rides.temp' is opened by 18968@LAPTOP-1CQB3TB3

[2025-05-03 16:31:01 #2 type] 
Type domain.Profile is not enhanced.

[2025-05-03 16:31:01 #3 type] 
Type domain.Mezua is not enhanced.

[2025-05-03 16:31:01 #4 type] 
Type domain.Ride is not enhanced.

[2025-05-03 16:31:01 #5 type] 
Type domain.RideRequest is not enhanced.

[2025-05-03 16:31:01 #6 type] 
Type domain.Driver is not enhanced.

[2025-05-03 16:31:01 #7 type] 
Type domain.Kotxe is not enhanced.

[2025-05-03 16:31:01 #8 type] 
Type domain.Geltoki is not enhanced.

[2025-05-03 16:31:01 #9 type] 
Type domain.Traveller is not enhanced.

[2025-05-03 16:31:01 #10 type] 
Type domain.Alerta is not enhanced.

[2025-05-03 16:31:01 #11 type] 
Type domain.Erreklamazioa is not enhanced.

[2025-05-03 16:31:01 #12 type] 
Type domain.Admin is not enhanced.

------------------------------------------------------------------------------------------------------------------------

[2025-05-03 16:34:50 #1 store] 
Database 'C:\Users\ekait\eclipse-workspace\Rides24Geltokiekin\src\main\resources\rides.temp' is opened by 11720@LAPTOP-1CQB3TB3

[2025-05-03 16:34:50 #2 type] 
Type domain.Profile is not enhanced.

[2025-05-03 16:34:50 #3 type] 
Type domain.Mezua is not enhanced.

[2025-05-03 16:34:50 #4 type] 
Type domain.Ride is not enhanced.

[2025-05-03 16:34:50 #5 type] 
Type domain.RideRequest is not enhanced.

[2025-05-03 16:34:50 #6 type] 
Type domain.Driver is not enhanced.

[2025-05-03 16:34:50 #7 type] 
Type domain.Kotxe is not enhanced.

[2025-05-03 16:34:50 #8 type] 
Type domain.Geltoki is not enhanced.

[2025-05-03 16:34:50 #9 type] 
Type domain.Traveller is not enhanced.

[2025-05-03 16:34:50 #10 type] 
Type domain.Alerta is not enhanced.

[2025-05-03 16:34:50 #11 type] 
Type domain.Erreklamazioa is not enhanced.

[2025-05-03 16:34:50 #12 type] 
Type domain.Admin is not enhanced.

