------------------------------------------------------------------------------------------------------------------------

[2025-05-09 08:44:30 #1 store] 
Database 'C:\Users\ekait\eclipse-workspace\Rides24Geltokiekin\src\main\resources\rides.temp' is opened by 6272@LAPTOP-1CQB3TB3

[2025-05-09 08:44:30 #2 type] 
Type domain.Profile is not enhanced.

[2025-05-09 08:44:30 #3 type] 
Type domain.Erreklamazioa is not enhanced.

[2025-05-09 08:44:30 #4 type] 
Type domain.Mezua is not enhanced.

[2025-05-09 08:44:30 #5 type] 
Type domain.Ride is not enhanced.

[2025-05-09 08:44:30 #6 type] 
Type domain.RideRequest is not enhanced.

[2025-05-09 08:44:30 #7 type] 
Type domain.Traveller is not enhanced.

[2025-05-09 08:44:30 #8 type] 
Type domain.Driver is not enhanced.

[2025-05-09 08:44:30 #9 type] 
Type domain.Kotxe is not enhanced.

[2025-05-09 08:44:31 #10 type] 
Type domain.Geltoki is not enhanced.

[2025-05-09 08:44:31 #11 type] 
Type domain.Alerta is not enhanced.

[2025-05-09 08:44:31 #12 type] 
Type domain.Admin is not enhanced.

------------------------------------------------------------------------------------------------------------------------

[2025-05-09 08:50:10 #1 store] 
Database 'C:\Users\ekait\eclipse-workspace\Rides24Geltokiekin\src\main\resources\rides.temp' has been recovered (tr. 72-75)

[2025-05-09 08:50:10 #2 store] 
Database 'C:\Users\ekait\eclipse-workspace\Rides24Geltokiekin\src\main\resources\rides.temp' is opened by 8768@LAPTOP-1CQB3TB3

[2025-05-09 08:50:11 #3 type] 
Type domain.Profile is not enhanced.

[2025-05-09 08:50:11 #4 type] 
Type domain.Erreklamazioa is not enhanced.

[2025-05-09 08:50:11 #5 type] 
Type domain.Mezua is not enhanced.

[2025-05-09 08:50:11 #6 type] 
Type domain.Ride is not enhanced.

[2025-05-09 08:50:11 #7 type] 
Type domain.RideRequest is not enhanced.

[2025-05-09 08:50:11 #8 type] 
Type domain.Traveller is not enhanced.

[2025-05-09 08:50:11 #9 type] 
Type domain.Driver is not enhanced.

[2025-05-09 08:50:11 #10 type] 
Type domain.Kotxe is not enhanced.

[2025-05-09 08:50:11 #11 type] 
Type domain.Geltoki is not enhanced.

[2025-05-09 08:50:11 #12 type] 
Type domain.Alerta is not enhanced.

[2025-05-09 08:50:11 #13 type] 
Type domain.Admin is not enhanced.

------------------------------------------------------------------------------------------------------------------------

[2025-05-09 08:54:18 #1 store] 
Database 'C:\Users\ekait\eclipse-workspace\Rides24Geltokiekin\src\main\resources\rides.temp' has been recovered (tr. 76-76)

[2025-05-09 08:54:18 #2 store] 
Database 'C:\Users\ekait\eclipse-workspace\Rides24Geltokiekin\src\main\resources\rides.temp' is opened by 3832@LAPTOP-1CQB3TB3

[2025-05-09 08:54:19 #3 type] 
Type domain.Profile is not enhanced.

[2025-05-09 08:54:19 #4 type] 
Type domain.Erreklamazioa is not enhanced.

[2025-05-09 08:54:19 #5 type] 
Type domain.Mezua is not enhanced.

[2025-05-09 08:54:19 #6 type] 
Type domain.Ride is not enhanced.

[2025-05-09 08:54:19 #7 type] 
Type domain.RideRequest is not enhanced.

[2025-05-09 08:54:19 #8 type] 
Type domain.Traveller is not enhanced.

[2025-05-09 08:54:19 #9 type] 
Type domain.Driver is not enhanced.

[2025-05-09 08:54:19 #10 type] 
Type domain.Kotxe is not enhanced.

[2025-05-09 08:54:19 #11 type] 
Type domain.Geltoki is not enhanced.

[2025-05-09 08:54:19 #12 type] 
Type domain.Alerta is not enhanced.

[2025-05-09 08:54:19 #13 type] 
Type domain.Admin is not enhanced.

------------------------------------------------------------------------------------------------------------------------

[2025-05-09 09:00:44 #1 store] 
Database 'C:\Users\ekait\eclipse-workspace\Rides24Geltokiekin\src\main\resources\rides.temp' has been recovered (tr. 77-77)

[2025-05-09 09:00:45 #2 store] 
Database 'C:\Users\ekait\eclipse-workspace\Rides24Geltokiekin\src\main\resources\rides.temp' is opened by 1388@LAPTOP-1CQB3TB3

[2025-05-09 09:00:45 #3 type] 
Type domain.Profile is not enhanced.

[2025-05-09 09:00:45 #4 type] 
Type domain.Erreklamazioa is not enhanced.

[2025-05-09 09:00:45 #5 type] 
Type domain.Mezua is not enhanced.

[2025-05-09 09:00:45 #6 type] 
Type domain.Ride is not enhanced.

[2025-05-09 09:00:45 #7 type] 
Type domain.RideRequest is not enhanced.

[2025-05-09 09:00:45 #8 type] 
Type domain.Traveller is not enhanced.

[2025-05-09 09:00:45 #9 type] 
Type domain.Driver is not enhanced.

[2025-05-09 09:00:45 #10 type] 
Type domain.Kotxe is not enhanced.

[2025-05-09 09:00:45 #11 type] 
Type domain.Geltoki is not enhanced.

[2025-05-09 09:00:45 #12 type] 
Type domain.Alerta is not enhanced.

[2025-05-09 09:00:45 #13 type] 
Type domain.Admin is not enhanced.

------------------------------------------------------------------------------------------------------------------------

[2025-05-09 09:10:09 #1 store] 
Database 'C:\Users\ekait\eclipse-workspace\Rides24Geltokiekin\src\main\resources\rides.temp' is opened by 5284@LAPTOP-1CQB3TB3

[2025-05-09 09:10:09 #2 type] 
Type domain.Profile is not enhanced.

[2025-05-09 09:10:09 #3 type] 
Type domain.Erreklamazioa is not enhanced.

[2025-05-09 09:10:09 #4 type] 
Type domain.Mezua is not enhanced.

[2025-05-09 09:10:09 #5 type] 
Type domain.Ride is not enhanced.

[2025-05-09 09:10:09 #6 type] 
Type domain.RideRequest is not enhanced.

[2025-05-09 09:10:09 #7 type] 
Type domain.Traveller is not enhanced.

[2025-05-09 09:10:09 #8 type] 
Type domain.Driver is not enhanced.

[2025-05-09 09:10:09 #9 type] 
Type domain.Kotxe is not enhanced.

[2025-05-09 09:10:09 #10 type] 
Type domain.Geltoki is not enhanced.

[2025-05-09 09:10:09 #11 type] 
Type domain.Alerta is not enhanced.

[2025-05-09 09:10:09 #12 type] 
Type domain.Admin is not enhanced.

------------------------------------------------------------------------------------------------------------------------

[2025-05-09 12:51:29 #1 store] 
Database 'C:\Users\ekait\eclipse-workspace\Rides24Geltokiekin\src\main\resources\rides.temp' is opened by 9648@LAPTOP-1CQB3TB3

[2025-05-09 12:51:29 #2 type] 
Type domain.Profile is not enhanced.

[2025-05-09 12:51:29 #3 type] 
Type domain.Erreklamazioa is not enhanced.

[2025-05-09 12:51:29 #4 type] 
Type domain.Mezua is not enhanced.

[2025-05-09 12:51:29 #5 type] 
Type domain.Ride is not enhanced.

[2025-05-09 12:51:29 #6 type] 
Type domain.RideRequest is not enhanced.

[2025-05-09 12:51:29 #7 type] 
Type domain.Traveller is not enhanced.

[2025-05-09 12:51:29 #8 type] 
Type domain.Driver is not enhanced.

[2025-05-09 12:51:29 #9 type] 
Type domain.Kotxe is not enhanced.

[2025-05-09 12:51:29 #10 type] 
Type domain.Geltoki is not enhanced.

[2025-05-09 12:51:29 #11 type] 
Type domain.Alerta is not enhanced.

[2025-05-09 12:51:29 #12 type] 
Type domain.Admin is not enhanced.

------------------------------------------------------------------------------------------------------------------------

[2025-05-09 12:55:13 #1 store] 
Database 'C:\Users\ekait\eclipse-workspace\Rides24Geltokiekin\src\main\resources\rides.temp' is opened by 6988@LAPTOP-1CQB3TB3

[2025-05-09 12:55:13 #2 type] 
Type domain.Profile is not enhanced.

[2025-05-09 12:55:13 #3 type] 
Type domain.Erreklamazioa is not enhanced.

[2025-05-09 12:55:13 #4 type] 
Type domain.Mezua is not enhanced.

[2025-05-09 12:55:13 #5 type] 
Type domain.Ride is not enhanced.

[2025-05-09 12:55:13 #6 type] 
Type domain.RideRequest is not enhanced.

[2025-05-09 12:55:13 #7 type] 
Type domain.Traveller is not enhanced.

[2025-05-09 12:55:13 #8 type] 
Type domain.Driver is not enhanced.

[2025-05-09 12:55:13 #9 type] 
Type domain.Kotxe is not enhanced.

[2025-05-09 12:55:13 #10 type] 
Type domain.Geltoki is not enhanced.

[2025-05-09 12:55:13 #11 type] 
Type domain.Alerta is not enhanced.

[2025-05-09 12:55:13 #12 type] 
Type domain.Admin is not enhanced.

------------------------------------------------------------------------------------------------------------------------

[2025-05-09 12:58:55 #1 store] 
Database 'C:\Users\ekait\eclipse-workspace\Rides24Geltokiekin\src\main\resources\rides.temp' is opened by 3068@LAPTOP-1CQB3TB3

[2025-05-09 12:58:55 #2 type] 
Type domain.Profile is not enhanced.

[2025-05-09 12:58:56 #3 type] 
Type domain.Erreklamazioa is not enhanced.

[2025-05-09 12:58:56 #4 type] 
Type domain.Mezua is not enhanced.

[2025-05-09 12:58:56 #5 type] 
Type domain.Ride is not enhanced.

[2025-05-09 12:58:56 #6 type] 
Type domain.RideRequest is not enhanced.

[2025-05-09 12:58:56 #7 type] 
Type domain.Traveller is not enhanced.

[2025-05-09 12:58:56 #8 type] 
Type domain.Driver is not enhanced.

[2025-05-09 12:58:56 #9 type] 
Type domain.Kotxe is not enhanced.

[2025-05-09 12:58:56 #10 type] 
Type domain.Geltoki is not enhanced.

[2025-05-09 12:58:56 #11 type] 
Type domain.Alerta is not enhanced.

[2025-05-09 12:58:56 #12 type] 
Type domain.Admin is not enhanced.

------------------------------------------------------------------------------------------------------------------------

[2025-05-09 13:08:37 #1 store] 
Database 'C:\Users\ekait\eclipse-workspace\Rides24Geltokiekin\src\main\resources\rides.temp' has been recovered (tr. 80-83)

[2025-05-09 13:08:37 #2 store] 
Database 'C:\Users\ekait\eclipse-workspace\Rides24Geltokiekin\src\main\resources\rides.temp' is opened by 7984@LAPTOP-1CQB3TB3

[2025-05-09 13:08:37 #3 type] 
Type domain.Profile is not enhanced.

[2025-05-09 13:08:37 #4 type] 
Type domain.Erreklamazioa is not enhanced.

[2025-05-09 13:08:37 #5 type] 
Type domain.Mezua is not enhanced.

[2025-05-09 13:08:37 #6 type] 
Type domain.Ride is not enhanced.

[2025-05-09 13:08:37 #7 type] 
Type domain.RideRequest is not enhanced.

[2025-05-09 13:08:37 #8 type] 
Type domain.Traveller is not enhanced.

[2025-05-09 13:08:37 #9 type] 
Type domain.Driver is not enhanced.

[2025-05-09 13:08:37 #10 type] 
Type domain.Kotxe is not enhanced.

[2025-05-09 13:08:37 #11 type] 
Type domain.Geltoki is not enhanced.

[2025-05-09 13:08:37 #12 type] 
Type domain.Alerta is not enhanced.

[2025-05-09 13:08:37 #13 type] 
Type domain.Admin is not enhanced.

------------------------------------------------------------------------------------------------------------------------

[2025-05-09 13:12:14 #1 store] 
Database 'C:\Users\ekait\eclipse-workspace\Rides24Geltokiekin\src\main\resources\rides.temp' has been recovered (tr. 84-84)

[2025-05-09 13:12:14 #2 store] 
Database 'C:\Users\ekait\eclipse-workspace\Rides24Geltokiekin\src\main\resources\rides.temp' is opened by 10184@LAPTOP-1CQB3TB3

[2025-05-09 13:12:14 #3 type] 
Type domain.Profile is not enhanced.

[2025-05-09 13:12:14 #4 type] 
Type domain.Erreklamazioa is not enhanced.

[2025-05-09 13:12:14 #5 type] 
Type domain.Mezua is not enhanced.

[2025-05-09 13:12:14 #6 type] 
Type domain.Ride is not enhanced.

[2025-05-09 13:12:14 #7 type] 
Type domain.RideRequest is not enhanced.

[2025-05-09 13:12:14 #8 type] 
Type domain.Traveller is not enhanced.

[2025-05-09 13:12:14 #9 type] 
Type domain.Driver is not enhanced.

[2025-05-09 13:12:14 #10 type] 
Type domain.Kotxe is not enhanced.

[2025-05-09 13:12:14 #11 type] 
Type domain.Geltoki is not enhanced.

[2025-05-09 13:12:14 #12 type] 
Type domain.Alerta is not enhanced.

[2025-05-09 13:12:14 #13 type] 
Type domain.Admin is not enhanced.

