------------------------------------------------------------------------------------------------------------------------

[2025-03-26 18:52:49 #1 store] 
Database 'C:\Users\Usuario-Pc\OneDrive\Escritorio\Urtzi Universidad\workspace\SI\Rides24\src\main\resources\rides.temp' has been recovered (tr. 145-153)

[2025-03-26 18:52:49 #2 store] 
Database 'C:\Users\Usuario-Pc\OneDrive\Escritorio\Urtzi Universidad\workspace\SI\Rides24\src\main\resources\rides.temp' is opened by 9276@DESKTOP-EH9B0CP

[2025-03-26 18:52:49 #3 type] 
Type domain.Profile is not enhanced.

[2025-03-26 18:52:49 #4 type] 
Type domain.Driver is not enhanced.

[2025-03-26 18:52:49 #5 type] 
Type domain.Kotxe is not enhanced.

[2025-03-26 18:52:49 #6 type] 
Type domain.Ride is not enhanced.

[2025-03-26 18:52:49 #7 type] 
Type domain.RideRequest is not enhanced.

[2025-03-26 18:52:49 #8 type] 
Type domain.Traveller is not enhanced.

[2025-03-26 18:52:49 #9 type] 
Type domain.Mezua is not enhanced.

------------------------------------------------------------------------------------------------------------------------

[2025-03-26 19:24:00 #1 store] 
Database 'C:\Users\Usuario-Pc\OneDrive\Escritorio\Urtzi Universidad\workspace\SI\Rides24\src\main\resources\rides.temp' is opened by 20688@DESKTOP-EH9B0CP

[2025-03-26 19:24:01 #2 type] 
Type domain.Profile is not enhanced.

[2025-03-26 19:24:01 #3 type] 
Type domain.Driver is not enhanced.

[2025-03-26 19:24:01 #4 type] 
Type domain.Kotxe is not enhanced.

[2025-03-26 19:24:01 #5 type] 
Type domain.Ride is not enhanced.

[2025-03-26 19:24:01 #6 type] 
Type domain.RideRequest is not enhanced.

[2025-03-26 19:24:01 #7 type] 
Type domain.Traveller is not enhanced.

[2025-03-26 19:24:01 #8 type] 
Type domain.Mezua is not enhanced.

