------------------------------------------------------------------------------------------------------------------------

[2025-10-03 09:41:29 #1 store] 
Database 'C:\Users\ekait\git\SI2Proiektua\Rides24Geltokiekin\src\main\resources\rides.temp' has been recovered (tr. 1075-1076)

[2025-10-03 09:41:29 #2 store] 
Database 'C:\Users\ekait\git\SI2Proiektua\Rides24Geltokiekin\src\main\resources\rides.temp' is opened by 9380@LAPTOP-1CQB3TB3

[2025-10-03 09:41:29 #3 type] 
Type domain.Profile is not enhanced.

[2025-10-03 09:41:29 #4 type] 
Type domain.Erreklamazioa is not enhanced.

[2025-10-03 09:41:29 #5 type] 
Type domain.Mezua is not enhanced.

[2025-10-03 09:41:29 #6 type] 
Type domain.Ride is not enhanced.

[2025-10-03 09:41:29 #7 type] 
Type domain.RideRequest is not enhanced.

[2025-10-03 09:41:29 #8 type] 
Type domain.Alerta is not enhanced.

[2025-10-03 09:41:29 #9 type] 
Type domain.Driver is not enhanced.

[2025-10-03 09:41:29 #10 type] 
Type domain.Kotxe is not enhanced.

[2025-10-03 09:41:29 #11 type] 
Type domain.Geltoki is not enhanced.

[2025-10-03 09:41:29 #12 type] 
Type domain.Traveller is not enhanced.

[2025-10-03 09:41:29 #13 type] 
Type domain.Admin is not enhanced.

------------------------------------------------------------------------------------------------------------------------

[2025-10-03 09:42:40 #1 store] 
Database 'C:\Users\ekait\git\SI2Proiektua\Rides24Geltokiekin\src\main\resources\rides.temp' has been recovered (tr. 1077-1078)

[2025-10-03 09:42:40 #2 store] 
Database 'C:\Users\ekait\git\SI2Proiektua\Rides24Geltokiekin\src\main\resources\rides.temp' is opened by 21976@LAPTOP-1CQB3TB3

[2025-10-03 09:42:40 #3 type] 
Type domain.Profile is not enhanced.

[2025-10-03 09:42:40 #4 type] 
Type domain.Erreklamazioa is not enhanced.

[2025-10-03 09:42:40 #5 type] 
Type domain.Mezua is not enhanced.

[2025-10-03 09:42:40 #6 type] 
Type domain.Ride is not enhanced.

[2025-10-03 09:42:40 #7 type] 
Type domain.RideRequest is not enhanced.

[2025-10-03 09:42:40 #8 type] 
Type domain.Alerta is not enhanced.

[2025-10-03 09:42:40 #9 type] 
Type domain.Driver is not enhanced.

[2025-10-03 09:42:40 #10 type] 
Type domain.Kotxe is not enhanced.

[2025-10-03 09:42:40 #11 type] 
Type domain.Geltoki is not enhanced.

[2025-10-03 09:42:40 #12 type] 
Type domain.Traveller is not enhanced.

[2025-10-03 09:42:40 #13 type] 
Type domain.Admin is not enhanced.

