------------------------------------------------------------------------------------------------------------------------

[2025-04-01 15:13:16 #1 store] 
Database 'C:\Users\ekait\eclipse-workspace\Rides24\src\main\resources\rides.temp' is opened by 18088@LAPTOP-1CQB3TB3

[2025-04-01 15:13:16 #2 type.registry] 
New type domain.Ride

[2025-04-01 15:13:16 #3 type] 
Type domain.Ride is not enhanced.

[2025-04-01 15:13:16 #4 type.registry] 
New type domain.RideRequest

[2025-04-01 15:13:16 #5 type.registry] 
New type domain.Profile

[2025-04-01 15:13:16 #6 type.registry] 
New type domain.Driver

[2025-04-01 15:13:16 #7 type.registry] 
New type domain.Kotxe

[2025-04-01 15:13:16 #8 type] 
Type domain.RideRequest is not enhanced.

[2025-04-01 15:13:16 #9 type.registry] 
New type domain.Traveller

[2025-04-01 15:13:16 #10 type] 
Type domain.Profile is not enhanced.

[2025-04-01 15:13:16 #11 type.registry] 
New type domain.Mezua

[2025-04-01 15:13:16 #12 type] 
Type domain.Driver is not enhanced.

[2025-04-01 15:13:16 #13 type] 
Type domain.Kotxe is not enhanced.

[2025-04-01 15:13:16 #14 type] 
Type domain.Traveller is not enhanced.

[2025-04-01 15:13:16 #15 type] 
Type domain.Mezua is not enhanced.

[2025-04-01 15:14:07 #16 type.registry] 
New type java.util.ArrayList<java.lang.Object>

[2025-04-01 15:14:07 #17 type.registry] 
New type java.util.ArrayList<domain.Mezua>

[2025-04-01 15:14:07 #18 type.registry] 
New type java.util.ArrayList<domain.RideRequest>

------------------------------------------------------------------------------------------------------------------------

[2025-04-01 15:14:26 #1 store] 
Database 'C:\Users\ekait\eclipse-workspace\Rides24\src\main\resources\rides.temp' has been recovered (tr. 1-7)

[2025-04-01 15:14:26 #2 store] 
Database 'C:\Users\ekait\eclipse-workspace\Rides24\src\main\resources\rides.temp' is opened by 18396@LAPTOP-1CQB3TB3

[2025-04-01 15:14:27 #3 type] 
Type domain.Ride is not enhanced.

[2025-04-01 15:14:27 #4 type] 
Type domain.RideRequest is not enhanced.

[2025-04-01 15:14:27 #5 type] 
Type domain.Profile is not enhanced.

[2025-04-01 15:14:27 #6 type] 
Type domain.Driver is not enhanced.

[2025-04-01 15:14:27 #7 type] 
Type domain.Kotxe is not enhanced.

[2025-04-01 15:14:27 #8 type] 
Type domain.Traveller is not enhanced.

[2025-04-01 15:14:27 #9 type] 
Type domain.Mezua is not enhanced.

[2025-04-01 15:15:08 #10 type.registry] 
New type java.util.Vector<java.lang.Object>

[2025-04-01 15:15:08 #11 type.registry] 
New type java.util.Vector<domain.Ride>

[2025-04-01 15:15:08 #12 type.registry] 
New type java.util.Vector<domain.Kotxe>

------------------------------------------------------------------------------------------------------------------------

[2025-04-01 15:18:27 #1 store] 
Database 'C:\Users\ekait\eclipse-workspace\Rides24\src\main\resources\rides.temp' is opened by 19064@LAPTOP-1CQB3TB3

[2025-04-01 15:18:27 #2 type] 
Type domain.Ride is not enhanced.

[2025-04-01 15:18:27 #3 type] 
Type domain.RideRequest is not enhanced.

[2025-04-01 15:18:27 #4 type] 
Type domain.Profile is not enhanced.

[2025-04-01 15:18:27 #5 type] 
Type domain.Driver is not enhanced.

[2025-04-01 15:18:27 #6 type] 
Type domain.Kotxe is not enhanced.

[2025-04-01 15:18:27 #7 type] 
Type domain.Traveller is not enhanced.

[2025-04-01 15:18:27 #8 type] 
Type domain.Mezua is not enhanced.

------------------------------------------------------------------------------------------------------------------------

[2025-04-01 16:10:39 #1 store] 
Database 'C:\Users\ekait\eclipse-workspace\Rides24\src\main\resources\rides.temp' has been recovered (tr. 13-39)

[2025-04-01 16:10:39 #2 store] 
Database 'C:\Users\ekait\eclipse-workspace\Rides24\src\main\resources\rides.temp' is opened by 12696@LAPTOP-1CQB3TB3

[2025-04-01 16:10:39 #3 type] 
Type domain.Ride is not enhanced.

[2025-04-01 16:10:39 #4 type] 
Type domain.RideRequest is not enhanced.

[2025-04-01 16:10:39 #5 type] 
Type domain.Profile is not enhanced.

[2025-04-01 16:10:39 #6 type] 
Type domain.Driver is not enhanced.

[2025-04-01 16:10:39 #7 type] 
Type domain.Kotxe is not enhanced.

[2025-04-01 16:10:39 #8 type] 
Type domain.Traveller is not enhanced.

[2025-04-01 16:10:39 #9 type] 
Type domain.Mezua is not enhanced.

------------------------------------------------------------------------------------------------------------------------

[2025-04-01 16:12:54 #1 store] 
Database 'C:\Users\ekait\eclipse-workspace\Rides24\src\main\resources\rides.temp' is opened by 11692@LAPTOP-1CQB3TB3

[2025-04-01 16:12:54 #2 type] 
Type domain.Ride is not enhanced.

[2025-04-01 16:12:54 #3 type] 
Type domain.RideRequest is not enhanced.

[2025-04-01 16:12:54 #4 type] 
Type domain.Profile is not enhanced.

[2025-04-01 16:12:54 #5 type] 
Type domain.Driver is not enhanced.

[2025-04-01 16:12:54 #6 type] 
Type domain.Kotxe is not enhanced.

[2025-04-01 16:12:54 #7 type] 
Type domain.Traveller is not enhanced.

[2025-04-01 16:12:54 #8 type] 
Type domain.Mezua is not enhanced.

------------------------------------------------------------------------------------------------------------------------

[2025-04-01 16:15:12 #1 store] 
Database 'C:\Users\ekait\eclipse-workspace\Rides24\src\main\resources\rides.temp' is opened by 11160@LAPTOP-1CQB3TB3

[2025-04-01 16:15:12 #2 type] 
Type domain.Ride is not enhanced.

[2025-04-01 16:15:12 #3 type] 
Type domain.RideRequest is not enhanced.

[2025-04-01 16:15:12 #4 type] 
Type domain.Profile is not enhanced.

[2025-04-01 16:15:12 #5 type] 
Type domain.Driver is not enhanced.

[2025-04-01 16:15:12 #6 type] 
Type domain.Kotxe is not enhanced.

[2025-04-01 16:15:12 #7 type] 
Type domain.Traveller is not enhanced.

[2025-04-01 16:15:12 #8 type] 
Type domain.Mezua is not enhanced.

------------------------------------------------------------------------------------------------------------------------

[2025-04-01 16:17:17 #1 store] 
Database 'C:\Users\ekait\eclipse-workspace\Rides24\src\main\resources\rides.temp' is opened by 19328@LAPTOP-1CQB3TB3

[2025-04-01 16:17:17 #2 type] 
Type domain.Ride is not enhanced.

[2025-04-01 16:17:17 #3 type] 
Type domain.RideRequest is not enhanced.

[2025-04-01 16:17:17 #4 type] 
Type domain.Profile is not enhanced.

[2025-04-01 16:17:17 #5 type] 
Type domain.Driver is not enhanced.

[2025-04-01 16:17:17 #6 type] 
Type domain.Kotxe is not enhanced.

[2025-04-01 16:17:17 #7 type] 
Type domain.Traveller is not enhanced.

[2025-04-01 16:17:17 #8 type] 
Type domain.Mezua is not enhanced.

------------------------------------------------------------------------------------------------------------------------

[2025-04-01 16:19:12 #1 store] 
Database 'C:\Users\ekait\eclipse-workspace\Rides24\src\main\resources\rides.temp' is opened by 18208@LAPTOP-1CQB3TB3

[2025-04-01 16:19:12 #2 type] 
Type domain.Ride is not enhanced.

[2025-04-01 16:19:12 #3 type] 
Type domain.RideRequest is not enhanced.

[2025-04-01 16:19:12 #4 type] 
Type domain.Profile is not enhanced.

[2025-04-01 16:19:12 #5 type] 
Type domain.Driver is not enhanced.

[2025-04-01 16:19:12 #6 type] 
Type domain.Kotxe is not enhanced.

[2025-04-01 16:19:12 #7 type] 
Type domain.Traveller is not enhanced.

[2025-04-01 16:19:12 #8 type] 
Type domain.Mezua is not enhanced.

------------------------------------------------------------------------------------------------------------------------

[2025-04-01 16:19:40 #1 store] 
Database 'C:\Users\ekait\eclipse-workspace\Rides24\src\main\resources\rides.temp' is opened by 1276@LAPTOP-1CQB3TB3

[2025-04-01 16:19:40 #2 type] 
Type domain.Ride is not enhanced.

[2025-04-01 16:19:40 #3 type] 
Type domain.RideRequest is not enhanced.

[2025-04-01 16:19:40 #4 type] 
Type domain.Profile is not enhanced.

[2025-04-01 16:19:40 #5 type] 
Type domain.Driver is not enhanced.

[2025-04-01 16:19:40 #6 type] 
Type domain.Kotxe is not enhanced.

[2025-04-01 16:19:40 #7 type] 
Type domain.Traveller is not enhanced.

[2025-04-01 16:19:40 #8 type] 
Type domain.Mezua is not enhanced.

------------------------------------------------------------------------------------------------------------------------

[2025-04-01 16:20:15 #1 store] 
Database 'C:\Users\ekait\eclipse-workspace\Rides24\src\main\resources\rides.temp' is opened by 18620@LAPTOP-1CQB3TB3

[2025-04-01 16:20:15 #2 type] 
Type domain.Ride is not enhanced.

[2025-04-01 16:20:15 #3 type] 
Type domain.RideRequest is not enhanced.

[2025-04-01 16:20:15 #4 type] 
Type domain.Profile is not enhanced.

[2025-04-01 16:20:15 #5 type] 
Type domain.Driver is not enhanced.

[2025-04-01 16:20:15 #6 type] 
Type domain.Kotxe is not enhanced.

[2025-04-01 16:20:15 #7 type] 
Type domain.Traveller is not enhanced.

[2025-04-01 16:20:15 #8 type] 
Type domain.Mezua is not enhanced.

------------------------------------------------------------------------------------------------------------------------

[2025-04-01 16:21:42 #1 store] 
Database 'C:\Users\ekait\eclipse-workspace\Rides24\src\main\resources\rides.temp' is opened by 14152@LAPTOP-1CQB3TB3

[2025-04-01 16:21:42 #2 type] 
Type domain.Ride is not enhanced.

[2025-04-01 16:21:42 #3 type] 
Type domain.RideRequest is not enhanced.

[2025-04-01 16:21:42 #4 type] 
Type domain.Profile is not enhanced.

[2025-04-01 16:21:42 #5 type] 
Type domain.Driver is not enhanced.

[2025-04-01 16:21:42 #6 type] 
Type domain.Kotxe is not enhanced.

[2025-04-01 16:21:42 #7 type] 
Type domain.Traveller is not enhanced.

[2025-04-01 16:21:42 #8 type] 
Type domain.Mezua is not enhanced.

